16:54:29 1000 32181 0.00 0.00 0.00 0.00 0.00 0 0.02 0.00 60896 7736 0.19 0.00 0.00 0.00 0 1 5 smartDeviceLinkCore
16:54:32 1000 32181 0.00 0.00 0.00 0.00 0.00 1 0.24 0.00 332516 81608 2.04 0.00 0.10 0.00 35 26 25 smartDeviceLinkCore
16:54:35 1000 32181 0.00 0.00 0.00 0.00 0.00 1 0.24 0.00 332516 81608 2.04 0.00 0.10 0.00 35 26 25 smartDeviceLinkCore
16:54:38 1000 32181 0.01 0.00 0.00 0.00 0.01 1 0.27 0.00 373496 82756 2.07 0.00 0.25 0.00 35 31 29 smartDeviceLinkCore
16:54:41 1000 32181 0.01 0.00 0.00 0.00 0.01 1 0.35 0.00 390912 85432 2.14 0.00 0.48 0.00 35 33 30 smartDeviceLinkCore
16:54:44 1000 32181 0.01 0.00 0.00 0.00 0.01 1 0.36 0.00 390912 85432 2.14 0.00 0.48 0.00 35 33 29 smartDeviceLinkCore
16:54:47 1000 32181 0.01 0.00 0.00 0.00 0.01 1 0.36 0.00 390912 85432 2.14 0.00 0.48 0.00 35 33 29 smartDeviceLinkCore
16:54:50 1000 32181 0.01 0.00 0.00 0.00 0.01 1 0.36 0.00 390912 85432 2.14 0.00 0.48 0.00 35 33 29 smartDeviceLinkCore
16:54:53 1000 32181 0.01 0.00 0.00 0.00 0.02 1 0.39 0.00 390912 85508 2.14 0.00 0.59 0.00 35 33 29 smartDeviceLinkCore
16:54:56 1000 32181 0.01 0.00 0.00 0.00 0.02 1 0.39 0.00 390912 85508 2.14 0.00 0.59 0.00 35 33 29 smartDeviceLinkCore
16:54:59 1000 32181 0.01 0.00 0.00 0.00 0.02 1 0.39 0.00 390912 85508 2.14 0.00 0.59 0.00 35 33 29 smartDeviceLinkCore
16:55:02 1000 32181 0.01 0.00 0.00 0.00 0.02 1 0.42 0.00 390912 85676 2.14 0.00 0.69 0.00 35 33 29 smartDeviceLinkCore
16:55:05 1000 32181 0.01 0.00 0.00 0.00 0.02 1 0.42 0.00 390912 85676 2.14 0.00 0.69 0.00 35 33 29 smartDeviceLinkCore
16:55:08 1000 32181 0.01 0.00 0.00 0.00 0.02 1 0.42 0.00 390912 85676 2.14 0.00 0.69 0.00 35 33 29 smartDeviceLinkCore
16:55:11 1000 32181 0.02 0.01 0.00 0.00 0.02 1 0.45 0.00 390912 85708 2.14 0.00 0.72 0.00 35 33 30 smartDeviceLinkCore
16:55:14 1000 32181 0.02 0.01 0.00 0.00 0.02 1 0.45 0.00 390912 85708 2.14 0.00 0.80 0.00 35 33 29 smartDeviceLinkCore
16:55:17 1000 32181 0.02 0.01 0.00 0.00 0.02 1 0.45 0.00 390912 85708 2.14 0.00 0.80 0.00 35 33 29 smartDeviceLinkCore
16:55:20 1000 32181 0.02 0.01 0.00 0.00 0.02 1 0.46 0.00 390912 85708 2.14 0.00 0.80 0.00 35 33 29 smartDeviceLinkCore
16:55:23 1000 32181 0.02 0.01 0.00 0.00 0.03 1 0.49 0.00 390912 85716 2.14 0.00 0.90 0.00 35 33 29 smartDeviceLinkCore
16:55:26 1000 32181 0.02 0.01 0.00 0.00 0.03 1 0.49 0.00 390912 85716 2.14 0.00 0.90 0.00 35 33 29 smartDeviceLinkCore
16:55:29 1000 32181 0.02 0.01 0.00 0.00 0.03 1 0.49 0.00 390912 85716 2.14 0.00 0.90 0.00 35 33 29 smartDeviceLinkCore
16:55:32 1000 32181 0.02 0.01 0.00 0.00 0.03 1 0.52 0.00 390912 85744 2.14 0.00 0.98 0.00 35 33 30 smartDeviceLinkCore
16:55:35 1000 32181 0.02 0.01 0.00 0.00 0.03 1 0.52 0.00 390912 85744 2.14 0.00 1.01 0.00 35 33 29 smartDeviceLinkCore
16:55:38 1000 32181 0.02 0.01 0.00 0.00 0.03 1 0.52 0.00 390912 85744 2.14 0.00 1.01 0.00 35 33 29 smartDeviceLinkCore
16:55:41 1000 32181 0.02 0.01 0.00 0.00 0.03 1 0.53 0.00 390912 85880 2.15 0.00 1.11 0.00 35 33 29 smartDeviceLinkCore
16:55:44 1000 32181 0.03 0.01 0.00 0.00 0.03 1 0.56 0.00 390912 85888 2.15 0.00 1.22 0.00 35 33 29 smartDeviceLinkCore
16:55:47 1000 32181 0.03 0.01 0.00 0.00 0.03 1 0.56 0.00 390912 85888 2.15 0.00 1.22 0.00 35 33 29 smartDeviceLinkCore
16:55:50 1000 32181 0.03 0.01 0.00 0.00 0.04 1 0.56 0.00 390912 85888 2.15 0.00 1.21 0.00 35 33 29 smartDeviceLinkCore
16:55:53 1000 32181 0.03 0.01 0.00 0.00 0.04 1 0.59 0.00 390912 85916 2.15 0.00 1.32 0.00 35 33 29 smartDeviceLinkCore
16:55:56 1000 32181 0.03 0.01 0.00 0.00 0.04 1 0.59 0.00 390912 85916 2.15 0.00 1.32 0.00 35 33 29 smartDeviceLinkCore
16:55:59 1000 32181 0.03 0.01 0.00 0.00 0.04 1 0.59 0.00 390912 85916 2.15 0.00 1.32 0.00 35 33 29 smartDeviceLinkCore
16:56:02 1000 32181 0.03 0.01 0.00 0.00 0.04 1 0.59 0.00 390912 85916 2.15 0.00 1.32 0.00 35 33 29 smartDeviceLinkCore
16:56:05 1000 32181 0.03 0.01 0.00 0.00 0.04 1 0.63 0.00 390912 86028 2.15 0.00 1.42 0.00 35 33 29 smartDeviceLinkCore
16:56:08 1000 32181 0.03 0.01 0.00 0.00 0.04 1 0.63 0.00 390912 86028 2.15 0.00 1.42 0.00 35 33 29 smartDeviceLinkCore
16:56:11 1000 32181 0.03 0.01 0.00 0.00 0.04 1 0.63 0.00 390912 86028 2.15 0.00 1.42 0.00 35 33 29 smartDeviceLinkCore
16:56:14 1000 32181 0.03 0.01 0.00 0.00 0.04 1 0.66 0.00 390912 86032 2.15 0.00 1.53 0.00 35 33 29 smartDeviceLinkCore
16:56:17 1000 32181 0.03 0.01 0.00 0.00 0.04 1 0.66 0.00 390912 86032 2.15 0.00 1.53 0.00 35 33 29 smartDeviceLinkCore
16:56:20 1000 32181 0.04 0.01 0.00 0.00 0.05 1 0.66 0.00 390912 86032 2.15 0.00 1.53 0.00 35 33 29 smartDeviceLinkCore
16:56:23 1000 32181 0.04 0.01 0.00 0.00 0.05 1 0.69 0.00 390912 86032 2.15 0.00 1.55 0.00 35 33 31 smartDeviceLinkCore
16:56:26 1000 32181 0.04 0.01 0.00 0.00 0.05 1 0.69 0.00 390912 86032 2.15 0.00 1.63 0.00 35 33 29 smartDeviceLinkCore
16:56:29 1000 32181 0.04 0.01 0.00 0.00 0.05 1 0.69 0.00 390912 86032 2.15 0.00 1.63 0.00 35 33 29 smartDeviceLinkCore
16:56:32 1000 32181 0.04 0.01 0.00 0.00 0.05 1 0.69 0.00 390912 86032 2.15 0.00 1.63 0.00 35 33 29 smartDeviceLinkCore
16:56:35 1000 32181 0.04 0.01 0.00 0.00 0.05 1 0.73 0.00 390912 86032 2.15 0.00 1.73 0.00 35 33 29 smartDeviceLinkCore
16:56:38 1000 32181 0.04 0.01 0.00 0.00 0.05 1 0.73 0.00 390912 86032 2.15 0.00 1.73 0.00 35 33 29 smartDeviceLinkCore
16:56:41 1000 32181 0.04 0.01 0.00 0.00 0.05 1 0.73 0.00 390912 86156 2.15 0.00 1.84 0.00 35 33 29 smartDeviceLinkCore
16:56:44 1000 32181 0.04 0.01 0.00 0.00 0.06 1 0.77 0.00 390912 86156 2.15 0.00 1.94 0.00 35 33 29 smartDeviceLinkCore
16:56:47 1000 32181 0.04 0.01 0.00 0.00 0.06 1 0.77 0.00 390912 86156 2.15 0.00 1.94 0.00 35 33 29 smartDeviceLinkCore
16:56:50 1000 32181 0.04 0.01 0.00 0.00 0.06 1 0.77 0.00 390912 86156 2.15 0.00 1.94 0.00 35 33 29 smartDeviceLinkCore
16:56:53 1000 32181 0.04 0.01 0.00 0.00 0.06 1 0.77 0.00 390912 86156 2.15 0.00 1.94 0.00 35 33 29 smartDeviceLinkCore
16:56:56 1000 32181 0.05 0.01 0.00 0.00 0.06 1 0.80 0.00 390912 86156 2.15 0.00 2.04 0.00 35 33 29 smartDeviceLinkCore
16:56:59 1000 32181 0.05 0.01 0.00 0.00 0.06 1 0.80 0.00 390912 86156 2.15 0.00 2.04 0.00 35 33 29 smartDeviceLinkCore
16:57:02 1000 32181 0.05 0.01 0.00 0.00 0.06 1 0.80 0.00 390912 86156 2.15 0.00 2.04 0.00 35 33 29 smartDeviceLinkCore
16:57:05 1000 32181 0.05 0.01 0.00 0.00 0.06 1 0.83 0.00 390912 86156 2.15 0.00 2.15 0.00 35 33 29 smartDeviceLinkCore
16:57:08 1000 32181 0.05 0.01 0.00 0.00 0.06 1 0.83 0.00 390912 86156 2.15 0.00 2.15 0.00 35 33 29 smartDeviceLinkCore
16:57:11 1000 32181 0.05 0.01 0.00 0.00 0.06 1 0.83 0.00 390912 86156 2.15 0.00 2.15 0.00 35 33 29 smartDeviceLinkCore
16:57:14 1000 32181 0.05 0.01 0.00 0.00 0.07 1 0.87 0.00 390912 86156 2.15 0.00 2.19 0.00 35 33 30 smartDeviceLinkCore
16:57:17 1000 32181 0.05 0.01 0.00 0.00 0.07 1 0.87 0.00 390912 86156 2.15 0.00 2.25 0.00 35 33 29 smartDeviceLinkCore
16:57:20 1000 32181 0.05 0.01 0.00 0.00 0.07 1 0.87 0.00 390912 86156 2.15 0.00 2.25 0.00 35 33 29 smartDeviceLinkCore
16:57:23 1000 32181 0.05 0.01 0.00 0.00 0.07 1 0.87 0.00 390912 86156 2.15 0.00 2.25 0.00 35 33 29 smartDeviceLinkCore
16:57:26 1000 32181 0.05 0.02 0.00 0.00 0.07 1 0.90 0.00 390912 86264 2.16 0.00 2.35 0.00 35 33 29 smartDeviceLinkCore
16:57:29 1000 32181 0.05 0.02 0.00 0.00 0.07 1 0.90 0.00 390912 86264 2.16 0.00 2.35 0.00 35 33 29 smartDeviceLinkCore
16:57:32 1000 32181 0.06 0.02 0.00 0.00 0.07 1 0.90 0.00 390912 86264 2.16 0.00 2.35 0.00 35 33 29 smartDeviceLinkCore
16:57:35 1000 32181 0.06 0.02 0.00 0.00 0.07 1 0.93 0.00 390912 86268 2.16 0.00 2.45 0.00 35 33 29 smartDeviceLinkCore
16:57:38 1000 32181 0.06 0.02 0.00 0.00 0.07 1 0.93 0.00 390912 86268 2.16 0.00 2.45 0.00 35 33 29 smartDeviceLinkCore
16:57:41 1000 32181 0.06 0.02 0.00 0.00 0.07 1 0.93 0.00 390912 86268 2.16 0.00 2.45 0.00 35 33 29 smartDeviceLinkCore
16:57:44 1000 32181 0.06 0.02 0.00 0.00 0.07 1 0.93 0.00 390912 86268 2.16 0.00 2.45 0.00 35 33 29 smartDeviceLinkCore
16:57:47 1000 32181 0.06 0.02 0.00 0.00 0.08 1 0.97 0.00 390912 86268 2.16 0.00 2.56 0.00 35 33 29 smartDeviceLinkCore
16:57:50 1000 32181 0.06 0.02 0.00 0.00 0.08 1 0.97 0.00 390912 86268 2.16 0.00 2.56 0.00 35 33 29 smartDeviceLinkCore
16:57:53 1000 32181 0.06 0.02 0.00 0.00 0.08 1 0.97 0.00 390912 86268 2.16 0.00 2.56 0.00 35 33 29 smartDeviceLinkCore
16:57:56 1000 32181 0.06 0.02 0.00 0.00 0.08 1 1.00 0.00 390912 86268 2.16 0.00 2.66 0.00 35 33 29 smartDeviceLinkCore
16:57:59 1000 32181 0.06 0.02 0.00 0.00 0.08 1 1.00 0.00 390912 86268 2.16 0.00 2.66 0.00 35 33 29 smartDeviceLinkCore
16:58:02 1000 32181 0.06 0.02 0.00 0.00 0.08 1 1.00 0.00 390912 86268 2.16 0.00 2.66 0.00 35 33 29 smartDeviceLinkCore
16:58:05 1000 32181 0.06 0.02 0.00 0.00 0.08 1 1.03 0.00 390912 86268 2.16 0.00 2.70 0.00 35 33 30 smartDeviceLinkCore
16:58:08 1000 32181 0.07 0.02 0.00 0.00 0.08 1 1.03 0.00 390912 86268 2.16 0.00 2.76 0.00 35 33 29 smartDeviceLinkCore
16:58:11 1000 32181 0.07 0.02 0.00 0.00 0.08 1 1.03 0.00 390912 86268 2.16 0.00 2.76 0.00 35 33 29 smartDeviceLinkCore
16:58:14 1000 32181 0.07 0.02 0.00 0.00 0.09 1 1.03 0.00 390912 86268 2.16 0.00 2.76 0.00 35 33 29 smartDeviceLinkCore
16:58:17 1000 32181 0.07 0.02 0.00 0.00 0.09 1 1.07 0.00 390912 86268 2.16 0.00 2.86 0.00 35 33 29 smartDeviceLinkCore
16:58:20 1000 32181 0.07 0.02 0.00 0.00 0.09 1 1.07 0.00 390912 86268 2.16 0.00 2.86 0.00 35 33 29 smartDeviceLinkCore
16:58:23 1000 32181 0.07 0.02 0.00 0.00 0.09 1 1.07 0.00 390912 86268 2.16 0.00 2.86 0.00 35 33 29 smartDeviceLinkCore
16:58:26 1000 32181 0.07 0.02 0.00 0.00 0.09 1 1.10 0.00 390912 86268 2.16 0.00 2.96 0.00 35 33 30 smartDeviceLinkCore
16:58:29 1000 32181 0.07 0.02 0.00 0.00 0.09 1 1.10 0.00 390912 86268 2.16 0.00 2.96 0.00 35 33 29 smartDeviceLinkCore
16:58:32 1000 32181 0.07 0.02 0.00 0.00 0.09 1 1.10 0.00 390912 86268 2.16 0.00 2.96 0.00 35 33 29 smartDeviceLinkCore
16:58:35 1000 32181 0.07 0.02 0.00 0.00 0.09 1 1.10 0.00 390912 86268 2.16 0.00 2.96 0.00 35 33 29 smartDeviceLinkCore
16:58:38 1000 32181 0.07 0.02 0.00 0.00 0.09 1 1.13 0.00 390912 86268 2.16 0.00 3.07 0.00 35 33 29 smartDeviceLinkCore
16:58:41 1000 32181 0.07 0.02 0.00 0.00 0.09 1 1.13 0.00 390912 86268 2.16 0.00 3.06 0.00 35 33 29 smartDeviceLinkCore
16:58:45 1000 32181 0.08 0.02 0.00 0.00 0.10 1 1.13 0.00 390912 86268 2.16 0.00 3.06 0.00 35 33 29 smartDeviceLinkCore
16:58:48 1000 32181 0.08 0.02 0.00 0.00 0.10 1 1.17 0.00 390912 86276 2.16 0.00 3.17 0.00 35 33 29 smartDeviceLinkCore
16:58:51 1000 32181 0.08 0.02 0.00 0.00 0.10 1 1.17 0.00 390912 86276 2.16 0.00 3.17 0.00 35 33 29 smartDeviceLinkCore
16:58:54 1000 32181 0.08 0.02 0.00 0.00 0.10 1 1.17 0.00 390912 86276 2.16 0.00 3.17 0.00 35 33 29 smartDeviceLinkCore
16:58:57 1000 32181 0.08 0.02 0.00 0.00 0.10 1 1.20 0.00 390912 86276 2.16 0.00 3.19 0.00 35 33 30 smartDeviceLinkCore
16:59:00 1000 32181 0.08 0.02 0.00 0.00 0.10 1 1.21 0.00 390912 86484 2.16 0.00 3.27 0.00 35 33 29 smartDeviceLinkCore
16:59:03 1000 32181 0.08 0.02 0.00 0.00 0.10 1 1.21 0.00 390912 86484 2.16 0.00 3.27 0.00 35 33 29 smartDeviceLinkCore
16:59:06 1000 32181 0.08 0.02 0.00 0.00 0.10 1 1.21 0.00 390912 86484 2.16 0.00 3.27 0.00 35 33 29 smartDeviceLinkCore
16:59:09 1000 32181 0.08 0.02 0.00 0.00 0.11 1 1.24 0.00 390912 86484 2.16 0.00 3.37 0.00 35 33 29 smartDeviceLinkCore
16:59:12 1000 32181 0.08 0.02 0.00 0.00 0.11 1 1.24 0.00 390912 86484 2.16 0.00 3.37 0.00 35 33 29 smartDeviceLinkCore
16:59:15 1000 32181 0.08 0.02 0.00 0.00 0.11 1 1.24 0.00 390912 86484 2.16 0.00 3.37 0.00 35 33 29 smartDeviceLinkCore
16:59:18 1000 32181 0.08 0.02 0.00 0.00 0.11 1 1.27 0.00 390912 86484 2.16 0.00 3.42 0.00 35 33 30 smartDeviceLinkCore
16:59:21 1000 32181 0.09 0.02 0.00 0.00 0.11 1 1.27 0.00 390912 86484 2.16 0.00 3.47 0.00 35 33 29 smartDeviceLinkCore
16:59:24 1000 32181 0.09 0.02 0.00 0.00 0.11 1 1.27 0.00 390912 86484 2.16 0.00 3.47 0.00 35 33 29 smartDeviceLinkCore
16:59:27 1000 32181 0.09 0.02 0.00 0.00 0.11 1 1.27 0.00 390912 86484 2.16 0.00 3.47 0.00 35 33 29 smartDeviceLinkCore
16:59:30 1000 32181 0.09 0.02 0.00 0.00 0.11 1 1.31 0.00 390912 86484 2.16 0.00 3.57 0.00 35 33 29 smartDeviceLinkCore
16:59:33 1000 32181 0.09 0.02 0.00 0.00 0.11 1 1.31 0.00 390912 86484 2.16 0.00 3.57 0.00 35 33 29 smartDeviceLinkCore
16:59:36 1000 32181 0.09 0.02 0.00 0.00 0.11 1 1.31 0.00 390912 86484 2.16 0.00 3.57 0.00 35 33 29 smartDeviceLinkCore
16:59:39 1000 32181 0.09 0.02 0.00 0.00 0.12 1 1.34 0.00 390912 86484 2.16 0.00 3.67 0.00 35 33 29 smartDeviceLinkCore
16:59:42 1000 32181 0.09 0.02 0.00 0.00 0.12 1 1.34 0.00 390912 86484 2.16 0.00 3.67 0.00 35 33 29 smartDeviceLinkCore
16:59:45 1000 32181 0.09 0.02 0.00 0.00 0.12 1 1.34 0.00 390912 86484 2.16 0.00 3.67 0.00 35 33 29 smartDeviceLinkCore
16:59:48 1000 32181 0.09 0.03 0.00 0.00 0.12 1 1.34 0.00 390912 86484 2.16 0.00 3.67 0.00 35 33 29 smartDeviceLinkCore
16:59:51 1000 32181 0.09 0.03 0.00 0.00 0.12 1 1.37 0.00 390912 86484 2.16 0.00 3.77 0.00 35 33 29 smartDeviceLinkCore
16:59:54 1000 32181 0.09 0.03 0.00 0.00 0.12 1 1.37 0.00 390912 86484 2.16 0.00 3.77 0.00 35 33 29 smartDeviceLinkCore
16:59:57 1000 32181 0.09 0.03 0.00 0.00 0.12 1 1.37 0.00 390912 86484 2.16 0.00 3.77 0.00 35 33 29 smartDeviceLinkCore
17:00:00 1000 32181 0.10 0.03 0.00 0.00 0.12 1 1.41 0.00 390912 86484 2.16 0.00 3.88 0.00 35 33 29 smartDeviceLinkCore
17:00:03 1000 32181 0.10 0.03 0.00 0.00 0.12 1 1.41 0.00 390912 86484 2.16 0.00 3.87 0.00 35 33 29 smartDeviceLinkCore
17:00:06 1000 32181 0.10 0.03 0.00 0.00 0.12 1 1.41 0.00 390912 86484 2.16 0.00 3.87 0.00 35 33 29 smartDeviceLinkCore
17:00:09 1000 32181 0.10 0.03 0.00 0.00 0.13 1 1.44 0.00 390912 86484 2.16 0.00 3.95 0.00 35 33 30 smartDeviceLinkCore
17:00:12 1000 32181 0.10 0.03 0.00 0.00 0.13 1 1.44 0.00 390912 86484 2.16 0.00 3.98 0.00 35 33 29 smartDeviceLinkCore
17:00:15 1000 32181 0.10 0.03 0.00 0.00 0.13 1 1.44 0.00 390912 86484 2.16 0.00 3.97 0.00 35 33 29 smartDeviceLinkCore
17:00:18 1000 32181 0.10 0.03 0.00 0.00 0.13 1 1.44 0.00 390912 86484 2.16 0.00 3.97 0.00 35 33 29 smartDeviceLinkCore
17:00:21 1000 32181 0.10 0.03 0.00 0.00 0.13 1 1.48 0.00 390912 86484 2.16 0.00 4.08 0.00 35 33 29 smartDeviceLinkCore
17:00:24 1000 32181 0.10 0.03 0.00 0.00 0.13 1 1.48 0.00 390912 86484 2.16 0.00 4.08 0.00 35 33 29 smartDeviceLinkCore
17:00:27 1000 32181 0.10 0.03 0.00 0.00 0.13 1 1.48 0.00 390912 86484 2.16 0.00 4.07 0.00 35 33 29 smartDeviceLinkCore
17:00:30 1000 32181 0.10 0.03 0.00 0.00 0.13 1 1.51 0.00 390912 86484 2.16 0.00 4.18 0.00 35 33 29 smartDeviceLinkCore
17:00:33 1000 32181 0.10 0.03 0.00 0.00 0.13 1 1.51 0.00 390912 86484 2.16 0.00 4.18 0.00 35 33 29 smartDeviceLinkCore
17:00:36 1000 32181 0.10 0.03 0.00 0.00 0.13 1 1.51 0.00 390912 86484 2.16 0.00 4.18 0.00 35 33 29 smartDeviceLinkCore
17:00:39 1000 32181 0.11 0.03 0.00 0.00 0.13 1 1.51 0.00 390912 86484 2.16 0.00 4.17 0.00 35 33 29 smartDeviceLinkCore
17:00:42 1000 32181 0.11 0.03 0.00 0.00 0.14 1 1.55 0.00 390912 86484 2.16 0.00 4.28 0.00 35 33 29 smartDeviceLinkCore
17:00:45 1000 32181 0.11 0.03 0.00 0.00 0.14 1 1.55 0.00 390912 86484 2.16 0.00 4.28 0.00 35 33 29 smartDeviceLinkCore
17:00:48 1000 32181 0.11 0.03 0.00 0.00 0.14 1 1.55 0.00 390912 86484 2.16 0.00 4.27 0.00 35 33 29 smartDeviceLinkCore
17:00:51 1000 32181 0.11 0.03 0.00 0.00 0.14 1 1.58 0.00 390912 86484 2.16 0.00 4.38 0.00 35 33 29 smartDeviceLinkCore
17:00:54 1000 32181 0.11 0.03 0.00 0.00 0.14 1 1.58 0.00 390912 86484 2.16 0.00 4.38 0.00 35 33 29 smartDeviceLinkCore
17:00:57 1000 32181 0.11 0.03 0.00 0.00 0.14 1 1.58 0.00 390912 86484 2.16 0.00 4.38 0.00 35 33 29 smartDeviceLinkCore
17:01:00 1000 32181 0.11 0.03 0.00 0.00 0.14 1 1.61 0.00 390912 86484 2.16 0.00 4.42 0.00 35 33 30 smartDeviceLinkCore
17:01:03 1000 32181 0.11 0.03 0.00 0.00 0.14 1 1.61 0.00 390912 86484 2.16 0.00 4.48 0.00 35 33 29 smartDeviceLinkCore
17:01:06 1000 32181 0.11 0.03 0.00 0.00 0.14 1 1.61 0.00 390912 86484 2.16 0.00 4.48 0.00 35 33 29 smartDeviceLinkCore
17:01:09 1000 32181 0.11 0.03 0.00 0.00 0.14 1 1.61 0.00 390912 86484 2.16 0.00 4.47 0.00 35 33 29 smartDeviceLinkCore
17:01:12 1000 32181 0.11 0.03 0.00 0.00 0.15 1 1.65 0.00 390912 86484 2.16 0.00 4.58 0.00 35 33 29 smartDeviceLinkCore
17:01:15 1000 32181 0.11 0.03 0.00 0.00 0.15 1 1.65 0.00 390912 86484 2.16 0.00 4.58 0.00 35 33 29 smartDeviceLinkCore
17:01:18 1000 32181 0.12 0.03 0.00 0.00 0.15 1 1.65 0.00 390912 86484 2.16 0.00 4.57 0.00 35 33 29 smartDeviceLinkCore
17:01:21 1000 32181 0.12 0.03 0.00 0.00 0.15 1 1.68 0.00 390912 86484 2.16 0.00 4.68 0.00 35 33 29 smartDeviceLinkCore
17:01:24 1000 32181 0.12 0.03 0.00 0.00 0.15 1 1.68 0.00 390912 86484 2.16 0.00 4.68 0.00 35 33 29 smartDeviceLinkCore
17:01:27 1000 32181 0.12 0.03 0.00 0.00 0.15 1 1.68 0.00 390912 86484 2.16 0.00 4.67 0.00 35 33 29 smartDeviceLinkCore
17:01:30 1000 32181 0.12 0.03 0.00 0.00 0.15 1 1.68 0.00 390912 86484 2.16 0.00 4.67 0.00 35 33 29 smartDeviceLinkCore
17:01:33 1000 32181 0.12 0.03 0.00 0.00 0.15 1 1.71 0.00 390912 86492 2.16 0.00 4.78 0.00 35 33 29 smartDeviceLinkCore
17:01:36 1000 32181 0.12 0.03 0.00 0.00 0.15 1 1.71 0.00 390912 86492 2.16 0.00 4.77 0.00 35 33 29 smartDeviceLinkCore
17:01:39 1000 32181 0.12 0.03 0.00 0.00 0.15 1 1.71 0.00 390912 86492 2.16 0.00 4.77 0.00 35 33 29 smartDeviceLinkCore
17:01:42 1000 32181 0.12 0.03 0.00 0.00 0.16 1 1.75 0.00 390912 86496 2.16 0.00 4.88 0.00 35 33 29 smartDeviceLinkCore
17:01:45 1000 32181 0.12 0.03 0.00 0.00 0.16 1 1.75 0.00 390912 86496 2.16 0.00 4.87 0.00 35 33 29 smartDeviceLinkCore
17:01:48 1000 32181 0.12 0.03 0.00 0.00 0.16 1 1.75 0.00 390912 86496 2.16 0.00 4.87 0.00 35 33 29 smartDeviceLinkCore
17:01:51 1000 32181 0.13 0.03 0.00 0.00 0.16 1 1.78 0.00 390912 86496 2.16 0.00 4.90 0.00 35 33 30 smartDeviceLinkCore
17:01:54 1000 32181 0.13 0.03 0.00 0.00 0.16 1 1.78 0.00 390912 86496 2.16 0.00 4.97 0.00 35 33 29 smartDeviceLinkCore
17:01:57 1000 32181 0.13 0.03 0.00 0.00 0.16 1 1.78 0.00 390912 86496 2.16 0.00 4.97 0.00 35 33 29 smartDeviceLinkCore
17:02:00 1000 32181 0.13 0.03 0.00 0.00 0.16 1 1.78 0.00 390912 86496 2.16 0.00 4.97 0.00 35 33 29 smartDeviceLinkCore
17:02:03 1000 32181 0.13 0.04 0.00 0.00 0.16 1 1.81 0.00 390912 86496 2.16 0.00 5.07 0.00 35 33 29 smartDeviceLinkCore
17:02:06 1000 32181 0.13 0.04 0.00 0.00 0.16 1 1.81 0.00 390912 86496 2.16 0.00 5.07 0.00 35 33 29 smartDeviceLinkCore
17:02:09 1000 32181 0.13 0.04 0.00 0.00 0.17 1 1.81 0.00 390912 86496 2.16 0.00 5.07 0.00 35 33 29 smartDeviceLinkCore
17:02:12 1000 32181 0.13 0.04 0.00 0.00 0.17 1 1.85 0.00 390912 86496 2.16 0.00 5.17 0.00 35 33 29 smartDeviceLinkCore
17:02:15 1000 32181 0.13 0.04 0.00 0.00 0.17 1 1.85 0.00 390912 86496 2.16 0.00 5.17 0.00 35 33 29 smartDeviceLinkCore
17:02:18 1000 32181 0.13 0.04 0.00 0.00 0.17 1 1.85 0.00 390912 86496 2.16 0.00 5.27 0.00 35 33 29 smartDeviceLinkCore
17:02:21 1000 32181 0.13 0.04 0.00 0.00 0.17 1 1.85 0.00 390912 86496 2.16 0.00 5.27 0.00 35 33 29 smartDeviceLinkCore
17:02:24 1000 32181 0.14 0.04 0.00 0.00 0.17 1 1.89 0.00 390912 86496 2.16 0.00 5.37 0.00 35 33 29 smartDeviceLinkCore
17:02:27 1000 32181 0.14 0.04 0.00 0.00 0.17 1 1.89 0.00 390912 86496 2.16 0.00 5.37 0.00 35 33 29 smartDeviceLinkCore
17:02:30 1000 32181 0.14 0.04 0.00 0.00 0.17 1 1.89 0.00 390912 86496 2.16 0.00 5.37 0.00 35 33 29 smartDeviceLinkCore
17:02:33 1000 32181 0.14 0.04 0.00 0.00 0.18 1 1.92 0.00 390912 86496 2.16 0.00 5.47 0.00 35 33 29 smartDeviceLinkCore
17:02:36 1000 32181 0.14 0.04 0.00 0.00 0.18 1 1.92 0.00 390912 86496 2.16 0.00 5.47 0.00 35 33 29 smartDeviceLinkCore
17:02:39 1000 32181 0.14 0.04 0.00 0.00 0.18 1 1.92 0.00 390912 86496 2.16 0.00 5.47 0.00 35 33 29 smartDeviceLinkCore
17:02:42 1000 32181 0.14 0.04 0.00 0.00 0.18 1 1.95 0.00 390912 86496 2.16 0.00 5.49 0.00 35 33 30 smartDeviceLinkCore
17:02:45 1000 32181 0.14 0.04 0.00 0.00 0.18 1 1.95 0.00 390912 86496 2.16 0.00 5.57 0.00 35 33 29 smartDeviceLinkCore
17:02:48 1000 32181 0.14 0.04 0.00 0.00 0.18 1 1.95 0.00 390912 86496 2.16 0.00 5.57 0.00 35 33 29 smartDeviceLinkCore
17:02:51 1000 32181 0.14 0.04 0.00 0.00 0.18 1 1.95 0.00 390912 86496 2.16 0.00 5.57 0.00 35 33 29 smartDeviceLinkCore
17:02:54 1000 32181 0.14 0.04 0.00 0.00 0.18 1 1.99 0.00 390912 86496 2.16 0.00 5.67 0.00 35 33 29 smartDeviceLinkCore
17:02:57 1000 32181 0.15 0.04 0.00 0.00 0.18 1 1.99 0.00 390912 86496 2.16 0.00 5.67 0.00 35 33 29 smartDeviceLinkCore
17:03:00 1000 32181 0.15 0.04 0.00 0.00 0.18 1 1.99 0.00 390912 86496 2.16 0.00 5.67 0.00 35 33 29 smartDeviceLinkCore
17:03:03 1000 32181 0.15 0.04 0.00 0.00 0.19 1 2.02 0.00 390912 86496 2.16 0.00 5.71 0.00 35 33 30 smartDeviceLinkCore
17:03:06 1000 32181 0.15 0.04 0.00 0.00 0.19 1 2.02 0.00 390912 86496 2.16 0.00 5.77 0.00 35 33 29 smartDeviceLinkCore
17:03:09 1000 32181 0.15 0.04 0.00 0.00 0.19 1 2.02 0.00 390912 86496 2.16 0.00 5.77 0.00 35 33 29 smartDeviceLinkCore
17:03:12 1000 32181 0.15 0.04 0.00 0.00 0.19 1 2.02 0.00 390912 86496 2.16 0.00 5.77 0.00 35 33 29 smartDeviceLinkCore
17:03:15 1000 32181 0.15 0.04 0.00 0.00 0.19 1 2.05 0.00 390912 86496 2.16 0.00 5.87 0.00 35 33 29 smartDeviceLinkCore
17:03:18 1000 32181 0.15 0.04 0.00 0.00 0.19 1 2.05 0.00 390912 86496 2.16 0.00 5.87 0.00 35 33 29 smartDeviceLinkCore
17:03:21 1000 32181 0.15 0.04 0.00 0.00 0.19 1 2.05 0.00 390912 86496 2.16 0.00 5.87 0.00 35 33 29 smartDeviceLinkCore
17:03:24 1000 32181 0.15 0.04 0.00 0.00 0.19 1 2.09 0.00 390912 86496 2.16 0.00 5.97 0.00 35 33 29 smartDeviceLinkCore
17:03:27 1000 32181 0.15 0.04 0.00 0.00 0.19 1 2.09 0.00 390912 86496 2.16 0.00 5.97 0.00 35 33 29 smartDeviceLinkCore
17:03:30 1000 32181 0.15 0.04 0.00 0.00 0.19 1 2.09 0.00 390912 86496 2.16 0.00 5.96 0.00 35 33 29 smartDeviceLinkCore
17:03:33 1000 32181 0.15 0.04 0.00 0.00 0.20 1 2.09 0.00 390912 86496 2.16 0.00 5.96 0.00 35 33 29 smartDeviceLinkCore
17:03:36 1000 32181 0.16 0.04 0.00 0.00 0.20 1 2.12 0.00 390912 86496 2.16 0.00 6.06 0.00 35 33 29 smartDeviceLinkCore
17:03:39 1000 32181 0.16 0.04 0.00 0.00 0.20 1 2.12 0.00 390912 86496 2.16 0.00 6.06 0.00 35 33 29 smartDeviceLinkCore
17:03:42 1000 32181 0.16 0.04 0.00 0.00 0.20 1 2.12 0.00 390912 86496 2.16 0.00 6.06 0.00 35 33 29 smartDeviceLinkCore
17:03:45 1000 32181 0.16 0.04 0.00 0.00 0.20 1 2.16 0.00 390912 86496 2.16 0.00 6.16 0.00 35 33 29 smartDeviceLinkCore
17:03:48 1000 32181 0.16 0.04 0.00 0.00 0.20 1 2.16 0.00 390912 86496 2.16 0.00 6.16 0.00 35 33 29 smartDeviceLinkCore
17:03:51 1000 32181 0.16 0.04 0.00 0.00 0.20 1 2.16 0.00 390912 86496 2.16 0.00 6.16 0.00 35 33 29 smartDeviceLinkCore
17:03:54 1000 32181 0.16 0.04 0.00 0.00 0.20 1 2.18 0.00 390912 86496 2.16 0.00 6.21 0.00 35 33 30 smartDeviceLinkCore
17:03:57 1000 32181 0.16 0.04 0.00 0.00 0.20 1 2.19 0.00 390912 86496 2.16 0.00 6.26 0.00 35 33 29 smartDeviceLinkCore
17:04:00 1000 32181 0.16 0.04 0.00 0.00 0.21 1 2.19 0.00 390912 86496 2.16 0.00 6.26 0.00 35 33 29 smartDeviceLinkCore
17:04:03 1000 32181 0.16 0.04 0.00 0.00 0.21 1 2.19 0.00 390912 86496 2.16 0.00 6.26 0.00 35 33 29 smartDeviceLinkCore
17:04:06 1000 32181 0.16 0.04 0.00 0.00 0.21 1 2.22 0.00 390912 86496 2.16 0.00 6.36 0.00 35 33 29 smartDeviceLinkCore
17:04:09 1000 32181 0.17 0.04 0.00 0.00 0.21 1 2.22 0.00 390912 86496 2.16 0.00 6.36 0.00 35 33 29 smartDeviceLinkCore
17:04:12 1000 32181 0.17 0.04 0.00 0.00 0.21 1 2.22 0.00 390912 86496 2.16 0.00 6.36 0.00 35 33 29 smartDeviceLinkCore
17:04:15 1000 32181 0.17 0.04 0.00 0.00 0.21 1 2.26 0.00 390912 86496 2.16 0.00 6.46 0.00 35 33 29 smartDeviceLinkCore
17:04:18 1000 32181 0.17 0.04 0.00 0.00 0.21 1 2.26 0.00 390912 86496 2.16 0.00 6.45 0.00 35 33 29 smartDeviceLinkCore
17:04:21 1000 32181 0.17 0.04 0.00 0.00 0.21 1 2.26 0.00 390912 86496 2.16 0.00 6.45 0.00 35 33 29 smartDeviceLinkCore
17:04:24 1000 32181 0.17 0.04 0.00 0.00 0.21 1 2.26 0.00 390912 86496 2.16 0.00 6.45 0.00 35 33 29 smartDeviceLinkCore
17:04:27 1000 32181 0.17 0.04 0.00 0.00 0.21 1 2.29 0.00 390912 86504 2.16 0.00 6.55 0.00 35 33 29 smartDeviceLinkCore
17:04:30 1000 32181 0.17 0.04 0.00 0.00 0.22 1 2.29 0.00 390912 86504 2.16 0.00 6.55 0.00 35 33 29 smartDeviceLinkCore
17:04:33 1000 32181 0.17 0.04 0.00 0.00 0.22 1 2.29 0.00 390912 86504 2.16 0.00 6.55 0.00 35 33 29 smartDeviceLinkCore
17:04:36 1000 32181 0.17 0.05 0.00 0.00 0.22 1 2.32 0.00 390912 86504 2.16 0.00 6.65 0.00 35 33 29 smartDeviceLinkCore
17:04:39 1000 32181 0.17 0.05 0.00 0.00 0.22 1 2.32 0.00 390912 86504 2.16 0.00 6.65 0.00 35 33 29 smartDeviceLinkCore
17:04:42 1000 32181 0.17 0.05 0.00 0.00 0.22 1 2.32 0.00 390912 86504 2.16 0.00 6.65 0.00 35 33 29 smartDeviceLinkCore
17:04:45 1000 32181 0.17 0.05 0.00 0.00 0.22 1 2.35 0.00 390912 86504 2.16 0.00 6.70 0.00 35 33 30 smartDeviceLinkCore
17:04:48 1000 32181 0.17 0.05 0.00 0.00 0.22 1 2.35 0.00 390912 86504 2.16 0.00 6.75 0.00 35 33 29 smartDeviceLinkCore
17:04:51 1000 32181 0.17 0.05 0.00 0.00 0.22 1 2.35 0.00 390912 86504 2.16 0.00 6.75 0.00 35 33 29 smartDeviceLinkCore
17:04:55 1000 32181 0.18 0.05 0.00 0.00 0.22 1 2.36 0.00 390912 86504 2.16 0.00 6.80 0.00 35 32 29 smartDeviceLinkCore
17:04:58 1000 32181 0.18 0.05 0.00 0.00 0.22 1 2.38 0.00 390912 86504 2.16 0.00 6.90 0.00 35 32 29 smartDeviceLinkCore
17:05:01 1000 32181 0.18 0.05 0.00 0.00 0.22 1 2.38 0.00 390912 86504 2.16 0.00 6.89 0.00 35 32 29 smartDeviceLinkCore
17:05:04 1000 32181 0.18 0.05 0.00 0.00 0.22 1 2.38 0.00 390912 86504 2.16 0.00 6.89 0.00 35 32 29 smartDeviceLinkCore
17:05:07 1000 32181 0.18 0.05 0.00 0.00 0.22 1 2.41 0.00 390912 86504 2.16 0.00 6.99 0.00 35 32 29 smartDeviceLinkCore
17:05:10 1000 32181 0.18 0.05 0.00 0.00 0.22 1 2.41 0.00 390912 86504 2.16 0.00 6.99 0.00 35 32 29 smartDeviceLinkCore
17:05:13 1000 32181 0.18 0.05 0.00 0.00 0.22 1 2.41 0.00 390912 86504 2.16 0.00 6.99 0.00 35 32 29 smartDeviceLinkCore
17:05:16 1000 32181 0.18 0.05 0.00 0.00 0.22 1 2.41 0.00 390912 86504 2.16 0.00 6.99 0.00 35 32 29 smartDeviceLinkCore
17:05:19 1000 32181 0.18 0.05 0.00 0.00 0.22 1 2.44 0.00 390912 86504 2.16 0.00 7.09 0.00 35 32 29 smartDeviceLinkCore
17:05:22 1000 32181 0.18 0.05 0.00 0.00 0.22 1 2.44 0.00 390912 86504 2.16 0.00 7.09 0.00 35 32 29 smartDeviceLinkCore
17:05:25 1000 32181 0.18 0.05 0.00 0.00 0.22 1 2.44 0.00 390912 86504 2.16 0.00 7.09 0.00 35 32 29 smartDeviceLinkCore
17:05:28 1000 32181 0.18 0.05 0.00 0.00 0.23 1 2.46 0.00 390912 86504 2.16 0.00 7.19 0.00 35 32 29 smartDeviceLinkCore
17:05:31 1000 32181 0.18 0.05 0.00 0.00 0.23 1 2.46 0.00 390912 86504 2.16 0.00 7.18 0.00 35 32 29 smartDeviceLinkCore
17:05:34 1000 32181 0.18 0.05 0.00 0.00 0.23 1 2.46 0.00 390912 86504 2.16 0.00 7.18 0.00 35 32 29 smartDeviceLinkCore
17:05:37 1000 32181 0.18 0.05 0.00 0.00 0.23 1 2.49 0.00 390912 86504 2.16 0.00 7.26 0.00 35 32 30 smartDeviceLinkCore
17:05:40 1000 32181 0.18 0.05 0.00 0.00 0.23 1 2.49 0.00 390912 86504 2.16 0.00 7.28 0.00 35 32 29 smartDeviceLinkCore
17:05:43 1000 32181 0.18 0.05 0.00 0.00 0.23 1 2.49 0.00 390912 86504 2.16 0.00 7.28 0.00 35 32 29 smartDeviceLinkCore
17:05:46 1000 32181 0.18 0.05 0.00 0.00 0.23 1 2.49 0.00 390912 86504 2.16 0.00 7.28 0.00 35 32 29 smartDeviceLinkCore
17:05:49 1000 32181 0.18 0.05 0.00 0.00 0.23 1 2.52 0.00 390912 86504 2.16 0.00 7.38 0.00 35 32 29 smartDeviceLinkCore
17:05:52 1000 32181 0.18 0.05 0.00 0.00 0.23 1 2.52 0.00 390912 86504 2.16 0.00 7.38 0.00 35 32 29 smartDeviceLinkCore
17:05:55 1000 32181 0.18 0.05 0.00 0.00 0.23 1 2.52 0.00 390912 86504 2.16 0.00 7.38 0.00 35 32 29 smartDeviceLinkCore
17:05:58 1000 32181 0.18 0.05 0.00 0.00 0.23 1 2.55 0.00 390912 86504 2.16 0.00 7.48 0.00 35 32 29 smartDeviceLinkCore
17:06:01 1000 32181 0.18 0.05 0.00 0.00 0.23 1 2.55 0.00 390912 86504 2.16 0.00 7.47 0.00 35 32 29 smartDeviceLinkCore
17:06:04 1000 32181 0.18 0.05 0.00 0.00 0.23 1 2.55 0.00 390912 86504 2.16 0.00 7.47 0.00 35 32 29 smartDeviceLinkCore
17:06:07 1000 32181 0.18 0.05 0.00 0.00 0.23 1 2.54 0.00 390912 86504 2.16 0.00 7.47 0.00 35 32 29 smartDeviceLinkCore
17:06:10 1000 32181 0.18 0.05 0.00 0.00 0.23 1 2.57 0.00 390912 86504 2.16 0.00 7.57 0.00 35 32 29 smartDeviceLinkCore
17:06:13 1000 32181 0.18 0.05 0.00 0.00 0.23 1 2.57 0.00 390912 86504 2.16 0.00 7.57 0.00 35 32 29 smartDeviceLinkCore
17:06:16 1000 32181 0.18 0.05 0.00 0.00 0.23 1 2.57 0.00 390912 86504 2.16 0.00 7.57 0.00 35 32 29 smartDeviceLinkCore
17:06:19 1000 32181 0.19 0.05 0.00 0.00 0.23 1 2.60 0.00 390912 86504 2.16 0.00 7.67 0.00 35 32 29 smartDeviceLinkCore
17:06:22 1000 32181 0.19 0.05 0.00 0.00 0.23 1 2.60 0.00 390912 86504 2.16 0.00 7.67 0.00 35 32 29 smartDeviceLinkCore
17:06:25 1000 32181 0.19 0.05 0.00 0.00 0.23 1 2.60 0.00 390912 86504 2.16 0.00 7.67 0.00 35 32 29 smartDeviceLinkCore
17:06:28 1000 32181 0.19 0.05 0.00 0.00 0.23 1 2.63 0.00 390912 86504 2.16 0.00 7.69 0.00 35 32 30 smartDeviceLinkCore
17:06:31 1000 32181 0.19 0.05 0.00 0.00 0.23 1 2.63 0.00 390912 86504 2.16 0.00 7.76 0.00 35 32 29 smartDeviceLinkCore
17:06:34 1000 32181 0.19 0.05 0.00 0.00 0.23 1 2.63 0.00 390912 86504 2.16 0.00 7.76 0.00 35 32 29 smartDeviceLinkCore
17:06:37 1000 32181 0.19 0.05 0.00 0.00 0.23 1 2.63 0.00 390912 86504 2.16 0.00 7.76 0.00 35 32 29 smartDeviceLinkCore
17:06:40 1000 32181 0.19 0.05 0.00 0.00 0.23 1 2.65 0.00 390912 86504 2.16 0.00 7.86 0.00 35 32 29 smartDeviceLinkCore
17:06:43 1000 32181 0.19 0.05 0.00 0.00 0.23 1 2.65 0.00 390912 86504 2.16 0.00 7.86 0.00 35 32 29 smartDeviceLinkCore
17:06:46 1000 32181 0.19 0.05 0.00 0.00 0.23 1 2.65 0.00 390912 86504 2.16 0.00 7.86 0.00 35 32 29 smartDeviceLinkCore
17:06:49 1000 32181 0.19 0.05 0.00 0.00 0.24 1 2.68 0.00 390912 86504 2.16 0.00 7.96 0.00 35 32 29 smartDeviceLinkCore
17:06:52 1000 32181 0.19 0.05 0.00 0.00 0.24 1 2.68 0.00 390912 86504 2.16 0.00 7.95 0.00 35 32 29 smartDeviceLinkCore
17:06:55 1000 32181 0.19 0.05 0.00 0.00 0.24 1 2.68 0.00 390912 86504 2.16 0.00 7.95 0.00 35 32 29 smartDeviceLinkCore
17:06:58 1000 32181 0.19 0.05 0.00 0.00 0.24 1 2.68 0.00 390912 86504 2.16 0.00 7.95 0.00 35 32 29 smartDeviceLinkCore
17:07:01 1000 32181 0.19 0.05 0.00 0.00 0.24 1 2.71 0.00 390912 86504 2.16 0.00 8.05 0.00 35 32 29 smartDeviceLinkCore
17:07:04 1000 32181 0.19 0.05 0.00 0.00 0.24 1 2.71 0.00 390912 86504 2.16 0.00 8.05 0.00 35 32 29 smartDeviceLinkCore
17:07:07 1000 32181 0.19 0.05 0.00 0.00 0.24 1 2.71 0.00 390912 86504 2.16 0.00 8.05 0.00 35 32 29 smartDeviceLinkCore
17:07:10 1000 32181 0.19 0.05 0.00 0.00 0.24 1 2.73 0.00 390912 86504 2.16 0.00 8.15 0.00 35 32 29 smartDeviceLinkCore
17:07:13 1000 32181 0.19 0.05 0.00 0.00 0.24 1 2.73 0.00 390912 86504 2.16 0.00 8.15 0.00 35 32 29 smartDeviceLinkCore
17:07:16 1000 32181 0.19 0.05 0.00 0.00 0.24 1 2.73 0.00 390912 86504 2.16 0.00 8.14 0.00 35 32 29 smartDeviceLinkCore
17:07:19 1000 32181 0.19 0.05 0.00 0.00 0.24 1 2.76 0.00 390912 86504 2.16 0.00 8.17 0.00 35 32 30 smartDeviceLinkCore
17:07:22 1000 32181 0.19 0.05 0.00 0.00 0.24 1 2.76 0.00 390912 86504 2.16 0.00 8.24 0.00 35 32 29 smartDeviceLinkCore
17:07:25 1000 32181 0.19 0.05 0.00 0.00 0.24 1 2.76 0.00 390912 86504 2.16 0.00 8.24 0.00 35 32 29 smartDeviceLinkCore
17:07:28 1000 32181 0.19 0.05 0.00 0.00 0.24 1 2.76 0.00 390912 86504 2.16 0.00 8.24 0.00 35 32 29 smartDeviceLinkCore
17:07:31 1000 32181 0.19 0.05 0.00 0.00 0.24 1 2.79 0.00 390912 86504 2.16 0.00 8.34 0.00 35 32 29 smartDeviceLinkCore
17:07:34 1000 32181 0.19 0.05 0.00 0.00 0.24 1 2.79 0.00 390912 86504 2.16 0.00 8.34 0.00 35 32 29 smartDeviceLinkCore
17:07:37 1000 32181 0.19 0.05 0.00 0.00 0.24 1 2.79 0.00 390912 86504 2.16 0.00 8.34 0.00 35 32 29 smartDeviceLinkCore
17:07:40 1000 32181 0.19 0.05 0.00 0.00 0.24 1 2.81 0.00 390912 86504 2.16 0.00 8.43 0.00 35 32 30 smartDeviceLinkCore
17:07:43 1000 32181 0.19 0.05 0.00 0.00 0.24 1 2.81 0.00 390912 86504 2.16 0.00 8.43 0.00 35 32 29 smartDeviceLinkCore
17:07:46 1000 32181 0.19 0.05 0.00 0.00 0.24 1 2.81 0.00 390912 86504 2.16 0.00 8.43 0.00 35 32 29 smartDeviceLinkCore
17:07:49 1000 32181 0.19 0.05 0.00 0.00 0.24 1 2.81 0.00 390912 86504 2.16 0.00 8.43 0.00 35 32 29 smartDeviceLinkCore
17:07:52 1000 32181 0.19 0.05 0.00 0.00 0.24 1 2.84 0.00 390912 86504 2.16 0.00 8.53 0.00 35 32 29 smartDeviceLinkCore
17:07:55 1000 32181 0.19 0.05 0.00 0.00 0.24 1 2.84 0.00 390912 86504 2.16 0.00 8.53 0.00 35 32 29 smartDeviceLinkCore
17:07:58 1000 32181 0.19 0.05 0.00 0.00 0.24 1 2.84 0.00 390912 86504 2.16 0.00 8.53 0.00 35 32 29 smartDeviceLinkCore
17:08:01 1000 32181 0.20 0.05 0.00 0.00 0.24 1 2.87 0.00 390912 86504 2.16 0.00 8.62 0.00 35 32 29 smartDeviceLinkCore
17:08:04 1000 32181 0.20 0.05 0.00 0.00 0.24 1 2.87 0.00 390912 86504 2.16 0.00 8.62 0.00 35 32 29 smartDeviceLinkCore
17:08:07 1000 32181 0.20 0.05 0.00 0.00 0.24 1 2.87 0.00 390912 86504 2.16 0.00 8.62 0.00 35 32 29 smartDeviceLinkCore
17:08:10 1000 32181 0.20 0.05 0.00 0.00 0.24 1 2.87 0.00 390912 86504 2.16 0.00 8.62 0.00 35 32 29 smartDeviceLinkCore
17:08:13 1000 32181 0.20 0.05 0.00 0.00 0.25 1 2.89 0.00 390912 86504 2.16 0.00 8.72 0.00 35 32 29 smartDeviceLinkCore
17:08:17 1000 32181 0.20 0.05 0.00 0.00 0.25 1 2.89 0.00 390912 86504 2.16 0.00 8.72 0.00 35 32 29 smartDeviceLinkCore
17:08:20 1000 32181 0.20 0.05 0.00 0.00 0.25 1 2.89 0.00 390912 86504 2.16 0.00 8.71 0.00 35 32 29 smartDeviceLinkCore
17:08:23 1000 32181 0.20 0.05 0.00 0.00 0.25 1 2.92 0.00 390912 86504 2.16 0.00 8.81 0.00 35 32 29 smartDeviceLinkCore
17:08:26 1000 32181 0.20 0.05 0.00 0.00 0.25 1 2.92 0.00 390912 86504 2.16 0.00 8.81 0.00 35 32 29 smartDeviceLinkCore
17:08:29 1000 32181 0.20 0.05 0.00 0.00 0.25 1 2.92 0.00 390912 86504 2.16 0.00 8.81 0.00 35 32 29 smartDeviceLinkCore
17:08:32 1000 32181 0.20 0.05 0.00 0.00 0.25 1 2.95 0.00 390912 86504 2.16 0.00 8.85 0.00 35 32 30 smartDeviceLinkCore
17:08:35 1000 32181 0.20 0.05 0.00 0.00 0.25 1 2.95 0.00 390912 86504 2.16 0.00 8.91 0.00 35 32 29 smartDeviceLinkCore
17:08:38 1000 32181 0.20 0.05 0.00 0.00 0.25 1 2.95 0.00 390912 86504 2.16 0.00 8.91 0.00 35 32 29 smartDeviceLinkCore
17:08:41 1000 32181 0.20 0.05 0.00 0.00 0.25 1 2.94 0.00 390912 86504 2.16 0.00 8.90 0.00 35 32 29 smartDeviceLinkCore
17:08:44 1000 32181 0.20 0.05 0.00 0.00 0.25 1 2.97 0.00 390912 86504 2.16 0.00 9.00 0.00 35 32 29 smartDeviceLinkCore
17:08:47 1000 32181 0.20 0.05 0.00 0.00 0.25 1 2.97 0.00 390912 86504 2.16 0.00 9.00 0.00 35 32 29 smartDeviceLinkCore
17:08:50 1000 32181 0.20 0.05 0.00 0.00 0.25 1 2.97 0.00 390912 86504 2.16 0.00 9.00 0.00 35 32 29 smartDeviceLinkCore
17:08:53 1000 32181 0.20 0.05 0.00 0.00 0.25 1 3.00 0.00 390912 86504 2.16 0.00 9.10 0.00 35 32 29 smartDeviceLinkCore
17:08:56 1000 32181 0.20 0.05 0.00 0.00 0.25 1 3.00 0.00 390912 86504 2.16 0.00 9.10 0.00 35 32 29 smartDeviceLinkCore
17:08:59 1000 32181 0.20 0.05 0.00 0.00 0.25 1 3.00 0.00 390912 86504 2.16 0.00 9.09 0.00 35 32 29 smartDeviceLinkCore
17:09:02 1000 32181 0.20 0.05 0.00 0.00 0.25 1 3.00 0.00 390912 86504 2.16 0.00 9.09 0.00 35 32 29 smartDeviceLinkCore
17:09:05 1000 32181 0.20 0.05 0.00 0.00 0.25 1 3.03 0.00 390912 86504 2.16 0.00 9.19 0.00 35 32 29 smartDeviceLinkCore
17:09:08 1000 32181 0.20 0.05 0.00 0.00 0.25 1 3.02 0.00 390912 86504 2.16 0.00 9.19 0.00 35 32 29 smartDeviceLinkCore
17:09:11 1000 32181 0.20 0.05 0.00 0.00 0.25 1 3.02 0.00 390912 86504 2.16 0.00 9.19 0.00 35 32 29 smartDeviceLinkCore
17:09:14 1000 32181 0.20 0.05 0.00 0.00 0.25 1 3.05 0.00 390912 86504 2.16 0.00 9.29 0.00 35 32 29 smartDeviceLinkCore
17:09:17 1000 32181 0.20 0.05 0.00 0.00 0.25 1 3.05 0.00 390912 86504 2.16 0.00 9.28 0.00 35 32 29 smartDeviceLinkCore
17:09:20 1000 32181 0.20 0.05 0.00 0.00 0.25 1 3.05 0.00 390912 86504 2.16 0.00 9.28 0.00 35 32 29 smartDeviceLinkCore
17:09:23 1000 32181 0.20 0.05 0.00 0.00 0.25 1 3.08 0.00 390912 86504 2.16 0.00 9.33 0.00 35 32 30 smartDeviceLinkCore
17:09:26 1000 32181 0.20 0.05 0.00 0.00 0.25 1 3.08 0.00 390912 86504 2.16 0.00 9.38 0.00 35 32 29 smartDeviceLinkCore
17:09:29 1000 32181 0.20 0.05 0.00 0.00 0.25 1 3.08 0.00 390912 86504 2.16 0.00 9.38 0.00 35 32 29 smartDeviceLinkCore
17:09:32 1000 32181 0.20 0.05 0.00 0.00 0.25 1 3.08 0.00 390912 86504 2.16 0.00 9.38 0.00 35 32 29 smartDeviceLinkCore
17:09:35 1000 32181 0.20 0.05 0.00 0.00 0.26 1 3.10 0.00 390912 86504 2.16 0.00 9.47 0.00 35 32 29 smartDeviceLinkCore
17:09:38 1000 32181 0.20 0.05 0.00 0.00 0.26 1 3.10 0.00 390912 86504 2.16 0.00 9.47 0.00 35 32 29 smartDeviceLinkCore
17:09:41 1000 32181 0.20 0.05 0.00 0.00 0.26 1 3.10 0.00 390912 86504 2.16 0.00 9.47 0.00 35 32 29 smartDeviceLinkCore
17:09:44 1000 32181 0.20 0.05 0.00 0.00 0.26 1 3.13 0.00 363812 78992 1.97 0.00 9.47 0.00 35 26 19 smartDeviceLinkCore
17:09:47 1000 32181 0.20 0.05 0.00 0.00 0.26 1 3.13 0.00 363812 78992 1.97 0.00 9.47 0.00 35 26 18 smartDeviceLinkCore
17:09:50 1000 32181 0.20 0.05 0.00 0.00 0.26 1 3.12 0.00 363812 78992 1.97 0.00 9.47 0.00 35 26 18 smartDeviceLinkCore
17:09:53 1000 32181 0.20 0.05 0.00 0.00 0.26 1 3.12 0.00 363812 78992 1.97 0.00 9.46 0.00 35 26 18 smartDeviceLinkCore
17:09:56 1000 32181 0.20 0.05 0.00 0.00 0.26 1 3.12 0.00 363812 78992 1.97 0.00 9.46 0.00 35 26 18 smartDeviceLinkCore
17:09:59 1000 32181 0.20 0.05 0.00 0.00 0.26 1 3.12 0.00 363812 78992 1.97 0.00 9.46 0.00 35 26 18 smartDeviceLinkCore
17:10:02 1000 32181 0.20 0.05 0.00 0.00 0.26 1 3.12 0.00 363812 78992 1.97 0.00 9.46 0.00 35 26 18 smartDeviceLinkCore
17:10:05 1000 32181 0.20 0.05 0.00 0.00 0.26 1 3.12 0.00 363812 78992 1.97 0.00 9.46 0.00 35 26 18 smartDeviceLinkCore
17:10:08 1000 32181 0.20 0.05 0.00 0.00 0.26 1 3.12 0.00 363812 78992 1.97 0.00 9.46 0.00 35 26 18 smartDeviceLinkCore
17:10:11 1000 32181 0.20 0.05 0.00 0.00 0.26 1 3.12 0.00 363812 78992 1.97 0.00 9.45 0.00 35 26 18 smartDeviceLinkCore
17:10:14 1000 32181 0.20 0.05 0.00 0.00 0.26 1 3.12 0.00 363812 78992 1.97 0.00 9.45 0.00 35 26 18 smartDeviceLinkCore
17:10:17 1000 32181 0.20 0.05 0.00 0.00 0.26 1 3.12 0.00 363812 78992 1.97 0.00 9.45 0.00 35 26 18 smartDeviceLinkCore
17:10:20 1000 32181 0.20 0.05 0.00 0.00 0.26 1 3.12 0.00 363812 78992 1.97 0.00 9.45 0.00 35 26 18 smartDeviceLinkCore
17:10:23 1000 32181 0.20 0.05 0.00 0.00 0.26 1 3.12 0.00 363812 78992 1.97 0.00 9.45 0.00 35 26 18 smartDeviceLinkCore
17:10:26 1000 32181 0.20 0.05 0.00 0.00 0.26 1 3.12 0.00 363812 78992 1.97 0.00 9.45 0.00 35 26 18 smartDeviceLinkCore
