16:54:29:167029648 16:54:28 0.0 0 00:00:00 0.3 15257 1
16:54:32:422492491 16:54:28 19.5 195 00:00:00 2.0 83129 26
16:54:35:425906705 16:54:28 11.1 111 00:00:00 2.0 83129 26
16:54:38:497906005 16:54:28 13.7 137 00:00:01 2.0 93374 31
16:54:41:468209916 16:54:28 15.0 150 00:00:01 2.1 97728 33
16:54:44:474152498 16:54:28 12.8 128 00:00:02 2.1 97728 33
16:54:47:460146745 16:54:28 11.3 113 00:00:02 2.1 97728 33
16:54:50:474847788 16:54:28 10.3 103 00:00:02 2.1 97728 33
16:54:53:476762298 16:54:28 10.2 102 00:00:02 2.1 97728 33
16:54:56:507110918 16:54:28 9.5 95 00:00:02 2.1 97728 33
16:54:59:516032138 16:54:28 8.9 89 00:00:02 2.1 97728 33
16:55:02:499496333 16:54:28 9.0 90 00:00:03 2.1 97728 33
16:55:05:529905165 16:54:28 8.6 86 00:00:03 2.1 97728 33
16:55:08:538071888 16:54:28 8.2 82 00:00:03 2.1 97728 33
16:55:11:523271026 16:54:28 8.1 81 00:00:03 2.1 97728 33
16:55:14:552090179 16:54:28 8.1 81 00:00:03 2.1 97728 33
16:55:17:562463458 16:54:28 7.8 78 00:00:03 2.1 97728 33
16:55:20:579776478 16:54:28 7.6 76 00:00:03 2.1 97728 33
16:55:23:570710497 16:54:28 7.8 78 00:00:04 2.1 97728 33
16:55:26:580684537 16:54:28 7.5 75 00:00:04 2.1 97728 33
16:55:29:592988373 16:54:28 7.3 73 00:00:04 2.1 97728 33
16:55:32:566206194 16:54:28 7.5 75 00:00:04 2.1 97728 33
16:55:35:612434763 16:54:28 7.3 73 00:00:04 2.1 97728 33
16:55:38:601665286 16:54:28 7.2 72 00:00:05 2.1 97728 33
16:55:41:620707549 16:54:28 7.3 73 00:00:05 2.1 97728 33
16:55:44:615196732 16:54:28 7.5 75 00:00:05 2.1 97728 33
16:55:47:629576741 16:54:28 7.3 73 00:00:05 2.1 97728 33
16:55:50:619697883 16:54:28 7.1 71 00:00:05 2.1 97728 33
16:55:53:625229158 16:54:28 7.3 73 00:00:06 2.1 97728 33
16:55:56:645975176 16:54:28 7.2 72 00:00:06 2.1 97728 33
16:55:59:651768939 16:54:28 7.0 70 00:00:06 2.1 97728 33
16:56:02:624020806 16:54:28 6.9 69 00:00:06 2.1 97728 33
16:56:05:667053395 16:54:28 7.0 70 00:00:06 2.1 97728 33
16:56:08:676003657 16:54:28 6.9 69 00:00:06 2.1 97728 33
16:56:11:683371107 16:54:28 6.8 68 00:00:07 2.1 97728 33
16:56:14:646336539 16:54:28 6.9 69 00:00:07 2.1 97728 33
16:56:17:690143006 16:54:28 6.8 68 00:00:07 2.1 97728 33
16:56:20:711860753 16:54:28 6.7 67 00:00:07 2.1 97728 33
16:56:23:691215932 16:54:28 6.8 68 00:00:07 2.1 97728 33
16:56:26:718040855 16:54:28 6.8 68 00:00:08 2.1 97728 33
16:56:29:729790951 16:54:28 6.7 67 00:00:08 2.1 97728 33
16:56:32:736539617 16:54:28 6.6 66 00:00:08 2.1 97728 33
16:56:35:738232380 16:54:28 6.7 67 00:00:08 2.1 97728 33
16:56:38:753880274 16:54:28 6.7 67 00:00:08 2.1 97728 33
16:56:41:745016809 16:54:28 6.7 67 00:00:09 2.1 97728 33
16:56:44:763331359 16:54:28 6.8 68 00:00:09 2.1 97728 33
16:56:47:773660825 16:54:28 6.7 67 00:00:09 2.1 97728 33
16:56:50:772117848 16:54:28 6.7 67 00:00:09 2.1 97728 33
16:56:53:791893360 16:54:28 6.6 66 00:00:09 2.1 97728 33
16:56:56:792149593 16:54:28 6.7 67 00:00:09 2.1 97728 33
16:56:59:799729517 16:54:28 6.6 66 00:00:10 2.1 97728 33
16:57:02:809533119 16:54:28 6.6 66 00:00:10 2.1 97728 33
16:57:05:800229380 16:54:28 6.6 66 00:00:10 2.1 97728 33
16:57:08:817166798 16:54:28 6.6 66 00:00:10 2.1 97728 33
16:57:11:839686502 16:54:28 6.5 65 00:00:10 2.1 97728 33
16:57:14:805556589 16:54:28 6.6 66 00:00:10 2.1 97728 33
16:57:17:835268341 16:54:28 6.5 65 00:00:11 2.1 97728 33
16:57:20:829883002 16:54:28 6.5 65 00:00:11 2.1 97728 33
16:57:23:846752508 16:54:28 6.4 64 00:00:11 2.1 97728 33
16:57:26:854327527 16:54:28 6.5 65 00:00:11 2.1 97728 33
16:57:29:871362252 16:54:28 6.5 65 00:00:11 2.1 97728 33
16:57:32:884978693 16:54:28 6.4 64 00:00:11 2.1 97728 33
16:57:35:881118785 16:54:28 6.5 65 00:00:12 2.1 97728 33
16:57:38:870097741 16:54:28 6.4 64 00:00:12 2.1 97728 33
16:57:41:918808590 16:54:28 6.4 64 00:00:12 2.1 97728 33
16:57:44:916811845 16:54:28 6.4 64 00:00:12 2.1 97728 33
16:57:47:925425672 16:54:28 6.4 64 00:00:12 2.1 97728 33
16:57:50:880350566 16:54:28 6.4 64 00:00:13 2.1 97728 33
16:57:53:942453162 16:54:28 6.4 64 00:00:13 2.1 97728 33
16:57:56:929440072 16:54:28 6.4 64 00:00:13 2.1 97728 33
16:57:59:952683177 16:54:28 6.4 64 00:00:13 2.1 97728 33
16:58:02:906156789 16:54:28 6.3 63 00:00:13 2.1 97728 33
16:58:05:917119476 16:54:28 6.4 64 00:00:13 2.1 97728 33
16:58:08:960985192 16:54:28 6.4 64 00:00:14 2.1 97728 33
16:58:11:960327133 16:54:28 6.3 63 00:00:14 2.1 97728 33
16:58:14:972213257 16:54:28 6.3 63 00:00:14 2.1 97728 33
16:58:17:975527666 16:54:28 6.4 64 00:00:14 2.1 97728 33
16:58:20:958087729 16:54:28 6.3 63 00:00:14 2.1 97728 33
16:58:23:978590455 16:54:28 6.3 63 00:00:14 2.1 97728 33
16:58:26:977824706 16:54:28 6.4 64 00:00:15 2.1 97728 33
16:58:29:998919782 16:54:28 6.3 63 00:00:15 2.1 97728 33
16:58:32:999706545 16:54:28 6.3 63 00:00:15 2.1 97728 33
16:58:36:002144088 16:54:28 6.3 63 00:00:15 2.1 97728 33
16:58:39:028924939 16:54:28 6.3 63 00:00:15 2.1 97728 33
16:58:42:039631728 16:54:28 6.3 63 00:00:16 2.1 97728 33
16:58:45:054324663 16:54:28 6.3 63 00:00:16 2.1 97728 33
16:58:48:080877325 16:54:28 6.3 63 00:00:16 2.1 97728 33
16:58:51:071442740 16:54:28 6.3 63 00:00:16 2.1 97728 33
16:58:54:060377179 16:54:28 6.3 63 00:00:16 2.1 97728 33
16:58:57:065669696 16:54:28 6.3 63 00:00:16 2.1 97728 33
16:59:00:081443550 16:54:28 6.3 63 00:00:17 2.1 97728 33
16:59:03:082419353 16:54:28 6.3 63 00:00:17 2.1 97728 33
16:59:06:069102443 16:54:28 6.2 62 00:00:17 2.1 97728 33
16:59:09:081229213 16:54:28 6.3 63 00:00:17 2.1 97728 33
16:59:12:096419382 16:54:28 6.3 63 00:00:17 2.1 97728 33
16:59:15:108627398 16:54:28 6.2 62 00:00:17 2.1 97728 33
16:59:18:088881273 16:54:28 6.3 63 00:00:18 2.1 97728 33
16:59:21:124824718 16:54:28 6.3 63 00:00:18 2.1 97728 33
16:59:24:115361216 16:54:28 6.2 62 00:00:18 2.1 97728 33
16:59:27:136120052 16:54:28 6.2 62 00:00:18 2.1 97728 33
16:59:30:113956926 16:54:28 6.2 62 00:00:18 2.1 97728 33
16:59:33:145646353 16:54:28 6.2 62 00:00:19 2.1 97728 33
16:59:36:150181983 16:54:28 6.2 62 00:00:19 2.1 97728 33
16:59:39:147615752 16:54:28 6.2 62 00:00:19 2.1 97728 33
16:59:42:178745377 16:54:28 6.2 62 00:00:19 2.1 97728 33
16:59:45:179354748 16:54:28 6.2 62 00:00:19 2.1 97728 33
16:59:48:185908148 16:54:28 6.2 62 00:00:19 2.1 97728 33
16:59:51:186405136 16:54:28 6.2 62 00:00:20 2.1 97728 33
16:59:54:168764472 16:54:28 6.2 62 00:00:20 2.1 97728 33
16:59:57:210487903 16:54:28 6.2 62 00:00:20 2.1 97728 33
17:00:00:196701011 16:54:28 6.2 62 00:00:20 2.1 97728 33
17:00:03:212634438 16:54:28 6.2 62 00:00:20 2.1 97728 33
17:00:06:224304640 16:54:28 6.2 62 00:00:20 2.1 97728 33
17:00:09:211611206 16:54:28 6.2 62 00:00:21 2.1 97728 33
17:00:12:238386622 16:54:28 6.2 62 00:00:21 2.1 97728 33
17:00:15:244334592 16:54:28 6.2 62 00:00:21 2.1 97728 33
17:00:18:248175023 16:54:28 6.1 61 00:00:21 2.1 97728 33
17:00:21:257180581 16:54:28 6.2 62 00:00:21 2.1 97728 33
17:00:24:258215366 16:54:28 6.2 62 00:00:22 2.1 97728 33
17:00:27:276492185 16:54:28 6.1 61 00:00:22 2.1 97728 33
17:00:30:245458921 16:54:28 6.2 62 00:00:22 2.1 97728 33
17:00:33:283231229 16:54:28 6.2 62 00:00:22 2.1 97728 33
17:00:36:291532116 16:54:28 6.1 61 00:00:22 2.1 97728 33
17:00:39:299853946 16:54:28 6.1 61 00:00:22 2.1 97728 33
17:00:42:297310541 16:54:28 6.2 62 00:00:23 2.1 97728 33
17:00:45:316775349 16:54:28 6.1 61 00:00:23 2.1 97728 33
17:00:48:324858741 16:54:28 6.1 61 00:00:23 2.1 97728 33
17:00:51:337763901 16:54:28 6.1 61 00:00:23 2.1 97728 33
17:00:54:334372116 16:54:28 6.1 61 00:00:23 2.1 97728 33
17:00:57:342528610 16:54:28 6.1 61 00:00:23 2.1 97728 33
17:01:00:305702688 16:54:28 6.1 61 00:00:24 2.1 97728 33
17:01:03:345822917 16:54:28 6.1 61 00:00:24 2.1 97728 33
17:01:06:355488828 16:54:28 6.1 61 00:00:24 2.1 97728 33
17:01:09:363874230 16:54:28 6.1 61 00:00:24 2.1 97728 33
17:01:12:369251104 16:54:28 6.1 61 00:00:24 2.1 97728 33
17:01:15:377887454 16:54:28 6.1 61 00:00:25 2.1 97728 33
17:01:18:388985131 16:54:28 6.1 61 00:00:25 2.1 97728 33
17:01:21:377801828 16:54:28 6.1 61 00:00:25 2.1 97728 33
17:01:24:404845594 16:54:28 6.1 61 00:00:25 2.1 97728 33
17:01:27:439712613 16:54:28 6.1 61 00:00:25 2.1 97728 33
17:01:30:413426731 16:54:28 6.1 61 00:00:25 2.1 97728 33
17:01:33:402658986 16:54:28 6.1 61 00:00:26 2.1 97728 33
17:01:36:428185449 16:54:28 6.1 61 00:00:26 2.1 97728 33
17:01:39:454506122 16:54:28 6.1 61 00:00:26 2.1 97728 33
17:01:42:407075051 16:54:28 6.1 61 00:00:26 2.1 97728 33
17:01:45:450727078 16:54:28 6.1 61 00:00:26 2.1 97728 33
17:01:48:468262473 16:54:28 6.1 61 00:00:27 2.1 97728 33
17:01:51:437334741 16:54:28 6.1 61 00:00:27 2.1 97728 33
17:01:54:475932546 16:54:28 6.1 61 00:00:27 2.1 97728 33
17:01:57:488762454 16:54:28 6.1 61 00:00:27 2.1 97728 33
17:02:00:493906383 16:54:28 6.1 61 00:00:27 2.1 97728 33
17:02:03:462019932 16:54:28 6.1 61 00:00:28 2.1 97728 33
17:02:06:495918013 16:54:28 6.1 61 00:00:28 2.1 97728 33
17:02:09:502285194 16:54:28 6.1 61 00:00:28 2.1 97728 33
17:02:12:507346419 16:54:28 6.1 61 00:00:28 2.1 97728 33
17:02:15:517557871 16:54:28 6.1 61 00:00:28 2.1 97728 33
17:02:18:527934728 16:54:28 6.1 61 00:00:29 2.1 97728 33
17:02:21:510227895 16:54:28 6.1 61 00:00:29 2.1 97728 33
17:02:24:538026456 16:54:28 6.1 61 00:00:29 2.1 97728 33
17:02:27:518420792 16:54:28 6.1 61 00:00:29 2.1 97728 33
17:02:30:565055813 16:54:28 6.1 61 00:00:29 2.1 97728 33
17:02:33:531030627 16:54:28 6.2 62 00:00:30 2.1 97728 33
17:02:36:562376925 16:54:28 6.1 61 00:00:30 2.1 97728 33
17:02:39:560826100 16:54:28 6.1 61 00:00:30 2.1 97728 33
17:02:42:555548155 16:54:28 6.1 61 00:00:30 2.1 97728 33
17:02:45:590278030 16:54:28 6.1 61 00:00:30 2.1 97728 33
17:02:48:599741600 16:54:28 6.1 61 00:00:30 2.1 97728 33
17:02:51:600911504 16:54:28 6.1 61 00:00:31 2.1 97728 33
17:02:54:624983660 16:54:28 6.1 61 00:00:31 2.1 97728 33
17:02:57:594245131 16:54:28 6.1 61 00:00:31 2.1 97728 33
17:03:00:634058797 16:54:28 6.1 61 00:00:31 2.1 97728 33
17:03:03:616435707 16:54:28 6.1 61 00:00:31 2.1 97728 33
17:03:06:652789047 16:54:28 6.1 61 00:00:32 2.1 97728 33
17:03:09:642981694 16:54:28 6.1 61 00:00:32 2.1 97728 33
17:03:12:660036649 16:54:28 6.1 61 00:00:32 2.1 97728 33
17:03:15:664118938 16:54:28 6.1 61 00:00:32 2.1 97728 33
17:03:18:670616602 16:54:28 6.1 61 00:00:32 2.1 97728 33
17:03:21:678630716 16:54:28 6.1 61 00:00:32 2.1 97728 33
17:03:24:685766353 16:54:28 6.1 61 00:00:33 2.1 97728 33
17:03:27:693955758 16:54:28 6.1 61 00:00:33 2.1 97728 33
17:03:30:710109611 16:54:28 6.1 61 00:00:33 2.1 97728 33
17:03:33:704359740 16:54:28 6.1 61 00:00:33 2.1 97728 33
17:03:36:714406400 16:54:28 6.1 61 00:00:33 2.1 97728 33
17:03:39:717654628 16:54:28 6.1 61 00:00:33 2.1 97728 33
17:03:42:729821788 16:54:28 6.1 61 00:00:34 2.1 97728 33
17:03:45:715622192 16:54:28 6.1 61 00:00:34 2.1 97728 33
17:03:48:744116665 16:54:28 6.1 61 00:00:34 2.1 97728 33
17:03:51:724921590 16:54:28 6.1 61 00:00:34 2.1 97728 33
17:03:54:728492096 16:54:28 6.1 61 00:00:34 2.1 97728 33
17:03:57:765738599 16:54:28 6.1 61 00:00:35 2.1 97728 33
17:04:00:760522286 16:54:28 6.1 61 00:00:35 2.1 97728 33
17:04:03:737501204 16:54:28 6.1 61 00:00:35 2.1 97728 33
17:04:06:783816489 16:54:28 6.1 61 00:00:35 2.1 97728 33
17:04:09:808430278 16:54:28 6.1 61 00:00:35 2.1 97728 33
17:04:12:795762034 16:54:28 6.1 61 00:00:35 2.1 97728 33
17:04:15:808094071 16:54:28 6.1 61 00:00:36 2.1 97728 33
17:04:18:825847559 16:54:28 6.1 61 00:00:36 2.1 97728 33
17:04:21:818461644 16:54:28 6.1 61 00:00:36 2.1 97728 33
17:04:24:812906962 16:54:28 6.1 61 00:00:36 2.1 97728 33
17:04:27:839996047 16:54:28 6.1 61 00:00:36 2.1 97728 33
17:04:30:825044627 16:54:28 6.1 61 00:00:37 2.1 97728 33
17:04:33:822719054 16:54:28 6.1 61 00:00:37 2.1 97728 33
17:04:36:833292590 16:54:28 6.1 61 00:00:37 2.1 97728 33
17:04:39:858699225 16:54:28 6.1 61 00:00:37 2.1 97728 33
17:04:42:869680024 16:54:28 6.1 61 00:00:37 2.1 97728 33
17:04:45:850389297 16:54:28 6.1 61 00:00:37 2.1 97728 33
17:04:48:881905629 16:54:28 6.1 61 00:00:37 2.1 97728 33
17:04:51:890244490 16:54:28 6.0 60 00:00:37 2.1 97728 33
17:04:55:546965925 16:54:28 6.0 60 00:00:38 2.1 97728 32
17:04:58:574760954 16:54:28 6.0 60 00:00:38 2.1 97728 32
17:05:01:571708451 16:54:28 6.0 60 00:00:38 2.1 97728 32
17:05:04:580674788 16:54:28 6.0 60 00:00:38 2.1 97728 32
17:05:07:572068248 16:54:28 6.0 60 00:00:38 2.1 97728 32
17:05:10:589533019 16:54:28 6.0 60 00:00:38 2.1 97728 32
17:05:13:606669731 16:54:28 5.9 59 00:00:38 2.1 97728 32
17:05:16:613612191 16:54:28 5.9 59 00:00:38 2.1 97728 32
17:05:19:616325267 16:54:28 5.9 59 00:00:38 2.1 97728 32
17:05:22:623951551 16:54:28 5.9 59 00:00:38 2.1 97728 32
17:05:25:638310542 16:54:28 5.9 59 00:00:38 2.1 97728 32
17:05:28:623217026 16:54:28 5.9 59 00:00:39 2.1 97728 32
17:05:31:650299377 16:54:28 5.8 58 00:00:39 2.1 97728 32
17:05:34:655615076 16:54:28 5.8 58 00:00:39 2.1 97728 32
17:05:37:638821378 16:54:28 5.8 58 00:00:39 2.1 97728 32
17:05:40:676430962 16:54:28 5.8 58 00:00:39 2.1 97728 32
17:05:43:677737566 16:54:28 5.8 58 00:00:39 2.1 97728 32
17:05:46:697949444 16:54:28 5.8 58 00:00:39 2.1 97728 32
17:05:49:687840532 16:54:28 5.8 58 00:00:39 2.1 97728 32
17:05:52:710054930 16:54:28 5.7 57 00:00:39 2.1 97728 32
17:05:55:701976655 16:54:28 5.7 57 00:00:39 2.1 97728 32
17:05:58:720608487 16:54:28 5.7 57 00:00:39 2.1 97728 32
17:06:01:721107277 16:54:28 5.7 57 00:00:39 2.1 97728 32
17:06:04:730966474 16:54:28 5.7 57 00:00:39 2.1 97728 32
17:06:07:734336202 16:54:28 5.6 56 00:00:39 2.1 97728 32
17:06:10:735809576 16:54:28 5.7 57 00:00:39 2.1 97728 32
17:06:13:750630344 16:54:28 5.6 56 00:00:39 2.1 97728 32
17:06:16:750664752 16:54:28 5.6 56 00:00:39 2.1 97728 32
17:06:19:753343994 16:54:28 5.6 56 00:00:40 2.1 97728 32
17:06:22:772537245 16:54:28 5.6 56 00:00:40 2.1 97728 32
17:06:25:778123915 16:54:28 5.6 56 00:00:40 2.1 97728 32
17:06:28:762261144 16:54:28 5.6 56 00:00:40 2.1 97728 32
17:06:31:800187743 16:54:28 5.6 56 00:00:40 2.1 97728 32
17:06:34:801929263 16:54:28 5.5 55 00:00:40 2.1 97728 32
17:06:37:811185398 16:54:28 5.5 55 00:00:40 2.1 97728 32
17:06:40:811169659 16:54:28 5.5 55 00:00:40 2.1 97728 32
17:06:43:824889322 16:54:28 5.5 55 00:00:40 2.1 97728 32
17:06:46:833092644 16:54:28 5.5 55 00:00:40 2.1 97728 32
17:06:49:838532604 16:54:28 5.5 55 00:00:40 2.1 97728 32
17:06:52:847103948 16:54:28 5.5 55 00:00:40 2.1 97728 32
17:06:55:858718982 16:54:28 5.4 54 00:00:40 2.1 97728 32
17:06:58:868778973 16:54:28 5.4 54 00:00:40 2.1 97728 32
17:07:01:861681645 16:54:28 5.4 54 00:00:41 2.1 97728 32
17:07:04:880233462 16:54:28 5.4 54 00:00:41 2.1 97728 32
17:07:07:881998183 16:54:28 5.4 54 00:00:41 2.1 97728 32
17:07:10:884925449 16:54:28 5.4 54 00:00:41 2.1 97728 32
17:07:13:902565390 16:54:28 5.4 54 00:00:41 2.1 97728 32
17:07:16:911249245 16:54:28 5.4 54 00:00:41 2.1 97728 32
17:07:19:884338923 16:54:28 5.4 54 00:00:41 2.1 97728 32
17:07:22:916810158 16:54:28 5.3 53 00:00:41 2.1 97728 32
17:07:25:925851847 16:54:28 5.3 53 00:00:41 2.1 97728 32
17:07:28:928470083 16:54:28 5.3 53 00:00:41 2.1 97728 32
17:07:31:935932298 16:54:28 5.3 53 00:00:41 2.1 97728 32
17:07:34:949322323 16:54:28 5.3 53 00:00:41 2.1 97728 32
17:07:37:962329339 16:54:28 5.3 53 00:00:41 2.1 97728 32
17:07:40:936577716 16:54:28 5.3 53 00:00:42 2.1 97728 32
17:07:43:964500992 16:54:28 5.3 53 00:00:42 2.1 97728 32
17:07:46:970213033 16:54:28 5.2 52 00:00:42 2.1 97728 32
17:07:49:977180075 16:54:28 5.2 52 00:00:42 2.1 97728 32
17:07:52:983857805 16:54:28 5.2 52 00:00:42 2.1 97728 32
17:07:55:995550408 16:54:28 5.2 52 00:00:42 2.1 97728 32
17:07:59:000181674 16:54:28 5.2 52 00:00:42 2.1 97728 32
17:08:01:989188785 16:54:28 5.2 52 00:00:42 2.1 97728 32
17:08:05:011232708 16:54:28 5.2 52 00:00:42 2.1 97728 32
17:08:08:021543361 16:54:28 5.2 52 00:00:42 2.1 97728 32
17:08:11:032968279 16:54:28 5.1 51 00:00:42 2.1 97728 32
17:08:14:032069936 16:54:28 5.2 52 00:00:42 2.1 97728 32
17:08:17:048366520 16:54:28 5.1 51 00:00:42 2.1 97728 32
17:08:20:046882552 16:54:28 5.1 51 00:00:42 2.1 97728 32
17:08:23:039909046 16:54:28 5.1 51 00:00:43 2.1 97728 32
17:08:26:079132909 16:54:28 5.1 51 00:00:43 2.1 97728 32
17:08:29:065621693 16:54:28 5.1 51 00:00:43 2.1 97728 32
17:08:32:046261969 16:54:28 5.1 51 00:00:43 2.1 97728 32
17:08:35:097490801 16:54:28 5.1 51 00:00:43 2.1 97728 32
17:08:38:107077719 16:54:28 5.1 51 00:00:43 2.1 97728 32
17:08:41:101247554 16:54:28 5.0 50 00:00:43 2.1 97728 32
17:08:44:110932281 16:54:28 5.1 51 00:00:43 2.1 97728 32
17:08:47:117986463 16:54:28 5.0 50 00:00:43 2.1 97728 32
17:08:50:122672189 16:54:28 5.0 50 00:00:43 2.1 97728 32
17:08:53:146138688 16:54:28 5.0 50 00:00:43 2.1 97728 32
17:08:56:142525380 16:54:28 5.0 50 00:00:43 2.1 97728 32
17:08:59:148134741 16:54:28 5.0 50 00:00:43 2.1 97728 32
17:09:02:153505647 16:54:28 5.0 50 00:00:43 2.1 97728 32
17:09:05:166558650 16:54:28 5.0 50 00:00:44 2.1 97728 32
17:09:08:176826199 16:54:28 5.0 50 00:00:44 2.1 97728 32
17:09:11:183942699 16:54:28 5.0 50 00:00:44 2.1 97728 32
17:09:14:181068476 16:54:28 5.0 50 00:00:44 2.1 97728 32
17:09:17:202967997 16:54:28 4.9 49 00:00:44 2.1 97728 32
17:09:20:217520532 16:54:28 4.9 49 00:00:44 2.1 97728 32
17:09:23:191199625 16:54:28 4.9 49 00:00:44 2.1 97728 32
17:09:26:222252605 16:54:28 4.9 49 00:00:44 2.1 97728 32
17:09:29:232858322 16:54:28 4.9 49 00:00:44 2.1 97728 32
17:09:32:237204463 16:54:28 4.9 49 00:00:44 2.1 97728 32
17:09:35:238689379 16:54:28 4.9 49 00:00:44 2.1 97728 32
17:09:38:248933368 16:54:28 4.9 49 00:00:44 2.1 97728 32
17:09:41:261824473 16:54:28 4.9 49 00:00:44 2.1 97728 32
17:09:44:275337059 16:54:28 4.9 49 00:00:44 1.9 90953 26
17:09:47:292263970 16:54:28 4.8 48 00:00:44 1.9 90953 26
17:09:50:291650924 16:54:28 4.8 48 00:00:44 1.9 90953 26
17:09:53:302744514 16:54:28 4.8 48 00:00:44 1.9 90953 26
17:09:56:302853317 16:54:28 4.8 48 00:00:44 1.9 90953 26
17:09:59:314362087 16:54:28 4.8 48 00:00:44 1.9 90953 26
17:10:02:330923505 16:54:28 4.8 48 00:00:44 1.9 90953 26
17:10:05:340319221 16:54:28 4.7 47 00:00:44 1.9 90953 26
17:10:08:342858188 16:54:28 4.7 47 00:00:44 1.9 90953 26
17:10:11:356555674 16:54:28 4.7 47 00:00:44 1.9 90953 26
17:10:14:356744532 16:54:28 4.7 47 00:00:44 1.9 90953 26
17:10:17:369857105 16:54:28 4.7 47 00:00:44 1.9 90953 26
17:10:20:378636075 16:54:28 4.7 47 00:00:44 1.9 90953 26
17:10:23:389741338 16:54:28 4.7 47 00:00:44 1.9 90953 26
17:10:26:393526028 16:54:28 4.6 46 00:00:44 1.9 90953 26
