14:18:38:633040451 14:18:38 0.0 0 00:00:00 0.3 15290 1
14:18:42:003671123 14:18:38 23.3 233 00:00:00 2.0 83129 26
14:18:45:004034801 14:18:38 11.6 116 00:00:00 2.0 83129 26
14:18:47:987479899 14:18:38 14.5 145 00:00:01 2.0 93374 31
14:18:50:997616218 14:18:38 18.1 181 00:00:02 2.0 95423 32
14:18:54:005140705 14:18:38 18.9 189 00:00:02 2.0 95423 31
14:18:57:026043012 14:18:38 19.0 190 00:00:03 2.0 95423 32
14:19:00:046708691 14:18:38 19.7 197 00:00:04 2.0 95679 32
14:19:03:024420102 14:18:38 21.3 213 00:00:05 2.0 95679 32
14:19:06:033126180 14:18:38 21.4 214 00:00:05 2.0 95679 31
14:19:09:052120434 14:18:38 20.7 207 00:00:06 2.0 95679 32
14:19:12:071755990 14:18:38 21.3 213 00:00:07 2.0 95679 32
14:19:15:052021120 14:18:38 22.0 220 00:00:07 2.1 95679 32
14:19:18:056829468 14:18:38 21.9 219 00:00:08 2.1 95679 32
14:19:21:080552249 14:18:38 21.4 214 00:00:09 2.1 95679 32
14:19:24:069835751 14:18:38 21.9 219 00:00:09 2.1 95679 32
14:19:27:107883606 14:18:38 22.4 224 00:00:10 2.1 95679 32
14:19:30:095497390 14:18:38 22.4 224 00:00:11 2.1 95679 32
14:19:33:115627997 14:18:38 22.1 221 00:00:11 2.1 95679 32
14:19:36:092944404 14:18:38 22.5 225 00:00:12 2.1 95679 32
14:19:39:104300270 14:18:38 22.5 225 00:00:13 2.1 95679 32
14:19:42:108729647 14:18:38 22.3 223 00:00:14 2.1 95679 32
14:19:45:148485782 14:18:38 22.5 225 00:00:14 2.1 95679 32
14:19:48:157244578 14:18:38 22.6 226 00:00:15 2.1 95679 32
14:19:51:148547805 14:18:38 22.7 227 00:00:16 2.1 95679 31
14:19:54:144062050 14:18:38 22.5 225 00:00:16 2.1 95679 32
14:19:57:174612583 14:18:38 22.6 226 00:00:17 2.1 95679 32
14:20:00:157206845 14:18:38 22.8 228 00:00:18 2.1 95679 32
14:20:03:163706453 14:18:38 22.6 226 00:00:19 2.1 95679 32
14:20:06:164738819 14:18:38 22.6 226 00:00:19 2.1 95679 32
14:20:09:201461838 14:18:38 22.7 227 00:00:20 2.1 95679 32
14:20:12:173992437 14:18:38 22.9 229 00:00:21 2.1 95679 32
14:20:15:188356456 14:18:38 22.7 227 00:00:21 2.1 95679 32
14:20:18:218364500 14:18:38 22.8 228 00:00:22 2.1 95679 32
14:20:21:229990567 14:18:38 23.0 230 00:00:23 2.1 95679 32
14:20:24:213005630 14:18:38 23.0 230 00:00:24 2.1 95679 31
14:20:27:245522397 14:18:38 22.8 228 00:00:24 2.1 95679 32
14:20:30:251823820 14:18:38 22.8 228 00:00:25 2.1 95679 32
14:20:33:245380536 14:18:38 23.0 230 00:00:26 2.1 95679 32
14:20:36:237131525 14:18:38 22.7 227 00:00:26 2.1 95679 32
14:20:39:244899394 14:18:38 22.8 228 00:00:27 2.1 95679 32
14:20:42:238755948 14:18:38 23.0 230 00:00:28 2.1 95679 32
14:20:45:254983906 14:18:38 23.1 231 00:00:29 2.1 95679 32
14:20:48:426186767 14:18:38 22.8 228 00:00:29 2.1 95679 32
14:20:51:268062782 14:18:38 22.9 229 00:00:30 2.1 95679 32
14:20:54:282874527 14:18:38 23.0 230 00:00:31 2.1 95679 32
14:20:57:276105869 14:18:38 23.1 231 00:00:31 2.1 95679 31
14:21:00:306115833 14:18:38 22.9 229 00:00:32 2.1 95679 32
14:21:03:311485040 14:18:38 22.9 229 00:00:33 2.1 95679 32
14:21:06:314197686 14:18:38 23.0 230 00:00:33 2.1 95679 32
14:21:09:302764997 14:18:38 23.0 230 00:00:34 2.1 95679 31
14:21:12:313830582 14:18:38 22.9 229 00:00:35 2.1 95679 32
14:21:15:329811084 14:18:38 22.9 229 00:00:35 2.1 95679 32
14:21:18:325369411 14:18:38 23.0 230 00:00:36 2.1 95679 32
14:21:21:340055957 14:18:38 23.0 230 00:00:37 2.1 95679 32
14:21:24:334235881 14:18:38 22.9 229 00:00:37 2.1 95679 32
14:21:27:364083249 14:18:38 22.9 229 00:00:38 2.1 95679 32
14:21:30:361480123 14:18:38 23.0 230 00:00:39 2.1 95679 32
14:21:33:361374526 14:18:38 22.8 228 00:00:40 2.1 95679 32
14:21:36:385508432 14:18:38 22.9 229 00:00:40 2.1 95679 32
14:21:39:362344819 14:18:38 23.0 230 00:00:41 2.1 95679 32
14:21:42:372792131 14:18:38 23.0 230 00:00:42 2.1 95679 32
14:21:45:381174169 14:18:38 22.9 229 00:00:42 2.1 95679 32
14:21:48:378567037 14:18:38 22.9 229 00:00:43 2.1 95679 32
14:21:51:388666836 14:18:38 23.0 230 00:00:44 2.1 95679 32
14:21:54:404365258 14:18:38 23.0 230 00:00:45 2.1 95679 32
14:21:57:429699228 14:18:38 22.8 228 00:00:45 2.1 95679 32
14:22:00:401760732 14:18:38 22.9 229 00:00:46 2.1 95679 32
14:22:03:429109952 14:18:38 23.0 230 00:00:47 2.1 95679 32
14:22:06:416707172 14:18:38 22.9 229 00:00:47 2.1 95679 32
14:22:09:413645511 14:18:38 22.9 229 00:00:48 2.1 95679 32
14:22:12:461381646 14:18:38 23.0 230 00:00:49 2.1 95679 32
14:22:15:432107223 14:18:38 23.0 230 00:00:50 2.1 95679 32
14:22:18:464692974 14:18:38 22.9 229 00:00:50 2.1 95679 32
14:22:21:483522256 14:18:38 22.9 229 00:00:51 2.1 95679 32
14:22:24:450831215 14:18:38 23.0 230 00:00:52 2.1 95679 32
14:22:27:486730581 14:18:38 22.9 229 00:00:52 2.1 95679 32
14:22:30:459199015 14:18:38 22.9 229 00:00:53 2.1 95679 32
14:22:33:466144379 14:18:38 22.8 228 00:00:53 2.1 95679 32
14:22:36:500270432 14:18:38 22.9 229 00:00:54 2.1 95679 32
14:22:39:494844706 14:18:38 22.9 229 00:00:55 2.1 95679 32
14:22:42:494233519 14:18:38 22.8 228 00:00:55 2.1 95679 32
14:22:45:513886136 14:18:38 22.9 229 00:00:56 2.1 95679 32
14:22:48:505424764 14:18:38 22.7 227 00:00:56 2.1 95679 32
14:22:51:529721338 14:18:38 22.8 228 00:00:57 2.1 95679 32
14:22:54:563016478 14:18:38 22.8 228 00:00:58 2.1 95679 32
14:22:57:562836742 14:18:38 22.7 227 00:00:58 2.1 95679 32
14:23:00:528960465 14:18:38 22.7 227 00:00:59 2.1 95679 32
14:23:03:568494703 14:18:38 22.6 226 00:01:00 2.1 95679 32
14:23:06:551939295 14:18:38 22.7 227 00:01:00 2.1 95679 32
14:23:09:534116513 14:18:38 22.5 225 00:01:01 2.1 95679 32
14:23:12:562788986 14:18:38 22.6 226 00:01:01 2.1 95679 32
14:23:15:551183683 14:18:38 22.6 226 00:01:02 2.1 95679 32
14:23:18:601095630 14:18:38 22.5 225 00:01:03 2.1 95679 32
14:23:21:556040156 14:18:38 22.6 226 00:01:03 2.1 95679 32
14:23:24:604938821 14:18:38 22.5 225 00:01:04 2.1 95679 32
14:23:27:581883939 14:18:38 22.5 225 00:01:05 2.1 95679 32
14:23:30:580651323 14:18:38 22.5 225 00:01:05 2.1 95679 32
14:23:33:630797497 14:18:38 22.5 225 00:01:06 2.1 95679 32
14:23:36:622848715 14:18:38 22.5 225 00:01:07 2.1 95679 32
14:23:39:597113291 14:18:38 22.4 224 00:01:07 2.1 95679 32
14:23:42:627323147 14:18:38 22.4 224 00:01:08 2.1 95679 32
14:23:45:624678246 14:18:38 22.5 225 00:01:09 2.1 95679 32
14:23:48:644160813 14:18:38 22.4 224 00:01:09 2.1 95679 32
14:23:51:625901987 14:18:38 22.4 224 00:01:10 2.1 95679 32
14:23:54:629540374 14:18:38 22.3 223 00:01:10 2.1 95679 32
14:23:57:683150833 14:18:38 22.4 224 00:01:11 2.1 95679 32
14:24:00:644237671 14:18:38 22.3 223 00:01:11 2.1 95679 32
14:24:03:674249370 14:18:38 22.3 223 00:01:12 2.1 95679 32
14:24:06:657231059 14:18:38 22.4 224 00:01:13 2.1 95679 31
14:24:09:689189831 14:18:38 22.3 223 00:01:13 2.1 95679 32
14:24:12:674433028 14:18:38 22.3 223 00:01:14 2.1 95679 32
14:24:15:677205563 14:18:38 22.2 222 00:01:15 2.1 95679 32
14:24:18:700086843 14:18:38 22.3 223 00:01:15 2.1 95679 32
14:24:21:692744860 14:18:38 22.2 222 00:01:16 2.1 95679 32
14:24:24:697571694 14:18:38 22.3 223 00:01:17 2.1 95679 32
14:24:27:699515523 14:18:38 22.3 223 00:01:17 2.1 95679 32
14:24:30:724707482 14:18:38 22.2 222 00:01:18 2.1 95679 32
14:24:33:730489306 14:18:38 22.3 223 00:01:19 2.1 95679 32
14:24:36:721709266 14:18:38 22.3 223 00:01:19 2.1 95679 32
14:24:39:771567856 14:18:38 22.2 222 00:01:20 2.1 95679 32
14:24:42:765427352 14:18:38 22.3 223 00:01:21 2.1 95679 32
14:24:45:753070747 14:18:38 22.2 222 00:01:21 2.1 95679 32
14:24:48:776582184 14:18:38 22.2 222 00:01:22 2.1 95679 32
14:24:51:775180048 14:18:38 22.1 221 00:01:22 2.1 95679 32
14:24:54:793547921 14:18:38 22.2 222 00:01:23 2.1 95679 32
14:24:57:765289106 14:18:38 22.2 222 00:01:24 2.1 95679 32
14:25:00:799068823 14:18:38 22.2 222 00:01:24 2.1 95679 32
14:25:03:788932378 14:18:38 22.2 222 00:01:25 2.1 95679 32
14:25:06:802806417 14:18:38 22.2 222 00:01:26 2.1 95679 32
14:25:09:788990017 14:18:38 22.2 222 00:01:27 2.1 95679 32
14:25:12:799477678 14:18:38 22.1 221 00:01:27 2.1 95679 32
14:25:15:826049143 14:18:38 22.2 222 00:01:28 2.1 95679 32
14:25:18:813446997 14:18:38 22.2 222 00:01:29 2.1 95679 32
14:25:21:838603152 14:18:38 22.1 221 00:01:29 2.1 95679 32
14:25:24:850292103 14:18:38 22.2 222 00:01:30 2.1 95679 32
14:25:27:835923657 14:18:38 22.2 222 00:01:31 2.1 95679 32
14:25:30:871120019 14:18:38 22.2 222 00:01:31 2.1 95679 32
14:25:33:841474858 14:18:38 22.2 222 00:01:32 2.1 95679 32
14:25:36:856152454 14:18:38 22.1 221 00:01:32 2.1 95679 32
14:25:39:874437160 14:18:38 22.2 222 00:01:33 2.1 95679 32
14:25:42:886436103 14:18:38 22.1 221 00:01:34 2.1 95679 32
14:25:45:877809410 14:18:38 22.2 222 00:01:34 2.1 95679 32
14:25:48:878236034 14:18:38 22.2 222 00:01:35 2.1 95679 31
14:25:51:903595024 14:18:38 22.2 222 00:01:36 2.1 95679 32
14:25:54:901647222 14:18:38 22.2 222 00:01:37 2.1 95679 32
14:25:57:932252767 14:18:38 22.2 222 00:01:37 2.1 95679 32
14:26:00:945590895 14:18:38 22.2 222 00:01:38 2.1 95679 32
14:26:03:919221087 14:18:38 22.1 221 00:01:38 2.1 95679 32
14:26:06:938417037 14:18:38 22.2 222 00:01:39 2.1 95679 32
14:26:09:917546545 14:18:38 22.2 222 00:01:40 2.1 95679 32
14:26:12:935944052 14:18:38 22.2 222 00:01:40 2.1 95679 32
14:26:15:940131772 14:18:38 22.2 222 00:01:41 2.1 95679 31
14:26:18:971276931 14:18:38 22.1 221 00:01:42 2.1 95679 32
14:26:21:967625557 14:18:38 22.2 222 00:01:43 2.1 95679 32
14:26:24:948223894 14:18:38 22.2 222 00:01:43 2.1 95679 32
14:26:27:990259044 14:18:38 22.2 222 00:01:44 2.1 95679 32
14:26:30:973738282 14:18:38 22.2 222 00:01:45 2.1 95679 32
14:26:33:987255878 14:18:38 22.2 222 00:01:45 2.1 95679 32
14:26:36:981530094 14:18:38 22.2 222 00:01:46 2.1 95679 32
14:26:39:999095785 14:18:38 22.2 222 00:01:46 2.1 95679 32
14:26:43:038057581 14:18:38 22.2 222 00:01:47 2.1 95679 32
14:26:46:000898405 14:18:38 22.3 223 00:01:48 2.1 95679 32
14:26:49:016689385 14:18:38 22.2 222 00:01:49 2.1 95679 32
14:26:52:035629874 14:18:38 22.3 223 00:01:50 2.1 95679 32
14:26:55:057177703 14:18:38 22.2 222 00:01:50 2.1 95679 32
14:26:58:049285300 14:18:38 22.3 223 00:01:51 2.1 95679 32
14:27:01:040714391 14:18:38 22.3 223 00:01:52 2.1 95679 32
14:27:04:078598983 14:18:38 22.2 222 00:01:52 2.1 95679 32
14:27:07:037292349 14:18:38 22.3 223 00:01:53 2.1 95679 31
14:27:10:101191726 14:18:38 22.2 222 00:01:53 2.1 95679 32
14:27:13:075154999 14:18:38 22.3 223 00:01:54 2.1 95679 32
14:27:16:056427302 14:18:38 22.2 222 00:01:55 2.1 95679 32
14:27:19:076151297 14:18:38 22.3 223 00:01:56 2.1 95679 32
14:27:22:075730636 14:18:38 22.3 223 00:01:57 2.1 95679 31
14:27:25:099285429 14:18:38 22.3 223 00:01:57 2.1 95679 32
14:27:28:104028370 14:18:38 22.3 223 00:01:58 2.1 95679 32
14:27:31:089905454 14:18:38 22.3 223 00:01:58 2.1 95679 32
14:27:34:134159635 14:18:38 22.3 223 00:01:59 2.1 95679 32
14:27:37:110650178 14:18:38 22.3 223 00:02:00 2.1 95679 32
14:27:40:121235730 14:18:38 22.3 223 00:02:01 2.1 95679 32
14:27:43:117664409 14:18:38 22.4 224 00:02:02 2.1 95679 32
14:27:46:131995202 14:18:38 22.3 223 00:02:02 2.1 95679 32
14:27:49:156244029 14:18:38 22.4 224 00:02:03 2.1 95679 32
14:27:52:132538630 14:18:38 22.3 223 00:02:03 2.1 95679 32
14:27:55:180531311 14:18:38 22.4 224 00:02:04 2.1 95679 32
14:27:58:144022488 14:18:38 22.4 224 00:02:05 2.1 95679 31
14:28:01:195150712 14:18:38 22.4 224 00:02:05 2.1 95679 32
14:28:04:181418637 14:18:38 22.4 224 00:02:06 2.1 95679 32
14:28:07:172689314 14:18:38 22.4 224 00:02:07 2.1 95679 32
14:28:10:181980727 14:18:38 22.4 224 00:02:08 2.1 95679 32
14:28:13:251200942 14:18:38 22.5 225 00:02:09 2.1 95679 31
14:28:16:235263981 14:18:38 22.4 224 00:02:09 2.1 95679 32
14:28:19:220199910 14:18:38 22.5 225 00:02:10 2.1 95679 32
14:28:22:199726806 14:18:38 22.4 224 00:02:11 2.1 95679 32
14:28:25:245615670 14:18:38 22.5 225 00:02:12 2.1 95679 32
14:28:28:215909885 14:18:38 22.4 224 00:02:12 2.1 95679 32
14:28:31:269190561 14:18:38 22.5 225 00:02:13 2.1 95679 32
14:28:34:222251127 14:18:38 22.6 226 00:02:14 2.1 95679 32
14:28:37:275334161 14:18:38 22.5 225 00:02:14 2.1 95679 32
14:28:40:263490075 14:18:38 22.6 226 00:02:15 2.1 95679 32
14:28:43:283614649 14:18:38 22.5 225 00:02:16 2.1 95679 32
14:28:46:293047661 14:18:38 22.6 226 00:02:17 2.1 95679 32
14:28:49:263942465 14:18:38 22.6 226 00:02:18 2.1 95679 31
14:28:52:279715722 14:18:38 22.5 225 00:02:18 2.1 95679 32
14:28:55:296274520 14:18:38 22.6 226 00:02:19 2.1 95679 32
14:28:58:291186049 14:18:38 22.6 226 00:02:19 2.1 95679 32
14:29:01:307416882 14:18:38 22.6 226 00:02:20 2.1 95679 32
14:29:04:291127794 14:18:38 22.6 226 00:02:21 2.1 95679 32
14:29:07:431545051 14:18:38 22.6 226 00:02:22 2.1 95679 32
14:29:10:321398211 14:18:38 22.7 227 00:02:23 2.1 95679 31
14:29:13:338164589 14:18:38 22.6 226 00:02:23 2.1 95679 32
14:29:16:354720800 14:18:38 22.7 227 00:02:24 2.1 95679 32
14:29:19:359185438 14:18:38 22.6 226 00:02:25 2.1 95679 32
14:29:22:361130628 14:18:38 22.6 226 00:02:26 2.1 95679 32
14:29:25:327124353 14:18:38 22.7 227 00:02:27 2.1 95679 31
14:29:28:386613097 14:18:38 22.7 227 00:02:27 2.1 95679 32
14:29:31:380775601 14:18:38 22.7 227 00:02:28 2.1 95679 32
14:29:34:358846206 14:18:38 22.7 227 00:02:28 2.1 95679 32
14:29:37:382406765 14:18:38 22.7 227 00:02:30 2.1 95679 32
14:29:40:382207561 14:18:38 22.8 228 00:02:30 2.1 95679 32
14:29:43:381361521 14:18:38 22.7 227 00:02:31 2.1 95679 32
14:29:46:376228352 14:18:38 22.8 228 00:02:32 2.1 95679 32
14:29:49:431637689 14:18:38 22.7 227 00:02:32 2.1 95679 32
14:29:52:419554992 14:18:38 22.8 228 00:02:33 2.1 95679 32
14:29:55:405064609 14:18:38 22.7 227 00:02:34 2.1 95679 32
14:29:58:446013946 14:18:38 22.8 228 00:02:35 2.1 95679 32
14:30:01:410973290 14:18:38 22.8 228 00:02:36 2.1 95679 32
14:30:04:445970444 14:18:38 22.8 228 00:02:36 2.1 95679 32
14:30:07:425003588 14:18:38 22.9 229 00:02:37 2.1 95679 32
14:30:10:450738964 14:18:38 22.8 228 00:02:38 2.1 95679 32
14:30:13:487673373 14:18:38 22.9 229 00:02:39 2.1 95679 32
14:30:16:459433416 14:18:38 22.9 229 00:02:40 2.1 95679 32
14:30:19:468449711 14:18:38 22.9 229 00:02:40 2.1 95679 32
14:30:22:457758624 14:18:38 22.9 229 00:02:41 2.1 95679 31
14:30:25:481076881 14:18:38 22.9 229 00:02:42 2.1 95679 32
14:30:28:496348764 14:18:38 23.0 230 00:02:43 2.1 95679 32
14:30:31:496431312 14:18:38 23.0 230 00:02:44 2.1 95679 32
14:30:34:517471798 14:18:38 23.0 230 00:02:44 2.1 95679 32
14:30:37:488835469 14:18:38 23.0 230 00:02:46 2.1 95679 32
14:30:40:514299197 14:18:38 23.0 230 00:02:46 2.1 95679 32
14:30:43:501558883 14:18:38 23.1 231 00:02:47 2.1 95679 32
14:30:46:523467885 14:18:38 23.0 230 00:02:47 2.1 95679 32
14:30:49:559179945 14:18:38 23.1 231 00:02:49 2.1 95679 32
14:30:52:524306118 14:18:38 23.1 231 00:02:49 2.1 95679 32
14:30:55:552811769 14:18:38 23.1 231 00:02:50 2.1 95679 32
14:30:58:539902892 14:18:38 23.2 232 00:02:51 2.1 95679 32
14:31:01:549339491 14:18:38 23.1 231 00:02:52 2.1 95679 32
14:31:04:551914253 14:18:38 23.2 232 00:02:53 2.1 95679 32
14:31:07:577384062 14:18:38 23.1 231 00:02:53 2.1 95679 32
14:31:10:607297955 14:18:38 23.2 232 00:02:54 2.1 95679 32
14:31:13:578367391 14:18:38 23.3 233 00:02:55 2.1 95679 32
14:31:16:593070246 14:18:38 23.2 232 00:02:56 2.1 95679 32
14:31:19:591397537 14:18:38 23.3 233 00:02:57 2.1 95679 31
14:31:22:610209038 14:18:38 23.2 232 00:02:57 2.1 95679 32
14:31:25:603148009 14:18:38 23.3 233 00:02:59 2.1 95679 32
14:31:28:612878803 14:18:38 23.2 232 00:02:59 2.1 95935 32
14:31:31:661231011 14:18:38 23.3 233 00:03:00 2.1 95935 32
14:31:34:642453280 14:18:38 23.3 233 00:03:01 2.1 95935 32
14:31:37:655140631 14:18:38 23.3 233 00:03:02 2.1 95935 32
14:31:40:636071005 14:18:38 23.4 234 00:03:03 2.1 95935 32
14:31:43:654630659 14:18:38 23.4 234 00:03:03 2.1 95935 32
14:31:46:651843576 14:18:38 23.4 234 00:03:04 2.1 95935 31
14:31:49:727081417 14:18:38 23.4 234 00:03:05 2.1 95935 32
14:31:52:663851387 14:18:38 23.4 234 00:03:06 2.1 95935 32
14:31:55:671737707 14:18:38 23.4 234 00:03:06 2.1 95935 32
14:31:58:692850655 14:18:38 23.5 235 00:03:08 2.1 95935 32
14:32:01:702979865 14:18:38 23.4 234 00:03:08 2.1 95935 32
14:32:04:711711281 14:18:38 23.5 235 00:03:09 2.1 95935 32
14:32:07:697647680 14:18:38 23.5 235 00:03:10 2.1 95935 32
14:32:10:709827324 14:18:38 23.5 235 00:03:11 2.1 95935 32
14:32:13:734072906 14:18:38 23.4 234 00:03:11 2.1 95935 32
14:32:16:737158472 14:18:38 23.5 235 00:03:12 2.1 95935 32
14:32:19:742881760 14:18:38 23.4 234 00:03:12 2.1 95935 32
14:32:22:747906756 14:18:38 23.5 235 00:03:14 2.1 95935 32
14:32:25:728290529 14:18:38 23.5 235 00:03:14 2.1 95935 32
14:32:28:756622888 14:18:38 23.5 235 00:03:15 2.1 95935 32
14:32:31:753233458 14:18:38 23.6 236 00:03:16 2.1 95935 32
14:32:34:749969984 14:18:38 23.6 236 00:03:17 2.1 95935 32
14:32:37:753306717 14:18:38 23.6 236 00:03:18 2.1 95935 31
14:32:40:812247272 14:18:38 23.6 236 00:03:18 2.1 95935 32
14:32:43:783784607 14:18:38 23.6 236 00:03:20 2.1 95935 32
14:32:46:787313494 14:18:38 23.6 236 00:03:20 2.1 95935 32
14:32:49:793229243 14:18:38 23.6 236 00:03:21 2.1 95935 32
14:32:52:783993585 14:18:38 23.6 236 00:03:22 2.1 95935 32
14:32:55:819372494 14:18:38 23.7 237 00:03:23 2.1 95935 32
14:32:58:804160420 14:18:38 23.7 237 00:03:24 2.1 95935 32
14:33:01:794273158 14:18:38 23.7 237 00:03:24 2.1 95935 32
14:33:04:804672266 14:18:38 23.8 238 00:03:26 2.1 95935 32
14:33:07:809293360 14:18:38 23.7 237 00:03:26 2.1 95935 32
14:33:10:815569931 14:18:38 23.8 238 00:03:27 2.1 95935 32
14:33:13:846932456 14:18:38 23.7 237 00:03:28 2.1 95935 32
14:33:16:962456703 14:18:38 23.8 238 00:03:29 2.1 95935 31
14:33:19:857913743 14:18:38 23.8 238 00:03:29 2.1 95935 32
14:33:22:882030427 14:18:38 23.8 238 00:03:31 2.1 95935 32
14:33:25:894364686 14:18:38 23.8 238 00:03:31 2.1 95935 32
14:33:28:891908155 14:18:38 23.8 238 00:03:32 2.1 95935 32
14:33:31:891670221 14:18:38 23.8 238 00:03:32 2.1 95935 32
14:33:34:895501180 14:18:38 23.9 239 00:03:34 2.1 95935 32
14:33:37:879123327 14:18:38 23.9 239 00:03:34 2.1 95935 32
14:33:40:922668365 14:18:38 23.9 239 00:03:35 2.1 95935 32
14:33:43:903005635 14:18:38 23.9 239 00:03:37 2.1 95935 32
14:33:46:910501697 14:18:38 23.9 239 00:03:37 2.1 95935 32
14:33:49:902774711 14:18:38 24.0 240 00:03:38 2.1 95935 31
14:33:52:921954124 14:18:38 23.9 239 00:03:39 2.1 95935 32
14:33:55:917881940 14:18:38 24.0 240 00:03:40 2.1 95935 32
14:33:58:949784972 14:18:38 24.0 240 00:03:40 2.1 95935 32
14:34:01:928793205 14:18:38 24.0 240 00:03:42 2.1 95935 32
14:34:04:979322548 14:18:38 24.0 240 00:03:42 2.1 95935 32
14:34:07:949582405 14:18:38 24.0 240 00:03:43 2.1 95935 31
14:34:10:977988084 14:18:38 24.0 240 00:03:44 2.1 95935 32
14:34:13:978710109 14:18:38 24.1 241 00:03:45 2.1 95935 32
14:34:16:961207702 14:18:38 24.0 240 00:03:45 2.1 96191 32
14:34:20:015997875 14:18:38 24.1 241 00:03:47 2.1 96191 32
14:34:22:976112229 14:18:38 24.1 241 00:03:47 2.1 96191 32
14:34:26:005469061 14:18:38 24.1 241 00:03:48 2.1 96191 32
14:34:28:991233224 14:18:38 24.1 241 00:03:49 2.1 96191 32
14:34:32:007193786 14:18:38 24.1 241 00:03:50 2.1 96191 32
14:34:34:996505535 14:18:38 24.2 242 00:03:51 2.1 96191 31
14:34:38:048255447 14:18:38 24.2 242 00:03:52 2.1 96191 32
14:34:41:016568365 14:18:38 24.2 242 00:03:53 2.1 96191 32
14:34:44:066662671 14:18:38 24.2 242 00:03:53 2.1 96191 32
14:34:47:028474523 14:18:38 24.3 243 00:03:55 2.1 96191 32
14:34:50:055680794 14:18:38 24.2 242 00:03:55 2.1 96191 32
14:34:53:066063726 14:18:38 24.3 243 00:03:56 2.1 96191 32
14:34:56:064730166 14:18:38 24.3 243 00:03:57 2.1 96191 32
14:34:59:072174682 14:18:38 24.3 243 00:03:58 2.1 96191 32
14:35:02:068533853 14:18:38 24.3 243 00:03:59 2.1 96191 32
14:35:05:114808852 14:18:38 24.3 243 00:04:00 2.1 96191 32
14:35:08:070594843 14:18:38 24.3 243 00:04:00 2.1 96191 32
14:35:11:106517902 14:18:38 24.4 244 00:04:02 2.1 96191 32
14:35:14:080179605 14:18:38 24.3 243 00:04:02 2.1 96191 32
14:35:17:108667253 14:18:38 24.4 244 00:04:03 2.1 96191 32
14:35:20:092863038 14:18:38 24.3 243 00:04:04 2.1 96191 32
14:35:23:126232515 14:18:38 24.4 244 00:04:05 2.1 96191 32
14:35:26:114179683 14:18:38 24.4 244 00:04:06 2.1 96191 32
14:35:29:132399382 14:18:38 24.4 244 00:04:07 2.1 96191 32
14:35:32:126859324 14:18:38 24.5 245 00:04:08 2.1 96191 32
14:35:35:135786332 14:18:38 24.5 245 00:04:09 2.1 96191 32
14:35:38:153554497 14:18:38 24.5 245 00:04:10 2.1 96191 32
14:35:41:147776184 14:18:38 24.5 245 00:04:10 2.1 96191 32
14:35:44:139676019 14:18:38 24.6 246 00:04:12 2.1 96191 31
14:35:47:177036606 14:18:38 24.5 245 00:04:12 2.1 96191 32
14:35:50:171323046 14:18:38 24.6 246 00:04:13 2.1 96191 32
14:35:53:177376364 14:18:38 24.5 245 00:04:14 2.1 96191 32
14:35:56:184549338 14:18:38 24.6 246 00:04:15 2.1 96191 31
14:35:59:189921094 14:18:38 24.6 246 00:04:16 2.1 96191 32
14:36:02:187747071 14:18:38 24.7 247 00:04:17 2.1 96191 32
14:36:05:204661042 14:18:38 24.6 246 00:04:17 2.1 96191 32
14:36:08:193550793 14:18:38 24.7 247 00:04:19 2.1 96191 32
14:36:11:216879579 14:18:38 24.6 246 00:04:19 2.1 96191 32
14:36:14:238719595 14:18:38 24.7 247 00:04:21 2.1 96191 32
14:36:17:225685549 14:18:38 24.7 247 00:04:21 2.1 96191 32
14:36:20:250100915 14:18:38 24.7 247 00:04:22 2.1 96191 32
14:36:23:233959380 14:18:38 24.7 247 00:04:23 2.1 96191 32
14:36:26:257967990 14:18:38 24.8 248 00:04:24 2.1 96191 32
14:36:29:269604535 14:18:38 24.7 247 00:04:24 2.1 96191 32
14:36:32:269618675 14:18:38 24.8 248 00:04:26 2.1 96191 31
14:36:35:276397805 14:18:38 24.7 247 00:04:26 2.1 96191 32
14:36:38:256247111 14:18:38 24.8 248 00:04:28 2.1 96191 31
14:36:41:288445416 14:18:38 24.8 248 00:04:28 2.1 96191 32
14:36:44:271055510 14:18:38 24.8 248 00:04:29 2.1 96191 31
14:36:47:289590744 14:18:38 24.8 248 00:04:30 2.1 96191 32
14:36:50:286348095 14:18:38 24.9 249 00:04:31 2.1 96191 32
14:36:53:301773237 14:18:38 24.8 248 00:04:32 2.1 96191 32
14:36:56:313583039 14:18:38 24.9 249 00:04:33 2.1 96191 32
14:36:59:303603520 14:18:38 24.9 249 00:04:33 2.1 96191 32
14:37:02:328213457 14:18:38 24.9 249 00:04:35 2.1 96191 32
14:37:05:327268214 14:18:38 24.9 249 00:04:35 2.1 96191 32
14:37:08:355130061 14:18:38 24.9 249 00:04:36 2.1 96191 32
14:37:11:393712471 14:18:38 24.9 249 00:04:37 2.1 96191 32
14:37:14:345714989 14:18:38 24.9 249 00:04:38 2.1 96191 32
14:37:17:373676471 14:18:38 24.9 249 00:04:39 2.1 96191 32
14:37:20:361371615 14:18:38 24.9 249 00:04:39 2.1 96191 32
14:37:23:351765761 14:18:38 24.9 249 00:04:41 2.1 96191 32
14:37:26:397341163 14:18:38 24.9 249 00:04:41 2.1 96191 32
14:37:29:371256422 14:18:38 24.9 249 00:04:42 2.1 96191 32
14:37:32:382682744 14:18:38 24.9 249 00:04:43 2.1 96191 32
14:37:35:378272363 14:18:38 25.0 250 00:04:44 2.1 96191 32
14:37:38:428226886 14:18:38 25.0 250 00:04:45 2.1 96191 32
14:37:41:388063173 14:18:38 24.9 249 00:04:45 2.1 96191 32
14:37:44:437499519 14:18:38 25.0 250 00:04:46 2.1 96191 32
14:37:47:458065003 14:18:38 25.0 250 00:04:47 2.1 96191 32
14:37:50:415630223 14:18:38 25.0 250 00:04:48 2.1 96191 32
14:37:53:458230972 14:18:38 25.0 250 00:04:49 2.1 96191 32
14:37:56:427376011 14:18:38 25.1 251 00:04:50 2.1 96191 31
14:37:59:465293545 14:18:38 25.0 250 00:04:51 2.1 96191 32
14:38:02:460342636 14:18:38 25.0 250 00:04:51 2.1 96191 32
14:38:05:436717364 14:18:38 25.1 251 00:04:52 2.1 96191 32
14:38:08:473892345 14:18:38 25.0 250 00:04:53 2.1 96191 32
14:38:11:455397926 14:18:38 25.1 251 00:04:54 2.1 96191 32
14:38:14:470068323 14:18:38 25.1 251 00:04:55 2.1 96191 32
14:38:17:531380422 14:18:38 25.1 251 00:04:56 2.1 96191 32
14:38:20:510281036 14:18:38 25.1 251 00:04:56 2.1 96191 32
14:38:23:523895535 14:18:38 25.0 250 00:04:57 2.1 96191 32
14:38:26:512272114 14:18:38 25.1 251 00:04:58 2.1 96191 32
14:38:29:501962795 14:18:38 25.1 251 00:04:59 2.1 96191 32
14:38:32:537559139 14:18:38 25.1 251 00:05:00 2.1 96191 32
14:38:35:527321599 14:18:38 25.1 251 00:05:01 2.1 96191 32
14:38:38:507853797 14:18:38 25.2 252 00:05:02 2.1 96191 32
14:38:41:550738032 14:18:38 25.1 251 00:05:02 2.1 96191 32
14:38:44:537812139 14:18:38 25.1 251 00:05:03 2.1 96191 32
14:38:47:539555062 14:18:38 25.2 252 00:05:04 2.1 96191 32
14:38:50:554260161 14:18:38 25.2 252 00:05:05 2.1 96191 32
14:38:53:581929303 14:18:38 25.2 252 00:05:06 2.1 96191 32
14:38:56:562149686 14:18:38 25.2 252 00:05:07 2.1 96191 32
14:38:59:582451421 14:18:38 25.2 252 00:05:08 2.1 96191 32
14:39:02:557175646 14:18:38 25.2 252 00:05:09 2.1 96191 32
14:39:05:591811944 14:18:38 25.3 253 00:05:10 2.1 96191 32
14:39:08:591904633 14:18:38 25.2 252 00:05:10 2.1 96191 32
14:39:11:575968996 14:18:38 25.3 253 00:05:12 2.1 96191 32
14:39:14:601574663 14:18:38 25.3 253 00:05:12 2.1 96191 32
14:39:17:591321871 14:18:38 25.3 253 00:05:14 2.1 96191 32
14:39:20:620677528 14:18:38 25.3 253 00:05:14 2.1 96191 32
14:39:23:596784797 14:18:38 25.4 254 00:05:16 2.1 96191 31
14:39:26:669137250 14:18:38 25.3 253 00:05:16 2.1 96191 32
14:39:29:625695617 14:18:38 25.4 254 00:05:18 2.1 96191 32
14:39:32:644796639 14:18:38 25.4 254 00:05:18 2.1 96191 32
14:39:35:649387610 14:18:38 25.4 254 00:05:19 2.1 96191 32
14:39:38:672358953 14:18:38 25.4 254 00:05:20 2.1 96191 32
14:39:41:635317157 14:18:38 25.4 254 00:05:21 2.1 96191 32
14:39:44:666634100 14:18:38 25.4 254 00:05:22 2.1 96191 32
14:39:47:674839570 14:18:38 25.4 254 00:05:22 2.1 96191 32
14:39:50:651739227 14:18:38 25.5 255 00:05:24 2.1 96191 32
14:39:53:682803693 14:18:38 25.4 254 00:05:24 2.1 96191 32
14:39:56:685968414 14:18:38 25.4 254 00:05:25 2.1 96191 32
14:39:59:715226806 14:18:38 25.4 254 00:05:26 2.1 96191 32
14:40:02:694676623 14:18:38 25.5 255 00:05:27 2.1 96191 32
14:40:05:716996036 14:18:38 25.5 255 00:05:28 2.1 96191 32
14:40:08:732671360 14:18:38 25.5 255 00:05:28 2.1 96191 32
14:40:11:743393122 14:18:38 25.5 255 00:05:30 2.1 96191 32
14:40:14:762842643 14:18:38 25.5 255 00:05:31 2.1 96191 32
14:40:17:715350278 14:18:38 25.5 255 00:05:32 2.1 96191 32
14:40:20:729050488 14:18:38 25.5 255 00:05:33 2.1 96191 32
14:40:23:755430134 14:18:38 25.6 256 00:05:34 2.1 96191 32
14:40:26:781104286 14:18:38 25.6 256 00:05:34 2.1 96191 32
14:40:29:742051557 14:18:38 25.6 256 00:05:36 2.1 96191 32
14:40:32:784171452 14:18:38 25.6 256 00:05:37 2.1 96191 32
14:40:35:777549657 14:18:38 25.6 256 00:05:37 2.1 96191 32
14:40:38:762632980 14:18:38 25.6 256 00:05:39 2.1 96191 32
14:40:41:807931398 14:18:38 25.6 256 00:05:39 2.1 96191 32
14:40:44:775856891 14:18:38 25.7 257 00:05:40 2.1 96191 31
14:40:47:825299248 14:18:38 25.6 256 00:05:41 2.1 96191 32
14:40:50:796943847 14:18:38 25.7 257 00:05:42 2.1 96191 32
14:40:53:835899015 14:18:38 25.7 257 00:05:43 2.1 96191 32
14:40:56:849170334 14:18:38 25.6 256 00:05:43 2.1 96191 32
14:40:59:807483117 14:18:38 25.7 257 00:05:45 2.1 96191 32
14:41:02:817134298 14:18:38 25.7 257 00:05:45 2.1 96191 32
14:41:05:830598988 14:18:38 25.7 257 00:05:47 2.1 96191 31
14:41:08:842406122 14:18:38 25.7 257 00:05:47 2.1 96191 32
14:41:11:840811117 14:18:38 25.8 258 00:05:49 2.1 96191 32
14:41:14:871225253 14:18:38 25.7 257 00:05:49 2.1 96191 32
14:41:17:880656612 14:18:38 25.7 257 00:05:50 2.1 96191 32
14:41:20:877900630 14:18:38 25.8 258 00:05:51 2.1 96191 32
14:41:23:896416229 14:18:38 25.7 257 00:05:52 2.1 96191 32
14:41:26:868860383 14:18:38 25.8 258 00:05:53 2.1 96191 32
14:41:29:880141479 14:18:38 25.8 258 00:05:54 2.1 96191 32
14:41:32:885513449 14:18:38 25.8 258 00:05:55 2.1 96191 32
14:41:35:915753795 14:18:38 25.8 258 00:05:56 2.1 96191 32
14:41:38:910292404 14:18:38 25.8 258 00:05:56 2.1 96191 32
14:41:41:937844046 14:18:38 25.8 258 00:05:58 2.1 96191 32
14:41:44:932753891 14:18:38 25.8 258 00:05:58 2.1 96191 32
14:41:47:908003008 14:18:38 25.9 259 00:06:00 2.1 96191 32
14:41:50:949404490 14:18:38 25.9 259 00:06:00 2.1 96191 32
14:41:53:930337072 14:18:38 25.9 259 00:06:02 2.1 96191 32
14:41:56:939852378 14:18:38 25.9 259 00:06:02 2.1 96191 32
14:41:59:951656292 14:18:38 25.9 259 00:06:03 2.1 96191 32
14:42:02:984306402 14:18:38 25.9 259 00:06:04 2.1 96191 32
14:42:05:981962952 14:18:38 25.9 259 00:06:05 2.1 96191 32
14:42:08:987438987 14:18:38 26.0 260 00:06:06 2.1 96191 32
14:42:11:985800079 14:18:38 25.9 259 00:06:07 2.1 96191 32
14:42:14:966943423 14:18:38 26.0 260 00:06:08 2.1 96191 32
14:42:17:986962881 14:18:38 26.0 260 00:06:09 2.1 96191 32
14:42:20:985000372 14:18:38 26.0 260 00:06:10 2.1 96191 32
14:42:23:999708880 14:18:38 26.0 260 00:06:11 2.1 96191 32
14:42:27:006838067 14:18:38 26.0 260 00:06:12 2.1 96191 32
14:42:30:031538649 14:18:38 26.0 260 00:06:13 2.1 96191 32
14:42:33:043264947 14:18:38 26.0 260 00:06:13 2.1 96191 32
14:42:36:019833630 14:18:38 26.1 261 00:06:15 2.1 96191 32
14:42:39:024957598 14:18:38 26.1 261 00:06:16 2.1 96191 32
14:42:42:040151585 14:18:38 26.1 261 00:06:17 2.1 96191 32
14:42:45:045617559 14:18:38 26.1 261 00:06:18 2.1 96191 32
14:42:48:068438700 14:18:38 26.1 261 00:06:19 2.1 96191 32
14:42:51:131218916 14:18:38 26.1 261 00:06:20 2.1 96191 32
14:42:54:095309898 14:18:38 26.1 261 00:06:20 2.1 96191 32
14:42:57:066755754 14:18:38 26.2 262 00:06:22 2.1 96191 32
14:43:00:068457962 14:18:38 26.1 261 00:06:22 2.1 96447 32
14:43:03:079134618 14:18:38 26.2 262 00:06:24 2.1 96191 32
14:43:06:098189457 14:18:38 26.2 262 00:06:24 2.1 96191 32
14:43:09:105479099 14:18:38 26.2 262 00:06:26 2.1 96191 32
14:43:12:139389759 14:18:38 26.2 262 00:06:26 2.1 96191 32
14:43:15:119790827 14:18:38 26.2 262 00:06:27 2.1 96191 32
14:43:18:132492304 14:18:38 26.3 263 00:06:29 2.1 96191 32
14:43:21:155436464 14:18:38 26.2 262 00:06:29 2.1 96191 32
14:43:24:120864745 14:18:38 26.3 263 00:06:31 2.1 96191 31
14:43:27:151780025 14:18:38 26.3 263 00:06:31 2.1 96191 32
14:43:30:143598074 14:18:38 26.3 263 00:06:33 2.2 96447 32
14:43:33:162236918 14:18:38 26.3 263 00:06:33 2.1 96191 32
14:43:36:159305033 14:18:38 26.3 263 00:06:34 2.1 96447 32
14:43:39:152622647 14:18:38 26.4 264 00:06:36 2.1 96447 32
14:43:42:189437130 14:18:38 26.3 263 00:06:36 2.1 96447 32
14:43:45:169541572 14:18:38 26.4 264 00:06:38 2.1 96447 32
14:43:48:194781545 14:18:38 26.4 264 00:06:38 2.2 96447 32
14:43:51:179096204 14:18:38 26.4 264 00:06:40 2.2 96447 32
14:43:54:216673337 14:18:38 26.4 264 00:06:40 2.2 96447 32
14:43:57:203285006 14:18:38 26.4 264 00:06:41 2.2 96447 32
14:44:00:220297465 14:18:38 26.4 264 00:06:43 2.2 96447 32
14:44:03:227288340 14:18:38 26.4 264 00:06:43 2.2 96447 32
14:44:06:234931648 14:18:38 26.5 265 00:06:45 2.2 96447 32
14:44:09:243003692 14:18:38 26.5 265 00:06:45 2.2 96447 32
14:44:12:216872150 14:18:38 26.5 265 00:06:47 2.2 96447 32
14:44:15:269491023 14:18:38 26.5 265 00:06:47 2.2 96447 32
14:44:18:248639836 14:18:38 26.5 265 00:06:48 2.2 96447 32
14:44:21:266625220 14:18:38 26.5 265 00:06:49 2.2 96447 32
14:44:24:477688374 14:18:38 26.5 265 00:06:50 2.2 96447 32
14:44:27:257694418 14:18:38 26.6 266 00:06:52 2.2 96447 31
14:44:30:303666170 14:18:38 26.5 265 00:06:52 2.2 96447 32
14:44:33:313867240 14:18:38 26.5 265 00:06:52 2.2 96447 32
14:44:36:276753323 14:18:38 26.6 266 00:06:54 2.2 96447 32
14:44:39:280192420 14:18:38 26.6 266 00:06:54 2.2 96447 32
14:44:42:291874847 14:18:38 26.6 266 00:06:56 2.2 96447 32
14:44:45:335167967 14:18:38 26.6 266 00:06:57 2.2 96447 32
14:44:48:339867271 14:18:38 26.6 266 00:06:57 2.2 96447 32
14:44:51:341360308 14:18:38 26.6 266 00:06:59 2.2 96447 32
14:44:54:320203182 14:18:38 26.6 266 00:06:59 2.2 96447 32
14:44:57:325625449 14:18:38 26.6 266 00:07:01 2.2 96447 32
14:45:00:349914976 14:18:38 26.6 266 00:07:01 2.2 96447 32
14:45:03:328473398 14:18:38 26.6 266 00:07:02 2.2 96447 32
14:45:06:338363544 14:18:38 26.7 267 00:07:04 2.2 96447 32
14:45:09:355195627 14:18:38 26.6 266 00:07:04 2.2 96447 32
14:45:12:367345752 14:18:38 26.6 266 00:07:05 2.2 96447 32
14:45:15:400367221 14:18:38 26.7 267 00:07:06 2.2 96447 32
14:45:18:385120631 14:18:38 26.6 266 00:07:07 2.2 96447 32
14:45:21:366911757 14:18:38 26.7 267 00:07:09 2.2 96447 31
14:45:24:436707092 14:18:38 26.7 267 00:07:09 2.2 96447 32
14:45:27:400317782 14:18:38 26.7 267 00:07:10 2.2 96447 32
14:45:30:389507801 14:18:38 26.7 267 00:07:11 2.2 96447 32
14:45:33:426383202 14:18:38 26.7 267 00:07:12 2.2 96447 32
14:45:36:417950766 14:18:38 26.7 267 00:07:13 2.2 96447 32
14:45:39:435396254 14:18:38 26.7 267 00:07:14 2.2 96447 32
14:45:42:449598379 14:18:38 26.7 267 00:07:14 2.2 96447 32
14:45:45:446925185 14:18:38 26.8 268 00:07:16 2.2 96447 32
14:45:48:451578947 14:18:38 26.8 268 00:07:17 2.2 96447 32
14:45:51:439391546 14:18:38 26.8 268 00:07:18 2.2 96447 32
14:45:54:463135204 14:18:38 26.8 268 00:07:19 2.2 96447 32
14:45:57:485124032 14:18:38 26.8 268 00:07:19 2.2 96447 32
14:46:00:454538898 14:18:38 26.9 269 00:07:21 2.2 96447 32
14:46:03:472819462 14:18:38 26.8 268 00:07:22 2.2 96447 32
14:46:06:481833491 14:18:38 26.8 268 00:07:22 2.2 96447 32
14:46:09:530016210 14:18:38 26.9 269 00:07:24 2.2 96447 32
14:46:12:516274989 14:18:38 26.8 268 00:07:24 2.2 96447 32
14:46:15:482606807 14:18:38 26.9 269 00:07:26 2.2 96447 32
14:46:18:506335720 14:18:38 26.9 269 00:07:27 2.2 96447 32
14:46:21:523861943 14:18:38 26.9 269 00:07:28 2.2 96447 32
14:46:24:528615408 14:18:38 26.9 269 00:07:29 2.2 96447 32
14:46:27:535971639 14:18:38 26.9 269 00:07:29 2.2 96447 32
14:46:30:520854057 14:18:38 27.0 270 00:07:31 2.2 96447 32
14:46:33:561333522 14:18:38 26.9 269 00:07:31 2.2 96447 32
14:46:36:577471466 14:18:38 26.9 269 00:07:32 2.2 96447 32
14:46:39:566466569 14:18:38 27.0 270 00:07:34 2.2 96447 32
14:46:42:552248426 14:18:38 27.0 270 00:07:34 2.2 96447 32
14:46:45:547983934 14:18:38 27.0 270 00:07:36 2.2 96447 32
14:46:48:548736991 14:18:38 27.0 270 00:07:37 2.2 96447 32
14:46:51:571609806 14:18:38 27.0 270 00:07:37 2.2 96447 32
14:46:54:617974644 14:18:38 27.0 270 00:07:39 2.2 96447 32
14:46:57:616252072 14:18:38 27.0 270 00:07:39 2.2 96447 32
14:47:00:592907856 14:18:38 27.1 271 00:07:41 2.2 96447 31
14:47:03:625291752 14:18:38 27.1 271 00:07:42 2.2 96447 32
14:47:06:631445228 14:18:38 27.0 270 00:07:42 2.2 96447 32
14:47:09:594998677 14:18:38 27.1 271 00:07:44 2.2 96447 31
14:47:12:614777492 14:18:38 27.1 271 00:07:44 2.2 96447 32
14:47:15:617967607 14:18:38 27.1 271 00:07:45 2.2 96447 32
14:47:18:641220059 14:18:38 27.1 271 00:07:47 2.2 96447 32
14:47:21:645812301 14:18:38 27.1 271 00:07:47 2.2 96447 32
14:47:24:625319651 14:18:38 27.1 271 00:07:49 2.2 96447 32
14:47:27:631701627 14:18:38 27.1 271 00:07:49 2.2 96447 32
14:47:30:660255666 14:18:38 27.1 271 00:07:50 2.2 96447 32
14:47:33:666570235 14:18:38 27.2 272 00:07:52 2.2 96447 32
14:47:36:680911904 14:18:38 27.1 271 00:07:52 2.2 96447 32
14:47:39:664156772 14:18:38 27.2 272 00:07:54 2.2 96447 32
14:47:42:679373485 14:18:38 27.2 272 00:07:54 2.2 96447 32
14:47:45:680185722 14:18:38 27.2 272 00:07:55 2.2 96447 32
14:47:48:675291458 14:18:38 27.2 272 00:07:57 2.2 96447 32
14:47:51:715270895 14:18:38 27.2 272 00:07:57 2.2 96447 32
14:47:54:685281381 14:18:38 27.3 273 00:07:59 2.2 96447 32
14:47:57:702859063 14:18:38 27.2 272 00:08:00 2.2 96447 32
14:48:00:714514735 14:18:38 27.2 272 00:08:00 2.2 96447 32
14:48:03:726898010 14:18:38 27.3 273 00:08:02 2.2 96447 32
14:48:06:722873093 14:18:38 27.3 273 00:08:02 2.2 96447 32
14:48:09:735778099 14:18:38 27.2 272 00:08:03 2.2 96447 32
14:48:12:724943765 14:18:38 27.3 273 00:08:05 2.2 96447 32
14:48:15:753972532 14:18:38 27.3 273 00:08:05 2.2 96447 32
14:48:18:737148731 14:18:38 27.3 273 00:08:07 2.2 96447 31
14:48:21:754855522 14:18:38 27.3 273 00:08:07 2.2 96447 32
14:48:24:769896411 14:18:38 27.3 273 00:08:09 2.2 96447 32
14:48:27:780357980 14:18:38 27.4 274 00:08:10 2.2 96447 32
14:48:30:792010654 14:18:38 27.3 273 00:08:10 2.2 96447 32
14:48:33:773923234 14:18:38 27.4 274 00:08:12 2.2 96447 31
14:48:36:818670525 14:18:38 27.4 274 00:08:13 2.2 96447 32
14:48:39:806871402 14:18:38 27.4 274 00:08:13 2.2 96447 32
14:48:42:787815778 14:18:38 27.4 274 00:08:15 2.2 96447 32
14:48:45:795733279 14:18:38 27.4 274 00:08:15 2.2 96447 32
14:48:48:821066591 14:18:38 27.4 274 00:08:17 2.2 96447 32
14:48:51:856279505 14:18:38 27.4 274 00:08:18 2.2 96447 32
14:48:54:874204758 14:18:38 27.4 274 00:08:18 2.2 96447 32
14:48:57:852831686 14:18:38 27.5 275 00:08:20 2.2 96447 32
14:49:00:831456999 14:18:38 27.5 275 00:08:21 2.2 96447 32
14:49:03:849004356 14:18:38 27.5 275 00:08:22 2.2 96447 32
14:49:06:891455584 14:18:38 27.5 275 00:08:23 2.2 96447 32
14:49:09:880782724 14:18:38 27.5 275 00:08:24 2.2 96447 32
14:49:12:867262274 14:18:38 27.6 276 00:08:26 2.2 96447 32
14:49:15:883325461 14:18:38 27.5 275 00:08:26 2.2 96447 32
14:49:18:885560791 14:18:38 27.5 275 00:08:27 2.2 96447 32
14:49:21:886541235 14:18:38 27.6 276 00:08:29 2.2 96447 32
14:49:24:917984162 14:18:38 27.6 276 00:08:29 2.2 96447 32
14:49:27:894297463 14:18:38 27.6 276 00:08:31 2.2 96447 32
14:49:30:908690646 14:18:38 27.6 276 00:08:31 2.2 96447 32
14:49:33:960375318 14:18:38 27.6 276 00:08:32 2.2 96447 32
14:49:36:927004056 14:18:38 27.6 276 00:08:34 2.2 96447 32
14:49:39:921393742 14:18:38 27.6 276 00:08:34 2.2 96447 32
14:49:42:932886383 14:18:38 27.6 276 00:08:36 2.2 96447 32
14:49:46:051240427 14:18:38 27.7 277 00:08:37 2.2 96447 32
14:49:48:952688944 14:18:38 27.6 276 00:08:37 2.2 96447 32
14:49:52:001284367 14:18:38 27.7 277 00:08:39 2.2 96447 32
14:49:54:968670206 14:18:38 27.7 277 00:08:40 2.2 96447 32
14:49:57:982453620 14:18:38 27.7 277 00:08:41 2.2 96447 32
14:50:00:980343129 14:18:38 27.7 277 00:08:42 2.2 96447 32
14:50:04:008509436 14:18:38 27.7 277 00:08:43 2.2 96447 32
14:50:06:989068469 14:18:38 27.8 278 00:08:45 2.2 96447 32
14:50:10:001888717 14:18:38 27.7 277 00:08:45 2.2 96447 32
14:50:13:005392809 14:18:38 27.7 277 00:08:46 2.2 96447 32
14:50:16:023692314 14:18:38 27.8 278 00:08:48 2.2 96447 32
14:50:19:033967827 14:18:38 27.8 278 00:08:48 2.2 96447 32
14:50:22:023564673 14:18:38 27.8 278 00:08:50 2.2 96447 32
14:50:25:042926506 14:18:38 27.8 278 00:08:51 2.2 96447 32
14:50:28:051878691 14:18:38 27.8 278 00:08:51 2.2 96447 32
14:50:31:062259220 14:18:38 27.9 279 00:08:53 2.2 96447 32
14:50:34:045504651 14:18:38 27.8 278 00:08:54 2.2 96447 32
14:50:37:058294347 14:18:38 27.9 279 00:08:55 2.2 96447 32
14:50:40:086177771 14:18:38 27.9 279 00:08:56 2.2 96447 32
14:50:43:093817189 14:18:38 27.9 279 00:08:56 2.2 96447 32
14:50:46:110448138 14:18:38 27.9 279 00:08:59 2.2 96447 32
14:50:49:103022286 14:18:38 27.9 279 00:08:59 2.2 96447 32
14:50:52:103929704 14:18:38 27.9 279 00:09:00 2.2 96447 32
14:50:55:111520675 14:18:38 27.9 279 00:09:02 2.2 96447 32
14:50:58:122334080 14:18:38 27.9 279 00:09:02 2.2 96447 32
14:51:01:096137847 14:18:38 28.0 280 00:09:04 2.2 96447 32
14:51:04:094825355 14:18:38 28.0 280 00:09:05 2.2 96447 32
14:51:07:121239181 14:18:38 28.0 280 00:09:05 2.2 96447 32
14:51:10:150064173 14:18:38 28.0 280 00:09:07 2.2 96447 32
14:51:13:155484728 14:18:38 28.0 280 00:09:08 2.2 96447 32
14:51:16:137735240 14:18:38 28.0 280 00:09:09 2.2 96447 32
14:51:19:169269422 14:18:38 28.0 280 00:09:10 2.2 96447 32
14:51:22:178226081 14:18:38 28.0 280 00:09:11 2.2 96447 32
14:51:25:176941751 14:18:38 28.0 280 00:09:11 2.2 96447 32
14:51:28:183623655 14:18:38 28.1 281 00:09:13 2.2 96447 32
14:51:31:192537922 14:18:38 28.0 280 00:09:14 2.2 96447 32
14:51:34:171811013 14:18:38 28.1 281 00:09:15 2.2 96447 32
14:51:37:234209354 14:18:38 28.1 281 00:09:16 2.2 96447 32
14:51:40:194174129 14:18:38 28.1 281 00:09:17 2.2 96447 32
14:51:43:186382290 14:18:38 28.1 281 00:09:19 2.2 96447 31
14:51:46:213096367 14:18:38 28.1 281 00:09:19 2.2 96447 32
14:51:49:218838898 14:18:38 28.1 281 00:09:20 2.2 96447 32
14:51:52:216607604 14:18:38 28.2 282 00:09:22 2.2 96447 32
14:51:55:233786251 14:18:38 28.1 281 00:09:22 2.2 96447 32
14:51:58:228500380 14:18:38 28.2 282 00:09:24 2.2 96447 32
14:52:01:257040195 14:18:38 28.2 282 00:09:25 2.2 96447 32
14:52:04:506587942 14:18:38 28.1 281 00:09:25 2.2 96447 32
14:52:07:242345067 14:18:38 28.2 282 00:09:27 2.2 96447 32
14:52:10:287098898 14:18:38 28.2 282 00:09:28 2.2 96447 32
14:52:13:304159253 14:18:38 28.2 282 00:09:28 2.2 96447 32
14:52:16:274357888 14:18:38 28.2 282 00:09:29 2.2 96447 32
14:52:19:286572478 14:18:38 28.2 282 00:09:31 2.2 96447 32
14:52:22:291289172 14:18:38 28.2 282 00:09:31 2.2 96447 32
14:52:25:278810456 14:18:38 28.3 283 00:09:33 2.2 96447 32
14:52:28:320601222 14:18:38 28.3 283 00:09:34 2.2 96447 32
14:52:31:322553007 14:18:38 28.2 282 00:09:34 2.2 96447 32
14:52:34:326794268 14:18:38 28.3 283 00:09:37 2.2 96447 31
14:52:37:309177477 14:18:38 28.3 283 00:09:37 2.2 96447 32
14:52:40:319929706 14:18:38 28.3 283 00:09:38 2.2 96447 32
14:52:43:308963104 14:18:38 28.3 283 00:09:40 2.2 96447 32
14:52:46:342215198 14:18:38 28.3 283 00:09:40 2.2 96447 32
14:52:49:517971653 14:18:38 28.3 283 00:09:42 2.2 96447 32
14:52:52:372470819 14:18:38 28.3 283 00:09:43 2.2 96447 32
14:52:55:365356664 14:18:38 28.3 283 00:09:43 2.2 96447 32
14:52:58:378519225 14:18:38 28.4 284 00:09:45 2.2 96447 32
14:53:01:365583537 14:18:38 28.4 284 00:09:46 2.2 96447 32
14:53:04:442646181 14:18:38 28.3 283 00:09:46 2.2 96447 32
14:53:07:380444493 14:18:38 28.3 283 00:09:47 2.2 96447 32
14:53:10:395462333 14:18:38 28.4 284 00:09:49 2.2 96447 32
14:53:13:418508353 14:18:38 28.4 284 00:09:49 2.2 96447 32
14:53:16:385400678 14:18:38 28.4 284 00:09:51 2.2 96447 32
14:53:19:414887625 14:18:38 28.4 284 00:09:51 2.2 96447 32
14:53:22:423335449 14:18:38 28.4 284 00:09:52 2.2 96447 32
14:53:25:401165638 14:18:38 28.4 284 00:09:54 2.2 96447 32
14:53:28:454662404 14:18:38 28.4 284 00:09:55 2.2 96447 32
14:53:31:445783230 14:18:38 28.4 284 00:09:55 2.2 96447 32
14:53:34:412948281 14:18:38 28.5 285 00:09:57 2.2 96447 32
14:53:37:444837217 14:18:38 28.4 284 00:09:58 2.2 96447 32
14:53:40:449376380 14:18:38 28.4 284 00:09:58 2.2 96447 32
14:53:43:471709837 14:18:38 28.5 285 00:10:00 2.2 96447 32
14:53:46:466538391 14:18:38 28.5 285 00:10:01 2.2 96447 32
14:53:49:475992192 14:18:38 28.5 285 00:10:01 2.2 96447 32
14:53:52:463121829 14:18:38 28.5 285 00:10:04 2.2 96447 32
14:53:55:482200854 14:18:38 28.5 285 00:10:04 2.2 96447 32
14:53:58:495809646 14:18:38 28.5 285 00:10:04 2.2 96447 32
14:54:01:511197515 14:18:38 28.5 285 00:10:07 2.2 96447 32
14:54:04:536618648 14:18:38 28.5 285 00:10:07 2.2 96447 32
14:54:07:539532114 14:18:38 28.5 285 00:10:07 2.2 96447 32
14:54:10:508262964 14:18:38 28.6 286 00:10:10 2.2 96447 32
14:54:13:527543745 14:18:38 28.5 285 00:10:10 2.2 96447 32
14:54:16:564902356 14:18:38 28.5 285 00:10:10 2.2 96447 32
14:54:19:546177636 14:18:38 28.6 286 00:10:13 2.2 96447 31
14:54:22:548689782 14:18:38 28.6 286 00:10:13 2.2 96447 32
14:54:25:583185218 14:18:38 28.5 285 00:10:13 2.2 96447 32
14:54:28:550152562 14:18:38 28.6 286 00:10:16 2.2 96447 31
14:54:31:569352721 14:18:38 28.6 286 00:10:16 2.2 96447 32
14:54:34:606322422 14:18:38 28.6 286 00:10:16 2.2 96447 32
14:54:37:571139263 14:18:38 28.6 286 00:10:19 2.2 96447 31
14:54:40:588401219 14:18:38 28.6 286 00:10:19 2.2 96447 32
14:54:43:730148648 14:18:38 28.6 286 00:10:19 2.2 96447 32
14:54:46:584974579 14:18:38 28.7 287 00:10:22 2.2 96447 32
14:54:49:605479975 14:18:38 28.6 286 00:10:22 2.2 96447 32
14:54:52:656394757 14:18:38 28.6 286 00:10:23 2.2 96447 32
14:54:55:612572021 14:18:38 28.7 287 00:10:25 2.2 96447 31
14:54:58:635459411 14:18:38 28.7 287 00:10:26 2.2 96447 32
14:55:01:662039041 14:18:38 28.6 286 00:10:26 2.2 96447 32
14:55:04:641640858 14:18:38 28.7 287 00:10:28 2.2 96447 32
14:55:07:654271863 14:18:38 28.7 287 00:10:29 2.2 96447 32
14:55:10:684407993 14:18:38 28.7 287 00:10:29 2.2 96447 32
14:55:13:656596460 14:18:38 28.7 287 00:10:31 2.2 96447 32
14:55:16:697242700 14:18:38 28.7 287 00:10:32 2.2 96447 32
14:55:19:689373082 14:18:38 28.7 287 00:10:32 2.2 96447 32
14:55:22:673084926 14:18:38 28.7 287 00:10:34 2.2 96447 32
14:55:25:714028525 14:18:38 28.7 287 00:10:35 2.2 96447 32
14:55:28:693570377 14:18:38 28.7 287 00:10:35 2.2 96447 32
14:55:31:747468281 14:18:38 28.7 287 00:10:35 2.2 96447 32
14:55:34:751498883 14:18:38 28.8 288 00:10:38 2.2 96447 32
14:55:37:722936776 14:18:38 28.7 287 00:10:38 2.2 96447 32
14:55:40:731728534 14:18:38 28.7 287 00:10:39 2.2 96447 32
14:55:43:726960583 14:18:38 28.8 288 00:10:41 2.2 96447 32
14:55:46:766635135 14:18:38 28.8 288 00:10:41 2.2 96447 32
14:55:49:755953481 14:18:38 28.7 287 00:10:42 2.2 96447 32
14:55:52:749818540 14:18:38 28.8 288 00:10:43 2.2 96447 32
14:55:55:786003518 14:18:38 28.8 288 00:10:45 2.2 96447 32
14:55:58:814298984 14:18:38 28.8 288 00:10:45 2.2 96447 32
14:56:01:786225821 14:18:38 28.7 287 00:10:45 2.2 96447 32
14:56:04:766862957 14:18:38 28.8 288 00:10:48 2.2 96447 31
14:56:07:783298830 14:18:38 28.8 288 00:10:48 2.2 96447 32
14:56:10:811100908 14:18:38 28.8 288 00:10:48 2.2 96447 32
14:56:13:794658216 14:18:38 28.8 288 00:10:50 2.2 96447 32
14:56:16:824971083 14:18:38 28.8 288 00:10:51 2.2 96447 32
14:56:19:801414600 14:18:38 28.8 288 00:10:52 2.2 96447 32
14:56:22:832062878 14:18:38 28.8 288 00:10:52 2.2 96447 32
14:56:25:829045767 14:18:38 28.8 288 00:10:55 2.2 96447 32
14:56:28:839886427 14:18:38 28.8 288 00:10:55 2.2 96447 32
14:56:31:862043053 14:18:38 28.8 288 00:10:55 2.2 96447 32
14:56:34:834909395 14:18:38 28.8 288 00:10:57 2.2 96447 32
14:56:37:866441090 14:18:38 28.9 289 00:10:58 2.2 96447 32
14:56:40:883198994 14:18:38 28.8 288 00:10:59 2.2 96447 32
14:56:43:867804088 14:18:38 28.8 288 00:10:59 2.2 96447 32
14:56:46:890121231 14:18:38 28.9 289 00:11:01 2.2 96447 32
14:56:49:875449441 14:18:38 28.9 289 00:11:02 2.2 96447 32
14:56:52:904287577 14:18:38 28.8 288 00:11:02 2.2 96447 32
14:56:55:935415698 14:18:38 28.9 289 00:11:04 2.2 96447 32
14:56:58:902684405 14:18:38 28.9 289 00:11:05 2.2 96447 32
14:57:01:915052728 14:18:38 28.9 289 00:11:05 2.2 96447 32
14:57:04:896406464 14:18:38 28.9 289 00:11:07 2.2 96447 32
14:57:07:894730550 14:18:38 28.9 289 00:11:08 2.2 96447 32
14:57:10:948710478 14:18:38 28.9 289 00:11:09 2.2 96447 32
14:57:13:946525285 14:18:38 28.9 289 00:11:09 2.2 96447 32
14:57:16:934788802 14:18:38 28.9 289 00:11:11 2.2 96447 31
14:57:19:959595851 14:18:38 28.9 289 00:11:12 2.2 96447 32
14:57:22:980554574 14:18:38 28.9 289 00:11:12 2.2 96447 32
14:57:25:944845950 14:18:38 28.9 289 00:11:14 2.2 96447 32
14:57:28:972791510 14:18:38 28.9 289 00:11:15 2.2 96447 32
14:57:31:951175052 14:18:38 28.9 289 00:11:16 2.2 96447 32
14:57:34:973165046 14:18:38 28.9 289 00:11:16 2.2 96447 32
14:57:37:977153622 14:18:38 29.0 290 00:11:18 2.2 96447 32
14:57:40:983461128 14:18:38 28.9 289 00:11:19 2.2 96447 32
14:57:44:009934748 14:18:38 28.9 289 00:11:19 2.2 96447 32
14:57:47:001745592 14:18:38 29.0 290 00:11:21 2.2 96447 32
14:57:50:018186490 14:18:38 29.0 290 00:11:22 2.2 96447 32
14:57:53:038637718 14:18:38 29.0 290 00:11:22 2.2 96447 32
14:57:56:010017303 14:18:38 29.0 290 00:11:24 2.2 96447 32
14:57:59:058334836 14:18:38 29.0 290 00:11:25 2.2 96447 32
14:58:02:060344814 14:18:38 29.0 290 00:11:26 2.2 96447 32
14:58:05:069328959 14:18:38 29.0 290 00:11:26 2.2 96447 32
14:58:08:038758931 14:18:38 29.0 290 00:11:28 2.2 96447 32
14:58:11:084747017 14:18:38 29.0 290 00:11:29 2.2 96447 32
14:58:14:073685185 14:18:38 29.0 290 00:11:29 2.2 96447 32
14:58:17:062320800 14:18:38 29.0 290 00:11:31 2.2 96447 32
14:58:20:100957919 14:18:38 29.0 290 00:11:32 2.2 96447 32
14:58:23:065566712 14:18:38 29.0 290 00:11:32 2.2 96447 32
14:58:26:119435879 14:18:38 29.0 290 00:11:33 2.2 96447 32
14:58:29:083844600 14:18:38 29.1 291 00:11:35 2.2 96447 31
14:58:32:100197383 14:18:38 29.0 290 00:11:36 2.2 96447 32
14:58:35:133744654 14:18:38 29.0 290 00:11:36 2.2 96447 32
14:58:38:103157214 14:18:38 29.1 291 00:11:38 2.2 96447 32
14:58:41:135221267 14:18:38 29.1 291 00:11:39 2.2 96447 32
14:58:44:147089633 14:18:38 29.0 290 00:11:39 2.2 96447 32
14:58:47:136978377 14:18:38 29.0 290 00:11:40 2.2 96447 32
14:58:50:129911469 14:18:38 29.1 291 00:11:42 2.2 96447 32
14:58:53:144569540 14:18:38 29.1 291 00:11:43 2.2 96447 32
14:58:56:178275448 14:18:38 29.1 291 00:11:43 2.2 96447 32
14:58:59:146866917 14:18:38 29.1 291 00:11:45 2.2 96447 32
14:59:02:181095830 14:18:38 29.1 291 00:11:46 2.2 96447 32
14:59:05:176129722 14:18:38 29.1 291 00:11:46 2.2 96447 32
14:59:08:161512020 14:18:38 29.1 291 00:11:48 2.2 96447 32
14:59:11:192030968 14:18:38 29.1 291 00:11:49 2.2 96447 32
14:59:14:194235103 14:18:38 29.1 291 00:11:50 2.2 96447 32
14:59:17:213675122 14:18:38 29.1 291 00:11:50 2.2 96447 32
14:59:20:201040049 14:18:38 29.2 292 00:11:53 2.2 96447 31
14:59:23:236695755 14:18:38 29.1 291 00:11:53 2.2 96447 32
14:59:26:246176876 14:18:38 29.1 291 00:11:53 2.2 96447 32
14:59:29:219440285 14:18:38 29.1 291 00:11:54 2.2 96447 32
14:59:32:236703312 14:18:38 29.2 292 00:11:56 2.2 96447 32
14:59:35:208645373 14:18:38 29.1 291 00:11:57 2.2 96447 32
14:59:38:216585294 14:18:38 29.1 291 00:11:57 2.2 96447 32
14:59:41:232914482 14:18:38 29.2 292 00:12:00 2.2 96447 32
14:59:44:240310983 14:18:38 29.2 292 00:12:00 2.2 96447 32
14:59:47:281691541 14:18:38 29.2 292 00:12:00 2.2 96447 32
14:59:50:315029358 14:18:38 29.2 292 00:12:03 2.2 96447 32
14:59:53:286479673 14:18:38 29.2 292 00:12:04 2.2 96447 32
14:59:56:285977226 14:18:38 29.2 292 00:12:04 2.2 96447 32
14:59:59:288048435 14:18:38 29.2 292 00:12:05 2.2 96447 32
15:00:02:313505944 14:18:38 29.2 292 00:12:07 2.2 96447 32
15:00:05:297209492 14:18:38 29.2 292 00:12:07 2.2 96447 32
15:00:08:332033107 14:18:38 29.2 292 00:12:08 2.2 96447 32
15:00:11:298100435 14:18:38 29.3 293 00:12:10 2.2 96447 32
15:00:14:322760544 14:18:38 29.3 293 00:12:11 2.2 96447 32
15:00:17:340670799 14:18:38 29.2 292 00:12:11 2.2 96447 32
15:00:20:316759098 14:18:38 29.3 293 00:12:13 2.2 96447 32
15:00:23:338316083 14:18:38 29.3 293 00:12:14 2.2 96447 32
15:00:26:346899491 14:18:38 29.3 293 00:12:14 2.2 96447 32
15:00:29:341225812 14:18:38 29.2 292 00:12:15 2.2 96447 32
15:00:32:337676472 14:18:38 29.3 293 00:12:17 2.2 96447 32
15:00:35:353416809 14:18:38 29.3 293 00:12:18 2.2 96447 32
15:00:38:388740173 14:18:38 29.3 293 00:12:18 2.2 96447 32
15:00:41:369191430 14:18:38 29.3 293 00:12:20 2.2 96447 32
15:00:44:404505642 14:18:38 29.3 293 00:12:21 2.2 96447 32
15:00:47:409016997 14:18:38 29.3 293 00:12:21 2.2 96447 32
15:00:50:394500565 14:18:38 29.3 293 00:12:22 2.2 96447 32
15:00:53:385798538 14:18:38 29.3 293 00:12:25 2.2 96447 32
15:00:56:428290170 14:18:38 29.3 293 00:12:25 2.2 96447 32
15:00:59:437688968 14:18:38 29.3 293 00:12:25 2.2 96447 32
15:01:02:409914799 14:18:38 29.3 293 00:12:27 2.2 96447 32
15:01:05:503568129 14:18:38 29.3 293 00:12:28 2.2 96447 32
15:01:08:444838638 14:18:38 29.3 293 00:12:29 2.2 96447 32
15:01:11:451276875 14:18:38 29.3 293 00:12:30 2.2 96447 32
15:01:14:456110050 14:18:38 29.4 294 00:12:32 2.2 96447 32
15:01:17:439380337 14:18:38 29.4 294 00:12:32 2.2 96447 32
15:01:20:486649524 14:18:38 29.3 293 00:12:32 2.2 96447 32
15:01:23:452345791 14:18:38 29.4 294 00:12:35 2.2 96447 32
15:01:26:474600594 14:18:38 29.4 294 00:12:36 2.2 96447 32
15:01:29:506507021 14:18:38 29.4 294 00:12:36 2.2 96447 32
15:01:32:477166570 14:18:38 29.4 294 00:12:38 2.2 96447 32
15:01:35:499831160 14:18:38 29.4 294 00:12:39 2.2 96447 32
15:01:38:502723464 14:18:38 29.4 294 00:12:39 2.2 96447 32
15:01:41:528257892 14:18:38 29.4 294 00:12:40 2.2 96447 32
15:01:44:507082111 14:18:38 29.5 295 00:12:42 2.2 96447 31
15:01:47:541786858 14:18:38 29.4 294 00:12:43 2.2 96447 32
15:01:50:523036904 14:18:38 29.4 294 00:12:43 2.2 96447 32
15:01:53:518855123 14:18:38 29.5 295 00:12:46 2.2 96447 32
15:01:56:562403059 14:18:38 29.5 295 00:12:46 2.2 96447 32
15:01:59:553532135 14:18:38 29.4 294 00:12:47 2.2 96447 32
15:02:02:549603923 14:18:38 29.4 294 00:12:48 2.2 96447 32
15:02:05:550617114 14:18:38 29.5 295 00:12:50 2.2 96447 32
15:02:08:545825994 14:18:38 29.5 295 00:12:50 2.2 96447 32
15:02:11:615115745 14:18:38 29.5 295 00:12:50 2.2 96447 32
15:02:14:560458563 14:18:38 29.5 295 00:12:53 2.2 96447 32
15:02:17:581929801 14:18:38 29.5 295 00:12:54 2.2 96447 32
15:02:20:599899111 14:18:38 29.5 295 00:12:54 2.2 96447 32
15:02:23:602516012 14:18:38 29.5 295 00:12:55 2.2 96447 32
15:02:26:608395753 14:18:38 29.5 295 00:12:57 2.2 96447 32
15:02:29:633587857 14:18:38 29.5 295 00:12:57 2.2 96447 32
15:02:32:638192483 14:18:38 29.5 295 00:12:58 2.2 96447 32
15:02:35:609767402 14:18:38 29.6 296 00:13:00 2.2 96447 31
15:02:38:630578385 14:18:38 29.6 296 00:13:01 2.2 96447 32
15:02:41:655659786 14:18:38 29.5 295 00:13:01 2.2 96447 32
15:02:44:638478872 14:18:38 29.6 296 00:13:03 2.2 96447 32
15:02:47:669562548 14:18:38 29.6 296 00:13:04 2.2 96447 32
15:02:50:664268846 14:18:38 29.6 296 00:13:05 2.2 96447 32
15:02:53:694987781 14:18:38 29.5 295 00:13:05 2.2 96447 32
15:02:56:649693490 14:18:38 29.6 296 00:13:08 2.2 96447 31
15:02:59:676267721 14:18:38 29.6 296 00:13:08 2.2 96447 32
15:03:02:707529441 14:18:38 29.6 296 00:13:09 2.2 96447 32
15:03:05:675466263 14:18:38 29.6 296 00:13:11 2.2 96447 32
15:03:08:716043613 14:18:38 29.6 296 00:13:12 2.2 96447 32
15:03:11:816947907 14:18:38 29.6 296 00:13:12 2.2 96447 32
15:03:14:705469621 14:18:38 29.6 296 00:13:13 2.2 96447 32
15:03:17:708339994 14:18:38 29.7 297 00:13:15 2.2 96447 31
15:03:20:711089099 14:18:38 29.6 296 00:13:16 2.2 96447 32
15:03:23:747105835 14:18:38 29.6 296 00:13:16 2.2 96447 32
15:03:26:713777953 14:18:38 29.7 297 00:13:18 2.2 96447 32
15:03:29:751581576 14:18:38 29.7 297 00:13:19 2.2 96447 32
15:03:32:744528533 14:18:38 29.7 297 00:13:20 2.2 96447 32
15:03:35:746260512 14:18:38 29.7 297 00:13:21 2.2 96447 32
15:03:38:755135118 14:18:38 29.7 297 00:13:23 2.2 96447 32
15:03:41:752019007 14:18:38 29.7 297 00:13:24 2.2 96447 32
15:03:44:787160530 14:18:38 29.7 297 00:13:24 2.2 96447 32
15:03:47:755568507 14:18:38 29.7 297 00:13:26 2.2 96447 32
15:03:50:801269483 14:18:38 29.7 297 00:13:27 2.2 96447 32
15:03:53:789597906 14:18:38 29.7 297 00:13:27 2.2 96447 32
15:03:56:794132037 14:18:38 29.7 297 00:13:28 2.2 96447 32
15:03:59:811054228 14:18:38 29.8 298 00:13:31 2.2 96447 32
15:04:02:789421549 14:18:38 29.7 297 00:13:31 2.2 96447 32
15:04:05:811702924 14:18:38 29.7 297 00:13:31 2.2 96447 32
15:04:08:808423813 14:18:38 29.8 298 00:13:34 2.2 96447 32
15:04:11:849169492 14:18:38 29.8 298 00:13:35 2.2 96447 32
15:04:14:855443040 14:18:38 29.8 298 00:13:35 2.2 96447 32
15:04:17:846184840 14:18:38 29.8 298 00:13:36 2.2 96447 32
15:04:20:837318303 14:18:38 29.8 298 00:13:38 2.2 96447 32
15:04:23:939972581 14:18:38 29.8 298 00:13:39 2.2 96447 32
15:04:26:906719590 14:18:38 29.8 298 00:13:39 2.2 96447 32
15:04:29:860062270 14:18:38 29.8 298 00:13:42 2.2 96447 32
15:04:32:873610862 14:18:38 29.8 298 00:13:42 2.2 96447 32
15:04:35:903126314 14:18:38 29.8 298 00:13:42 2.2 96447 32
15:04:38:881337969 14:18:38 29.8 298 00:13:44 2.2 96447 32
15:04:41:905819607 14:18:38 29.9 299 00:13:46 2.2 96447 32
15:04:44:925610775 14:18:38 29.8 298 00:13:46 2.2 96447 32
15:04:47:914762319 14:18:38 29.8 298 00:13:46 2.2 96447 32
15:04:50:894115009 14:18:38 29.9 299 00:13:49 2.2 96447 32
15:04:53:932057283 14:18:38 29.9 299 00:13:50 2.2 96447 32
15:04:56:947064766 14:18:38 29.9 299 00:13:50 2.2 96447 32
15:04:59:934232860 14:18:38 29.9 299 00:13:52 2.2 96447 32
15:05:02:919910651 14:18:38 29.9 299 00:13:53 2.2 96447 32
15:05:05:962282536 14:18:38 29.9 299 00:13:54 2.2 96447 32
15:05:08:957835895 14:18:38 29.9 299 00:13:54 2.2 96447 32
15:05:11:946647585 14:18:38 29.9 299 00:13:57 2.2 96447 32
15:05:14:982441210 14:18:38 29.9 299 00:13:57 2.2 96447 32
15:05:17:988618598 14:18:38 29.9 299 00:13:58 2.2 96447 32
15:05:21:040490720 14:18:38 29.9 299 00:13:59 2.2 96447 32
15:05:23:963458411 14:18:38 29.9 299 00:14:01 2.2 96447 32
15:05:26:974813114 14:18:38 29.9 299 00:14:02 2.2 96447 32
15:05:30:013689510 14:18:38 29.9 299 00:14:02 2.2 96447 32
15:05:32:982643053 14:18:38 30.0 300 00:14:04 2.2 96447 32
15:05:36:059775086 14:18:38 30.0 300 00:14:05 2.2 96447 32
15:05:39:027920952 14:18:38 29.9 299 00:14:05 2.2 96447 32
15:05:42:007118119 14:18:38 30.0 300 00:14:06 2.2 96447 32
15:05:45:040841920 14:18:38 30.0 300 00:14:09 2.2 96447 32
15:05:48:023517703 14:18:38 30.0 300 00:14:09 2.2 96447 32
15:05:51:056877844 14:18:38 30.0 300 00:14:09 2.2 96447 32
15:05:54:020461495 14:18:38 30.0 300 00:14:11 2.2 96447 32
15:05:57:105346324 14:18:38 30.0 300 00:14:13 2.2 96447 32
15:06:00:053911696 14:18:38 30.0 300 00:14:13 2.2 96447 32
15:06:03:098139104 14:18:38 30.0 300 00:14:13 2.2 96447 32
15:06:06:048085274 14:18:38 30.0 300 00:14:16 2.2 96447 32
15:06:09:062623367 14:18:38 30.0 300 00:14:17 2.2 96447 32
15:06:12:094003111 14:18:38 30.0 300 00:14:17 2.2 96447 32
15:06:15:085984825 14:18:38 30.0 300 00:14:18 2.2 96447 32
15:06:18:075129169 14:18:38 30.1 301 00:14:21 2.2 96447 31
15:06:21:123885555 14:18:38 30.0 300 00:14:21 2.2 96447 32
15:06:24:131230210 14:18:38 30.0 300 00:14:21 2.2 96447 32
15:06:27:096351778 14:18:38 30.1 301 00:14:23 2.2 96447 32
15:06:30:134463953 14:18:38 30.1 301 00:14:25 2.2 96447 32
15:06:33:141230077 14:18:38 30.1 301 00:14:25 2.2 96447 32
15:06:36:170454186 14:18:38 30.0 300 00:14:25 2.2 96447 32
15:06:39:123052194 14:18:38 30.1 301 00:14:28 2.2 96447 32
15:06:42:141538013 14:18:38 30.1 301 00:14:29 2.2 96447 32
15:06:45:177149651 14:18:38 30.1 301 00:14:29 2.2 96703 32
15:06:48:144620290 14:18:38 30.1 301 00:14:31 2.2 96703 32
15:06:51:141427450 14:18:38 30.1 301 00:14:32 2.2 96703 32
15:06:54:210624688 14:18:38 30.1 301 00:14:33 2.2 96703 32
15:06:57:199784872 14:18:38 30.1 301 00:14:33 2.2 96703 32
15:07:00:175968555 14:18:38 30.1 301 00:14:35 2.2 96703 32
15:07:03:197995998 14:18:38 30.2 302 00:14:37 2.2 96703 32
15:07:06:199481406 14:18:38 30.1 301 00:14:37 2.2 96703 32
15:07:09:221140401 14:18:38 30.1 301 00:14:37 2.2 96703 32
15:07:12:194381092 14:18:38 30.2 302 00:14:40 2.2 96703 32
15:07:15:217812768 14:18:38 30.2 302 00:14:41 2.2 96703 32
15:07:18:241296884 14:18:38 30.2 302 00:14:41 2.2 96703 32
15:07:21:221680540 14:18:38 30.2 302 00:14:42 2.2 96703 32
15:07:24:221621421 14:18:38 30.2 302 00:14:44 2.2 96703 32
15:07:27:215983132 14:18:38 30.2 302 00:14:45 2.2 96703 32
15:07:30:235756348 14:18:38 30.2 302 00:14:45 2.2 96703 32
15:07:33:235987019 14:18:38 30.2 302 00:14:48 2.2 96703 32
15:07:36:261204177 14:18:38 30.2 302 00:14:49 2.2 96703 32
15:07:39:387650515 14:18:38 30.2 302 00:14:49 2.2 96703 32
15:07:42:265566868 14:18:38 30.2 302 00:14:50 2.2 96703 32
15:07:45:255822355 14:18:38 30.3 303 00:14:52 2.2 96703 32
15:07:48:261688652 14:18:38 30.2 302 00:14:53 2.2 96703 32
15:07:51:310025037 14:18:38 30.2 302 00:14:53 2.2 96703 32
15:07:54:278803750 14:18:38 30.3 303 00:14:55 2.2 96703 32
15:07:57:390989965 14:18:38 30.3 303 00:14:57 2.2 96703 32
15:08:00:318663089 14:18:38 30.3 303 00:14:57 2.2 96703 32
15:08:03:306658049 14:18:38 30.2 302 00:14:57 2.2 96703 32
15:08:06:369528982 14:18:38 30.3 303 00:15:00 2.2 96703 32
15:08:09:332677370 14:18:38 30.3 303 00:15:01 2.2 96703 32
15:08:12:363576331 14:18:38 30.3 303 00:15:01 2.2 96703 32
15:08:15:338950996 14:18:38 30.3 303 00:15:02 2.2 96703 32
15:08:18:341996959 14:18:38 30.3 303 00:15:04 2.2 96703 32
15:08:21:366906463 14:18:38 30.3 303 00:15:05 2.2 96703 32
15:08:24:404315772 14:18:38 30.3 303 00:15:05 2.2 96703 32
15:08:27:366738219 14:18:38 30.3 303 00:15:08 2.2 96703 32
15:08:30:408528504 14:18:38 30.3 303 00:15:09 2.2 96703 32
15:08:33:411930483 14:18:38 30.3 303 00:15:09 2.2 96703 32
15:08:36:398280602 14:18:38 30.3 303 00:15:10 2.2 96703 32
15:08:39:398501167 14:18:38 30.4 304 00:15:12 2.2 96703 31
15:08:42:418841970 14:18:38 30.4 304 00:15:13 2.2 96703 32
15:08:45:442898946 14:18:38 30.3 303 00:15:13 2.2 96703 32
15:08:48:412641405 14:18:38 30.4 304 00:15:15 2.2 96703 32
15:08:51:448950911 14:18:38 30.4 304 00:15:17 2.2 96703 32
15:08:54:453085051 14:18:38 30.4 304 00:15:17 2.2 96703 32
15:08:57:466648049 14:18:38 30.3 303 00:15:17 2.2 96703 32
15:09:00:433274952 14:18:38 30.4 304 00:15:20 2.2 96703 32
15:09:03:449183567 14:18:38 30.4 304 00:15:21 2.2 96703 32
15:09:06:542137048 14:18:38 30.4 304 00:15:21 2.2 96703 32
15:09:09:481190180 14:18:38 30.4 304 00:15:22 2.2 96703 32
15:09:12:494891906 14:18:38 30.4 304 00:15:25 2.2 96703 32
15:09:15:486573310 14:18:38 30.4 304 00:15:25 2.2 96703 32
15:09:18:530017804 14:18:38 30.4 304 00:15:25 2.2 96703 32
15:09:21:500172061 14:18:38 30.4 304 00:15:27 2.2 96703 32
15:09:24:497355157 14:18:38 30.5 305 00:15:29 2.2 96703 32
15:09:27:507514881 14:18:38 30.5 305 00:15:30 2.2 96703 32
15:09:30:549273964 14:18:38 30.4 304 00:15:30 2.2 96703 32
15:09:33:524473319 14:18:38 30.5 305 00:15:32 2.2 96703 32
15:09:36:544293176 14:18:38 30.5 305 00:15:33 2.2 96703 32
15:09:39:546867598 14:18:38 30.5 305 00:15:34 2.2 96703 32
15:09:42:579267305 14:18:38 30.4 304 00:15:34 2.2 96703 32
15:09:45:548165117 14:18:38 30.5 305 00:15:35 2.2 96703 32
15:09:48:552126838 14:18:38 30.5 305 00:15:38 2.2 96703 32
15:09:51:555080798 14:18:38 30.5 305 00:15:38 2.2 96703 32
15:09:54:603768389 14:18:38 30.5 305 00:15:38 2.2 96703 32
15:09:57:576809344 14:18:38 30.5 305 00:15:40 2.2 96703 32
15:10:00:623277825 14:18:38 30.5 305 00:15:42 2.2 96703 32
15:10:03:617125260 14:18:38 30.5 305 00:15:42 2.2 96703 32
15:10:06:632856152 14:18:38 30.5 305 00:15:42 2.2 96703 32
15:10:09:598869274 14:18:38 30.5 305 00:15:44 2.2 96703 32
15:10:12:627870193 14:18:38 30.5 305 00:15:46 2.2 96703 32
15:10:15:631491716 14:18:38 30.5 305 00:15:46 2.2 96703 32
15:10:18:656954534 14:18:38 30.5 305 00:15:47 2.2 96703 32
15:10:21:624386692 14:18:38 30.6 306 00:15:49 2.2 96703 32
15:10:24:672902509 14:18:38 30.6 306 00:15:50 2.2 96703 32
15:10:27:670058994 14:18:38 30.5 305 00:15:50 2.2 96703 32
15:10:30:659900862 14:18:38 30.5 305 00:15:51 2.2 96703 32
15:10:33:650744215 14:18:38 30.6 306 00:15:54 2.2 96703 32
15:10:36:675793018 14:18:38 30.6 306 00:15:54 2.2 96703 32
15:10:39:710233045 14:18:38 30.6 306 00:15:55 2.2 96703 32
15:10:42:678322431 14:18:38 30.6 306 00:15:56 2.2 96703 32
15:10:45:700864993 14:18:38 30.6 306 00:15:58 2.2 96703 32
15:10:48:681985354 14:18:38 30.6 306 00:15:59 2.2 96703 32
15:10:51:723538558 14:18:38 30.6 306 00:15:59 2.2 96703 32
15:10:54:720064827 14:18:38 30.6 306 00:16:01 2.2 96703 32
15:10:57:753157445 14:18:38 30.6 306 00:16:03 2.2 96703 32
15:11:00:737726481 14:18:38 30.6 306 00:16:03 2.2 96703 32
15:11:03:763908578 14:18:38 30.6 306 00:16:03 2.2 96703 32
15:11:06:738046637 14:18:38 30.6 306 00:16:04 2.2 96703 32
15:11:09:745210544 14:18:38 30.6 306 00:16:07 2.2 96703 32
15:11:12:766465060 14:18:38 30.6 306 00:16:07 2.2 96703 32
15:11:15:797914146 14:18:38 30.6 306 00:16:08 2.2 96703 32
15:11:18:837397668 14:18:38 30.6 306 00:16:08 2.2 96703 32
15:11:21:769897795 14:18:38 30.7 307 00:16:11 2.2 96703 31
15:11:24:806850563 14:18:38 30.7 307 00:16:12 2.2 96703 32
15:11:27:822687906 14:18:38 30.6 306 00:16:12 2.2 96703 32
15:11:30:801154682 14:18:38 30.7 307 00:16:13 2.2 96703 32
15:11:33:819996003 14:18:38 30.7 307 00:16:15 2.2 96703 32
15:11:36:805942569 14:18:38 30.7 307 00:16:16 2.2 96703 32
15:11:39:829462726 14:18:38 30.7 307 00:16:16 2.2 96703 32
15:11:42:826880244 14:18:38 30.7 307 00:16:18 2.2 96703 32
15:11:45:871407157 14:18:38 30.7 307 00:16:20 2.2 96703 32
15:11:48:872168974 14:18:38 30.7 307 00:16:20 2.2 96703 32
15:11:51:895310976 14:18:38 30.7 307 00:16:21 2.2 96703 32
15:11:54:857530865 14:18:38 30.7 307 00:16:23 2.2 96703 32
15:11:57:885908816 14:18:38 30.7 307 00:16:24 2.2 96703 32
15:12:00:893713874 14:18:38 30.7 307 00:16:25 2.2 96703 32
15:12:03:911753324 14:18:38 30.7 307 00:16:25 2.2 96703 32
15:12:06:884222185 14:18:38 30.8 308 00:16:28 2.2 96703 32
15:12:09:923671742 14:18:38 30.8 308 00:16:29 2.2 96703 32
15:12:12:909837485 14:18:38 30.7 307 00:16:29 2.2 96703 32
15:12:15:916606561 14:18:38 30.7 307 00:16:29 2.2 96703 32
15:12:18:911266716 14:18:38 30.8 308 00:16:33 2.2 96703 32
15:12:21:953780730 14:18:38 30.8 308 00:16:33 2.2 96703 32
15:12:24:958540024 14:18:38 30.8 308 00:16:33 2.2 96703 32
15:12:27:943385347 14:18:38 30.7 307 00:16:34 2.2 96703 32
15:12:30:947358396 14:18:38 30.8 308 00:16:37 2.2 96703 32
15:12:33:960305449 14:18:38 30.8 308 00:16:38 2.2 96703 32
15:12:36:997004705 14:18:38 30.8 308 00:16:38 2.2 96703 32
15:12:39:983344515 14:18:38 30.8 308 00:16:39 2.2 96703 32
15:12:42:974926631 14:18:38 30.8 308 00:16:41 2.2 96703 32
15:12:45:991609495 14:18:38 30.8 308 00:16:42 2.2 96703 32
15:12:49:025366317 14:18:38 30.8 308 00:16:42 2.2 96703 32
15:12:52:002530654 14:18:38 30.8 308 00:16:44 2.2 96703 32
15:12:55:005959616 14:18:38 30.9 309 00:16:46 2.2 96703 32
15:12:58:012072994 14:18:38 30.8 308 00:16:46 2.2 96703 32
15:13:01:060634456 14:18:38 30.8 308 00:16:47 2.2 96703 32
15:13:04:028193455 14:18:38 30.8 308 00:16:48 2.2 96703 32
15:13:07:036288934 14:18:38 30.9 309 00:16:51 2.2 96703 32
15:13:10:036980325 14:18:38 30.9 309 00:16:51 2.2 96703 32
15:13:13:075538824 14:18:38 30.8 308 00:16:51 2.2 96703 32
15:13:16:055859405 14:18:38 30.9 309 00:16:53 2.2 96703 32
15:13:19:083590605 14:18:38 30.9 309 00:16:55 2.2 96703 32
15:13:22:112222236 14:18:38 30.9 309 00:16:55 2.2 96703 32
15:13:25:113546517 14:18:38 30.9 309 00:16:56 2.2 96703 32
15:13:28:078224854 14:18:38 30.9 309 00:16:58 2.2 96703 32
15:13:31:107680564 14:18:38 30.9 309 00:16:59 2.2 96703 32
15:13:34:109189103 14:18:38 30.9 309 00:17:00 2.2 96703 32
15:13:37:136120922 14:18:38 30.9 309 00:17:00 2.2 96703 32
15:13:40:110887283 14:18:38 31.0 310 00:17:03 2.2 96703 32
15:13:43:128830498 14:18:38 31.0 310 00:17:04 2.2 96703 32
15:13:46:119331722 14:18:38 30.9 309 00:17:04 2.2 96703 32
15:13:49:173536226 14:18:38 30.9 309 00:17:04 2.2 96703 32
15:13:52:145545746 14:18:38 30.9 309 00:17:06 2.2 96703 32
15:13:55:145319196 14:18:38 31.0 310 00:17:08 2.2 96703 32
15:13:58:184173325 14:18:38 31.0 310 00:17:09 2.2 96703 32
15:14:01:199680601 14:18:38 30.9 309 00:17:09 2.2 96703 32
15:14:04:165494302 14:18:38 31.0 310 00:17:11 2.2 96703 32
15:14:07:199458969 14:18:38 31.0 310 00:17:13 2.2 96703 32
15:14:10:201759534 14:18:38 31.0 310 00:17:13 2.2 96703 32
15:14:13:203959141 14:18:38 31.0 310 00:17:13 2.2 96703 32
15:14:16:188347513 14:18:38 31.0 310 00:17:16 2.2 96703 32
15:14:19:215685869 14:18:38 31.0 310 00:17:17 2.2 96703 32
15:14:22:231086481 14:18:38 31.0 310 00:17:17 2.2 96703 32
15:14:25:245856555 14:18:38 31.0 310 00:17:18 2.2 96703 32
15:14:28:215867594 14:18:38 31.0 310 00:17:20 2.2 96703 32
15:14:31:246976334 14:18:38 31.0 310 00:17:22 2.2 96703 32
15:14:34:255974672 14:18:38 31.0 310 00:17:22 2.2 96703 32
15:14:37:270780913 14:18:38 31.0 310 00:17:22 2.2 96703 32
15:14:40:282024373 14:18:38 31.1 311 00:17:25 2.2 96703 32
15:14:43:282505973 14:18:38 31.1 311 00:17:26 2.2 96703 32
15:14:46:295822432 14:18:38 31.0 310 00:17:26 2.2 96703 32
15:14:49:296853622 14:18:38 31.0 310 00:17:27 2.2 96703 32
15:14:52:265129387 14:18:38 31.1 311 00:17:29 2.2 96703 32
15:14:55:312551168 14:18:38 31.1 311 00:17:30 2.2 96703 32
15:14:58:271416971 14:18:38 31.1 311 00:17:31 2.2 96703 32
15:15:01:319854500 14:18:38 31.0 310 00:17:31 2.2 96703 32
15:15:04:289847197 14:18:38 31.1 311 00:17:33 2.2 96703 32
15:15:07:323700401 14:18:38 31.1 311 00:17:35 2.2 96703 32
15:15:10:340144182 14:18:38 31.1 311 00:17:35 2.2 96703 32
15:15:13:346558488 14:18:38 31.1 311 00:17:36 2.2 96703 32
15:15:16:328155187 14:18:38 31.1 311 00:17:37 2.2 96703 32
15:15:19:342470349 14:18:38 31.1 311 00:17:39 2.2 96703 32
15:15:22:325923940 14:18:38 31.1 311 00:17:40 2.2 96703 32
15:15:25:389864791 14:18:38 31.1 311 00:17:40 2.2 96703 32
15:15:28:340243501 14:18:38 31.1 311 00:17:42 2.2 96703 32
15:15:31:372598956 14:18:38 31.1 311 00:17:44 2.2 96703 32
15:15:34:353065091 14:18:38 31.1 311 00:17:44 2.2 96703 32
15:15:37:408966850 14:18:38 31.1 311 00:17:45 2.2 96703 32
15:15:40:374077015 14:18:38 31.1 311 00:17:46 2.2 96703 32
15:15:43:397056970 14:18:38 31.2 312 00:17:49 2.2 96703 32
15:15:46:400013159 14:18:38 31.1 311 00:17:49 2.2 96703 32
15:15:49:426636138 14:18:38 31.1 311 00:17:49 2.2 96703 32
15:15:52:396305210 14:18:38 31.2 312 00:17:51 2.2 96703 32
15:15:55:394715220 14:18:38 31.2 312 00:17:53 2.2 96703 32
15:15:58:418483532 14:18:38 31.2 312 00:17:53 2.2 96703 32
15:16:01:451238835 14:18:38 31.1 311 00:17:54 2.2 96703 32
15:16:04:429009974 14:18:38 31.1 311 00:17:54 2.2 96703 32
15:16:07:426564631 14:18:38 31.2 312 00:17:57 2.2 96703 32
15:16:10:436977268 14:18:38 31.2 312 00:17:58 2.2 96703 32
15:16:13:450882429 14:18:38 31.2 312 00:17:58 2.2 96703 32
15:16:16:448534763 14:18:38 31.2 312 00:18:00 2.2 96703 32
15:16:19:448713953 14:18:38 31.2 312 00:18:02 2.2 96703 31
15:16:22:486191394 14:18:38 31.2 312 00:18:03 2.2 96703 32
15:16:25:504447044 14:18:38 31.2 312 00:18:03 2.2 96703 32
15:16:28:479047006 14:18:38 31.2 312 00:18:05 2.2 96703 32
15:16:31:472748088 14:18:38 31.3 313 00:18:07 2.2 96703 32
15:16:34:483048003 14:18:38 31.2 312 00:18:07 2.2 96703 32
15:16:37:571949161 14:18:38 31.2 312 00:18:08 2.2 96703 32
15:16:40:506355166 14:18:38 31.3 313 00:18:10 2.2 96703 32
15:16:43:531838761 14:18:38 31.3 313 00:18:12 2.2 96703 32
15:16:46:538212140 14:18:38 31.3 313 00:18:12 2.2 96703 32
15:16:49:539076876 14:18:38 31.3 313 00:18:13 2.2 96703 32
15:16:52:654246940 14:18:38 31.3 313 00:18:16 2.2 96703 32
15:16:55:575143564 14:18:38 31.3 313 00:18:16 2.2 96703 32
15:16:58:583352878 14:18:38 31.3 313 00:18:17 2.2 96703 32
15:17:01:562223308 14:18:38 31.3 313 00:18:17 2.2 96703 32
15:17:04:558252350 14:18:38 31.4 314 00:18:20 2.2 96703 32
15:17:07:567358149 14:18:38 31.3 313 00:18:21 2.2 96703 32
15:17:10:605829031 14:18:38 31.3 313 00:18:21 2.2 96703 32
15:17:13:574382601 14:18:38 31.3 313 00:18:23 2.2 96703 32
15:17:16:598863955 14:18:38 31.4 314 00:18:25 2.2 96703 32
15:17:19:626451879 14:18:38 31.4 314 00:18:26 2.2 96703 32
15:17:22:611764844 14:18:38 31.3 313 00:18:26 2.2 96703 32
15:17:25:609026928 14:18:38 31.3 313 00:18:27 2.2 96703 32
15:17:28:604055970 14:18:38 31.4 314 00:18:30 2.2 96703 32
15:17:31:620633244 14:18:38 31.4 314 00:18:30 2.2 96959 32
15:17:34:803827692 14:18:38 31.4 314 00:18:31 2.2 96703 32
15:17:37:668102945 14:18:38 31.4 314 00:18:32 2.2 96703 32
15:17:40:623824306 14:18:38 31.4 314 00:18:34 2.2 96703 31
15:17:43:694914045 14:18:38 31.4 314 00:18:35 2.2 96703 32
15:17:46:689848188 14:18:38 31.4 314 00:18:35 2.2 96703 32
15:17:49:651787471 14:18:38 31.4 314 00:18:37 2.2 96703 32
15:17:52:650350261 14:18:38 31.5 315 00:18:39 2.2 96703 32
15:17:55:656038333 14:18:38 31.4 314 00:18:40 2.2 96959 32
15:17:58:707380444 14:18:38 31.4 314 00:18:40 2.2 96959 32
15:18:01:690740210 14:18:38 31.5 315 00:18:42 2.2 96959 32
15:18:04:674126637 14:18:38 31.5 315 00:18:44 2.2 96959 32
15:18:07:722551623 14:18:38 31.5 315 00:18:45 2.2 96959 32
15:18:10:728977324 14:18:38 31.5 315 00:18:45 2.2 96959 32
15:18:13:695866210 14:18:38 31.5 315 00:18:48 2.2 96959 32
15:18:16:725600782 14:18:38 31.5 315 00:18:49 2.2 96959 32
15:18:19:707470006 14:18:38 31.5 315 00:18:49 2.2 96959 32
15:18:22:726259997 14:18:38 31.5 315 00:18:50 2.2 96959 32
15:18:25:720673028 14:18:38 31.5 315 00:18:53 2.2 96959 32
15:18:28:741825551 14:18:38 31.5 315 00:18:54 2.2 96959 32
15:18:31:767432986 14:18:38 31.5 315 00:18:54 2.2 96959 32
15:18:34:753745079 14:18:38 31.5 315 00:18:55 2.2 96959 32
15:18:37:741289844 14:18:38 31.6 316 00:18:58 2.2 96959 32
15:18:40:793578501 14:18:38 31.6 316 00:18:58 2.2 96959 32
15:18:43:756173409 14:18:38 31.6 316 00:18:59 2.2 96959 32
15:18:46:802155970 14:18:38 31.5 315 00:18:59 2.2 96959 32
15:18:49:775647805 14:18:38 31.6 316 00:19:01 2.2 96959 32
15:18:52:827538097 14:18:38 31.6 316 00:19:03 2.2 96959 32
15:18:55:793621080 14:18:38 31.6 316 00:19:04 2.2 96959 32
15:18:58:828430892 14:18:38 31.6 316 00:19:04 2.2 96959 32
15:19:01:806895137 14:18:38 31.6 316 00:19:06 2.2 96959 32
15:19:04:833009622 14:18:38 31.6 316 00:19:08 2.2 96959 32
15:19:07:834116071 14:18:38 31.6 316 00:19:08 2.2 96959 32
15:19:10:860574987 14:18:38 31.6 316 00:19:08 2.2 96959 32
15:19:13:830631086 14:18:38 31.6 316 00:19:11 2.2 96959 32
15:19:16:856121036 14:18:38 31.6 316 00:19:13 2.2 96959 32
15:19:19:907053924 14:18:38 31.6 316 00:19:13 2.2 96959 32
15:19:22:859380385 14:18:38 31.6 316 00:19:13 2.2 96959 32
15:19:25:855054971 14:18:38 31.7 317 00:19:16 2.2 96959 32
15:19:28:879698499 14:18:38 31.7 317 00:19:17 2.2 96959 32
15:19:31:881443286 14:18:38 31.7 317 00:19:18 2.2 96959 32
15:19:34:879885719 14:18:38 31.7 317 00:19:19 2.2 96992 32
15:19:37:874150935 14:18:38 31.7 317 00:19:22 2.2 96992 32
15:19:40:893356893 14:18:38 31.7 317 00:19:22 2.2 96992 32
15:19:43:929681998 14:18:38 31.7 317 00:19:23 2.2 96992 32
15:19:46:907884687 14:18:38 31.7 317 00:19:24 2.2 96992 32
15:19:49:896023249 14:18:38 31.7 317 00:19:27 2.2 96992 32
15:19:52:939695656 14:18:38 31.7 317 00:19:27 2.2 96992 32
15:19:55:904619931 14:18:38 31.7 317 00:19:27 2.2 96992 32
15:19:58:956383382 14:18:38 31.7 317 00:19:28 2.2 96992 32
15:20:01:930382340 14:18:38 31.7 317 00:19:30 2.2 96992 32
15:20:04:929480064 14:18:38 31.7 317 00:19:32 2.2 96992 32
15:20:07:964212559 14:18:38 31.7 317 00:19:32 2.2 96992 32
15:20:10:974999828 14:18:38 31.7 317 00:19:32 2.2 96992 32
15:20:13:958997542 14:18:38 31.7 317 00:19:34 2.2 96992 32
15:20:16:968696934 14:18:38 31.8 318 00:19:37 2.2 96992 32
15:20:19:970184185 14:18:38 31.8 318 00:19:37 2.2 96992 32
15:20:23:011516386 14:18:38 31.7 317 00:19:37 2.2 96992 32
15:20:25:988881767 14:18:38 31.8 318 00:19:39 2.2 96992 32
15:20:28:995069256 14:18:38 31.8 318 00:19:42 2.2 96992 32
15:20:32:004042082 14:18:38 31.8 318 00:19:42 2.2 96992 32
15:20:35:058723824 14:18:38 31.8 318 00:19:42 2.2 96992 32
15:20:38:025717430 14:18:38 31.8 318 00:19:44 2.2 96992 32
15:20:41:053436864 14:18:38 31.8 318 00:19:46 2.2 96992 31
15:20:44:047228788 14:18:38 31.8 318 00:19:46 2.2 96992 31
15:20:47:070206168 14:18:38 31.8 318 00:19:47 2.2 96992 31
15:20:50:090085092 14:18:38 31.8 318 00:19:47 2.2 96992 31
15:20:53:100007114 14:18:38 31.8 318 00:19:47 2.2 96992 31
15:20:56:101994189 14:18:38 31.7 317 00:19:47 2.2 96992 31
15:20:59:110010499 14:18:38 31.7 317 00:19:47 2.2 96992 31
15:21:02:111444316 14:18:38 31.7 317 00:19:47 2.2 96992 31
15:21:05:112292229 14:18:38 31.7 317 00:19:48 2.2 96992 31
15:21:08:131981799 14:18:38 31.6 316 00:19:48 2.2 96992 31
15:21:11:145197356 14:18:38 31.6 316 00:19:48 2.2 96992 31
15:21:14:147344992 14:18:38 31.6 316 00:19:48 2.2 96992 31
15:21:17:250991353 14:18:38 31.6 316 00:19:48 2.2 96992 31
15:21:20:157922850 14:18:38 31.6 316 00:19:48 2.2 96992 31
15:21:23:166165495 14:18:38 31.5 315 00:19:49 2.2 96992 31
15:21:26:170280374 14:18:38 31.5 315 00:19:49 2.2 96992 31
15:21:29:187284213 14:18:38 31.5 315 00:19:49 2.2 96992 31
15:21:32:186940549 14:18:38 31.5 315 00:19:49 2.2 96992 31
15:21:35:194227439 14:18:38 31.5 315 00:19:49 2.2 96992 31
15:21:38:198767068 14:18:38 31.4 314 00:19:50 2.2 96992 31
15:21:41:180778345 14:18:38 31.4 314 00:19:50 2.2 96992 31
15:21:44:218883377 14:18:38 31.4 314 00:19:50 2.2 96992 31
15:21:47:220210660 14:18:38 31.4 314 00:19:50 2.2 96992 31
15:21:50:226479689 14:18:38 31.4 314 00:19:50 2.2 96992 31
15:21:53:241357095 14:18:38 31.3 313 00:19:51 2.2 96992 31
15:21:56:244440125 14:18:38 31.3 313 00:19:51 2.2 96992 31
15:21:59:224801541 14:18:38 31.3 313 00:19:51 2.2 96992 31
15:22:02:258997749 14:18:38 31.3 313 00:19:51 2.2 96992 31
15:22:05:262776442 14:18:38 31.3 313 00:19:51 2.2 96992 31
15:22:08:277828657 14:18:38 31.2 312 00:19:52 2.2 96992 31
15:22:11:282669158 14:18:38 31.2 312 00:19:52 2.2 96992 31
15:22:14:289942764 14:18:38 31.2 312 00:19:52 2.2 96992 31
15:22:17:269785217 14:18:38 31.2 312 00:19:52 2.2 96992 31
15:22:20:303541965 14:18:38 31.2 312 00:19:52 2.2 96992 31
15:22:23:314202504 14:18:38 31.2 312 00:19:53 2.2 96992 31
15:22:26:319411152 14:18:38 31.1 311 00:19:53 2.2 96992 31
15:22:29:349046303 14:18:38 31.1 311 00:19:53 2.2 96992 31
15:22:32:334340221 14:18:38 31.1 311 00:19:53 2.2 96992 31
15:22:35:344635596 14:18:38 31.1 311 00:19:53 2.2 96992 31
15:22:38:334852770 14:18:38 31.1 311 00:19:54 2.2 96992 31
15:22:41:328040800 14:18:38 31.0 310 00:19:54 2.2 96992 31
15:22:44:360757806 14:18:38 31.0 310 00:19:54 2.2 96992 31
15:22:47:363659894 14:18:38 31.0 310 00:19:54 2.2 96992 31
15:22:50:378140194 14:18:38 31.0 310 00:19:54 2.2 96992 31
15:22:53:391454819 14:18:38 30.9 309 00:19:54 2.2 96992 31
15:22:56:393585002 14:18:38 30.9 309 00:19:55 2.2 96992 31
15:22:59:394013539 14:18:38 30.9 309 00:19:55 2.2 96992 31
15:23:02:407348304 14:18:38 30.9 309 00:19:55 2.2 96992 31
15:23:05:409488974 14:18:38 30.9 309 00:19:55 2.2 96992 31
15:23:08:420753759 14:18:38 30.8 308 00:19:55 2.2 96992 31
15:23:11:429947343 14:18:38 30.8 308 00:19:55 2.2 96992 31
15:23:14:440181632 14:18:38 30.8 308 00:19:56 2.2 96992 31
15:23:16:981329895 14:18:37 30.8 308 00:19:56 2.2 96992 31
15:23:19:975756488 14:18:37 30.8 308 00:19:56 2.2 96992 31
15:23:22:993421972 14:18:37 30.8 308 00:19:56 2.2 96992 31
15:23:25:990891901 14:18:37 30.7 307 00:19:56 2.2 96992 31
15:23:28:980744263 14:18:37 30.7 307 00:19:57 2.2 96992 31
15:23:32:001996485 14:18:37 30.7 307 00:19:57 2.2 96992 31
15:23:35:006586712 14:18:37 30.7 307 00:19:57 2.2 96992 31
15:23:37:990531085 14:18:37 30.7 307 00:19:57 2.2 96992 31
15:23:41:022195714 14:18:37 30.6 306 00:19:57 2.2 96992 31
15:23:44:032072046 14:18:37 30.6 306 00:19:57 2.2 96992 31
15:23:47:039485314 14:18:37 30.6 306 00:19:58 2.2 96992 31
15:23:50:042277403 14:18:37 30.6 306 00:19:58 2.2 96992 31
15:23:53:055783364 14:18:37 30.6 306 00:19:58 2.2 96992 31
15:23:56:064314135 14:18:37 30.5 305 00:19:58 2.2 96992 31
15:23:59:063793123 14:18:37 30.5 305 00:19:58 2.2 96992 31
15:24:02:073829202 14:18:37 30.5 305 00:19:59 2.2 96992 31
15:24:05:080151499 14:18:37 30.5 305 00:19:59 2.2 96992 31
15:24:08:075362669 14:18:37 30.5 305 00:19:59 2.2 96992 31
15:24:11:096975015 14:18:37 30.5 305 00:19:59 2.2 96992 31
15:24:14:100933538 14:18:37 30.4 304 00:19:59 2.2 96992 31
15:24:17:111755695 14:18:37 30.4 304 00:19:59 2.2 96992 31
15:24:20:116774359 14:18:37 30.4 304 00:20:00 2.2 96992 31
15:24:23:128051262 14:18:37 30.4 304 00:20:00 2.2 96992 31
15:24:26:101841412 14:18:37 30.4 304 00:20:00 2.2 96992 31
15:24:29:137762538 14:18:37 30.3 303 00:20:00 2.2 96992 31
15:24:32:146391951 14:18:37 30.3 303 00:20:01 2.2 96992 31
15:24:35:153558652 14:18:37 30.3 303 00:20:01 2.2 96992 31
15:24:38:167854211 14:18:37 30.3 303 00:20:01 2.2 96992 31
15:24:41:161874379 14:18:37 30.3 303 00:20:01 2.2 96992 31
15:24:44:176121562 14:18:37 30.2 302 00:20:01 2.2 96992 31
15:24:47:179973865 14:18:37 30.2 302 00:20:02 2.2 96992 31
15:24:50:185149904 14:18:37 30.2 302 00:20:02 2.2 96992 31
15:24:53:189111225 14:18:37 30.2 302 00:20:02 2.2 96992 31
15:24:56:205699782 14:18:37 30.2 302 00:20:02 2.2 96992 31
15:24:59:203968370 14:18:37 30.2 302 00:20:02 2.2 96992 31
15:25:02:230948453 14:18:37 30.1 301 00:20:02 2.2 96992 31
15:25:05:220230698 14:18:37 30.1 301 00:20:03 2.2 96992 31
15:25:08:231090855 14:18:37 30.1 301 00:20:03 2.2 96992 31
15:25:11:235750932 14:18:37 30.1 301 00:20:03 2.2 96992 31
15:25:14:242105190 14:18:37 30.1 301 00:20:03 2.2 96992 31
15:25:17:253950747 14:18:37 30.0 300 00:20:03 2.2 96992 31
15:25:20:261940063 14:18:37 30.0 300 00:20:03 2.2 96992 31
15:25:23:251898497 14:18:37 30.0 300 00:20:04 2.2 96992 31
15:25:26:270496299 14:18:37 30.0 300 00:20:04 2.2 96992 31
15:25:29:276252008 14:18:37 30.0 300 00:20:04 2.2 96992 31
15:25:32:287959233 14:18:37 30.0 300 00:20:04 2.2 96992 31
15:25:35:289458374 14:18:37 29.9 299 00:20:04 2.2 96992 31
15:25:38:296767366 14:18:37 29.9 299 00:20:04 2.2 96992 31
15:25:41:296906662 14:18:37 29.9 299 00:20:05 2.2 96992 29
15:25:44:311664050 14:18:37 29.9 299 00:20:05 2.2 94943 27
15:25:47:338322475 14:18:37 29.9 299 00:20:05 2.2 94943 27
15:25:50:338788488 14:18:37 29.9 299 00:20:05 2.2 94943 27
15:25:53:351190853 14:18:37 29.8 298 00:20:05 2.2 94943 27
15:25:56:353700251 14:18:37 29.8 298 00:20:06 2.2 94943 27
15:25:59:338295846 14:18:37 29.8 298 00:20:06 2.2 94943 27
15:26:02:379666942 14:18:37 29.8 298 00:20:06 2.2 94943 27
15:26:05:382478528 14:18:37 29.8 298 00:20:06 2.2 94943 27
15:26:08:392796063 14:18:37 29.7 297 00:20:06 2.2 94943 27
15:26:11:419998427 14:18:37 29.7 297 00:20:06 2.2 94943 27
15:26:14:416203833 14:18:37 29.7 297 00:20:07 2.0 88168 25
15:26:17:410640858 14:18:37 29.7 297 00:20:07 2.0 88168 25
15:26:20:424785284 14:18:37 29.7 297 00:20:07 2.0 88168 25
15:26:23:439190531 14:18:37 29.6 296 00:20:07 2.0 88168 24
15:26:26:445281314 14:18:37 29.6 296 00:20:07 2.0 88168 24
15:26:29:450075822 14:18:37 29.6 296 00:20:07 2.0 88168 24
15:26:32:461410969 14:18:37 29.6 296 00:20:07 2.0 88168 24
15:26:35:471326371 14:18:37 29.6 296 00:20:07 2.0 88168 24
15:26:38:480525431 14:18:37 29.5 295 00:20:07 2.0 88168 24
15:26:41:479950691 14:18:37 29.5 295 00:20:07 2.0 88168 24
15:26:44:497597245 14:18:37 29.5 295 00:20:07 2.0 88168 24
15:26:47:505194392 14:18:37 29.5 295 00:20:07 2.0 88168 24
15:26:50:528791271 14:18:37 29.5 295 00:20:07 2.0 88168 24
15:26:53:540692696 14:18:37 29.4 294 00:20:07 2.0 88168 24
15:26:56:536507504 14:18:37 29.4 294 00:20:07 2.0 88168 24
15:26:59:554250931 14:18:37 29.4 294 00:20:07 2.0 88168 24
15:27:02:562003594 14:18:37 29.4 294 00:20:07 2.0 88168 24
15:27:05:557188261 14:18:37 29.3 293 00:20:07 2.0 88168 24
