19:01:30 1000 44 0.00 0.00 0.00 0.00 0.00 0 0.01 0.00 60776 5072 0.13 0.00 0.00 0.00 0 1 5 smartDeviceLinkCore
19:01:33 1000 44 0.00 0.00 0.00 0.00 0.00 2 0.16 0.00 332516 81464 2.04 0.00 0.07 0.00 67 26 25 smartDeviceLinkCore
19:01:36 1000 44 0.00 0.00 0.00 0.00 0.00 2 0.16 0.00 332516 81464 2.04 0.00 0.07 0.00 67 26 25 smartDeviceLinkCore
19:01:39 1000 44 0.00 0.00 0.00 0.00 0.01 2 0.19 0.00 373496 82788 2.07 0.00 0.14 0.00 67 31 29 smartDeviceLinkCore
19:01:42 1000 44 0.01 0.00 0.00 0.00 0.01 2 0.25 0.00 399128 84800 2.12 0.00 0.49 0.00 67 35 31 smartDeviceLinkCore
19:01:45 1000 44 0.02 0.01 0.00 0.00 0.03 2 0.25 0.00 400152 85064 2.13 0.00 1.11 0.00 67 35 30 smartDeviceLinkCore
19:01:48 1000 44 0.03 0.01 0.00 0.00 0.04 2 0.26 0.00 400152 85064 2.13 0.00 1.71 0.00 67 35 30 smartDeviceLinkCore
19:01:51 1000 44 0.04 0.02 0.00 0.00 0.05 2 0.27 0.00 400152 85624 2.14 0.00 2.32 0.00 67 35 30 smartDeviceLinkCore
19:01:54 1000 44 0.04 0.02 0.00 0.00 0.07 2 0.31 0.00 400152 86528 2.16 0.00 3.00 0.00 67 35 30 smartDeviceLinkCore
19:01:57 1000 44 0.05 0.03 0.00 0.00 0.08 2 0.32 0.00 400152 86536 2.16 0.00 3.58 0.00 67 35 31 smartDeviceLinkCore
19:02:00 1000 44 0.06 0.03 0.00 0.00 0.09 2 0.35 0.00 400324 86788 2.17 0.00 4.21 0.00 67 35 31 smartDeviceLinkCore
19:02:03 1000 44 0.07 0.04 0.00 0.00 0.11 2 0.39 0.00 400324 87340 2.18 0.00 4.82 0.00 67 35 31 smartDeviceLinkCore
19:02:06 1000 44 0.08 0.04 0.00 0.00 0.12 2 0.40 0.00 400324 87340 2.18 0.00 5.50 0.00 67 35 30 smartDeviceLinkCore
19:02:09 1000 44 0.09 0.04 0.00 0.00 0.13 2 0.41 0.00 400324 87340 2.18 0.00 6.10 0.00 67 35 30 smartDeviceLinkCore
19:02:12 1000 44 0.10 0.05 0.00 0.00 0.14 2 0.46 0.00 400324 87868 2.20 0.00 6.71 0.00 67 35 31 smartDeviceLinkCore
19:02:15 1000 44 0.10 0.05 0.00 0.00 0.16 2 0.53 0.00 405700 93020 2.33 0.00 7.08 0.00 67 35 31 smartDeviceLinkCore
19:02:24 1000 44 0.11 0.06 0.00 0.00 0.18 2 1.03 0.00 443272 130932 3.27 0.00 7.47 0.00 67 35 30 smartDeviceLinkCore
19:02:28 1000 44 0.13 0.07 0.00 0.00 0.20 2 1.20 0.00 445320 132128 3.30 0.00 8.86 0.00 67 35 30 smartDeviceLinkCore
19:02:32 1000 44 0.14 0.08 0.00 0.00 0.22 2 1.30 0.00 429064 116604 2.92 0.00 9.73 0.00 67 35 30 smartDeviceLinkCore
19:02:41 1000 44 0.16 0.09 0.00 0.00 0.25 2 1.73 0.00 440584 128384 3.21 0.00 11.25 0.00 67 35 31 smartDeviceLinkCore
19:02:49 1000 44 0.18 0.10 0.00 0.00 0.28 2 2.14 0.00 454028 141884 3.55 0.00 12.55 0.00 67 35 31 smartDeviceLinkCore
19:02:52 1000 44 0.19 0.11 0.00 0.00 0.29 2 2.29 0.00 454028 141884 3.55 0.00 13.31 0.00 67 35 30 smartDeviceLinkCore
19:02:58 1000 44 0.19 0.11 0.00 0.00 0.31 2 2.63 0.00 459212 147164 3.68 0.00 13.62 0.00 67 35 31 smartDeviceLinkCore
19:03:01 1000 44 0.20 0.12 0.00 0.00 0.32 2 2.80 0.00 459212 147164 3.68 0.00 14.50 0.00 67 35 31 smartDeviceLinkCore
19:03:10 1000 44 0.22 0.13 0.00 0.00 0.35 2 3.30 0.00 480140 168028 4.20 0.00 15.87 0.00 67 35 30 smartDeviceLinkCore
19:03:13 1000 44 0.23 0.14 0.00 0.00 0.37 2 3.48 0.00 480140 168028 4.20 0.00 17.13 0.00 67 35 30 smartDeviceLinkCore
19:03:19 1000 44 0.25 0.15 0.00 0.00 0.40 2 3.86 0.00 451532 139484 3.49 0.00 18.82 0.00 67 35 31 smartDeviceLinkCore
19:03:26 1000 44 0.27 0.16 0.00 0.00 0.42 2 4.22 0.00 452620 140080 3.50 0.00 19.97 0.00 67 35 30 smartDeviceLinkCore
19:03:29 1000 44 0.28 0.16 0.00 0.00 0.44 2 4.37 0.00 452620 140080 3.50 0.00 20.98 0.00 67 35 30 smartDeviceLinkCore
19:03:32 1000 44 0.29 0.17 0.00 0.00 0.46 2 4.47 0.00 439944 127404 3.19 0.00 22.13 0.00 67 35 30 smartDeviceLinkCore
19:03:36 1000 44 0.30 0.17 0.00 0.00 0.48 2 4.60 0.00 421064 108528 2.71 0.00 23.32 0.00 67 35 31 smartDeviceLinkCore
19:03:39 1000 44 0.31 0.18 0.00 0.00 0.49 2 4.77 0.00 428552 115888 2.90 0.00 23.73 0.00 67 35 31 smartDeviceLinkCore
19:03:43 1000 44 0.32 0.18 0.00 0.00 0.51 2 4.77 0.00 407620 95084 2.38 0.00 25.11 0.00 67 35 31 smartDeviceLinkCore
19:03:47 1000 44 0.33 0.19 0.00 0.00 0.52 2 4.97 0.00 416068 103468 2.59 0.00 25.81 0.00 67 35 30 smartDeviceLinkCore
19:03:51 1000 44 0.34 0.20 0.00 0.00 0.54 2 5.01 0.00 408964 96092 2.40 0.00 26.69 0.00 67 35 30 smartDeviceLinkCore
19:03:59 1000 44 0.35 0.21 0.00 0.00 0.56 2 5.43 0.00 437000 124464 3.11 0.00 27.44 0.00 67 35 30 smartDeviceLinkCore
19:04:03 1000 44 0.37 0.21 0.00 0.00 0.58 2 5.53 0.00 408964 96428 2.41 0.00 29.10 0.00 67 35 30 smartDeviceLinkCore
19:04:06 1000 44 0.38 0.22 0.00 0.00 0.60 2 5.67 0.00 407812 95276 2.38 0.00 29.87 0.00 67 35 31 smartDeviceLinkCore
19:04:09 1000 44 0.38 0.22 0.00 0.00 0.61 2 5.75 0.00 413572 100960 2.52 0.00 30.41 0.00 67 35 30 smartDeviceLinkCore
19:04:12 1000 44 0.39 0.23 0.00 0.00 0.62 2 5.78 0.00 407236 94452 2.36 0.00 31.10 0.00 67 35 31 smartDeviceLinkCore
19:04:16 1000 44 0.40 0.23 0.00 0.00 0.64 2 5.89 0.00 405508 92844 2.32 0.00 32.02 0.00 67 35 33 smartDeviceLinkCore
19:04:19 1000 44 0.41 0.24 0.00 0.00 0.65 2 5.92 0.00 405316 92652 2.32 0.00 32.65 0.00 67 35 30 smartDeviceLinkCore
19:04:22 1000 44 0.42 0.24 0.00 0.00 0.66 2 5.99 0.00 408452 95524 2.39 0.00 33.12 0.00 67 35 30 smartDeviceLinkCore
19:04:30 1000 44 0.43 0.25 0.00 0.00 0.69 2 6.44 0.00 418820 106284 2.66 0.00 34.39 0.00 67 35 30 smartDeviceLinkCore
19:04:33 1000 44 0.45 0.26 0.00 0.00 0.70 2 6.44 0.00 405316 92780 2.32 0.00 35.52 0.00 67 35 31 smartDeviceLinkCore
19:04:36 1000 44 0.45 0.26 0.00 0.00 0.72 2 6.54 0.00 405636 93108 2.33 0.00 36.12 0.00 67 35 32 smartDeviceLinkCore
19:04:39 1000 44 0.46 0.27 0.00 0.00 0.72 2 6.64 0.00 414468 101592 2.54 0.00 36.34 0.00 67 35 31 smartDeviceLinkCore
19:04:42 1000 44 0.47 0.27 0.00 0.00 0.74 2 6.67 0.00 405508 92848 2.32 0.00 37.35 0.00 67 35 31 smartDeviceLinkCore
19:04:49 1000 44 0.48 0.28 0.00 0.00 0.76 2 7.08 0.00 434504 121976 3.05 0.00 37.82 0.00 67 35 30 smartDeviceLinkCore
19:04:53 1000 44 0.49 0.29 0.00 0.00 0.78 2 7.20 0.00 424520 111992 2.80 0.00 38.87 0.00 67 35 30 smartDeviceLinkCore
19:04:56 1000 44 0.50 0.29 0.00 0.00 0.79 2 7.20 0.00 417732 105204 2.63 0.00 39.89 0.00 67 35 31 smartDeviceLinkCore
19:04:59 1000 44 0.51 0.30 0.00 0.00 0.81 2 7.29 0.00 405380 92852 2.32 0.00 40.78 0.00 67 35 31 smartDeviceLinkCore
19:05:05 1000 44 0.52 0.30 0.00 0.00 0.82 2 7.52 0.00 427592 114756 2.87 0.00 41.25 0.00 67 35 30 smartDeviceLinkCore
19:05:08 1000 44 0.53 0.31 0.00 0.00 0.84 2 7.65 0.00 417348 104820 2.62 0.00 42.17 0.00 67 35 31 smartDeviceLinkCore
19:05:11 1000 44 0.53 0.31 0.00 0.00 0.85 2 7.73 0.00 419784 107072 2.68 0.00 42.70 0.00 67 35 31 smartDeviceLinkCore
19:05:14 1000 44 0.54 0.32 0.00 0.00 0.85 2 7.86 0.00 432456 119744 2.99 0.00 42.74 0.00 67 35 32 smartDeviceLinkCore
19:05:23 1000 44 0.54 0.32 0.00 0.00 0.86 2 8.04 0.00 405316 92832 2.32 0.00 42.76 0.00 67 35 29 smartDeviceLinkCore
19:05:26 1000 44 0.54 0.32 0.00 0.00 0.86 2 8.04 0.00 405316 92832 2.32 0.00 42.75 0.00 67 35 29 smartDeviceLinkCore
19:05:29 1000 44 0.54 0.32 0.00 0.00 0.86 2 8.07 0.00 405316 92832 2.32 0.00 42.82 0.00 67 35 29 smartDeviceLinkCore
19:05:32 1000 44 0.54 0.32 0.00 0.00 0.86 2 8.08 0.00 405316 93280 2.33 0.00 42.81 0.00 67 33 29 smartDeviceLinkCore
19:05:35 1000 44 0.54 0.32 0.00 0.00 0.86 2 8.08 0.00 405316 93280 2.33 0.00 42.81 0.00 67 33 29 smartDeviceLinkCore
19:05:38 1000 44 0.54 0.32 0.00 0.00 0.86 2 8.11 0.00 405316 93280 2.33 0.00 42.86 0.00 67 33 30 smartDeviceLinkCore
19:05:41 1000 44 0.54 0.32 0.00 0.00 0.86 2 8.12 0.00 405316 93280 2.33 0.00 42.87 0.00 67 33 29 smartDeviceLinkCore
19:05:44 1000 44 0.54 0.32 0.00 0.00 0.86 2 8.11 0.00 405316 93280 2.33 0.00 42.86 0.00 67 33 29 smartDeviceLinkCore
19:05:47 1000 44 0.54 0.32 0.00 0.00 0.86 2 8.11 0.00 405316 93280 2.33 0.00 42.86 0.00 67 33 29 smartDeviceLinkCore
19:05:50 1000 44 0.54 0.32 0.00 0.00 0.86 2 8.14 0.00 405316 93280 2.33 0.00 42.93 0.00 67 33 29 smartDeviceLinkCore
19:05:53 1000 44 0.54 0.32 0.00 0.00 0.86 2 8.14 0.00 405316 93280 2.33 0.00 42.92 0.00 67 33 29 smartDeviceLinkCore
19:05:56 1000 44 0.54 0.32 0.00 0.00 0.86 2 8.14 0.00 405316 93280 2.33 0.00 42.91 0.00 67 33 29 smartDeviceLinkCore
19:05:59 1000 44 0.54 0.32 0.00 0.00 0.86 2 8.16 0.00 405316 93280 2.33 0.00 42.98 0.00 67 33 29 smartDeviceLinkCore
19:06:02 1000 44 0.54 0.32 0.00 0.00 0.86 2 8.17 0.00 405316 93280 2.33 0.00 42.98 0.00 67 33 29 smartDeviceLinkCore
19:06:05 1000 44 0.54 0.32 0.00 0.00 0.86 2 8.17 0.00 405316 93280 2.33 0.00 42.97 0.00 67 33 29 smartDeviceLinkCore
19:06:08 1000 44 0.54 0.32 0.00 0.00 0.86 2 8.19 0.00 405316 93280 2.33 0.00 42.98 0.00 67 33 30 smartDeviceLinkCore
19:06:11 1000 44 0.54 0.32 0.00 0.00 0.86 2 8.19 0.00 405316 93280 2.33 0.00 43.03 0.00 67 33 29 smartDeviceLinkCore
19:06:14 1000 44 0.54 0.32 0.00 0.00 0.86 2 8.19 0.00 405316 93280 2.33 0.00 43.03 0.00 67 33 29 smartDeviceLinkCore
19:06:17 1000 44 0.54 0.32 0.00 0.00 0.86 2 8.19 0.00 405316 93280 2.33 0.00 43.02 0.00 67 33 29 smartDeviceLinkCore
19:06:20 1000 44 0.54 0.32 0.00 0.00 0.86 2 8.22 0.00 405316 93280 2.33 0.00 43.09 0.00 67 33 29 smartDeviceLinkCore
19:06:23 1000 44 0.54 0.32 0.00 0.00 0.86 2 8.22 0.00 405316 93280 2.33 0.00 43.08 0.00 67 33 29 smartDeviceLinkCore
19:06:26 1000 44 0.54 0.32 0.00 0.00 0.86 2 8.22 0.00 405316 93280 2.33 0.00 43.08 0.00 67 33 29 smartDeviceLinkCore
19:06:29 1000 44 0.54 0.32 0.00 0.00 0.86 2 8.24 0.00 405316 93280 2.33 0.00 43.14 0.00 67 33 30 smartDeviceLinkCore
19:06:32 1000 44 0.54 0.32 0.00 0.00 0.86 2 8.25 0.00 405316 93280 2.33 0.00 43.14 0.00 67 33 29 smartDeviceLinkCore
19:06:35 1000 44 0.54 0.32 0.00 0.00 0.86 2 8.24 0.00 405316 93280 2.33 0.00 43.13 0.00 67 33 29 smartDeviceLinkCore
19:06:38 1000 44 0.54 0.32 0.00 0.00 0.86 2 8.24 0.00 405316 93280 2.33 0.00 43.13 0.00 67 33 29 smartDeviceLinkCore
19:06:41 1000 44 0.54 0.32 0.00 0.00 0.87 2 8.27 0.00 405316 93280 2.33 0.00 43.19 0.00 67 33 29 smartDeviceLinkCore
19:06:44 1000 44 0.54 0.32 0.00 0.00 0.87 2 8.27 0.00 405316 93280 2.33 0.00 43.19 0.00 67 33 29 smartDeviceLinkCore
19:06:47 1000 44 0.54 0.32 0.00 0.00 0.87 2 8.27 0.00 405316 93280 2.33 0.00 43.18 0.00 67 33 29 smartDeviceLinkCore
19:06:50 1000 44 0.54 0.32 0.00 0.00 0.87 2 8.29 0.00 405316 93280 2.33 0.00 43.25 0.00 67 33 29 smartDeviceLinkCore
19:06:53 1000 44 0.54 0.32 0.00 0.00 0.87 2 8.30 0.00 405316 93280 2.33 0.00 43.24 0.00 67 33 29 smartDeviceLinkCore
19:06:56 1000 44 0.54 0.32 0.00 0.00 0.87 2 8.30 0.00 405316 93280 2.33 0.00 43.24 0.00 67 33 29 smartDeviceLinkCore
19:06:59 1000 44 0.54 0.32 0.00 0.00 0.87 2 8.32 0.00 405316 93280 2.33 0.00 43.24 0.00 67 33 30 smartDeviceLinkCore
19:07:02 1000 44 0.54 0.32 0.00 0.00 0.87 2 8.32 0.00 405316 93280 2.33 0.00 43.30 0.00 67 33 29 smartDeviceLinkCore
19:07:05 1000 44 0.54 0.32 0.00 0.00 0.87 2 8.32 0.00 405316 93280 2.33 0.00 43.29 0.00 67 33 29 smartDeviceLinkCore
19:07:08 1000 44 0.54 0.32 0.00 0.00 0.87 2 8.32 0.00 405316 93280 2.33 0.00 43.29 0.00 67 33 29 smartDeviceLinkCore
19:07:11 1000 44 0.55 0.32 0.00 0.00 0.87 2 8.35 0.00 405316 93280 2.33 0.00 43.35 0.00 67 33 29 smartDeviceLinkCore
19:07:15 1000 44 0.55 0.32 0.00 0.00 0.87 2 8.35 0.00 405316 93280 2.33 0.00 43.35 0.00 67 33 29 smartDeviceLinkCore
19:07:18 1000 44 0.54 0.32 0.00 0.00 0.87 2 8.35 0.00 405316 93280 2.33 0.00 43.34 0.00 67 33 29 smartDeviceLinkCore
19:07:21 1000 44 0.55 0.32 0.00 0.00 0.87 2 8.37 0.00 405316 93280 2.33 0.00 43.39 0.00 67 33 30 smartDeviceLinkCore
19:07:24 1000 44 0.55 0.32 0.00 0.00 0.87 2 8.38 0.00 405316 93280 2.33 0.00 43.40 0.00 67 33 29 smartDeviceLinkCore
19:07:27 1000 44 0.55 0.32 0.00 0.00 0.87 2 8.37 0.00 405316 93280 2.33 0.00 43.40 0.00 67 33 29 smartDeviceLinkCore
19:07:30 1000 44 0.55 0.32 0.00 0.00 0.87 2 8.37 0.00 405316 93280 2.33 0.00 43.39 0.00 67 33 29 smartDeviceLinkCore
19:07:33 1000 44 0.55 0.32 0.00 0.00 0.87 2 8.40 0.00 405316 93280 2.33 0.00 43.46 0.00 67 33 29 smartDeviceLinkCore
19:07:36 1000 44 0.55 0.32 0.00 0.00 0.87 2 8.40 0.00 405316 93280 2.33 0.00 43.45 0.00 67 33 29 smartDeviceLinkCore
19:07:39 1000 44 0.55 0.32 0.00 0.00 0.87 2 8.40 0.00 405316 93280 2.33 0.00 43.45 0.00 67 33 29 smartDeviceLinkCore
19:07:42 1000 44 0.55 0.32 0.00 0.00 0.87 3 8.43 0.00 370260 85792 2.14 0.00 43.45 0.00 67 26 19 smartDeviceLinkCore
19:07:45 1000 44 0.55 0.32 0.00 0.00 0.87 3 8.43 0.00 370260 85792 2.14 0.00 43.44 0.00 67 26 18 smartDeviceLinkCore
19:07:48 1000 44 0.55 0.32 0.00 0.00 0.87 3 8.43 0.00 370260 85792 2.14 0.00 43.44 0.00 67 26 18 smartDeviceLinkCore
19:07:51 1000 44 0.55 0.32 0.00 0.00 0.87 3 8.43 0.00 370260 85792 2.14 0.00 43.43 0.00 67 26 18 smartDeviceLinkCore
19:07:54 1000 44 0.55 0.32 0.00 0.00 0.87 3 8.43 0.00 370260 85792 2.14 0.00 43.42 0.00 67 26 18 smartDeviceLinkCore
19:07:57 1000 44 0.55 0.32 0.00 0.00 0.87 3 8.42 0.00 370260 85792 2.14 0.00 43.42 0.00 67 26 18 smartDeviceLinkCore
19:08:00 1000 44 0.55 0.32 0.00 0.00 0.87 3 8.42 0.00 370260 85792 2.14 0.00 43.41 0.00 67 26 18 smartDeviceLinkCore
19:08:03 1000 44 0.55 0.32 0.00 0.00 0.87 3 8.42 0.00 370260 85792 2.14 0.00 43.41 0.00 67 26 18 smartDeviceLinkCore
19:08:06 1000 44 0.55 0.32 0.00 0.00 0.87 3 8.42 0.00 370260 85792 2.14 0.00 43.40 0.00 67 26 18 smartDeviceLinkCore
19:08:09 1000 44 0.55 0.32 0.00 0.00 0.87 3 8.42 0.00 370260 85792 2.14 0.00 43.40 0.00 67 26 18 smartDeviceLinkCore
19:08:12 1000 44 0.55 0.32 0.00 0.00 0.87 3 8.42 0.00 370260 85792 2.14 0.00 43.39 0.00 67 26 18 smartDeviceLinkCore
19:08:15 1000 44 0.55 0.32 0.00 0.00 0.87 3 8.42 0.00 370260 85792 2.14 0.00 43.39 0.00 67 26 18 smartDeviceLinkCore
19:08:18 1000 44 0.55 0.32 0.00 0.00 0.87 3 8.42 0.00 370260 85792 2.14 0.00 43.38 0.00 67 26 18 smartDeviceLinkCore
19:08:21 1000 44 0.55 0.32 0.00 0.00 0.87 3 8.42 0.00 370260 85792 2.14 0.00 43.38 0.00 67 26 18 smartDeviceLinkCore
19:08:24 1000 44 0.55 0.32 0.00 0.00 0.87 3 8.42 0.00 370260 85792 2.14 0.00 43.37 0.00 67 26 18 smartDeviceLinkCore
19:08:27 1000 44 0.55 0.32 0.00 0.00 0.87 3 8.41 0.00 370260 85792 2.14 0.00 43.37 0.00 67 26 18 smartDeviceLinkCore
19:08:30 1000 44 0.55 0.32 0.00 0.00 0.87 3 8.41 0.00 370260 85792 2.14 0.00 43.36 0.00 67 26 18 smartDeviceLinkCore
19:08:33 1000 44 0.55 0.32 0.00 0.00 0.87 3 8.41 0.00 370260 85792 2.14 0.00 43.36 0.00 67 26 18 smartDeviceLinkCore
19:08:36 1000 44 0.55 0.32 0.00 0.00 0.87 3 8.41 0.00 370260 85792 2.14 0.00 43.35 0.00 67 26 18 smartDeviceLinkCore
19:08:39 1000 44 0.54 0.32 0.00 0.00 0.87 3 8.41 0.00 370260 85792 2.14 0.00 43.34 0.00 67 26 18 smartDeviceLinkCore
19:08:42 1000 44 0.54 0.32 0.00 0.00 0.87 3 8.41 0.00 370260 85792 2.14 0.00 43.34 0.00 67 26 18 smartDeviceLinkCore
19:08:45 1000 44 0.54 0.32 0.00 0.00 0.87 3 8.41 0.00 370260 85792 2.14 0.00 43.33 0.00 67 26 18 smartDeviceLinkCore
