19:01:30:150181708 19:01:29 0.0 0 00:00:00 0.2 15224 1
19:01:33:876105526 19:01:29 27.0 270 00:00:00 2.0 83129 26
19:01:36:902894662 19:01:29 13.5 135 00:00:00 2.0 83129 26
19:01:39:900514778 19:01:29 14.5 145 00:00:01 2.0 93374 31
19:01:42:900069756 19:01:29 25.9 259 00:00:03 2.1 99782 35
19:01:45:891083437 19:01:29 41.7 417 00:00:06 2.1 100038 35
19:01:48:909492460 19:01:29 53.0 530 00:00:09 2.1 100038 35
19:01:51:926196164 19:01:29 60.0 600 00:00:12 2.1 100038 35
19:01:54:916932553 19:01:29 66.8 668 00:00:16 2.1 100038 35
19:01:57:959539904 19:01:29 70.7 707 00:00:19 2.1 100038 35
19:02:00:955967095 19:01:29 74.6 746 00:00:22 2.1 100081 35
19:02:03:958805324 19:01:29 77.3 773 00:00:25 2.1 100081 35
19:02:06:977994679 19:01:29 78.1 781 00:00:28 2.1 100081 35
19:02:09:973712934 19:01:29 80.0 800 00:00:32 2.1 100081 35
19:02:13:038295919 19:01:29 82.0 820 00:00:35 2.1 100081 35
19:02:16:842247303 19:01:29 83.2 832 00:00:38 2.4 102385 35
19:02:24:832823457 19:01:29 80.6 806 00:00:43 3.2 110818 35
19:02:28:074013525 19:01:29 83.7 837 00:00:48 3.3 111330 35
19:02:37:791446754 19:01:29 85.1 851 00:00:57 3.2 110146 35
19:02:45:948138148 19:01:29 84.8 848 00:01:03 3.5 113507 35
19:02:49:136839554 19:01:29 86.2 862 00:01:08 3.5 113507 35
19:02:54:940039252 19:01:29 86.5 865 00:01:12 3.5 113507 35
19:02:58:139948522 19:01:29 85.1 851 00:01:14 3.6 114803 35
19:03:06:932969991 19:01:29 84.5 845 00:01:21 4.1 119843 35
19:03:10:195540304 19:01:29 85.9 859 00:01:25 4.2 120035 35
19:03:15:481614470 19:01:29 87.1 871 00:01:31 4.2 120035 35
19:03:19:231439397 19:01:29 89.2 892 00:01:37 3.4 112883 35
19:03:26:322895703 19:01:29 89.0 890 00:01:43 3.5 113155 35
19:03:29:230271350 19:01:29 89.8 898 00:01:46 3.5 113155 35
19:03:32:711367826 19:01:29 91.1 911 00:01:51 3.1 109986 35
19:03:36:344388278 19:01:29 91.9 919 00:01:55 2.7 105266 35
19:03:39:891145124 19:01:29 91.8 918 00:01:58 2.8 107138 35
19:03:43:262293545 19:01:29 92.6 926 00:02:03 2.3 101905 35
19:03:47:585225924 19:01:29 92.6 926 00:02:06 2.5 104017 35
19:03:51:275800716 19:01:29 92.8 928 00:02:10 2.4 102241 35
19:03:59:643293976 19:01:29 91.7 917 00:02:16 3.1 109250 35
19:04:03:348563870 19:01:29 92.8 928 00:02:22 2.4 102241 35
19:04:06:468312569 19:01:29 93.4 934 00:02:25 2.3 101953 35
19:04:09:346434947 19:01:29 93.2 932 00:02:28 2.5 103393 35
19:04:13:384238582 19:01:29 93.1 931 00:02:31 2.4 102865 35
19:04:16:361638294 19:01:29 93.6 936 00:02:35 2.3 101377 35
19:04:19:373333420 19:01:29 93.7 937 00:02:38 2.3 101329 35
19:04:27:446365947 19:01:29 92.3 923 00:02:43 2.9 108146 35
19:04:30:402259960 19:01:29 93.3 933 00:02:47 2.6 104705 35
19:04:33:437250460 19:01:29 94.0 940 00:02:52 2.3 101329 35
19:04:36:435929200 19:01:29 94.0 940 00:02:54 2.3 101409 35
19:04:39:455358861 19:01:29 93.5 935 00:02:56 2.5 103665 35
19:04:42:450681116 19:01:29 94.0 940 00:03:00 2.3 101377 35
19:04:49:938197576 19:01:29 93.2 932 00:03:05 3.0 108626 35
19:04:53:486045605 19:01:29 93.3 933 00:03:09 2.7 106130 35
19:04:56:561081366 19:01:29 93.8 938 00:03:13 2.6 104433 35
19:04:59:497040276 19:01:29 94.2 942 00:03:16 2.3 101345 35
19:05:05:279343115 19:01:29 93.4 934 00:03:20 2.8 106898 35
19:05:08:528580851 19:01:29 93.8 938 00:03:24 2.6 104337 35
19:05:11:518821714 19:01:29 93.7 937 00:03:27 2.6 104946 35
19:05:19:766112045 19:01:29 91.5 915 00:03:29 2.3 101329 35
19:05:23:601058284 19:01:29 90.2 902 00:03:30 2.3 101329 35
19:05:26:618904168 19:01:29 89.1 891 00:03:30 2.3 101329 35
19:05:29:615732042 19:01:29 88.1 881 00:03:30 2.3 101329 35
19:05:32:627134892 19:01:29 87.0 870 00:03:30 2.3 101329 33
19:05:35:643630617 19:01:29 85.9 859 00:03:30 2.3 101329 33
19:05:38:663422501 19:01:29 85.0 850 00:03:30 2.3 101329 33
19:05:41:660277093 19:01:29 84.0 840 00:03:30 2.3 101329 33
19:05:44:680755771 19:01:29 83.0 830 00:03:30 2.3 101329 33
19:05:47:692637114 19:01:29 82.0 820 00:03:30 2.3 101329 33
19:05:50:698650171 19:01:29 81.2 812 00:03:31 2.3 101329 33
19:05:53:712131422 19:01:29 80.3 803 00:03:31 2.3 101329 33
19:05:56:734455445 19:01:29 79.3 793 00:03:31 2.3 101329 33
19:05:59:724377689 19:01:29 78.5 785 00:03:31 2.3 101329 33
19:06:02:750182537 19:01:29 77.7 777 00:03:31 2.3 101329 33
19:06:05:765282589 19:01:29 76.8 768 00:03:31 2.3 101329 33
19:06:08:843434871 19:01:29 76.1 761 00:03:31 2.3 101329 33
19:06:11:784174031 19:01:29 75.3 753 00:03:31 2.3 101329 33
19:06:14:800189979 19:01:29 74.5 745 00:03:31 2.3 101329 33
19:06:17:818050794 19:01:29 73.7 737 00:03:31 2.3 101329 33
19:06:20:823340065 19:01:29 73.0 730 00:03:31 2.3 101329 33
19:06:23:832432770 19:01:29 72.3 723 00:03:31 2.3 101329 33
19:06:26:842412660 19:01:29 71.6 716 00:03:31 2.3 101329 33
19:06:29:844998846 19:01:29 70.9 709 00:03:32 2.3 101329 33
19:06:32:868426197 19:01:29 70.2 702 00:03:32 2.3 101329 33
19:06:35:876671512 19:01:29 69.5 695 00:03:32 2.3 101329 33
19:06:38:890287086 19:01:29 68.8 688 00:03:32 2.3 101329 33
19:06:41:895426478 19:01:29 68.2 682 00:03:32 2.3 101329 33
19:06:44:904319950 19:01:29 67.6 676 00:03:32 2.3 101329 33
19:06:47:922953522 19:01:29 67.0 670 00:03:32 2.3 101329 33
19:06:50:924468892 19:01:29 66.4 664 00:03:32 2.3 101329 33
19:06:53:976854693 19:01:29 65.6 656 00:03:32 2.3 101329 33
19:06:56:955210541 19:01:29 65.2 652 00:03:32 2.3 101329 33
19:06:59:984812289 19:01:29 64.4 644 00:03:32 2.3 101329 33
19:07:02:986045837 19:01:29 63.9 639 00:03:32 2.3 101329 33
19:07:05:994863128 19:01:29 63.3 633 00:03:32 2.3 101329 33
19:07:09:009809222 19:01:29 62.8 628 00:03:32 2.3 101329 33
19:07:12:004111360 19:01:29 62.3 623 00:03:33 2.3 101329 33
19:07:15:043547727 19:01:29 61.7 617 00:03:33 2.3 101329 33
19:07:18:037300940 19:01:29 61.2 612 00:03:33 2.3 101329 33
19:07:21:027200564 19:01:29 60.8 608 00:03:33 2.3 101329 33
19:07:24:069964740 19:01:29 60.2 602 00:03:33 2.3 101329 33
19:07:27:080036956 19:01:29 59.7 597 00:03:33 2.3 101329 33
19:07:30:096577293 19:01:29 59.2 592 00:03:33 2.3 101329 33
19:07:33:094252543 19:01:29 58.8 588 00:03:33 2.3 101329 33
19:07:36:118436779 19:01:29 58.3 583 00:03:33 2.3 101329 33
19:07:39:116504836 19:01:29 57.9 579 00:03:33 2.3 101329 33
19:07:42:114074413 19:01:29 57.4 574 00:03:33 2.1 92565 26
19:07:45:104589376 19:01:29 56.9 569 00:03:33 2.1 92565 26
19:07:48:168330921 19:01:29 56.5 565 00:03:33 2.1 92565 26
19:07:51:187607144 19:01:29 56.1 561 00:03:33 2.1 92565 26
19:07:54:209230422 19:01:29 55.6 556 00:03:33 2.1 92565 26
19:07:57:188261331 19:01:29 55.2 552 00:03:33 2.1 92565 26
19:08:00:242329560 19:01:29 54.8 548 00:03:33 2.1 92565 26
19:08:03:245523415 19:01:29 54.3 543 00:03:33 2.1 92565 26
19:08:06:276906535 19:01:29 53.9 539 00:03:33 2.1 92565 26
19:08:09:293008066 19:01:29 53.5 535 00:03:33 2.1 92565 26
19:08:12:306289363 19:01:29 53.1 531 00:03:33 2.1 92565 26
19:08:15:296251329 19:01:29 52.7 527 00:03:33 2.1 92565 26
19:08:18:331218202 19:01:29 52.3 523 00:03:33 2.1 92565 26
19:08:21:311530290 19:01:29 52.0 520 00:03:33 2.1 92565 26
19:08:24:359492497 19:01:29 51.6 516 00:03:33 2.1 92565 26
19:08:27:379655256 19:01:29 51.2 512 00:03:33 2.1 92565 26
19:08:30:390311526 19:01:29 50.8 508 00:03:33 2.1 92565 26
19:08:33:403968079 19:01:29 50.5 505 00:03:33 2.1 92565 26
19:08:36:427449971 19:01:29 50.1 501 00:03:33 2.1 92565 26
19:08:39:435827419 19:01:29 49.8 498 00:03:33 2.1 92565 26
19:08:42:454470011 19:01:29 49.4 494 00:03:33 2.1 92565 26
19:08:45:469128861 19:01:29 49.1 491 00:03:33 2.1 92565 26
