13:46:49 1000 30057 0.00 0.00 0.00 0.00 0.00 3 0.09 0.00 61028 13068 0.33 0.00 0.00 0.00 0 1 5 smartDeviceLinkCore
13:46:52 1000 30057 0.01 0.00 0.00 0.00 0.01 3 0.73 0.00 332516 81368 2.03 0.00 0.31 0.00 36 26 25 smartDeviceLinkCore
13:46:55 1000 30057 0.01 0.00 0.00 0.00 0.01 3 0.73 0.00 332516 81368 2.03 0.00 0.31 0.00 36 26 25 smartDeviceLinkCore
13:46:58 1000 30057 0.02 0.01 0.00 0.00 0.03 3 0.86 0.00 381692 83460 2.09 0.02 0.95 0.00 36 31 29 smartDeviceLinkCore
13:47:01 1000 30057 0.04 0.01 0.00 0.00 0.05 3 0.99 0.00 381692 84320 2.11 0.02 1.83 0.00 36 32 30 smartDeviceLinkCore
13:47:04 1000 30057 0.05 0.01 0.00 0.00 0.07 3 1.00 0.00 381692 84332 2.11 0.02 2.74 0.00 36 31 29 smartDeviceLinkCore
13:47:07 1000 30057 0.07 0.01 0.00 0.00 0.09 3 1.00 0.00 381692 84332 2.11 0.02 3.71 0.00 36 31 30 smartDeviceLinkCore
13:47:10 1000 30057 0.09 0.02 0.00 0.00 0.11 3 1.00 0.00 381692 84332 2.11 0.02 4.68 0.00 36 32 30 smartDeviceLinkCore
13:47:13 1000 30057 0.11 0.02 0.00 0.00 0.13 3 1.13 0.00 381692 84408 2.11 0.02 5.64 0.00 36 31 30 smartDeviceLinkCore
13:47:16 1000 30057 0.13 0.02 0.00 0.00 0.15 3 1.13 0.00 381692 84408 2.11 0.02 6.64 0.00 36 31 30 smartDeviceLinkCore
13:47:19 1000 30057 0.15 0.02 0.00 0.00 0.17 3 1.13 0.00 381692 84408 2.11 0.02 7.66 0.00 36 32 30 smartDeviceLinkCore
13:47:22 1000 30057 0.16 0.03 0.00 0.00 0.19 3 1.26 0.00 381692 84440 2.11 0.02 8.55 0.00 36 31 30 smartDeviceLinkCore
13:47:25 1000 30057 0.18 0.03 0.00 0.00 0.21 3 1.26 0.00 381692 84440 2.11 0.02 9.52 0.00 36 31 29 smartDeviceLinkCore
13:47:28 1000 30057 0.20 0.03 0.00 0.00 0.23 3 1.26 0.00 381692 84440 2.11 0.02 10.51 0.00 36 31 30 smartDeviceLinkCore
13:47:31 1000 30057 0.22 0.03 0.00 0.00 0.25 3 1.35 0.00 381692 84528 2.11 0.02 11.59 0.00 36 32 30 smartDeviceLinkCore
13:47:34 1000 30057 0.23 0.04 0.00 0.00 0.27 3 1.39 0.00 381692 84624 2.12 0.02 12.55 0.00 36 32 30 smartDeviceLinkCore
13:47:37 1000 30057 0.25 0.04 0.00 0.00 0.29 3 1.40 0.00 381692 84624 2.12 0.02 13.39 0.00 36 31 30 smartDeviceLinkCore
13:47:40 1000 30057 0.27 0.04 0.00 0.00 0.31 3 1.40 0.00 381692 84624 2.12 0.02 14.40 0.00 36 31 30 smartDeviceLinkCore
13:47:43 1000 30057 0.29 0.04 0.00 0.00 0.33 3 1.52 0.00 381692 84628 2.12 0.02 15.36 0.00 36 32 30 smartDeviceLinkCore
13:47:46 1000 30057 0.30 0.05 0.00 0.00 0.35 3 1.52 0.00 381692 84628 2.12 0.02 16.31 0.00 36 32 30 smartDeviceLinkCore
13:47:49 1000 30057 0.32 0.05 0.00 0.00 0.37 3 1.53 0.00 381692 84628 2.12 0.02 17.27 0.00 36 31 30 smartDeviceLinkCore
13:47:52 1000 30057 0.34 0.05 0.00 0.00 0.39 3 1.65 0.00 381692 84636 2.12 0.02 18.31 0.00 36 31 30 smartDeviceLinkCore
13:47:55 1000 30057 0.36 0.05 0.00 0.00 0.41 3 1.65 0.00 381692 84636 2.12 0.02 19.27 0.00 36 32 30 smartDeviceLinkCore
13:47:58 1000 30057 0.37 0.06 0.00 0.00 0.43 3 1.65 0.00 381692 84636 2.12 0.02 20.22 0.00 36 32 30 smartDeviceLinkCore
13:48:01 1000 30057 0.39 0.06 0.00 0.00 0.45 3 1.65 0.00 381692 84636 2.12 0.02 21.03 0.00 36 31 29 smartDeviceLinkCore
13:48:04 1000 30057 0.41 0.06 0.00 0.00 0.47 3 1.78 0.00 381692 85060 2.13 0.02 21.96 0.00 36 31 30 smartDeviceLinkCore
13:48:07 1000 30057 0.43 0.06 0.00 0.00 0.49 3 1.78 0.00 381692 85060 2.13 0.02 22.92 0.00 36 32 30 smartDeviceLinkCore
13:48:10 1000 30057 0.45 0.06 0.00 0.00 0.51 3 1.78 0.00 381692 85060 2.13 0.02 23.87 0.00 36 32 30 smartDeviceLinkCore
13:48:13 1000 30057 0.47 0.06 0.00 0.00 0.53 3 1.91 0.00 381692 85084 2.13 0.02 24.82 0.00 36 32 30 smartDeviceLinkCore
13:48:16 1000 30057 0.48 0.07 0.00 0.00 0.55 3 1.91 0.00 381692 85084 2.13 0.02 25.76 0.00 36 32 30 smartDeviceLinkCore
13:48:19 1000 30057 0.50 0.07 0.00 0.00 0.57 3 1.91 0.00 381692 85084 2.13 0.02 26.72 0.00 36 31 29 smartDeviceLinkCore
13:48:22 1000 30057 0.52 0.07 0.00 0.00 0.59 3 1.91 0.00 381692 85084 2.13 0.02 27.65 0.00 36 31 30 smartDeviceLinkCore
13:48:25 1000 30057 0.53 0.07 0.00 0.00 0.61 3 2.04 0.00 381692 85084 2.13 0.02 28.44 0.00 36 32 30 smartDeviceLinkCore
13:48:28 1000 30057 0.55 0.07 0.00 0.00 0.63 3 2.04 0.00 381692 85084 2.13 0.02 29.39 0.00 36 32 30 smartDeviceLinkCore
13:48:31 1000 30057 0.57 0.08 0.00 0.00 0.64 3 2.04 0.00 381692 85084 2.13 0.02 30.34 0.00 36 31 30 smartDeviceLinkCore
13:48:34 1000 30057 0.58 0.08 0.00 0.00 0.66 3 2.17 0.00 381692 85096 2.13 0.02 31.12 0.00 36 31 29 smartDeviceLinkCore
13:48:37 1000 30057 0.60 0.08 0.00 0.00 0.69 3 2.17 0.00 381692 85096 2.13 0.02 31.97 0.00 36 32 30 smartDeviceLinkCore
13:48:40 1000 30057 0.62 0.08 0.00 0.00 0.70 3 2.17 0.00 381692 85096 2.13 0.02 32.91 0.00 36 32 30 smartDeviceLinkCore
13:48:43 1000 30057 0.64 0.09 0.00 0.00 0.72 3 2.30 0.00 381692 85104 2.13 0.02 33.93 0.00 36 32 30 smartDeviceLinkCore
13:48:46 1000 30057 0.65 0.09 0.00 0.00 0.74 3 2.30 0.00 381692 85104 2.13 0.02 34.71 0.00 36 32 29 smartDeviceLinkCore
13:48:49 1000 30057 0.67 0.09 0.00 0.00 0.76 3 2.30 0.00 381692 85104 2.13 0.02 35.66 0.00 36 31 29 smartDeviceLinkCore
13:48:52 1000 30057 0.69 0.09 0.00 0.00 0.78 3 2.30 0.00 381692 85104 2.13 0.02 36.59 0.00 36 31 29 smartDeviceLinkCore
13:48:55 1000 30057 0.71 0.10 0.00 0.00 0.80 3 2.43 0.00 381692 85112 2.13 0.02 37.53 0.00 36 31 30 smartDeviceLinkCore
13:48:58 1000 30057 0.72 0.10 0.00 0.00 0.82 3 2.43 0.00 381692 85112 2.13 0.02 38.46 0.00 36 31 29 smartDeviceLinkCore
13:49:01 1000 30057 0.74 0.10 0.00 0.00 0.85 3 2.43 0.00 381692 85112 2.13 0.02 39.38 0.00 36 31 30 smartDeviceLinkCore
13:49:04 1000 30057 0.76 0.10 0.00 0.00 0.87 3 2.56 0.00 381692 85116 2.13 0.02 40.31 0.00 36 32 30 smartDeviceLinkCore
13:49:07 1000 30057 0.78 0.11 0.00 0.00 0.88 3 2.56 0.00 381692 85116 2.13 0.02 41.24 0.00 36 32 30 smartDeviceLinkCore
13:49:10 1000 30057 0.80 0.11 0.00 0.00 0.90 3 2.56 0.00 381692 85116 2.13 0.02 42.17 0.00 36 31 30 smartDeviceLinkCore
13:49:13 1000 30057 0.81 0.11 0.00 0.00 0.92 3 2.56 0.00 381692 85116 2.13 0.02 42.94 0.00 36 31 30 smartDeviceLinkCore
13:49:16 1000 30057 0.83 0.11 0.00 0.00 0.94 3 2.69 0.00 381692 85124 2.13 0.02 43.86 0.00 36 32 30 smartDeviceLinkCore
13:49:19 1000 30057 0.84 0.11 0.00 0.00 0.96 3 2.69 0.00 381692 85124 2.13 0.02 44.71 0.00 36 32 30 smartDeviceLinkCore
13:49:22 1000 30057 0.86 0.12 0.00 0.00 0.98 3 2.69 0.00 381692 85124 2.13 0.02 45.64 0.00 36 31 30 smartDeviceLinkCore
13:49:25 1000 30057 0.88 0.12 0.00 0.00 1.00 3 2.82 0.00 381692 85132 2.13 0.02 46.56 0.00 36 32 30 smartDeviceLinkCore
13:49:28 1000 30057 0.90 0.12 0.00 0.00 1.02 3 2.82 0.00 381692 85132 2.13 0.02 47.42 0.00 36 31 29 smartDeviceLinkCore
13:49:31 1000 30057 0.91 0.13 0.00 0.00 1.04 3 2.82 0.00 381692 85132 2.13 0.02 48.44 0.00 36 31 30 smartDeviceLinkCore
13:49:34 1000 30057 0.93 0.13 0.00 0.00 1.06 3 2.94 0.00 381692 85144 2.13 0.02 49.34 0.00 36 32 30 smartDeviceLinkCore
13:49:37 1000 30057 0.94 0.13 0.00 0.00 1.08 3 2.95 0.00 381692 85144 2.13 0.02 50.18 0.00 36 32 30 smartDeviceLinkCore
13:49:40 1000 30057 0.96 0.13 0.00 0.00 1.09 3 2.95 0.00 381692 85144 2.13 0.02 51.11 0.00 36 31 29 smartDeviceLinkCore
13:49:43 1000 30057 0.98 0.14 0.00 0.00 1.11 3 2.95 0.00 381692 85144 2.13 0.02 51.86 0.00 36 31 30 smartDeviceLinkCore
13:49:46 1000 30057 0.99 0.14 0.00 0.00 1.13 3 3.08 0.00 381692 85160 2.13 0.02 52.94 0.00 36 32 30 smartDeviceLinkCore
13:49:49 1000 30057 1.01 0.14 0.00 0.00 1.15 3 3.08 0.00 381692 85160 2.13 0.02 53.85 0.00 36 32 30 smartDeviceLinkCore
13:49:52 1000 30057 1.03 0.14 0.00 0.00 1.17 3 3.08 0.00 381692 85160 2.13 0.02 54.77 0.00 36 31 30 smartDeviceLinkCore
13:49:55 1000 30057 1.05 0.15 0.00 0.00 1.19 3 3.20 0.00 381692 85164 2.13 0.02 55.60 0.00 36 32 30 smartDeviceLinkCore
13:49:58 1000 30057 1.06 0.15 0.00 0.00 1.21 3 3.20 0.00 381692 85164 2.13 0.02 56.52 0.00 36 31 31 smartDeviceLinkCore
13:50:01 1000 30057 1.08 0.15 0.00 0.00 1.23 3 3.21 0.00 381692 85164 2.13 0.02 57.50 0.00 36 31 30 smartDeviceLinkCore
13:50:04 1000 30057 1.09 0.15 0.00 0.00 1.25 3 3.20 0.00 381692 85164 2.13 0.02 58.41 0.00 36 32 30 smartDeviceLinkCore
13:50:07 1000 30057 1.10 0.16 0.00 0.00 1.26 3 3.33 0.00 381692 85168 2.13 0.02 59.02 0.00 36 31 29 smartDeviceLinkCore
13:50:11 1000 30057 1.12 0.16 0.00 0.00 1.28 3 3.33 0.00 381692 85168 2.13 0.02 59.77 0.00 36 32 30 smartDeviceLinkCore
13:50:14 1000 30057 1.14 0.16 0.00 0.00 1.30 3 3.33 0.00 381692 85168 2.13 0.02 60.67 0.00 36 31 29 smartDeviceLinkCore
13:50:17 1000 30057 1.15 0.16 0.00 0.00 1.32 3 3.46 0.00 381692 85172 2.13 0.02 61.58 0.00 36 31 29 smartDeviceLinkCore
13:50:20 1000 30057 1.17 0.17 0.00 0.00 1.33 3 3.46 0.00 381692 85172 2.13 0.02 62.33 0.00 36 32 30 smartDeviceLinkCore
13:50:23 1000 30057 1.18 0.17 0.00 0.00 1.35 3 3.46 0.00 381692 85172 2.13 0.02 63.24 0.00 36 32 30 smartDeviceLinkCore
13:50:26 1000 30057 1.20 0.17 0.00 0.00 1.37 3 3.59 0.00 381692 85180 2.13 0.02 64.14 0.00 36 31 29 smartDeviceLinkCore
13:50:29 1000 30057 1.21 0.18 0.00 0.00 1.39 3 3.59 0.00 381692 85180 2.13 0.02 65.03 0.00 36 32 30 smartDeviceLinkCore
13:50:32 1000 30057 1.23 0.18 0.00 0.00 1.41 3 3.59 0.00 381692 85180 2.13 0.02 65.79 0.00 36 31 29 smartDeviceLinkCore
13:50:35 1000 30057 1.24 0.18 0.00 0.00 1.43 3 3.59 0.00 381692 85180 2.13 0.02 66.70 0.00 36 31 29 smartDeviceLinkCore
13:50:38 1000 30057 1.26 0.18 0.00 0.00 1.44 3 3.72 0.00 381692 85188 2.13 0.02 67.58 0.00 36 31 30 smartDeviceLinkCore
13:50:41 1000 30057 1.28 0.19 0.00 0.00 1.47 3 3.72 0.00 381692 85188 2.13 0.02 68.48 0.00 36 32 30 smartDeviceLinkCore
13:50:44 1000 30057 1.29 0.19 0.00 0.00 1.48 3 3.72 0.00 381692 85188 2.13 0.02 69.26 0.00 36 32 30 smartDeviceLinkCore
13:50:47 1000 30057 1.31 0.19 0.00 0.00 1.50 3 3.85 0.00 381692 85212 2.13 0.02 70.13 0.00 36 31 30 smartDeviceLinkCore
13:50:50 1000 30057 1.33 0.19 0.00 0.00 1.52 3 3.85 0.00 381692 85212 2.13 0.02 71.02 0.00 36 32 30 smartDeviceLinkCore
13:50:53 1000 30057 1.34 0.20 0.00 0.00 1.54 3 3.85 0.00 381692 85212 2.13 0.02 71.92 0.00 36 31 30 smartDeviceLinkCore
13:50:56 1000 30057 1.36 0.20 0.00 0.00 1.56 3 3.97 0.00 381692 85216 2.13 0.02 72.74 0.00 36 31 30 smartDeviceLinkCore
13:50:59 1000 30057 1.38 0.20 0.00 0.00 1.58 3 3.97 0.00 381692 85216 2.13 0.02 73.70 0.00 36 32 30 smartDeviceLinkCore
13:51:02 1000 30057 1.39 0.20 0.00 0.00 1.60 3 3.97 0.00 381692 85216 2.13 0.02 74.52 0.00 36 32 30 smartDeviceLinkCore
13:51:05 1000 30057 1.41 0.21 0.00 0.00 1.62 3 3.97 0.00 381692 85216 2.13 0.02 75.37 0.00 36 31 30 smartDeviceLinkCore
13:51:08 1000 30057 1.43 0.21 0.00 0.00 1.64 3 4.10 0.00 381692 85216 2.13 0.02 76.31 0.00 36 31 30 smartDeviceLinkCore
13:51:11 1000 30057 1.44 0.21 0.00 0.00 1.65 3 4.10 0.00 381692 85216 2.13 0.02 77.12 0.00 36 32 30 smartDeviceLinkCore
13:51:14 1000 30057 1.46 0.21 0.00 0.00 1.67 3 4.10 0.00 381692 85216 2.13 0.02 78.01 0.00 36 32 31 smartDeviceLinkCore
13:51:17 1000 30057 1.48 0.22 0.00 0.00 1.69 3 4.23 0.00 381692 85228 2.13 0.02 78.90 0.00 36 32 30 smartDeviceLinkCore
13:51:20 1000 30057 1.49 0.22 0.00 0.00 1.71 3 4.23 0.00 381692 85228 2.13 0.02 79.79 0.00 36 32 30 smartDeviceLinkCore
13:51:23 1000 30057 1.51 0.22 0.00 0.00 1.73 3 4.23 0.00 381692 85228 2.13 0.02 80.69 0.00 36 31 29 smartDeviceLinkCore
13:51:26 1000 30057 1.53 0.22 0.00 0.00 1.75 3 4.23 0.00 381692 85228 2.13 0.02 81.57 0.00 36 31 30 smartDeviceLinkCore
13:51:29 1000 30057 1.54 0.22 0.00 0.00 1.77 3 4.36 0.00 381692 85240 2.13 0.02 82.44 0.00 36 32 30 smartDeviceLinkCore
13:51:32 1000 30057 1.56 0.23 0.00 0.00 1.78 3 4.36 0.00 381692 85240 2.13 0.02 83.02 0.00 36 32 29 smartDeviceLinkCore
13:51:35 1000 30057 1.57 0.23 0.00 0.00 1.80 3 4.36 0.00 381692 85240 2.13 0.02 83.76 0.00 36 31 29 smartDeviceLinkCore
13:51:38 1000 30057 1.59 0.23 0.00 0.00 1.82 3 4.48 0.00 381692 85244 2.13 0.02 84.64 0.00 36 31 29 smartDeviceLinkCore
13:51:41 1000 30057 1.60 0.23 0.00 0.00 1.84 3 4.48 0.00 381692 85452 2.14 0.02 85.52 0.00 36 32 30 smartDeviceLinkCore
13:51:44 1000 30057 1.62 0.24 0.00 0.00 1.86 3 4.48 0.00 381692 85452 2.14 0.02 86.44 0.00 36 32 30 smartDeviceLinkCore
13:51:47 1000 30057 1.64 0.24 0.00 0.00 1.88 3 4.60 0.00 381692 85452 2.14 0.02 87.28 0.00 36 32 31 smartDeviceLinkCore
13:51:50 1000 30057 1.65 0.24 0.00 0.00 1.90 3 4.61 0.00 381692 85452 2.14 0.02 88.15 0.00 36 32 30 smartDeviceLinkCore
13:51:53 1000 30057 1.67 0.24 0.00 0.00 1.91 3 4.61 0.00 381692 85452 2.14 0.02 88.96 0.00 36 31 30 smartDeviceLinkCore
13:51:56 1000 30057 1.69 0.25 0.00 0.00 1.93 3 4.61 0.00 381692 85452 2.14 0.02 89.90 0.00 36 31 30 smartDeviceLinkCore
13:51:59 1000 30057 1.70 0.25 0.00 0.00 1.95 3 4.74 0.00 381692 85460 2.14 0.02 90.78 0.00 36 32 30 smartDeviceLinkCore
13:52:02 1000 30057 1.72 0.25 0.00 0.00 1.97 3 4.74 0.00 381692 85460 2.14 0.02 91.65 0.00 36 32 30 smartDeviceLinkCore
13:52:05 1000 30057 1.73 0.26 0.00 0.00 1.98 3 4.74 0.00 381692 85460 2.14 0.02 92.39 0.00 36 31 29 smartDeviceLinkCore
13:52:08 1000 30057 1.74 0.26 0.00 0.00 2.00 3 4.86 0.00 381692 85464 2.14 0.02 93.25 0.00 36 31 30 smartDeviceLinkCore
13:52:11 1000 30057 1.76 0.26 0.00 0.00 2.02 3 4.86 0.00 381692 85464 2.14 0.02 93.83 0.00 36 31 29 smartDeviceLinkCore
13:52:14 1000 30057 1.77 0.26 0.00 0.00 2.04 3 4.86 0.00 381692 85464 2.14 0.02 94.77 0.00 36 31 30 smartDeviceLinkCore
13:52:18 1000 30057 1.79 0.27 0.00 0.00 2.05 3 4.86 0.00 381692 85464 2.14 0.02 95.64 0.00 36 31 30 smartDeviceLinkCore
13:52:20 1000 30057 1.81 0.27 0.00 0.00 2.07 3 4.99 0.00 381692 85468 2.14 0.02 96.51 0.00 36 32 30 smartDeviceLinkCore
13:52:23 1000 30057 1.82 0.27 0.00 0.00 2.09 3 4.99 0.00 381692 85468 2.14 0.02 97.37 0.00 36 32 30 smartDeviceLinkCore
13:52:26 1000 30057 1.84 0.27 0.00 0.00 2.11 3 4.99 0.00 381692 85468 2.14 0.02 98.18 0.00 36 31 29 smartDeviceLinkCore
13:52:30 1000 30057 1.85 0.27 0.00 0.00 2.13 3 5.11 0.00 381692 85472 2.14 0.02 99.11 0.00 36 31 30 smartDeviceLinkCore
13:52:33 1000 30057 1.87 0.28 0.00 0.00 2.15 3 5.11 0.00 381692 85472 2.14 0.02 99.82 0.00 36 32 30 smartDeviceLinkCore
13:52:36 1000 30057 1.89 0.28 0.00 0.00 2.16 3 5.11 0.00 381692 85472 2.14 0.02 100.54 0.00 36 32 30 smartDeviceLinkCore
13:52:39 1000 30057 1.90 0.28 0.00 0.00 2.18 3 5.21 0.00 381692 85480 2.14 0.02 101.32 0.00 36 32 30 smartDeviceLinkCore
13:52:42 1000 30057 1.92 0.28 0.00 0.00 2.20 3 5.24 0.00 381692 85480 2.14 0.02 102.03 0.00 36 31 30 smartDeviceLinkCore
13:52:45 1000 30057 1.93 0.29 0.00 0.00 2.22 3 5.24 0.00 381692 85480 2.14 0.02 102.74 0.00 36 32 30 smartDeviceLinkCore
13:52:48 1000 30057 1.95 0.29 0.00 0.00 2.23 3 5.24 0.00 381692 85480 2.14 0.02 103.60 0.00 36 32 31 smartDeviceLinkCore
13:52:51 1000 30057 1.96 0.29 0.00 0.00 2.25 3 5.37 0.00 381692 85484 2.14 0.02 104.48 0.00 36 31 29 smartDeviceLinkCore
13:52:54 1000 30057 1.98 0.29 0.00 0.00 2.27 3 5.37 0.00 381692 85484 2.14 0.02 105.32 0.00 36 31 30 smartDeviceLinkCore
13:52:57 1000 30057 1.99 0.29 0.00 0.00 2.29 3 5.36 0.00 381692 85484 2.14 0.02 106.03 0.00 36 32 30 smartDeviceLinkCore
13:53:00 1000 30057 2.01 0.30 0.00 0.00 2.30 3 5.49 0.00 381692 85492 2.14 0.02 106.90 0.00 36 31 30 smartDeviceLinkCore
13:53:03 1000 30057 2.02 0.30 0.00 0.00 2.32 3 5.49 0.00 381692 85492 2.14 0.02 107.74 0.00 36 32 30 smartDeviceLinkCore
13:53:06 1000 30057 2.04 0.30 0.00 0.00 2.34 3 5.49 0.00 381692 85492 2.14 0.02 108.53 0.00 36 32 30 smartDeviceLinkCore
13:53:09 1000 30057 2.05 0.30 0.00 0.00 2.35 3 5.49 0.00 381692 85492 2.14 0.02 109.32 0.00 36 32 30 smartDeviceLinkCore
13:53:12 1000 30057 2.06 0.31 0.00 0.00 2.37 3 5.62 0.00 381692 85496 2.14 0.02 110.09 0.00 36 31 31 smartDeviceLinkCore
13:53:15 1000 30057 2.08 0.31 0.00 0.00 2.39 3 5.62 0.00 381692 85496 2.14 0.02 110.87 0.00 36 32 31 smartDeviceLinkCore
13:53:18 1000 30057 2.10 0.31 0.00 0.00 2.41 3 5.62 0.00 381692 85496 2.14 0.02 111.80 0.00 36 32 30 smartDeviceLinkCore
13:53:21 1000 30057 2.11 0.31 0.00 0.00 2.43 3 5.74 0.00 381692 85508 2.14 0.02 112.58 0.00 36 32 30 smartDeviceLinkCore
13:53:24 1000 30057 2.13 0.32 0.00 0.00 2.44 3 5.74 0.00 381692 85508 2.14 0.02 113.43 0.00 36 32 30 smartDeviceLinkCore
13:53:27 1000 30057 2.14 0.32 0.00 0.00 2.46 3 5.74 0.00 381692 85508 2.14 0.02 114.28 0.00 36 31 29 smartDeviceLinkCore
13:53:30 1000 30057 2.16 0.32 0.00 0.00 2.48 3 5.76 0.00 381692 85508 2.14 0.02 114.97 0.00 36 31 30 smartDeviceLinkCore
13:53:33 1000 30057 2.18 0.32 0.00 0.00 2.50 3 5.87 0.00 381692 85516 2.14 0.02 115.74 0.00 36 32 30 smartDeviceLinkCore
13:53:36 1000 30057 2.19 0.32 0.00 0.00 2.52 3 5.87 0.00 381692 85516 2.14 0.02 116.58 0.00 36 32 30 smartDeviceLinkCore
13:53:39 1000 30057 2.21 0.33 0.00 0.00 2.53 3 5.86 0.00 381692 85516 2.14 0.02 117.22 0.00 36 31 30 smartDeviceLinkCore
13:53:42 1000 30057 2.23 0.33 0.00 0.00 2.55 3 5.99 0.00 381692 85516 2.14 0.02 118.05 0.00 36 32 30 smartDeviceLinkCore
13:53:45 1000 30057 2.24 0.33 0.00 0.00 2.57 3 5.99 0.00 381692 85516 2.14 0.02 118.76 0.00 36 32 29 smartDeviceLinkCore
13:53:48 1000 30057 2.25 0.33 0.00 0.00 2.59 3 5.99 0.00 381692 85516 2.14 0.02 119.60 0.00 36 31 29 smartDeviceLinkCore
13:53:51 1000 30057 2.27 0.34 0.00 0.00 2.61 3 6.12 0.00 381692 85524 2.14 0.02 120.43 0.00 36 31 30 smartDeviceLinkCore
13:53:54 1000 30057 2.28 0.34 0.00 0.00 2.62 3 6.12 0.00 381692 85524 2.14 0.02 121.21 0.00 36 32 30 smartDeviceLinkCore
13:53:57 1000 30057 2.30 0.34 0.00 0.00 2.64 3 6.12 0.00 381692 85524 2.14 0.02 122.04 0.00 36 32 30 smartDeviceLinkCore
13:54:00 1000 30057 2.31 0.34 0.00 0.00 2.66 3 6.11 0.00 381692 85524 2.14 0.02 122.82 0.00 36 31 29 smartDeviceLinkCore
13:54:03 1000 30057 2.33 0.35 0.00 0.00 2.68 3 6.24 0.00 381692 85536 2.14 0.02 123.65 0.00 36 31 30 smartDeviceLinkCore
13:54:06 1000 30057 2.34 0.35 0.00 0.00 2.69 3 6.24 0.00 381692 85536 2.14 0.02 124.49 0.00 36 32 30 smartDeviceLinkCore
13:54:09 1000 30057 2.36 0.35 0.00 0.00 2.71 3 6.24 0.00 381692 85536 2.14 0.02 125.25 0.00 36 32 30 smartDeviceLinkCore
13:54:12 1000 30057 2.38 0.35 0.00 0.00 2.73 3 6.37 0.00 381692 85548 2.14 0.02 126.16 0.00 36 31 30 smartDeviceLinkCore
13:54:15 1000 30057 2.39 0.36 0.00 0.00 2.75 3 6.37 0.00 381692 85548 2.14 0.02 127.01 0.00 36 31 29 smartDeviceLinkCore
13:54:18 1000 30057 2.41 0.36 0.00 0.00 2.77 3 6.37 0.00 381692 85548 2.14 0.02 127.69 0.00 36 32 30 smartDeviceLinkCore
13:54:21 1000 30057 2.42 0.36 0.00 0.00 2.79 3 6.36 0.00 381692 85548 2.14 0.02 128.45 0.00 36 32 30 smartDeviceLinkCore
13:54:24 1000 30057 2.44 0.37 0.00 0.00 2.81 3 6.49 0.00 381692 85556 2.14 0.02 129.21 0.00 36 32 30 smartDeviceLinkCore
13:54:27 1000 30057 2.46 0.37 0.00 0.00 2.82 3 6.49 0.00 381692 85556 2.14 0.02 130.05 0.00 36 32 30 smartDeviceLinkCore
13:54:30 1000 30057 2.47 0.37 0.00 0.00 2.84 3 6.49 0.00 381692 85556 2.14 0.02 130.88 0.00 36 31 29 smartDeviceLinkCore
13:54:33 1000 30057 2.49 0.37 0.00 0.00 2.86 3 6.62 0.00 381692 85556 2.14 0.02 131.71 0.00 36 31 31 smartDeviceLinkCore
13:54:36 1000 30057 2.50 0.38 0.00 0.00 2.88 3 6.62 0.00 381692 85556 2.14 0.02 132.54 0.00 36 32 30 smartDeviceLinkCore
13:54:39 1000 30057 2.52 0.38 0.00 0.00 2.90 3 6.62 0.00 381692 85556 2.14 0.02 133.29 0.00 36 32 30 smartDeviceLinkCore
13:54:42 1000 30057 2.53 0.38 0.00 0.00 2.91 3 6.74 0.00 381692 85556 2.14 0.02 134.19 0.00 36 32 30 smartDeviceLinkCore
13:54:45 1000 30057 2.55 0.38 0.00 0.00 2.93 3 6.74 0.00 381692 85556 2.14 0.02 134.95 0.00 36 32 30 smartDeviceLinkCore
13:54:48 1000 30057 2.56 0.39 0.00 0.00 2.95 3 6.74 0.00 381692 85556 2.14 0.02 135.71 0.00 36 31 29 smartDeviceLinkCore
13:54:51 1000 30057 2.58 0.39 0.00 0.00 2.97 3 6.74 0.00 381692 85556 2.14 0.02 136.53 0.00 36 31 30 smartDeviceLinkCore
13:54:54 1000 30057 2.60 0.39 0.00 0.00 2.99 3 6.87 0.00 381692 85568 2.14 0.02 137.57 0.00 36 32 30 smartDeviceLinkCore
13:54:57 1000 30057 2.61 0.39 0.00 0.00 3.01 3 6.86 0.00 381692 85568 2.14 0.02 138.41 0.00 36 32 30 smartDeviceLinkCore
13:55:00 1000 30057 2.63 0.40 0.00 0.00 3.02 3 6.86 0.00 381692 85568 2.14 0.02 139.15 0.00 36 31 30 smartDeviceLinkCore
13:55:03 1000 30057 2.65 0.40 0.00 0.00 3.04 3 6.99 0.00 381692 85572 2.14 0.02 139.97 0.00 36 32 30 smartDeviceLinkCore
13:55:06 1000 30057 2.66 0.40 0.00 0.00 3.06 3 6.99 0.00 381692 85572 2.14 0.02 140.79 0.00 36 31 30 smartDeviceLinkCore
13:55:09 1000 30057 2.67 0.40 0.00 0.00 3.08 3 6.99 0.00 381692 85572 2.14 0.02 141.47 0.00 36 32 30 smartDeviceLinkCore
13:55:12 1000 30057 2.69 0.41 0.00 0.00 3.09 3 6.98 0.00 381692 85572 2.14 0.02 142.15 0.00 36 31 30 smartDeviceLinkCore
13:55:15 1000 30057 2.70 0.41 0.00 0.00 3.11 3 7.11 0.00 381692 85580 2.14 0.02 142.95 0.00 36 32 30 smartDeviceLinkCore
13:55:18 1000 30057 2.71 0.41 0.00 0.00 3.12 3 7.11 0.00 381692 85580 2.14 0.02 143.71 0.00 36 31 30 smartDeviceLinkCore
13:55:21 1000 30057 2.73 0.41 0.00 0.00 3.14 3 7.11 0.00 381692 85580 2.14 0.02 144.29 0.00 36 32 30 smartDeviceLinkCore
13:55:24 1000 30057 2.74 0.41 0.00 0.00 3.16 3 7.24 0.00 381692 85588 2.14 0.02 145.12 0.00 36 32 31 smartDeviceLinkCore
13:55:27 1000 30057 2.76 0.42 0.00 0.00 3.17 3 7.23 0.00 381692 85588 2.14 0.02 145.80 0.00 36 31 29 smartDeviceLinkCore
13:55:30 1000 30057 2.77 0.42 0.00 0.00 3.19 3 7.23 0.00 381692 85588 2.14 0.02 146.60 0.00 36 31 30 smartDeviceLinkCore
13:55:33 1000 30057 2.79 0.42 0.00 0.00 3.21 3 7.36 0.00 381692 85600 2.14 0.02 147.41 0.00 36 32 30 smartDeviceLinkCore
13:55:36 1000 30057 2.80 0.42 0.00 0.00 3.23 3 7.36 0.00 381692 85600 2.14 0.02 148.24 0.00 36 31 30 smartDeviceLinkCore
13:55:39 1000 30057 2.82 0.42 0.00 0.00 3.24 3 7.36 0.00 381692 85600 2.14 0.02 148.97 0.00 36 32 30 smartDeviceLinkCore
13:55:42 1000 30057 2.83 0.43 0.00 0.00 3.26 3 7.35 0.00 381692 85600 2.14 0.02 149.78 0.00 36 32 30 smartDeviceLinkCore
13:55:45 1000 30057 2.85 0.43 0.00 0.00 3.28 3 7.48 0.00 381692 85608 2.14 0.02 150.44 0.00 36 32 30 smartDeviceLinkCore
13:55:48 1000 30057 2.86 0.43 0.00 0.00 3.29 3 7.48 0.00 381692 85608 2.14 0.02 151.26 0.00 36 32 30 smartDeviceLinkCore
13:55:51 1000 30057 2.87 0.43 0.00 0.00 3.31 3 7.48 0.00 381692 85608 2.14 0.02 152.01 0.00 36 31 29 smartDeviceLinkCore
13:55:54 1000 30057 2.89 0.44 0.00 0.00 3.33 3 7.60 0.00 381692 85620 2.14 0.02 152.88 0.00 36 32 30 smartDeviceLinkCore
13:55:57 1000 30057 2.90 0.44 0.00 0.00 3.35 3 7.61 0.00 381692 85620 2.14 0.02 153.62 0.00 36 31 29 smartDeviceLinkCore
13:56:00 1000 30057 2.92 0.44 0.00 0.00 3.36 3 7.60 0.00 381692 85620 2.14 0.02 154.42 0.00 36 31 30 smartDeviceLinkCore
13:56:03 1000 30057 2.94 0.45 0.00 0.00 3.38 3 7.60 0.00 381692 85620 2.14 0.02 155.23 0.00 36 32 30 smartDeviceLinkCore
13:56:06 1000 30057 2.95 0.45 0.00 0.00 3.40 3 7.73 0.00 381692 85620 2.14 0.02 156.03 0.00 36 31 30 smartDeviceLinkCore
13:56:09 1000 30057 2.96 0.45 0.00 0.00 3.42 3 7.73 0.00 381692 85620 2.14 0.02 156.84 0.00 36 32 31 smartDeviceLinkCore
13:56:12 1000 30057 2.98 0.45 0.00 0.00 3.43 3 7.73 0.00 381692 85620 2.14 0.02 157.51 0.00 36 31 29 smartDeviceLinkCore
13:56:15 1000 30057 2.99 0.46 0.00 0.00 3.45 3 7.85 0.00 381692 85628 2.14 0.02 158.33 0.00 36 32 30 smartDeviceLinkCore
13:56:18 1000 30057 3.00 0.46 0.00 0.00 3.46 3 7.85 0.00 381692 85628 2.14 0.02 158.96 0.00 36 32 31 smartDeviceLinkCore
13:56:21 1000 30057 3.02 0.46 0.00 0.00 3.48 3 7.85 0.00 381692 85628 2.14 0.02 159.77 0.00 36 31 29 smartDeviceLinkCore
13:56:24 1000 30057 3.04 0.46 0.00 0.00 3.50 3 7.97 0.00 381692 85632 2.14 0.02 160.62 0.00 36 32 30 smartDeviceLinkCore
13:56:27 1000 30057 3.05 0.46 0.00 0.00 3.52 3 7.97 0.00 381692 85632 2.14 0.02 161.37 0.00 36 31 30 smartDeviceLinkCore
13:56:30 1000 30057 3.07 0.47 0.00 0.00 3.53 3 7.97 0.00 381692 85632 2.14 0.02 162.17 0.00 36 31 29 smartDeviceLinkCore
13:56:33 1000 30057 3.08 0.47 0.00 0.00 3.55 3 7.97 0.00 381692 85632 2.14 0.02 162.89 0.00 36 32 30 smartDeviceLinkCore
13:56:36 1000 30057 3.10 0.47 0.00 0.00 3.57 3 8.10 0.00 381692 85636 2.14 0.02 163.75 0.00 36 31 30 smartDeviceLinkCore
13:56:39 1000 30057 3.11 0.47 0.00 0.00 3.59 3 8.10 0.00 381692 85636 2.14 0.02 164.55 0.00 36 31 30 smartDeviceLinkCore
13:56:42 1000 30057 3.13 0.48 0.00 0.00 3.60 3 8.10 0.00 381692 85636 2.14 0.02 165.28 0.00 36 32 30 smartDeviceLinkCore
13:56:45 1000 30057 3.14 0.48 0.00 0.00 3.62 3 8.22 0.00 381692 85636 2.14 0.02 166.07 0.00 36 32 30 smartDeviceLinkCore
13:56:48 1000 30057 3.16 0.48 0.00 0.00 3.63 3 8.22 0.00 381692 85636 2.14 0.02 166.80 0.00 36 31 29 smartDeviceLinkCore
13:56:51 1000 30057 3.17 0.48 0.00 0.00 3.65 3 8.22 0.00 381692 85636 2.14 0.02 167.66 0.00 36 31 30 smartDeviceLinkCore
13:56:54 1000 30057 3.19 0.48 0.00 0.00 3.67 3 8.22 0.00 381692 85636 2.14 0.02 168.23 0.00 36 32 30 smartDeviceLinkCore
13:56:57 1000 30057 3.20 0.49 0.00 0.00 3.69 3 8.35 0.00 381692 85648 2.14 0.02 169.09 0.00 36 32 30 smartDeviceLinkCore
13:57:00 1000 30057 3.21 0.49 0.00 0.00 3.70 3 8.34 0.00 381692 85648 2.14 0.02 169.83 0.00 36 31 30 smartDeviceLinkCore
13:57:03 1000 30057 3.23 0.49 0.00 0.00 3.72 3 8.34 0.00 381692 85648 2.14 0.02 170.54 0.00 36 31 30 smartDeviceLinkCore
13:57:06 1000 30057 3.25 0.49 0.00 0.00 3.74 3 8.47 0.00 381692 85648 2.14 0.02 171.41 0.00 36 32 30 smartDeviceLinkCore
13:57:09 1000 30057 3.26 0.50 0.00 0.00 3.76 3 8.47 0.00 381692 85648 2.14 0.02 172.18 0.00 36 32 30 smartDeviceLinkCore
13:57:12 1000 30057 3.28 0.50 0.00 0.00 3.77 3 8.47 0.00 381692 85648 2.14 0.02 172.91 0.00 36 31 30 smartDeviceLinkCore
13:57:15 1000 30057 3.29 0.50 0.00 0.00 3.79 3 8.46 0.00 381692 85648 2.14 0.02 173.70 0.00 36 31 30 smartDeviceLinkCore
13:57:18 1000 30057 3.30 0.50 0.00 0.00 3.81 3 8.59 0.00 381692 85652 2.14 0.02 174.44 0.00 36 31 30 smartDeviceLinkCore
13:57:21 1000 30057 3.32 0.51 0.00 0.00 3.83 3 8.59 0.00 381692 85652 2.14 0.02 175.19 0.00 36 31 30 smartDeviceLinkCore
13:57:24 1000 30057 3.34 0.51 0.00 0.00 3.85 3 8.59 0.00 381692 85652 2.14 0.02 175.98 0.00 36 32 30 smartDeviceLinkCore
13:57:27 1000 30057 3.35 0.51 0.00 0.00 3.86 3 8.71 0.00 381692 85660 2.14 0.02 176.77 0.00 36 32 30 smartDeviceLinkCore
13:57:30 1000 30057 3.37 0.51 0.00 0.00 3.88 3 8.71 0.00 381692 85660 2.14 0.02 177.41 0.00 36 31 29 smartDeviceLinkCore
13:57:33 1000 30057 3.38 0.51 0.00 0.00 3.89 3 8.71 0.00 381692 85660 2.14 0.02 178.22 0.00 36 31 30 smartDeviceLinkCore
13:57:36 1000 30057 3.40 0.51 0.00 0.00 3.91 3 8.83 0.00 381692 85668 2.14 0.02 179.11 0.00 36 32 30 smartDeviceLinkCore
13:57:39 1000 30057 3.41 0.52 0.00 0.00 3.93 3 8.84 0.00 381692 85668 2.14 0.02 179.76 0.00 36 32 30 smartDeviceLinkCore
13:57:42 1000 30057 3.43 0.52 0.00 0.00 3.94 3 8.83 0.00 381692 85668 2.14 0.02 180.46 0.00 36 31 30 smartDeviceLinkCore
13:57:45 1000 30057 3.44 0.52 0.00 0.00 3.96 3 8.83 0.00 381692 85668 2.14 0.02 181.24 0.00 36 31 30 smartDeviceLinkCore
13:57:48 1000 30057 3.46 0.52 0.00 0.00 3.98 3 8.96 0.00 381692 85680 2.14 0.02 181.96 0.00 36 31 29 smartDeviceLinkCore
13:57:51 1000 30057 3.47 0.53 0.00 0.00 4.00 3 8.96 0.00 381692 85680 2.14 0.02 182.87 0.00 36 31 30 smartDeviceLinkCore
13:57:54 1000 30057 3.49 0.53 0.00 0.00 4.02 3 8.96 0.00 381692 85680 2.14 0.02 183.65 0.00 36 32 30 smartDeviceLinkCore
13:57:57 1000 30057 3.51 0.53 0.00 0.00 4.04 3 9.08 0.00 381692 85684 2.14 0.02 184.50 0.00 36 32 30 smartDeviceLinkCore
13:58:00 1000 30057 3.52 0.53 0.00 0.00 4.05 3 9.08 0.00 381692 85684 2.14 0.02 185.21 0.00 36 31 29 smartDeviceLinkCore
13:58:03 1000 30057 3.53 0.54 0.00 0.00 4.07 3 9.08 0.00 381692 85684 2.14 0.02 185.99 0.00 36 31 29 smartDeviceLinkCore
13:58:06 1000 30057 3.55 0.54 0.00 0.00 4.09 3 9.07 0.00 381692 85684 2.14 0.02 186.76 0.00 36 32 30 smartDeviceLinkCore
13:58:09 1000 30057 3.56 0.54 0.00 0.00 4.10 3 9.20 0.00 381692 85692 2.14 0.02 187.39 0.00 36 32 29 smartDeviceLinkCore
13:58:12 1000 30057 3.58 0.54 0.00 0.00 4.12 3 9.20 0.00 381692 85692 2.14 0.02 188.08 0.00 36 32 30 smartDeviceLinkCore
13:58:15 1000 30057 3.59 0.54 0.00 0.00 4.13 3 9.20 0.00 381692 85692 2.14 0.02 188.79 0.00 36 31 30 smartDeviceLinkCore
13:58:18 1000 30057 3.61 0.55 0.00 0.00 4.15 3 9.33 0.00 381692 85696 2.14 0.02 189.62 0.00 36 31 30 smartDeviceLinkCore
13:58:21 1000 30057 3.62 0.55 0.00 0.00 4.17 3 9.32 0.00 381692 85696 2.14 0.02 190.26 0.00 36 32 30 smartDeviceLinkCore
13:58:24 1000 30057 3.63 0.55 0.00 0.00 4.18 3 9.32 0.00 381692 85696 2.14 0.02 191.02 0.00 36 31 30 smartDeviceLinkCore
13:58:27 1000 30057 3.65 0.55 0.00 0.00 4.20 3 9.41 0.00 381692 85700 2.14 0.02 191.72 0.00 36 32 30 smartDeviceLinkCore
13:58:30 1000 30057 3.66 0.55 0.00 0.00 4.21 3 9.45 0.00 381692 85704 2.14 0.02 192.56 0.00 36 32 30 smartDeviceLinkCore
13:58:33 1000 30057 3.68 0.56 0.00 0.00 4.23 3 9.44 0.00 381692 85704 2.14 0.02 193.27 0.00 36 31 29 smartDeviceLinkCore
13:58:36 1000 30057 3.69 0.56 0.00 0.00 4.25 3 9.44 0.00 381692 85704 2.14 0.02 194.10 0.00 36 31 30 smartDeviceLinkCore
13:58:39 1000 30057 3.71 0.56 0.00 0.00 4.27 3 9.57 0.00 381692 85704 2.14 0.02 194.93 0.00 36 32 30 smartDeviceLinkCore
13:58:42 1000 30057 3.72 0.56 0.00 0.00 4.28 3 9.56 0.00 381692 85704 2.14 0.02 195.41 0.00 36 32 30 smartDeviceLinkCore
13:58:45 1000 30057 3.74 0.56 0.00 0.00 4.30 3 9.56 0.00 381692 85704 2.14 0.02 196.18 0.00 36 31 31 smartDeviceLinkCore
13:58:48 1000 30057 3.75 0.56 0.00 0.00 4.31 3 9.69 0.00 381692 85712 2.14 0.02 196.95 0.00 36 31 29 smartDeviceLinkCore
13:58:51 1000 30057 3.76 0.57 0.00 0.00 4.33 3 9.69 0.00 381692 85712 2.14 0.02 197.63 0.00 36 31 30 smartDeviceLinkCore
13:58:54 1000 30057 3.78 0.57 0.00 0.00 4.35 3 9.68 0.00 381692 85712 2.14 0.02 198.40 0.00 36 31 30 smartDeviceLinkCore
13:58:57 1000 30057 3.79 0.57 0.00 0.00 4.36 3 9.68 0.00 381692 85712 2.14 0.02 199.09 0.00 36 32 30 smartDeviceLinkCore
13:59:00 1000 30057 3.80 0.57 0.00 0.00 4.38 3 9.81 0.00 381692 85724 2.14 0.02 199.70 0.00 36 32 30 smartDeviceLinkCore
13:59:03 1000 30057 3.82 0.58 0.00 0.00 4.39 3 9.80 0.00 381692 85724 2.14 0.02 200.48 0.00 36 31 29 smartDeviceLinkCore
13:59:06 1000 30057 3.83 0.58 0.00 0.00 4.41 3 9.80 0.00 381692 85724 2.14 0.02 201.24 0.00 36 31 30 smartDeviceLinkCore
13:59:09 1000 30057 3.85 0.58 0.00 0.00 4.43 3 9.93 0.00 381692 85724 2.14 0.02 202.00 0.00 36 31 29 smartDeviceLinkCore
13:59:12 1000 30057 3.86 0.58 0.00 0.00 4.44 3 9.93 0.00 381692 85724 2.14 0.02 202.69 0.00 36 31 30 smartDeviceLinkCore
13:59:15 1000 30057 3.88 0.59 0.00 0.00 4.46 3 9.92 0.00 381692 85724 2.14 0.02 203.36 0.00 36 32 30 smartDeviceLinkCore
13:59:18 1000 30057 3.89 0.59 0.00 0.00 4.48 3 10.04 0.00 381692 85728 2.14 0.02 204.25 0.00 36 32 30 smartDeviceLinkCore
13:59:21 1000 30057 3.90 0.59 0.00 0.00 4.49 3 10.04 0.00 381692 85728 2.14 0.02 204.87 0.00 36 31 30 smartDeviceLinkCore
13:59:24 1000 30057 3.92 0.59 0.00 0.00 4.51 3 10.04 0.00 381692 85728 2.14 0.02 205.62 0.00 36 31 30 smartDeviceLinkCore
13:59:27 1000 30057 3.93 0.59 0.00 0.00 4.53 3 10.04 0.00 381692 85728 2.14 0.02 206.25 0.00 36 32 30 smartDeviceLinkCore
13:59:30 1000 30057 3.95 0.59 0.00 0.00 4.54 3 10.16 0.00 381692 85728 2.14 0.02 206.93 0.00 36 32 30 smartDeviceLinkCore
13:59:33 1000 30057 3.96 0.60 0.00 0.00 4.56 3 10.16 0.00 381692 85728 2.14 0.02 207.62 0.00 36 31 29 smartDeviceLinkCore
13:59:36 1000 30057 3.98 0.60 0.00 0.00 4.57 3 10.16 0.00 381692 85728 2.14 0.02 208.36 0.00 36 31 30 smartDeviceLinkCore
13:59:39 1000 30057 3.99 0.60 0.00 0.00 4.59 3 10.29 0.00 381692 85736 2.14 0.02 209.12 0.00 36 31 29 smartDeviceLinkCore
13:59:42 1000 30057 4.00 0.60 0.00 0.00 4.61 3 10.29 0.00 381692 85736 2.14 0.02 209.87 0.00 36 31 29 smartDeviceLinkCore
13:59:45 1000 30057 4.02 0.60 0.00 0.00 4.62 3 10.28 0.00 381692 85736 2.14 0.02 210.61 0.00 36 31 30 smartDeviceLinkCore
13:59:48 1000 30057 4.04 0.61 0.00 0.00 4.64 3 10.28 0.00 381692 85736 2.14 0.01 211.36 0.00 36 32 30 smartDeviceLinkCore
13:59:51 1000 30057 4.05 0.61 0.00 0.00 4.66 3 10.41 0.00 381692 85744 2.14 0.01 212.11 0.00 36 31 30 smartDeviceLinkCore
13:59:54 1000 30057 4.06 0.61 0.00 0.00 4.67 3 10.40 0.00 381692 85744 2.14 0.01 212.86 0.00 36 31 31 smartDeviceLinkCore
13:59:57 1000 30057 4.08 0.61 0.00 0.00 4.69 3 10.40 0.00 381692 85744 2.14 0.01 213.61 0.00 36 31 31 smartDeviceLinkCore
14:00:00 1000 30057 4.09 0.61 0.00 0.00 4.71 3 10.53 0.00 381692 85752 2.14 0.01 214.28 0.00 36 32 30 smartDeviceLinkCore
14:00:03 1000 30057 4.11 0.61 0.00 0.00 4.72 3 10.52 0.00 381692 85752 2.14 0.01 215.02 0.00 36 32 30 smartDeviceLinkCore
14:00:06 1000 30057 4.12 0.62 0.00 0.00 4.73 3 10.52 0.00 381692 85752 2.14 0.01 215.75 0.00 36 31 30 smartDeviceLinkCore
14:00:09 1000 30057 4.13 0.62 0.00 0.00 4.75 3 10.56 0.00 381692 85752 2.14 0.01 216.38 0.00 36 31 31 smartDeviceLinkCore
14:00:12 1000 30057 4.15 0.62 0.00 0.00 4.77 3 10.65 0.00 381692 85756 2.14 0.01 217.05 0.00 36 32 30 smartDeviceLinkCore
14:00:15 1000 30057 4.16 0.62 0.00 0.00 4.78 3 10.64 0.00 381692 85756 2.14 0.01 217.79 0.00 36 32 29 smartDeviceLinkCore
14:00:19 1000 30057 4.16 0.62 0.00 0.00 4.78 3 10.64 0.00 381692 85756 2.14 0.01 217.84 0.00 36 31 29 smartDeviceLinkCore
14:00:21 1000 30057 4.16 0.62 0.00 0.00 4.79 3 10.72 0.00 381692 85760 2.14 0.01 218.02 0.00 36 31 29 smartDeviceLinkCore
14:00:25 1000 30057 4.16 0.62 0.00 0.00 4.78 3 10.73 0.00 381692 85760 2.14 0.01 217.91 0.00 36 31 29 smartDeviceLinkCore
14:00:28 1000 30057 4.16 0.62 0.00 0.00 4.78 3 10.72 0.00 381692 85760 2.14 0.01 217.80 0.00 36 31 29 smartDeviceLinkCore
14:00:31 1000 30057 4.16 0.62 0.00 0.00 4.78 3 10.79 0.00 381692 85760 2.14 0.01 217.97 0.00 36 31 30 smartDeviceLinkCore
14:00:34 1000 30057 4.16 0.62 0.00 0.00 4.78 3 10.80 0.00 381692 85760 2.14 0.01 217.87 0.00 36 31 29 smartDeviceLinkCore
14:00:37 1000 30057 4.16 0.62 0.00 0.00 4.78 3 10.79 0.00 381692 85760 2.14 0.01 217.77 0.00 36 31 29 smartDeviceLinkCore
14:00:40 1000 30057 4.15 0.62 0.00 0.00 4.78 3 10.79 0.00 381692 85760 2.14 0.01 217.66 0.00 36 31 29 smartDeviceLinkCore
14:00:43 1000 30057 4.16 0.62 0.00 0.00 4.78 3 10.87 0.00 381692 85764 2.14 0.01 217.84 0.00 36 31 29 smartDeviceLinkCore
14:00:46 1000 30057 4.15 0.62 0.00 0.00 4.78 3 10.87 0.00 381692 85764 2.14 0.01 217.73 0.00 36 31 29 smartDeviceLinkCore
14:00:49 1000 30057 4.15 0.62 0.00 0.00 4.77 3 10.86 0.00 381692 85764 2.14 0.01 217.63 0.00 36 31 29 smartDeviceLinkCore
14:00:52 1000 30057 4.15 0.62 0.00 0.00 4.77 3 10.94 0.00 381692 85764 2.14 0.01 217.80 0.00 36 31 29 smartDeviceLinkCore
14:00:55 1000 30057 4.15 0.62 0.00 0.00 4.77 3 10.94 0.00 381692 85764 2.14 0.01 217.70 0.00 36 31 29 smartDeviceLinkCore
14:00:58 1000 30057 4.15 0.62 0.00 0.00 4.77 3 10.94 0.00 381692 85764 2.14 0.01 217.59 0.00 36 31 29 smartDeviceLinkCore
14:01:01 1000 30057 4.15 0.62 0.00 0.00 4.77 3 10.93 0.00 381692 85764 2.14 0.01 217.48 0.00 36 31 29 smartDeviceLinkCore
14:01:04 1000 30057 4.15 0.62 0.00 0.00 4.77 3 11.02 0.00 381692 85764 2.14 0.01 217.66 0.00 36 31 29 smartDeviceLinkCore
14:01:07 1000 30057 4.15 0.62 0.00 0.00 4.77 3 11.01 0.00 381692 85764 2.14 0.01 217.56 0.00 36 31 29 smartDeviceLinkCore
14:01:10 1000 30057 4.14 0.62 0.00 0.00 4.76 3 11.01 0.00 381692 85764 2.14 0.01 217.45 0.00 36 31 29 smartDeviceLinkCore
14:01:13 1000 30057 4.15 0.62 0.00 0.00 4.77 3 11.08 0.00 381692 85764 2.14 0.01 217.63 0.00 36 31 29 smartDeviceLinkCore
14:01:16 1000 30057 4.14 0.62 0.00 0.00 4.76 3 11.08 0.00 381692 85764 2.14 0.01 217.52 0.00 36 31 29 smartDeviceLinkCore
14:01:19 1000 30057 4.14 0.62 0.00 0.00 4.76 3 11.08 0.00 381692 85764 2.14 0.01 217.42 0.00 36 31 29 smartDeviceLinkCore
14:01:22 1000 30057 4.14 0.62 0.00 0.00 4.76 3 11.15 0.00 381692 85764 2.14 0.01 217.50 0.00 36 31 30 smartDeviceLinkCore
14:01:25 1000 30057 4.14 0.62 0.00 0.00 4.76 3 11.16 0.00 381692 85764 2.14 0.01 217.48 0.00 36 31 29 smartDeviceLinkCore
14:01:28 1000 30057 4.14 0.62 0.00 0.00 4.76 3 11.15 0.00 381692 85764 2.14 0.01 217.38 0.00 36 31 29 smartDeviceLinkCore
14:01:31 1000 30057 4.14 0.62 0.00 0.00 4.76 3 11.15 0.00 381692 85764 2.14 0.01 217.27 0.00 36 31 29 smartDeviceLinkCore
14:01:34 1000 30057 4.14 0.62 0.00 0.00 4.76 3 11.23 0.00 381692 85764 2.14 0.01 217.45 0.00 36 31 29 smartDeviceLinkCore
14:01:37 1000 30057 4.14 0.62 0.00 0.00 4.76 3 11.23 0.00 381692 85764 2.14 0.01 217.35 0.00 36 31 29 smartDeviceLinkCore
14:01:40 1000 30057 4.13 0.62 0.00 0.00 4.75 3 11.22 0.00 381692 85764 2.14 0.01 217.24 0.00 36 31 29 smartDeviceLinkCore
14:01:43 1000 30057 4.14 0.62 0.00 0.00 4.76 3 11.30 0.00 381692 85764 2.14 0.01 217.42 0.00 36 31 29 smartDeviceLinkCore
14:01:46 1000 30057 4.13 0.62 0.00 0.00 4.75 3 11.30 0.00 381692 85764 2.14 0.01 217.31 0.00 36 31 29 smartDeviceLinkCore
14:01:49 1000 30057 4.13 0.62 0.00 0.00 4.75 3 11.29 0.00 381692 85764 2.14 0.01 217.21 0.00 36 31 29 smartDeviceLinkCore
14:01:52 1000 30057 4.13 0.62 0.00 0.00 4.75 3 11.29 0.00 381692 85764 2.14 0.01 217.10 0.00 36 31 29 smartDeviceLinkCore
14:01:55 1000 30057 4.13 0.62 0.00 0.00 4.75 3 11.37 0.00 381692 85764 2.14 0.01 217.28 0.00 36 31 29 smartDeviceLinkCore
14:01:58 1000 30057 4.13 0.62 0.00 0.00 4.75 3 11.37 0.00 381692 85764 2.14 0.01 217.17 0.00 36 31 29 smartDeviceLinkCore
14:02:01 1000 30057 4.13 0.62 0.00 0.00 4.75 3 11.36 0.00 381692 85764 2.14 0.01 217.07 0.00 36 31 29 smartDeviceLinkCore
14:02:04 1000 30057 4.13 0.62 0.00 0.00 4.75 3 11.43 0.00 381692 85764 2.14 0.01 217.24 0.00 36 31 29 smartDeviceLinkCore
14:02:07 1000 30057 4.13 0.62 0.00 0.00 4.74 3 11.44 0.00 381692 85764 2.14 0.01 217.14 0.00 36 31 29 smartDeviceLinkCore
14:02:10 1000 30057 4.12 0.62 0.00 0.00 4.74 3 11.43 0.00 381692 85764 2.14 0.01 217.03 0.00 36 31 29 smartDeviceLinkCore
14:02:13 1000 30057 4.12 0.62 0.00 0.00 4.74 3 11.51 0.00 381692 85764 2.14 0.01 217.06 0.00 36 31 30 smartDeviceLinkCore
14:02:16 1000 30057 4.12 0.62 0.00 0.00 4.74 3 11.51 0.00 381692 85764 2.14 0.01 217.10 0.00 36 31 29 smartDeviceLinkCore
14:02:19 1000 30057 4.12 0.62 0.00 0.00 4.74 3 11.51 0.00 381692 85764 2.14 0.01 217.00 0.00 36 31 29 smartDeviceLinkCore
14:02:22 1000 30057 4.12 0.62 0.00 0.00 4.74 3 11.50 0.00 381692 85764 2.14 0.01 216.90 0.00 36 31 29 smartDeviceLinkCore
14:02:25 1000 30057 4.12 0.62 0.00 0.00 4.74 3 11.58 0.00 381692 85764 2.14 0.01 217.07 0.00 36 31 29 smartDeviceLinkCore
14:02:28 1000 30057 4.12 0.62 0.00 0.00 4.74 3 11.58 0.00 381692 85764 2.14 0.01 216.97 0.00 36 31 29 smartDeviceLinkCore
14:02:31 1000 30057 4.12 0.62 0.00 0.00 4.73 3 11.57 0.00 381692 85764 2.14 0.01 216.86 0.00 36 31 29 smartDeviceLinkCore
14:02:34 1000 30057 4.12 0.62 0.00 0.00 4.74 3 11.64 0.00 381692 85764 2.14 0.01 217.03 0.00 36 31 30 smartDeviceLinkCore
14:02:37 1000 30057 4.12 0.62 0.00 0.00 4.73 3 11.65 0.00 381692 85764 2.14 0.01 216.93 0.00 36 31 29 smartDeviceLinkCore
14:02:40 1000 30057 4.11 0.62 0.00 0.00 4.73 3 11.64 0.00 381692 85764 2.14 0.01 216.83 0.00 36 31 29 smartDeviceLinkCore
14:02:43 1000 30057 4.11 0.62 0.00 0.00 4.73 3 11.64 0.00 381692 85764 2.14 0.01 216.72 0.00 36 31 29 smartDeviceLinkCore
14:02:46 1000 30057 4.11 0.62 0.00 0.00 4.73 3 11.72 0.00 381692 85764 2.14 0.01 216.90 0.00 36 31 29 smartDeviceLinkCore
14:02:49 1000 30057 4.11 0.62 0.00 0.00 4.73 3 11.71 0.00 381692 85764 2.14 0.01 216.79 0.00 36 31 29 smartDeviceLinkCore
14:02:52 1000 30057 4.11 0.62 0.00 0.00 4.73 3 11.71 0.00 381692 85764 2.14 0.01 216.69 0.00 36 31 29 smartDeviceLinkCore
14:02:55 1000 30057 4.11 0.62 0.00 0.00 4.73 3 11.78 0.00 381692 85764 2.14 0.01 216.86 0.00 36 31 29 smartDeviceLinkCore
14:02:58 1000 30057 4.11 0.62 0.00 0.00 4.73 3 11.78 0.00 381692 85764 2.14 0.01 216.76 0.00 36 31 29 smartDeviceLinkCore
14:03:01 1000 30057 4.11 0.62 0.00 0.00 4.72 3 11.78 0.00 381692 85764 2.14 0.01 216.66 0.00 36 31 29 smartDeviceLinkCore
14:03:04 1000 30057 4.11 0.62 0.00 0.00 4.72 3 11.85 0.00 381692 85764 2.14 0.01 216.62 0.00 36 31 30 smartDeviceLinkCore
14:03:07 1000 30057 4.11 0.62 0.00 0.00 4.72 3 11.85 0.00 381692 85764 2.14 0.01 216.73 0.00 36 31 29 smartDeviceLinkCore
14:03:10 1000 30057 4.10 0.62 0.00 0.00 4.72 3 11.85 0.00 381692 85764 2.14 0.01 216.62 0.00 36 31 29 smartDeviceLinkCore
14:03:13 1000 30057 4.10 0.62 0.00 0.00 4.72 3 11.84 0.00 381692 85764 2.14 0.01 216.52 0.00 36 31 29 smartDeviceLinkCore
14:03:17 1000 30057 4.10 0.62 0.00 0.00 4.72 3 11.92 0.00 381692 85764 2.14 0.01 216.69 0.00 36 31 29 smartDeviceLinkCore
14:03:20 1000 30057 4.10 0.62 0.00 0.00 4.72 3 11.92 0.00 381692 85764 2.14 0.01 216.59 0.00 36 31 29 smartDeviceLinkCore
14:03:23 1000 30057 4.10 0.62 0.00 0.00 4.72 3 11.91 0.00 381692 85764 2.14 0.01 216.49 0.00 36 31 29 smartDeviceLinkCore
14:03:26 1000 30057 4.10 0.62 0.00 0.00 4.72 3 11.99 0.00 381692 85764 2.14 0.01 216.65 0.00 36 31 31 smartDeviceLinkCore
14:03:29 1000 30057 4.10 0.62 0.00 0.00 4.71 3 11.99 0.00 381692 85764 2.14 0.01 216.56 0.00 36 31 29 smartDeviceLinkCore
14:03:32 1000 30057 4.10 0.62 0.00 0.00 4.71 3 11.98 0.00 381692 85764 2.14 0.01 216.46 0.00 36 31 29 smartDeviceLinkCore
14:03:35 1000 30057 4.09 0.62 0.00 0.00 4.71 3 11.98 0.00 381692 85764 2.14 0.01 216.35 0.00 36 31 29 smartDeviceLinkCore
14:03:38 1000 30057 4.10 0.62 0.00 0.00 4.71 3 12.06 0.00 381692 85764 2.14 0.01 216.53 0.00 36 31 29 smartDeviceLinkCore
14:03:41 1000 30057 4.09 0.62 0.00 0.00 4.71 3 12.05 0.00 381692 85764 2.14 0.01 216.42 0.00 36 31 29 smartDeviceLinkCore
14:03:44 1000 30057 4.09 0.62 0.00 0.00 4.71 3 12.05 0.00 381692 85764 2.14 0.01 216.32 0.00 36 31 29 smartDeviceLinkCore
14:03:47 1000 30057 4.09 0.62 0.00 0.00 4.71 3 12.12 0.00 381692 85764 2.14 0.01 216.49 0.00 36 31 29 smartDeviceLinkCore
14:03:50 1000 30057 4.09 0.62 0.00 0.00 4.71 3 12.13 0.00 381692 85764 2.14 0.01 216.39 0.00 36 31 29 smartDeviceLinkCore
14:03:53 1000 30057 4.09 0.62 0.00 0.00 4.71 3 12.12 0.00 381692 85764 2.14 0.01 216.29 0.00 36 31 29 smartDeviceLinkCore
14:03:56 1000 30057 4.09 0.62 0.00 0.00 4.70 3 12.11 0.00 381692 85764 2.14 0.01 216.19 0.00 36 31 29 smartDeviceLinkCore
14:03:59 1000 30057 4.09 0.62 0.00 0.00 4.71 3 12.20 0.00 381692 85764 2.14 0.01 216.36 0.00 36 31 29 smartDeviceLinkCore
14:04:02 1000 30057 4.09 0.62 0.00 0.00 4.70 3 12.19 0.00 381692 85764 2.14 0.01 216.26 0.00 36 31 29 smartDeviceLinkCore
14:04:05 1000 30057 4.08 0.62 0.00 0.00 4.70 3 12.18 0.00 381692 85764 2.14 0.01 216.15 0.00 36 31 29 smartDeviceLinkCore
14:04:08 1000 30057 4.09 0.62 0.00 0.00 4.70 3 12.26 0.00 381692 85764 2.14 0.01 216.33 0.00 36 31 29 smartDeviceLinkCore
14:04:11 1000 30057 4.08 0.62 0.00 0.00 4.70 3 12.26 0.00 381692 85764 2.14 0.01 216.22 0.00 36 31 29 smartDeviceLinkCore
14:04:14 1000 30057 4.08 0.62 0.00 0.00 4.70 3 12.25 0.00 381692 85764 2.14 0.01 216.12 0.00 36 31 29 smartDeviceLinkCore
14:04:17 1000 30057 4.08 0.62 0.00 0.00 4.70 3 12.32 0.00 381692 85764 2.14 0.01 216.22 0.00 36 31 30 smartDeviceLinkCore
14:04:20 1000 30057 4.08 0.62 0.00 0.00 4.70 3 12.33 0.00 381692 85764 2.14 0.01 216.19 0.00 36 31 29 smartDeviceLinkCore
14:04:23 1000 30057 4.08 0.62 0.00 0.00 4.70 3 12.32 0.00 381692 85764 2.14 0.01 216.09 0.00 36 31 29 smartDeviceLinkCore
14:04:26 1000 30057 4.08 0.62 0.00 0.00 4.69 3 12.32 0.00 381692 85764 2.14 0.01 215.99 0.00 36 31 29 smartDeviceLinkCore
14:04:29 1000 30057 4.08 0.62 0.00 0.00 4.69 3 12.40 0.00 381692 85764 2.14 0.01 216.16 0.00 36 31 29 smartDeviceLinkCore
14:04:32 1000 30057 4.08 0.62 0.00 0.00 4.69 3 12.39 0.00 381692 85764 2.14 0.01 216.06 0.00 36 31 29 smartDeviceLinkCore
14:04:35 1000 30057 4.08 0.62 0.00 0.00 4.69 3 12.39 0.00 381692 85764 2.14 0.01 215.96 0.00 36 31 29 smartDeviceLinkCore
14:04:38 1000 30057 4.08 0.62 0.00 0.00 4.69 3 12.46 0.00 381692 85764 2.14 0.01 216.13 0.00 36 31 29 smartDeviceLinkCore
14:04:41 1000 30057 4.07 0.62 0.00 0.00 4.69 3 12.46 0.00 381692 85764 2.14 0.01 216.03 0.00 36 31 29 smartDeviceLinkCore
14:04:44 1000 30057 4.07 0.61 0.00 0.00 4.69 3 12.46 0.00 381692 85764 2.14 0.01 215.93 0.00 36 31 29 smartDeviceLinkCore
14:04:47 1000 30057 4.07 0.61 0.00 0.00 4.69 3 12.45 0.00 381692 85764 2.14 0.01 215.82 0.00 36 31 29 smartDeviceLinkCore
14:04:50 1000 30057 4.07 0.61 0.00 0.00 4.69 3 12.53 0.00 381692 85764 2.14 0.01 215.99 0.00 36 31 29 smartDeviceLinkCore
14:04:53 1000 30057 4.07 0.61 0.00 0.00 4.68 3 12.52 0.00 381692 85764 2.14 0.01 215.89 0.00 36 31 29 smartDeviceLinkCore
14:04:56 1000 30057 4.07 0.61 0.00 0.00 4.68 3 12.52 0.00 381692 85764 2.14 0.01 215.79 0.00 36 31 29 smartDeviceLinkCore
14:04:59 1000 30057 4.07 0.61 0.00 0.00 4.68 3 12.59 0.00 381692 85764 2.14 0.01 215.96 0.00 36 31 29 smartDeviceLinkCore
14:05:02 1000 30057 4.07 0.61 0.00 0.00 4.68 3 12.59 0.00 381692 85764 2.14 0.01 215.86 0.00 36 31 29 smartDeviceLinkCore
14:05:05 1000 30057 4.07 0.61 0.00 0.00 4.68 3 12.59 0.00 381692 85764 2.14 0.01 215.76 0.00 36 31 29 smartDeviceLinkCore
14:05:08 1000 30057 4.07 0.61 0.00 0.00 4.68 3 12.66 0.00 381692 85764 2.14 0.01 215.72 0.00 36 31 30 smartDeviceLinkCore
14:05:11 1000 30057 4.07 0.61 0.00 0.00 4.68 3 12.66 0.00 381692 85764 2.14 0.01 215.83 0.00 36 31 29 smartDeviceLinkCore
14:05:14 1000 30057 4.06 0.61 0.00 0.00 4.68 3 12.66 0.00 381692 85764 2.14 0.01 215.73 0.00 36 31 29 smartDeviceLinkCore
14:05:17 1000 30057 4.06 0.61 0.00 0.00 4.68 3 12.65 0.00 381692 85764 2.14 0.01 215.63 0.00 36 31 29 smartDeviceLinkCore
14:05:20 1000 30057 4.06 0.61 0.00 0.00 4.67 3 12.71 0.00 362788 78348 1.96 0.01 215.53 0.00 36 26 19 smartDeviceLinkCore
14:05:23 1000 30057 4.06 0.61 0.00 0.00 4.67 3 12.70 0.00 362788 78348 1.96 0.01 215.43 0.00 36 26 18 smartDeviceLinkCore
14:05:26 1000 30057 4.06 0.61 0.00 0.00 4.67 3 12.70 0.00 362788 78348 1.96 0.01 215.33 0.00 36 26 18 smartDeviceLinkCore
14:05:29 1000 30057 4.05 0.61 0.00 0.00 4.67 3 12.69 0.00 362788 78348 1.96 0.01 215.23 0.00 36 26 18 smartDeviceLinkCore
14:05:32 1000 30057 4.05 0.61 0.00 0.00 4.66 3 12.68 0.00 362788 78348 1.96 0.01 215.13 0.00 36 26 18 smartDeviceLinkCore
14:05:35 1000 30057 4.05 0.61 0.00 0.00 4.66 3 12.68 0.00 362788 78348 1.96 0.01 215.03 0.00 36 26 18 smartDeviceLinkCore
14:05:38 1000 30057 4.05 0.61 0.00 0.00 4.66 3 12.67 0.00 362788 78348 1.96 0.01 214.93 0.00 36 26 18 smartDeviceLinkCore
14:05:41 1000 30057 4.05 0.61 0.00 0.00 4.66 3 12.67 0.00 362788 78348 1.96 0.01 214.83 0.00 36 26 18 smartDeviceLinkCore
14:05:44 1000 30057 4.05 0.61 0.00 0.00 4.66 3 12.66 0.00 362788 78348 1.96 0.01 214.73 0.00 36 26 18 smartDeviceLinkCore
14:05:47 1000 30057 4.04 0.61 0.00 0.00 4.65 3 12.66 0.00 362788 78348 1.96 0.01 214.63 0.00 36 26 18 smartDeviceLinkCore
14:05:50 1000 30057 4.04 0.61 0.00 0.00 4.65 3 12.65 0.00 362788 78348 1.96 0.01 214.53 0.00 36 26 18 smartDeviceLinkCore
14:05:53 1000 30057 4.04 0.61 0.00 0.00 4.65 3 12.64 0.00 362788 78348 1.96 0.01 214.43 0.00 36 26 18 smartDeviceLinkCore
14:05:56 1000 30057 4.04 0.61 0.00 0.00 4.65 3 12.64 0.00 362788 78348 1.96 0.01 214.33 0.00 36 26 18 smartDeviceLinkCore
14:05:59 1000 30057 4.04 0.61 0.00 0.00 4.65 3 12.63 0.00 362788 78348 1.96 0.01 214.23 0.00 36 26 18 smartDeviceLinkCore
14:06:02 1000 30057 4.03 0.61 0.00 0.00 4.64 3 12.63 0.00 362788 78348 1.96 0.01 214.13 0.00 36 26 18 smartDeviceLinkCore
