13:46:49:068226485 13:46:48 0.0 0 00:00:00 0.3 15290 1
13:46:52:385902124 13:46:48 24.0 240 00:00:00 2.0 83129 26
13:46:55:389036084 13:46:48 12.0 120 00:00:00 2.0 83129 26
13:46:58:391207915 13:46:48 16.5 165 00:00:01 2.0 95423 31
13:47:01:379144021 13:46:48 21.9 219 00:00:02 2.1 95423 32
13:47:04:375597769 13:46:48 23.8 238 00:00:03 2.1 95423 31
13:47:07:368641419 13:46:48 26.4 264 00:00:04 2.1 95423 31
13:47:10:384067139 13:46:48 27.6 276 00:00:05 2.1 95423 32
13:47:13:386345740 13:46:48 28.7 287 00:00:06 2.1 95423 31
13:47:16:410452832 13:46:48 30.0 300 00:00:08 2.1 95423 31
13:47:19:438036118 13:46:48 30.4 304 00:00:09 2.1 95423 32
13:47:22:417270590 13:46:48 30.9 309 00:00:10 2.1 95423 31
13:47:25:432832921 13:46:48 31.1 311 00:00:11 2.1 95423 31
13:47:28:424294215 13:46:48 31.7 317 00:00:12 2.1 95423 31
13:47:31:426992470 13:46:48 32.1 321 00:00:13 2.1 95423 32
13:47:34:465252799 13:46:48 32.3 323 00:00:14 2.1 95423 32
13:47:37:439992252 13:46:48 32.6 326 00:00:15 2.1 95423 31
13:47:40:449840638 13:46:48 33.1 331 00:00:16 2.1 95423 31
13:47:43:445076316 13:46:48 33.1 331 00:00:17 2.1 95423 32
13:47:46:496905563 13:46:48 33.1 331 00:00:18 2.1 95423 32
13:47:49:454918794 13:46:48 33.3 333 00:00:20 2.1 95423 31
13:47:52:457070188 13:46:48 33.6 336 00:00:21 2.1 95423 31
13:47:55:464872189 13:46:48 33.7 337 00:00:22 2.1 95423 32
13:47:58:487808262 13:46:48 33.8 338 00:00:23 2.1 95423 32
13:48:01:473545251 13:46:48 33.8 338 00:00:24 2.1 95423 31
13:48:04:491668204 13:46:48 33.9 339 00:00:25 2.1 95423 31
13:48:07:497824095 13:46:48 34.0 340 00:00:26 2.1 95423 32
13:48:10:509429983 13:46:48 34.0 340 00:00:27 2.1 95423 32
13:48:13:507817172 13:46:48 34.2 342 00:00:28 2.1 95423 32
13:48:16:547982201 13:46:48 34.3 343 00:00:29 2.1 95423 32
13:48:19:523976386 13:46:48 34.3 343 00:00:30 2.1 95423 31
13:48:22:529247181 13:46:48 34.3 343 00:00:31 2.1 95423 31
13:48:25:543752077 13:46:48 34.4 344 00:00:33 2.1 95423 32
13:48:28:551710492 13:46:48 34.5 345 00:00:34 2.1 95423 32
13:48:31:541623028 13:46:48 34.4 344 00:00:35 2.1 95423 31
13:48:34:545190688 13:46:48 34.4 344 00:00:36 2.1 95423 31
13:48:37:551445818 13:46:48 34.6 346 00:00:37 2.1 95423 32
13:48:40:579559340 13:46:48 34.7 347 00:00:38 2.1 95423 32
13:48:43:605147906 13:46:48 34.7 347 00:00:39 2.1 95423 31
13:48:46:613187661 13:46:48 34.7 347 00:00:40 2.1 95423 32
13:48:49:602538107 13:46:48 34.7 347 00:00:41 2.1 95423 32
13:48:52:586929391 13:46:48 34.8 348 00:00:42 2.1 95423 31
13:48:55:630378291 13:46:48 34.9 349 00:00:44 2.1 95423 32
13:48:58:604766408 13:46:48 34.9 349 00:00:45 2.1 95423 31
13:49:01:613352657 13:46:48 35.1 351 00:00:46 2.1 95423 31
13:49:04:620049118 13:46:48 35.2 352 00:00:47 2.1 95423 32
13:49:07:630054494 13:46:48 35.1 351 00:00:48 2.1 95423 32
13:49:10:633424261 13:46:48 35.2 352 00:00:49 2.1 95423 31
13:49:13:634987122 13:46:48 35.2 352 00:00:50 2.1 95423 31
13:49:16:636597770 13:46:48 35.2 352 00:00:51 2.1 95423 32
13:49:19:680414960 13:46:48 35.2 352 00:00:52 2.1 95423 32
13:49:22:646532129 13:46:48 35.2 352 00:00:53 2.1 95423 31
13:49:25:692441663 13:46:48 35.3 353 00:00:55 2.1 95423 32
13:49:28:657431696 13:46:48 35.3 353 00:00:56 2.1 95423 31
13:49:31:682295825 13:46:48 35.3 353 00:00:57 2.1 95423 31
13:49:34:690692781 13:46:48 35.3 353 00:00:58 2.1 95423 32
13:49:37:673826359 13:46:48 35.3 353 00:00:59 2.1 95423 32
13:49:40:678250548 13:46:48 35.3 353 00:01:00 2.1 95423 31
13:49:43:681799156 13:46:48 35.3 353 00:01:01 2.1 95423 31
13:49:46:691714167 13:46:48 35.4 354 00:01:02 2.1 95423 32
13:49:49:710873101 13:46:48 35.4 354 00:01:03 2.1 95423 32
13:49:52:727083098 13:46:48 35.3 353 00:01:04 2.1 95423 31
13:49:55:724245827 13:46:48 35.5 355 00:01:06 2.1 95423 32
13:49:58:710319077 13:46:48 35.4 354 00:01:07 2.1 95423 31
13:50:01:713835253 13:46:48 35.5 355 00:01:08 2.1 95423 31
13:50:04:722317102 13:46:48 35.4 354 00:01:09 2.1 95423 32
13:50:08:014878471 13:46:48 35.1 351 00:01:10 2.1 95423 32
13:50:11:753740326 13:46:48 35.2 352 00:01:11 2.1 95423 32
13:50:14:776456483 13:46:48 35.1 351 00:01:12 2.1 95423 31
13:50:17:769452377 13:46:48 35.1 351 00:01:13 2.1 95423 31
13:50:20:756168293 13:46:48 35.1 351 00:01:14 2.1 95423 32
13:50:23:793282868 13:46:48 35.0 350 00:01:15 2.1 95423 32
13:50:26:801469439 13:46:48 35.0 350 00:01:16 2.1 95423 32
13:50:29:764792519 13:46:48 35.2 352 00:01:17 2.1 95423 32
13:50:32:785749350 13:46:48 35.0 350 00:01:18 2.1 95423 32
13:50:35:814128931 13:46:48 35.0 350 00:01:19 2.1 95423 31
13:50:38:802507626 13:46:48 35.0 350 00:01:20 2.1 95423 31
13:50:41:802359421 13:46:48 35.1 351 00:01:21 2.1 95423 32
13:50:44:817738997 13:46:48 35.0 350 00:01:22 2.1 95423 32
13:50:47:808059591 13:46:48 35.0 350 00:01:23 2.1 95423 31
13:50:50:857015110 13:46:48 35.1 351 00:01:25 2.1 95423 32
13:50:53:822996705 13:46:48 35.1 351 00:01:26 2.1 95423 31
13:50:56:849819305 13:46:48 35.1 351 00:01:27 2.1 95423 31
13:50:59:846903087 13:46:48 35.2 352 00:01:28 2.1 95423 32
13:51:02:874982404 13:46:48 35.3 353 00:01:29 2.1 95423 32
13:51:05:842154013 13:46:48 35.2 352 00:01:30 2.1 95423 31
13:51:08:858739328 13:46:48 35.3 353 00:01:31 2.1 95423 31
13:51:11:870932473 13:46:48 35.3 353 00:01:32 2.1 95423 32
13:51:14:903007159 13:46:48 35.3 353 00:01:34 2.1 95423 32
13:51:17:862417865 13:46:48 35.3 353 00:01:35 2.1 95423 32
13:51:20:881191730 13:46:48 35.4 354 00:01:36 2.1 95423 32
13:51:23:885489003 13:46:48 35.4 354 00:01:37 2.1 95423 31
13:51:26:890927330 13:46:48 35.4 354 00:01:38 2.1 95423 31
13:51:29:906018140 13:46:48 35.4 354 00:01:39 2.1 95423 32
13:51:32:919553933 13:46:48 35.4 354 00:01:40 2.1 95423 32
13:51:35:906097287 13:46:48 35.3 353 00:01:41 2.1 95423 31
13:51:38:951419218 13:46:48 35.4 354 00:01:42 2.1 95423 31
13:51:41:919396310 13:46:48 35.4 354 00:01:43 2.1 95423 32
13:51:44:940359916 13:46:48 35.4 354 00:01:44 2.1 95423 32
13:51:47:935142062 13:46:48 35.4 354 00:01:46 2.1 95423 32
13:51:50:949554606 13:46:48 35.4 354 00:01:47 2.1 95423 32
13:51:53:943554036 13:46:48 35.4 354 00:01:48 2.1 95423 31
13:51:56:947003397 13:46:48 35.5 355 00:01:49 2.1 95423 31
13:51:59:961326309 13:46:48 35.5 355 00:01:50 2.1 95423 32
13:52:03:029343176 13:46:48 35.5 355 00:01:51 2.1 95423 32
13:52:05:974664993 13:46:48 35.4 354 00:01:52 2.1 95423 32
13:52:08:971512200 13:46:48 35.5 355 00:01:53 2.1 95423 31
13:52:12:033170846 13:46:48 35.4 354 00:01:54 2.1 95423 32
13:52:14:982347988 13:46:48 35.5 355 00:01:55 2.1 95423 31
13:52:18:023818397 13:46:48 35.5 355 00:01:56 2.1 95423 31
13:52:21:017865177 13:46:48 35.5 355 00:01:57 2.1 95423 32
13:52:24:050738586 13:46:48 35.5 355 00:01:59 2.1 95423 32
13:52:27:012000333 13:46:48 35.5 355 00:01:59 2.1 95423 31
13:52:30:034158009 13:46:48 35.5 355 00:02:01 2.1 95423 31
13:52:33:046123358 13:46:48 35.5 355 00:02:02 2.1 95423 32
13:52:36:074252796 13:46:48 35.5 355 00:02:03 2.1 95423 32
13:52:39:042380793 13:46:48 35.5 355 00:02:04 2.1 95423 32
13:52:42:044840172 13:46:48 35.5 355 00:02:05 2.1 95423 31
13:52:45:066726710 13:46:48 35.5 355 00:02:06 2.1 95423 32
13:52:48:094642110 13:46:48 35.5 355 00:02:07 2.1 95423 32
13:52:51:067311627 13:46:48 35.5 355 00:02:08 2.1 95423 31
13:52:54:059274447 13:46:48 35.5 355 00:02:09 2.1 95423 31
13:52:57:120479421 13:46:48 35.5 355 00:02:10 2.1 95423 32
13:53:00:075239823 13:46:48 35.5 355 00:02:11 2.1 95423 31
13:53:03:104075257 13:46:48 35.5 355 00:02:12 2.1 95423 32
13:53:06:113900089 13:46:48 35.5 355 00:02:14 2.1 95423 32
13:53:09:086531421 13:46:48 35.5 355 00:02:14 2.1 95423 32
13:53:12:090801879 13:46:48 35.4 354 00:02:15 2.1 95423 31
13:53:15:105631496 13:46:48 35.5 355 00:02:17 2.1 95423 32
13:53:18:114234813 13:46:48 35.5 355 00:02:18 2.1 95423 32
13:53:21:108690757 13:46:48 35.5 355 00:02:19 2.1 95423 32
13:53:24:119763024 13:46:48 35.5 355 00:02:20 2.1 95423 32
13:53:27:131441450 13:46:48 35.5 355 00:02:21 2.1 95423 31
13:53:30:153136107 13:46:48 35.6 356 00:02:22 2.1 95423 31
13:53:33:152483516 13:46:48 35.6 356 00:02:23 2.1 95423 32
13:53:36:172751084 13:46:48 35.6 356 00:02:24 2.1 95423 32
13:53:39:172453026 13:46:48 35.6 356 00:02:25 2.1 95423 32
13:53:42:197344910 13:46:48 35.6 356 00:02:27 2.1 95423 32
13:53:45:196395818 13:46:48 35.6 356 00:02:28 2.1 95423 32
13:53:48:205631666 13:46:48 35.6 356 00:02:29 2.1 95423 31
13:53:51:191133999 13:46:48 35.6 356 00:02:30 2.1 95423 31
13:53:54:197313349 13:46:48 35.6 356 00:02:31 2.1 95423 32
13:53:57:210978515 13:46:48 35.6 356 00:02:32 2.1 95423 32
13:54:00:317226215 13:46:48 35.6 356 00:02:33 2.1 95423 31
13:54:03:219138254 13:46:48 35.6 356 00:02:34 2.1 95423 31
13:54:06:238109266 13:46:48 35.7 357 00:02:36 2.1 95423 32
13:54:09:246812291 13:46:48 35.7 357 00:02:37 2.1 95423 32
13:54:12:242612830 13:46:48 35.7 357 00:02:38 2.1 95423 31
13:54:15:432852917 13:46:48 35.7 357 00:02:39 2.1 95423 31
13:54:18:265467106 13:46:48 35.7 357 00:02:40 2.1 95423 32
13:54:21:263547517 13:46:48 35.7 357 00:02:41 2.1 95423 32
13:54:24:276712182 13:46:48 35.8 358 00:02:42 2.1 95423 32
13:54:27:298863960 13:46:48 35.8 358 00:02:44 2.1 95423 32
13:54:30:270471254 13:46:48 35.8 358 00:02:45 2.1 95423 31
13:54:33:312828689 13:46:48 35.8 358 00:02:46 2.1 95423 31
13:54:36:287366589 13:46:48 35.8 358 00:02:47 2.1 95423 32
13:54:39:302189455 13:46:48 35.8 358 00:02:48 2.1 95423 32
13:54:42:294347862 13:46:48 35.9 359 00:02:49 2.1 95423 32
13:54:45:302902079 13:46:48 35.9 359 00:02:51 2.1 95423 32
13:54:48:309007023 13:46:48 35.9 359 00:02:52 2.1 95423 31
13:54:51:314306237 13:46:48 35.9 359 00:02:53 2.1 95423 31
13:54:54:322728554 13:46:48 35.9 359 00:02:54 2.1 95423 32
13:54:57:333101572 13:46:48 35.9 359 00:02:55 2.1 95423 32
13:55:00:342114249 13:46:48 35.9 359 00:02:56 2.1 95423 31
13:55:03:347649980 13:46:48 36.0 360 00:02:57 2.1 95423 32
13:55:06:415468791 13:46:48 36.0 360 00:02:58 2.1 95423 31
13:55:09:355621804 13:46:48 36.0 360 00:03:00 2.1 95423 32
13:55:12:373744826 13:46:48 35.9 359 00:03:01 2.1 95423 31
13:55:15:382094508 13:46:48 36.0 360 00:03:02 2.1 95423 32
13:55:18:401431238 13:46:48 35.9 359 00:03:03 2.1 95423 31
13:55:21:402666158 13:46:48 35.9 359 00:03:04 2.1 95423 32
13:55:24:427519783 13:46:48 36.0 360 00:03:05 2.1 95423 32
13:55:27:405383017 13:46:48 35.9 359 00:03:06 2.1 95423 31
13:55:30:439754325 13:46:48 35.9 359 00:03:07 2.1 95423 31
13:55:33:437111422 13:46:48 35.9 359 00:03:08 2.1 95423 32
13:55:36:422276590 13:46:48 36.0 360 00:03:09 2.1 95423 31
13:55:39:445749375 13:46:48 35.9 359 00:03:10 2.1 95423 32
13:55:42:463566156 13:46:48 36.0 360 00:03:11 2.1 95423 32
13:55:45:456438644 13:46:48 36.0 360 00:03:13 2.1 95423 32
13:55:48:483805275 13:46:48 36.0 360 00:03:14 2.1 95423 32
13:55:51:476005776 13:46:48 36.0 360 00:03:15 2.1 95423 31
13:55:54:468886090 13:46:48 36.0 360 00:03:16 2.1 95423 32
13:55:57:456908510 13:46:48 36.0 360 00:03:17 2.1 95423 31
13:56:00:466806584 13:46:48 36.0 360 00:03:18 2.1 95423 31
13:56:03:488946268 13:46:48 36.0 360 00:03:19 2.1 95423 32
13:56:06:487604185 13:46:48 36.0 360 00:03:20 2.1 95423 31
13:56:09:510850449 13:46:48 36.0 360 00:03:22 2.1 95423 32
13:56:12:495841341 13:46:48 36.0 360 00:03:22 2.1 95423 31
13:56:15:551217733 13:46:48 36.0 360 00:03:24 2.1 95423 32
13:56:18:516396026 13:46:48 36.0 360 00:03:25 2.1 95423 32
13:56:21:518034153 13:46:48 36.0 360 00:03:26 2.1 95423 31
13:56:24:529809435 13:46:48 36.0 360 00:03:27 2.1 95423 32
13:56:27:533831593 13:46:48 36.0 360 00:03:28 2.1 95423 31
13:56:30:533411077 13:46:48 36.1 361 00:03:29 2.1 95423 31
13:56:33:544655378 13:46:48 36.1 361 00:03:31 2.1 95423 31
13:56:36:549326198 13:46:48 36.1 361 00:03:31 2.1 95423 31
13:56:39:575569313 13:46:48 36.1 361 00:03:33 2.1 95423 31
13:56:42:581906145 13:46:48 36.1 361 00:03:34 2.1 95423 32
13:56:45:590129360 13:46:48 36.1 361 00:03:35 2.1 95423 32
13:56:48:585258633 13:46:48 36.1 361 00:03:36 2.1 95423 31
13:56:51:596155983 13:46:48 36.1 361 00:03:37 2.1 95423 31
13:56:54:611688553 13:46:48 36.1 361 00:03:38 2.1 95423 32
13:56:57:633552063 13:46:48 36.1 361 00:03:39 2.1 95423 32
13:57:00:606681979 13:46:48 36.1 361 00:03:40 2.1 95423 31
13:57:03:613192070 13:46:48 36.1 361 00:03:42 2.1 95423 31
13:57:06:654292751 13:46:48 36.1 361 00:03:43 2.1 95423 32
13:57:09:636773767 13:46:48 36.2 362 00:03:44 2.1 95423 32
13:57:12:627011511 13:46:48 36.2 362 00:03:45 2.1 95423 31
13:57:15:631038842 13:46:48 36.2 362 00:03:46 2.1 95423 31
13:57:18:637524668 13:46:48 36.2 362 00:03:47 2.1 95423 31
13:57:21:640901414 13:46:48 36.2 362 00:03:49 2.1 95423 31
13:57:24:667157898 13:46:48 36.2 362 00:03:50 2.1 95423 32
13:57:27:662047081 13:46:48 36.2 362 00:03:51 2.1 95423 32
13:57:30:667585018 13:46:48 36.2 362 00:03:52 2.1 95423 31
13:57:33:691949207 13:46:48 36.2 362 00:03:53 2.1 95423 31
13:57:36:687357339 13:46:48 36.2 362 00:03:54 2.1 95423 32
13:57:39:701285644 13:46:48 36.2 362 00:03:55 2.1 95423 32
13:57:42:693067343 13:46:48 36.2 362 00:03:56 2.1 95423 31
13:57:45:690428709 13:46:48 36.3 363 00:03:58 2.1 95423 31
13:57:48:702871367 13:46:48 36.3 363 00:03:59 2.1 95423 31
13:57:51:709022914 13:46:48 36.3 363 00:04:00 2.1 95423 31
13:57:54:711529937 13:46:48 36.3 363 00:04:01 2.1 95423 32
13:57:57:752057057 13:46:48 36.3 363 00:04:03 2.1 95423 32
13:58:00:728699628 13:46:48 36.3 363 00:04:04 2.1 95423 31
13:58:03:771877708 13:46:48 36.3 363 00:04:05 2.1 95423 31
13:58:06:739540829 13:46:48 36.3 363 00:04:06 2.1 95423 31
13:58:09:753614486 13:46:48 36.4 364 00:04:07 2.1 95423 32
13:58:12:758278252 13:46:48 36.4 364 00:04:08 2.1 95423 32
13:58:15:760930074 13:46:48 36.3 363 00:04:09 2.1 95423 31
13:58:18:774917766 13:46:48 36.4 364 00:04:10 2.1 95423 31
13:58:21:774777799 13:46:48 36.4 364 00:04:12 2.1 95423 32
13:58:24:785529155 13:46:48 36.3 363 00:04:13 2.1 95423 31
13:58:27:795784694 13:46:48 36.3 363 00:04:14 2.1 95423 32
13:58:30:818785740 13:46:48 36.3 363 00:04:15 2.1 95423 32
13:58:33:786671873 13:46:48 36.3 363 00:04:16 2.1 95423 31
13:58:36:791735684 13:46:48 36.3 363 00:04:17 2.1 95423 31
13:58:39:805356310 13:46:48 36.3 363 00:04:18 2.1 95423 32
13:58:42:844923699 13:46:48 36.3 363 00:04:19 2.1 95423 32
13:58:45:816459746 13:46:48 36.3 363 00:04:20 2.1 95423 31
13:58:48:833543263 13:46:48 36.4 364 00:04:22 2.1 95423 31
13:58:51:842431290 13:46:48 36.3 363 00:04:23 2.1 95423 31
13:58:54:833218336 13:46:48 36.3 363 00:04:24 2.1 95423 31
13:58:57:849361093 13:46:48 36.3 363 00:04:25 2.1 95423 32
13:59:00:843206345 13:46:48 36.3 363 00:04:26 2.1 95423 32
13:59:03:848392320 13:46:48 36.3 363 00:04:27 2.1 95423 31
13:59:06:850123092 13:46:48 36.4 364 00:04:28 2.1 95423 31
13:59:09:873537553 13:46:48 36.4 364 00:04:29 2.1 95423 31
13:59:12:859717356 13:46:48 36.4 364 00:04:31 2.1 95423 31
13:59:15:876347935 13:46:48 36.4 364 00:04:32 2.1 95423 32
13:59:18:888440696 13:46:48 36.4 364 00:04:33 2.1 95423 32
13:59:21:871916514 13:46:48 36.4 364 00:04:34 2.1 95423 31
13:59:24:880921747 13:46:48 36.4 364 00:04:35 2.1 95423 31
13:59:27:891849925 13:46:48 36.4 364 00:04:36 2.1 95423 32
13:59:30:910317447 13:46:48 36.4 364 00:04:37 2.1 95423 32
13:59:33:897371364 13:46:48 36.4 364 00:04:38 2.1 95423 31
13:59:36:903686045 13:46:48 36.4 364 00:04:40 2.1 95423 31
13:59:39:957922879 13:46:48 36.4 364 00:04:41 2.1 95423 31
13:59:42:914338464 13:46:48 36.4 364 00:04:42 2.1 95423 31
13:59:45:947645669 13:46:48 36.4 364 00:04:43 2.1 95423 31
13:59:48:941681503 13:46:48 36.5 365 00:04:44 2.1 95423 32
13:59:51:943891989 13:46:48 36.4 364 00:04:45 2.1 95423 32
13:59:54:943031070 13:46:48 36.4 364 00:04:46 2.1 95423 31
13:59:57:957217875 13:46:48 36.5 365 00:04:48 2.1 95423 31
14:00:00:970550459 13:46:48 36.5 365 00:04:49 2.1 95423 32
14:00:03:974069499 13:46:48 36.5 365 00:04:50 2.1 95423 32
14:00:07:003758963 13:46:48 36.5 365 00:04:51 2.1 95423 31
14:00:09:982768702 13:46:48 36.5 365 00:04:52 2.1 95423 31
14:00:12:975647579 13:46:48 36.5 365 00:04:53 2.1 95423 32
14:00:15:992090233 13:46:48 36.5 365 00:04:54 2.1 95423 32
14:00:19:036335461 13:46:48 36.4 364 00:04:54 2.1 95423 31
14:00:22:019059388 13:46:48 36.3 363 00:04:55 2.1 95423 31
14:00:25:039756405 13:46:48 36.1 361 00:04:55 2.1 95423 31
14:00:28:049473627 13:46:48 36.0 360 00:04:55 2.1 95423 31
14:00:31:028469035 13:46:48 35.9 359 00:04:55 2.1 95423 31
14:00:34:065311187 13:46:48 35.8 358 00:04:55 2.1 95423 31
14:00:37:066949308 13:46:48 35.6 356 00:04:55 2.1 95423 31
14:00:40:076505979 13:46:48 35.5 355 00:04:55 2.1 95423 31
14:00:43:084114543 13:46:48 35.4 354 00:04:55 2.1 95423 31
14:00:46:116875390 13:46:48 35.3 353 00:04:55 2.1 95423 31
14:00:49:121336477 13:46:48 35.1 351 00:04:55 2.1 95423 31
14:00:52:125468165 13:46:48 35.0 350 00:04:55 2.1 95423 31
14:00:55:141177537 13:46:48 34.9 349 00:04:55 2.1 95423 31
14:00:58:151587063 13:46:48 34.8 348 00:04:55 2.1 95423 31
14:01:01:160507770 13:46:48 34.7 347 00:04:55 2.1 95423 31
14:01:04:161926206 13:46:48 34.6 346 00:04:56 2.1 95423 31
14:01:07:160748563 13:46:48 34.5 345 00:04:56 2.1 95423 31
14:01:10:165927850 13:46:48 34.3 343 00:04:56 2.1 95423 31
14:01:13:158481677 13:46:48 34.3 343 00:04:56 2.1 95423 31
14:01:16:196726188 13:46:48 34.1 341 00:04:56 2.1 95423 31
14:01:19:183405650 13:46:48 34.0 340 00:04:56 2.1 95423 31
14:01:22:169983137 13:46:48 33.9 339 00:04:56 2.1 95423 31
14:01:25:207211715 13:46:48 33.8 338 00:04:56 2.1 95423 31
14:01:28:214077023 13:46:48 33.7 337 00:04:56 2.1 95423 31
14:01:31:224998919 13:46:48 33.6 336 00:04:56 2.1 95423 31
14:01:34:207550458 13:46:48 33.5 335 00:04:56 2.1 95423 31
14:01:37:231965489 13:46:48 33.4 334 00:04:56 2.1 95423 31
14:01:40:240689074 13:46:48 33.3 333 00:04:56 2.1 95423 31
14:01:43:242860073 13:46:48 33.2 332 00:04:57 2.1 95423 31
14:01:46:247214237 13:46:48 33.1 331 00:04:57 2.1 95423 31
14:01:49:254885583 13:46:48 33.0 330 00:04:57 2.1 95423 31
14:01:52:261335084 13:46:48 32.9 329 00:04:57 2.1 95423 31
14:01:55:286871144 13:46:48 32.8 328 00:04:57 2.1 95423 31
14:01:58:276438169 13:46:48 32.7 327 00:04:57 2.1 95423 31
14:02:01:286888553 13:46:48 32.6 326 00:04:57 2.1 95423 31
14:02:04:283006876 13:46:48 32.5 325 00:04:57 2.1 95423 31
14:02:07:306277853 13:46:48 32.4 324 00:04:57 2.1 95423 31
14:02:10:318338066 13:46:48 32.3 323 00:04:57 2.1 95423 31
14:02:13:294180234 13:46:48 32.2 322 00:04:57 2.1 95423 31
14:02:16:334750574 13:46:48 32.1 321 00:04:57 2.1 95423 31
14:02:19:878345241 13:46:49 32.0 320 00:04:57 2.1 95423 31
14:02:22:916643674 13:46:49 31.9 319 00:04:57 2.1 95423 31
14:02:25:915345675 13:46:49 31.8 318 00:04:58 2.1 95423 31
14:02:28:921355544 13:46:49 31.7 317 00:04:58 2.1 95423 31
14:02:31:938517980 13:46:49 31.6 316 00:04:58 2.1 95423 31
14:02:34:934132055 13:46:49 31.5 315 00:04:58 2.1 95423 31
14:02:37:949670083 13:46:49 31.4 314 00:04:58 2.1 95423 31
14:02:40:948827297 13:46:49 31.3 313 00:04:58 2.1 95423 31
14:02:43:958343937 13:46:49 31.2 312 00:04:58 2.1 95423 31
14:02:46:965511503 13:46:49 31.1 311 00:04:58 2.1 95423 31
14:02:49:973093433 13:46:49 31.1 311 00:04:58 2.1 95423 31
14:02:52:977124465 13:46:49 31.0 310 00:04:58 2.1 95423 31
14:02:55:979244581 13:46:49 30.9 309 00:04:58 2.1 95423 31
14:02:58:991671426 13:46:49 30.8 308 00:04:58 2.1 95423 31
14:03:02:013970432 13:46:49 30.7 307 00:04:58 2.1 95423 31
14:03:04:986431697 13:46:49 30.6 306 00:04:58 2.1 95423 31
14:03:08:017500033 13:46:49 30.5 305 00:04:59 2.1 95423 31
14:03:11:018461674 13:46:49 30.4 304 00:04:59 2.1 95423 31
14:03:14:027041151 13:46:49 30.3 303 00:04:59 2.1 95423 31
14:03:17:182629627 13:46:49 30.3 303 00:04:59 2.1 95423 31
14:03:20:045260053 13:46:49 30.2 302 00:04:59 2.1 95423 31
14:03:23:055440163 13:46:49 30.1 301 00:04:59 2.1 95423 31
14:03:26:028598208 13:46:49 30.0 300 00:04:59 2.1 95423 31
14:03:29:065224219 13:46:49 29.9 299 00:04:59 2.1 95423 31
14:03:32:073328615 13:46:49 29.8 298 00:04:59 2.1 95423 31
14:03:35:075044939 13:46:49 29.8 298 00:04:59 2.1 95423 31
14:03:38:082910155 13:46:49 29.7 297 00:04:59 2.1 95423 31
14:03:41:086320177 13:46:49 29.6 296 00:04:59 2.1 95423 31
14:03:44:096211372 13:46:49 29.5 295 00:04:59 2.1 95423 31
14:03:47:096022612 13:46:49 29.5 295 00:05:00 2.1 95423 31
14:03:50:106628216 13:46:49 29.4 294 00:05:00 2.1 95423 31
14:03:53:112809956 13:46:49 29.3 293 00:05:00 2.1 95423 31
14:03:56:121119849 13:46:49 29.2 292 00:05:00 2.1 95423 31
14:03:59:123518844 13:46:49 29.1 291 00:05:00 2.1 95423 31
14:04:02:133548007 13:46:49 29.1 291 00:05:00 2.1 95423 31
14:04:05:140957010 13:46:49 29.0 290 00:05:00 2.1 95423 31
14:04:08:128800098 13:46:49 28.9 289 00:05:00 2.1 95423 31
14:04:11:152934399 13:46:49 28.8 288 00:05:00 2.1 95423 31
14:04:14:159472880 13:46:49 28.7 287 00:05:00 2.1 95423 31
14:04:17:140400172 13:46:49 28.7 287 00:05:00 2.1 95423 31
14:04:20:174441687 13:46:49 28.6 286 00:05:00 2.1 95423 31
14:04:23:195761422 13:46:49 28.5 285 00:05:00 2.1 95423 31
14:04:26:208988463 13:46:49 28.4 284 00:05:00 2.1 95423 31
14:04:29:196163286 13:46:49 28.4 284 00:05:01 2.1 95423 31
14:04:32:209288874 13:46:49 28.3 283 00:05:01 2.1 95423 31
14:04:35:207292705 13:46:49 28.2 282 00:05:01 2.1 95423 31
14:04:38:211093428 13:46:49 28.2 282 00:05:01 2.1 95423 31
14:04:41:217583747 13:46:49 28.1 281 00:05:01 2.1 95423 31
14:04:44:227699401 13:46:49 28.0 280 00:05:01 2.1 95423 31
14:04:47:234954772 13:46:49 27.9 279 00:05:01 2.1 95423 31
14:04:50:234786417 13:46:49 27.9 279 00:05:01 2.1 95423 31
14:04:53:247181394 13:46:49 27.8 278 00:05:01 2.1 95423 31
14:04:56:250327202 13:46:49 27.7 277 00:05:01 2.1 95423 31
14:04:59:252727975 13:46:49 27.7 277 00:05:01 2.1 95423 31
14:05:02:264336384 13:46:49 27.6 276 00:05:01 2.1 95423 31
14:05:05:279137347 13:46:49 27.5 275 00:05:01 2.1 95423 31
14:05:08:257219737 13:46:49 27.5 275 00:05:02 2.1 95423 31
14:05:11:295887710 13:46:49 27.4 274 00:05:02 2.1 95423 31
14:05:14:298531229 13:46:49 27.3 273 00:05:02 2.1 95423 31
14:05:17:304627553 13:46:49 27.2 272 00:05:02 2.1 95423 31
14:05:20:308407926 13:46:49 27.2 272 00:05:02 1.9 90697 26
14:05:23:329786949 13:46:49 27.1 271 00:05:02 1.9 90697 26
14:05:26:338161376 13:46:49 27.0 270 00:05:02 1.9 90697 26
14:05:29:349276643 13:46:49 27.0 270 00:05:02 1.9 90697 26
14:05:32:347199215 13:46:49 26.9 269 00:05:02 1.9 90697 26
14:05:35:362795611 13:46:49 26.8 268 00:05:02 1.9 90697 26
14:05:38:373435053 13:46:49 26.7 267 00:05:02 1.9 90697 26
14:05:41:379634810 13:46:49 26.6 266 00:05:02 1.9 90697 26
14:05:44:389589436 13:46:49 26.6 266 00:05:02 1.9 90697 26
14:05:47:388257091 13:46:49 26.5 265 00:05:02 1.9 90697 26
14:05:50:409772765 13:46:49 26.4 264 00:05:02 1.9 90697 26
14:05:53:419975825 13:46:49 26.4 264 00:05:02 1.9 90697 26
14:05:56:410933942 13:46:49 26.3 263 00:05:02 1.9 90697 26
14:05:59:425403456 13:46:49 26.2 262 00:05:02 1.9 90697 26
14:06:02:441195617 13:46:49 26.2 262 00:05:02 1.9 90697 26
