16:39:06 1000 26708 0.00 0.00 0.00 0.00 0.00 1 0.03 0.00 61160 16032 0.40 0.00 0.00 0.00 0 1 6 smartDeviceLinkCore
16:39:10 1000 26708 0.00 0.00 0.00 0.00 0.00 2 0.25 0.00 332516 81136 2.03 0.00 0.10 0.00 54 26 25 smartDeviceLinkCore
16:39:13 1000 26708 0.00 0.00 0.00 0.00 0.00 2 0.25 0.00 332516 81136 2.03 0.00 0.10 0.00 54 26 25 smartDeviceLinkCore
16:39:16 1000 26708 0.01 0.00 0.00 0.00 0.01 2 0.29 0.00 373496 82728 2.07 0.00 0.27 0.00 54 31 29 smartDeviceLinkCore
16:39:19 1000 26708 0.01 0.00 0.00 0.00 0.01 2 0.33 0.00 389888 83784 2.09 0.00 0.43 0.00 54 33 30 smartDeviceLinkCore
16:39:22 1000 26708 0.01 0.00 0.00 0.00 0.01 2 0.33 0.00 389888 83788 2.09 0.00 0.50 0.00 54 33 29 smartDeviceLinkCore
16:39:25 1000 26708 0.01 0.00 0.00 0.00 0.01 2 0.33 0.00 389888 83788 2.09 0.00 0.50 0.00 54 33 29 smartDeviceLinkCore
16:39:28 1000 26708 0.01 0.00 0.00 0.00 0.01 2 0.33 0.00 389888 83788 2.09 0.00 0.51 0.00 54 33 29 smartDeviceLinkCore
16:39:31 1000 26708 0.01 0.00 0.00 0.00 0.01 2 0.37 0.00 389888 83804 2.10 0.00 0.62 0.00 54 33 29 smartDeviceLinkCore
16:39:34 1000 26708 0.01 0.00 0.00 0.00 0.02 2 0.37 0.00 389888 83804 2.10 0.00 0.63 0.00 54 33 29 smartDeviceLinkCore
16:39:37 1000 26708 0.01 0.00 0.00 0.00 0.02 2 0.37 0.00 389888 83804 2.10 0.00 0.63 0.00 54 33 29 smartDeviceLinkCore
16:39:40 1000 26708 0.01 0.00 0.00 0.00 0.02 2 0.40 0.00 389888 83920 2.10 0.00 0.70 0.00 54 33 30 smartDeviceLinkCore
16:39:43 1000 26708 0.01 0.00 0.00 0.00 0.02 2 0.40 0.00 389888 83920 2.10 0.00 0.75 0.00 54 33 29 smartDeviceLinkCore
16:39:46 1000 26708 0.01 0.00 0.00 0.00 0.02 2 0.40 0.00 389888 83920 2.10 0.00 0.75 0.00 54 33 29 smartDeviceLinkCore
16:39:49 1000 26708 0.01 0.00 0.00 0.00 0.02 2 0.40 0.00 389888 83920 2.10 0.00 0.75 0.00 54 33 29 smartDeviceLinkCore
16:39:52 1000 26708 0.02 0.00 0.00 0.00 0.02 2 0.44 0.00 389888 83980 2.10 0.00 0.87 0.00 54 33 29 smartDeviceLinkCore
16:39:55 1000 26708 0.02 0.01 0.00 0.00 0.02 2 0.44 0.00 389888 83980 2.10 0.00 0.87 0.00 54 33 29 smartDeviceLinkCore
16:39:58 1000 26708 0.02 0.01 0.00 0.00 0.02 2 0.44 0.00 389888 83980 2.10 0.00 0.88 0.00 54 33 29 smartDeviceLinkCore
16:40:01 1000 26708 0.02 0.01 0.00 0.00 0.02 2 0.48 0.00 389888 83996 2.10 0.00 0.99 0.00 54 33 29 smartDeviceLinkCore
16:40:04 1000 26708 0.02 0.01 0.00 0.00 0.02 2 0.48 0.00 389888 83996 2.10 0.00 0.99 0.00 54 33 29 smartDeviceLinkCore
16:40:07 1000 26708 0.02 0.01 0.00 0.00 0.02 2 0.48 0.00 389888 83996 2.10 0.00 1.00 0.00 54 33 29 smartDeviceLinkCore
16:40:10 1000 26708 0.02 0.01 0.00 0.00 0.03 2 0.51 0.00 389888 84416 2.11 0.00 1.05 0.00 54 33 31 smartDeviceLinkCore
16:40:13 1000 26708 0.02 0.01 0.00 0.00 0.03 2 0.51 0.00 389888 84416 2.11 0.00 1.12 0.00 54 33 29 smartDeviceLinkCore
16:40:16 1000 26708 0.02 0.01 0.00 0.00 0.03 2 0.51 0.00 389888 84416 2.11 0.00 1.12 0.00 54 33 29 smartDeviceLinkCore
16:40:19 1000 26708 0.02 0.01 0.00 0.00 0.03 2 0.52 0.00 389888 84416 2.11 0.00 1.24 0.00 54 33 29 smartDeviceLinkCore
16:40:22 1000 26708 0.02 0.01 0.00 0.00 0.03 2 0.56 0.00 389888 84472 2.11 0.00 1.35 0.00 54 33 29 smartDeviceLinkCore
16:40:25 1000 26708 0.02 0.01 0.00 0.00 0.03 2 0.56 0.00 389888 84472 2.11 0.00 1.35 0.00 54 33 29 smartDeviceLinkCore
16:40:28 1000 26708 0.02 0.01 0.00 0.00 0.03 2 0.56 0.00 389888 84472 2.11 0.00 1.36 0.00 54 33 29 smartDeviceLinkCore
16:40:31 1000 26708 0.03 0.01 0.00 0.00 0.03 2 0.59 0.00 389888 84472 2.11 0.00 1.44 0.00 54 33 30 smartDeviceLinkCore
16:40:34 1000 26708 0.03 0.01 0.00 0.00 0.04 2 0.59 0.00 389888 84472 2.11 0.00 1.47 0.00 54 33 29 smartDeviceLinkCore
16:40:37 1000 26708 0.03 0.01 0.00 0.00 0.04 2 0.59 0.00 389888 84472 2.11 0.00 1.48 0.00 54 33 29 smartDeviceLinkCore
16:40:40 1000 26708 0.03 0.01 0.00 0.00 0.04 2 0.59 0.00 389888 84472 2.11 0.00 1.48 0.00 54 33 29 smartDeviceLinkCore
16:40:43 1000 26708 0.03 0.01 0.00 0.00 0.04 2 0.63 0.00 389888 84472 2.11 0.00 1.60 0.00 54 33 29 smartDeviceLinkCore
16:40:46 1000 26708 0.03 0.01 0.00 0.00 0.04 2 0.63 0.00 389888 84472 2.11 0.00 1.60 0.00 54 33 29 smartDeviceLinkCore
16:40:49 1000 26708 0.03 0.01 0.00 0.00 0.04 2 0.63 0.00 389888 84472 2.11 0.00 1.60 0.00 54 33 29 smartDeviceLinkCore
16:40:52 1000 26708 0.03 0.01 0.00 0.00 0.04 2 0.67 0.00 389888 84472 2.11 0.00 1.72 0.00 54 33 29 smartDeviceLinkCore
16:40:55 1000 26708 0.03 0.01 0.00 0.00 0.04 2 0.67 0.00 389888 84472 2.11 0.00 1.72 0.00 54 33 29 smartDeviceLinkCore
16:40:58 1000 26708 0.03 0.01 0.00 0.00 0.04 2 0.67 0.00 389888 84472 2.11 0.00 1.72 0.00 54 33 29 smartDeviceLinkCore
16:41:01 1000 26708 0.03 0.01 0.00 0.00 0.04 2 0.69 0.00 389888 84472 2.11 0.00 1.75 0.00 54 33 30 smartDeviceLinkCore
16:41:04 1000 26708 0.03 0.01 0.00 0.00 0.05 2 0.70 0.00 389888 84472 2.11 0.00 1.84 0.00 54 33 29 smartDeviceLinkCore
16:41:07 1000 26708 0.03 0.01 0.00 0.00 0.05 2 0.70 0.00 389888 84472 2.11 0.00 1.85 0.00 54 33 29 smartDeviceLinkCore
16:41:10 1000 26708 0.03 0.01 0.00 0.00 0.05 2 0.70 0.00 389888 84472 2.11 0.00 1.85 0.00 54 33 29 smartDeviceLinkCore
16:41:13 1000 26708 0.03 0.01 0.00 0.00 0.05 2 0.74 0.00 389888 84480 2.11 0.00 1.96 0.00 54 33 29 smartDeviceLinkCore
16:41:16 1000 26708 0.03 0.01 0.00 0.00 0.05 2 0.74 0.00 389888 84480 2.11 0.00 1.97 0.00 54 33 29 smartDeviceLinkCore
16:41:19 1000 26708 0.04 0.02 0.00 0.00 0.05 2 0.74 0.00 389888 84480 2.11 0.00 2.08 0.00 54 33 29 smartDeviceLinkCore
16:41:22 1000 26708 0.04 0.02 0.00 0.00 0.05 2 0.78 0.00 389888 84488 2.11 0.00 2.16 0.00 54 33 30 smartDeviceLinkCore
16:41:25 1000 26708 0.04 0.02 0.00 0.00 0.06 2 0.78 0.00 389888 84488 2.11 0.00 2.20 0.00 54 33 29 smartDeviceLinkCore
16:41:28 1000 26708 0.04 0.02 0.00 0.00 0.06 2 0.78 0.00 389888 84488 2.11 0.00 2.20 0.00 54 33 29 smartDeviceLinkCore
16:41:31 1000 26708 0.04 0.02 0.00 0.00 0.06 2 0.78 0.00 389888 84488 2.11 0.00 2.21 0.00 54 33 30 smartDeviceLinkCore
16:41:34 1000 26708 0.04 0.02 0.00 0.00 0.06 2 0.82 0.00 389888 84488 2.11 0.00 2.32 0.00 54 33 29 smartDeviceLinkCore
16:41:37 1000 26708 0.04 0.02 0.00 0.00 0.06 2 0.82 0.00 389888 84488 2.11 0.00 2.32 0.00 54 33 29 smartDeviceLinkCore
16:41:40 1000 26708 0.04 0.02 0.00 0.00 0.06 2 0.82 0.00 389888 84488 2.11 0.00 2.33 0.00 54 33 29 smartDeviceLinkCore
16:41:43 1000 26708 0.04 0.02 0.00 0.00 0.06 2 0.85 0.00 389888 84488 2.11 0.00 2.44 0.00 54 33 29 smartDeviceLinkCore
16:41:46 1000 26708 0.04 0.02 0.00 0.00 0.06 2 0.85 0.00 389888 84488 2.11 0.00 2.44 0.00 54 33 29 smartDeviceLinkCore
16:41:49 1000 26708 0.04 0.02 0.00 0.00 0.06 2 0.85 0.00 389888 84488 2.11 0.00 2.45 0.00 54 33 29 smartDeviceLinkCore
16:41:52 1000 26708 0.04 0.02 0.00 0.00 0.07 2 0.88 0.00 389888 84488 2.11 0.00 2.47 0.00 54 33 30 smartDeviceLinkCore
16:41:55 1000 26708 0.05 0.02 0.00 0.00 0.07 2 0.89 0.00 389888 84488 2.11 0.00 2.56 0.00 54 33 29 smartDeviceLinkCore
16:41:58 1000 26708 0.05 0.02 0.00 0.00 0.07 2 0.89 0.00 389888 84488 2.11 0.00 2.57 0.00 54 33 29 smartDeviceLinkCore
16:42:01 1000 26708 0.05 0.02 0.00 0.00 0.07 2 0.89 0.00 389888 84488 2.11 0.00 2.57 0.00 54 33 29 smartDeviceLinkCore
16:42:04 1000 26708 0.05 0.02 0.00 0.00 0.07 2 0.93 0.00 389888 84488 2.11 0.00 2.68 0.00 54 33 29 smartDeviceLinkCore
16:42:07 1000 26708 0.05 0.02 0.00 0.00 0.07 2 0.93 0.00 389888 84488 2.11 0.00 2.69 0.00 54 33 29 smartDeviceLinkCore
16:42:10 1000 26708 0.05 0.02 0.00 0.00 0.07 2 0.93 0.00 389888 84488 2.11 0.00 2.69 0.00 54 33 29 smartDeviceLinkCore
16:42:13 1000 26708 0.05 0.03 0.00 0.00 0.07 2 0.96 0.00 389888 84488 2.11 0.00 2.74 0.00 54 33 30 smartDeviceLinkCore
16:42:16 1000 26708 0.05 0.03 0.00 0.00 0.08 2 0.96 0.00 389888 84488 2.11 0.00 2.81 0.00 54 33 29 smartDeviceLinkCore
16:42:19 1000 26708 0.05 0.03 0.00 0.00 0.08 2 0.96 0.00 389888 84488 2.11 0.00 2.86 0.00 54 33 29 smartDeviceLinkCore
16:42:22 1000 26708 0.05 0.03 0.00 0.00 0.08 2 0.96 0.00 389888 84488 2.11 0.00 2.87 0.00 54 33 29 smartDeviceLinkCore
16:42:25 1000 26708 0.05 0.03 0.00 0.00 0.08 2 1.00 0.00 389888 84492 2.11 0.00 2.98 0.00 54 33 29 smartDeviceLinkCore
16:42:28 1000 26708 0.05 0.03 0.00 0.00 0.08 2 1.00 0.00 389888 84492 2.11 0.00 2.99 0.00 54 33 29 smartDeviceLinkCore
16:42:31 1000 26708 0.05 0.03 0.00 0.00 0.08 2 1.00 0.00 389888 84492 2.11 0.00 2.99 0.00 54 33 29 smartDeviceLinkCore
16:42:34 1000 26708 0.06 0.03 0.00 0.00 0.08 2 1.03 0.00 389888 84492 2.11 0.00 3.10 0.00 54 33 32 smartDeviceLinkCore
16:42:37 1000 26708 0.06 0.03 0.00 0.00 0.09 2 1.04 0.00 389888 84492 2.11 0.00 3.10 0.00 54 33 29 smartDeviceLinkCore
16:42:40 1000 26708 0.06 0.03 0.00 0.00 0.09 2 1.04 0.00 389888 84492 2.11 0.00 3.11 0.00 54 33 29 smartDeviceLinkCore
16:42:43 1000 26708 0.06 0.03 0.00 0.00 0.09 2 1.04 0.00 389888 84492 2.11 0.00 3.11 0.00 54 33 29 smartDeviceLinkCore
16:42:46 1000 26708 0.06 0.03 0.00 0.00 0.09 2 1.07 0.00 389888 84492 2.11 0.00 3.22 0.00 54 33 29 smartDeviceLinkCore
16:42:49 1000 26708 0.06 0.03 0.00 0.00 0.09 2 1.07 0.00 389888 84492 2.11 0.00 3.23 0.00 54 33 29 smartDeviceLinkCore
16:42:52 1000 26708 0.06 0.03 0.00 0.00 0.09 2 1.07 0.00 389888 84492 2.11 0.00 3.23 0.00 54 33 29 smartDeviceLinkCore
16:42:55 1000 26708 0.06 0.03 0.00 0.00 0.09 2 1.11 0.00 389888 84560 2.11 0.00 3.34 0.00 54 33 29 smartDeviceLinkCore
16:42:58 1000 26708 0.06 0.03 0.00 0.00 0.09 2 1.11 0.00 389888 84560 2.11 0.00 3.35 0.00 54 33 29 smartDeviceLinkCore
16:43:01 1000 26708 0.06 0.03 0.00 0.00 0.10 2 1.11 0.00 389888 84560 2.11 0.00 3.35 0.00 54 33 29 smartDeviceLinkCore
16:43:04 1000 26708 0.06 0.04 0.00 0.00 0.10 2 1.14 0.00 389888 84560 2.11 0.00 3.38 0.00 54 33 32 smartDeviceLinkCore
16:43:07 1000 26708 0.06 0.04 0.00 0.00 0.10 2 1.14 0.00 389888 84560 2.11 0.00 3.46 0.00 54 33 29 smartDeviceLinkCore
16:43:10 1000 26708 0.06 0.04 0.00 0.00 0.10 2 1.14 0.00 389888 84560 2.11 0.00 3.47 0.00 54 33 29 smartDeviceLinkCore
16:43:13 1000 26708 0.06 0.04 0.00 0.00 0.10 2 1.14 0.00 389888 84560 2.11 0.00 3.47 0.00 54 33 29 smartDeviceLinkCore
16:43:16 1000 26708 0.07 0.04 0.00 0.00 0.10 2 1.18 0.00 389888 84560 2.11 0.00 3.58 0.00 54 33 29 smartDeviceLinkCore
16:43:19 1000 26708 0.07 0.04 0.00 0.00 0.10 2 1.18 0.00 389888 84560 2.11 0.00 3.64 0.00 54 33 29 smartDeviceLinkCore
16:43:22 1000 26708 0.07 0.04 0.00 0.00 0.11 2 1.18 0.00 389888 84560 2.11 0.00 3.64 0.00 54 33 29 smartDeviceLinkCore
16:43:25 1000 26708 0.07 0.04 0.00 0.00 0.11 2 1.22 0.00 389888 84564 2.11 0.00 3.81 0.00 54 33 29 smartDeviceLinkCore
16:43:28 1000 26708 0.07 0.04 0.00 0.00 0.11 2 1.22 0.00 389888 84564 2.11 0.00 3.82 0.00 54 33 29 smartDeviceLinkCore
16:43:31 1000 26708 0.07 0.04 0.00 0.00 0.11 2 1.22 0.00 389888 84564 2.11 0.00 3.82 0.00 54 33 29 smartDeviceLinkCore
16:43:34 1000 26708 0.07 0.04 0.00 0.00 0.11 2 1.22 0.00 389888 84564 2.11 0.00 3.82 0.00 54 33 29 smartDeviceLinkCore
16:43:37 1000 26708 0.07 0.04 0.00 0.00 0.11 2 1.26 0.00 389888 84564 2.11 0.00 3.93 0.00 54 33 29 smartDeviceLinkCore
16:43:40 1000 26708 0.07 0.04 0.00 0.00 0.12 2 1.26 0.00 389888 84564 2.11 0.00 3.94 0.00 54 33 29 smartDeviceLinkCore
16:43:43 1000 26708 0.07 0.04 0.00 0.00 0.12 2 1.26 0.00 389888 84564 2.11 0.00 3.94 0.00 54 33 29 smartDeviceLinkCore
16:43:46 1000 26708 0.07 0.05 0.00 0.00 0.12 2 1.30 0.00 389888 84564 2.11 0.00 4.05 0.00 54 33 29 smartDeviceLinkCore
16:43:49 1000 26708 0.07 0.05 0.00 0.00 0.12 2 1.30 0.00 389888 84800 2.12 0.00 4.06 0.00 54 33 30 smartDeviceLinkCore
16:43:52 1000 26708 0.07 0.05 0.00 0.00 0.12 2 1.30 0.00 389888 84800 2.12 0.00 4.06 0.00 54 33 29 smartDeviceLinkCore
16:43:55 1000 26708 0.08 0.05 0.00 0.00 0.12 2 1.32 0.00 389888 84800 2.12 0.00 4.11 0.00 54 33 30 smartDeviceLinkCore
16:43:58 1000 26708 0.08 0.05 0.00 0.00 0.12 2 1.33 0.00 389888 84800 2.12 0.00 4.17 0.00 54 33 29 smartDeviceLinkCore
16:44:01 1000 26708 0.08 0.05 0.00 0.00 0.13 2 1.33 0.00 389888 84800 2.12 0.00 4.18 0.00 54 33 29 smartDeviceLinkCore
16:44:04 1000 26708 0.08 0.05 0.00 0.00 0.13 2 1.33 0.00 389888 84800 2.12 0.00 4.18 0.00 54 33 29 smartDeviceLinkCore
16:44:07 1000 26708 0.08 0.05 0.00 0.00 0.13 2 1.37 0.00 389888 84800 2.12 0.00 4.29 0.00 54 33 29 smartDeviceLinkCore
16:44:10 1000 26708 0.08 0.05 0.00 0.00 0.13 2 1.37 0.00 389888 84800 2.12 0.00 4.30 0.00 54 33 29 smartDeviceLinkCore
16:44:13 1000 26708 0.08 0.05 0.00 0.00 0.13 2 1.37 0.00 389888 84800 2.12 0.00 4.30 0.00 54 33 29 smartDeviceLinkCore
16:44:16 1000 26708 0.08 0.05 0.00 0.00 0.13 2 1.40 0.00 389888 84808 2.12 0.00 4.40 0.00 54 33 30 smartDeviceLinkCore
16:44:19 1000 26708 0.08 0.05 0.00 0.00 0.14 2 1.40 0.00 389888 84808 2.12 0.00 4.47 0.00 54 33 29 smartDeviceLinkCore
16:44:22 1000 26708 0.08 0.05 0.00 0.00 0.14 2 1.40 0.00 389888 84808 2.12 0.00 4.47 0.00 54 33 29 smartDeviceLinkCore
16:44:25 1000 26708 0.08 0.06 0.00 0.00 0.14 2 1.40 0.00 389888 84808 2.12 0.00 4.47 0.00 54 33 29 smartDeviceLinkCore
16:44:28 1000 26708 0.08 0.06 0.00 0.00 0.14 2 1.44 0.00 389888 84808 2.12 0.00 4.59 0.00 54 33 29 smartDeviceLinkCore
16:44:31 1000 26708 0.08 0.06 0.00 0.00 0.14 2 1.44 0.00 389888 84808 2.12 0.00 4.59 0.00 54 33 29 smartDeviceLinkCore
16:44:34 1000 26708 0.08 0.06 0.00 0.00 0.14 2 1.44 0.00 389888 84808 2.12 0.00 4.59 0.00 54 33 29 smartDeviceLinkCore
16:44:37 1000 26708 0.09 0.06 0.00 0.00 0.14 2 1.48 0.00 389888 84808 2.12 0.00 4.71 0.00 54 33 29 smartDeviceLinkCore
16:44:40 1000 26708 0.09 0.06 0.00 0.00 0.15 2 1.48 0.00 389888 84808 2.12 0.00 4.71 0.00 54 33 29 smartDeviceLinkCore
16:44:43 1000 26708 0.09 0.06 0.00 0.00 0.15 2 1.48 0.00 389888 84808 2.12 0.00 4.71 0.00 54 33 29 smartDeviceLinkCore
16:44:46 1000 26708 0.09 0.06 0.00 0.00 0.15 2 1.51 0.00 389888 84808 2.12 0.00 4.74 0.00 54 33 30 smartDeviceLinkCore
16:44:49 1000 26708 0.09 0.06 0.00 0.00 0.15 2 1.51 0.00 389888 84808 2.12 0.00 4.83 0.00 54 33 29 smartDeviceLinkCore
16:44:52 1000 26708 0.09 0.06 0.00 0.00 0.15 2 1.51 0.00 389888 84808 2.12 0.00 4.83 0.00 54 33 29 smartDeviceLinkCore
16:44:55 1000 26708 0.09 0.06 0.00 0.00 0.15 2 1.51 0.00 389888 84808 2.12 0.00 4.83 0.00 54 33 29 smartDeviceLinkCore
16:44:58 1000 26708 0.09 0.07 0.00 0.00 0.16 2 1.55 0.00 389888 84808 2.12 0.00 4.94 0.00 54 33 29 smartDeviceLinkCore
16:45:01 1000 26708 0.09 0.07 0.00 0.00 0.16 2 1.55 0.00 389888 84808 2.12 0.00 4.95 0.00 54 33 29 smartDeviceLinkCore
16:45:04 1000 26708 0.09 0.07 0.00 0.00 0.16 2 1.55 0.00 389888 84808 2.12 0.00 4.95 0.00 54 33 29 smartDeviceLinkCore
16:45:07 1000 26708 0.09 0.07 0.00 0.00 0.16 2 1.59 0.00 389888 84808 2.12 0.00 5.03 0.00 54 33 30 smartDeviceLinkCore
16:45:10 1000 26708 0.09 0.07 0.00 0.00 0.16 2 1.59 0.00 389888 84808 2.12 0.00 5.06 0.00 54 33 30 smartDeviceLinkCore
16:45:13 1000 26708 0.09 0.07 0.00 0.00 0.16 2 1.59 0.00 389888 84808 2.12 0.00 5.07 0.00 54 33 29 smartDeviceLinkCore
16:45:16 1000 26708 0.09 0.07 0.00 0.00 0.16 2 1.59 0.00 389888 84808 2.12 0.00 5.07 0.00 54 33 29 smartDeviceLinkCore
16:45:19 1000 26708 0.09 0.07 0.00 0.00 0.17 2 1.62 0.00 389888 84808 2.12 0.00 5.18 0.00 54 33 29 smartDeviceLinkCore
16:45:22 1000 26708 0.09 0.07 0.00 0.00 0.17 2 1.62 0.00 389888 84808 2.12 0.00 5.18 0.00 54 33 29 smartDeviceLinkCore
16:45:25 1000 26708 0.10 0.07 0.00 0.00 0.17 2 1.62 0.00 389888 84808 2.12 0.00 5.19 0.00 54 33 29 smartDeviceLinkCore
16:45:28 1000 26708 0.10 0.08 0.00 0.00 0.17 2 1.66 0.00 389888 84808 2.12 0.00 5.30 0.00 54 33 29 smartDeviceLinkCore
16:45:31 1000 26708 0.10 0.08 0.00 0.00 0.17 2 1.66 0.00 389888 84808 2.12 0.00 5.30 0.00 54 33 29 smartDeviceLinkCore
16:45:34 1000 26708 0.10 0.08 0.00 0.00 0.17 2 1.66 0.00 389888 84808 2.12 0.00 5.30 0.00 54 33 29 smartDeviceLinkCore
16:45:37 1000 26708 0.10 0.08 0.00 0.00 0.18 2 1.66 0.00 389888 84808 2.12 0.00 5.31 0.00 54 33 29 smartDeviceLinkCore
16:45:40 1000 26708 0.10 0.08 0.00 0.00 0.18 2 1.70 0.00 389888 84808 2.12 0.00 5.42 0.00 54 33 29 smartDeviceLinkCore
16:45:43 1000 26708 0.10 0.08 0.00 0.00 0.18 2 1.70 0.00 389888 84808 2.12 0.00 5.42 0.00 54 33 29 smartDeviceLinkCore
16:45:47 1000 26708 0.10 0.08 0.00 0.00 0.18 2 1.70 0.00 389888 84808 2.12 0.00 5.42 0.00 54 33 29 smartDeviceLinkCore
16:45:49 1000 26708 0.10 0.08 0.00 0.00 0.18 2 1.73 0.00 389888 84808 2.12 0.00 5.53 0.00 54 33 29 smartDeviceLinkCore
16:45:53 1000 26708 0.10 0.08 0.00 0.00 0.18 2 1.73 0.00 389888 84808 2.12 0.00 5.53 0.00 54 33 29 smartDeviceLinkCore
16:45:56 1000 26708 0.10 0.08 0.00 0.00 0.18 2 1.73 0.00 389888 84808 2.12 0.00 5.53 0.00 54 33 29 smartDeviceLinkCore
16:45:59 1000 26708 0.10 0.08 0.00 0.00 0.19 2 1.76 0.00 389888 84808 2.12 0.00 5.63 0.00 54 33 30 smartDeviceLinkCore
16:46:02 1000 26708 0.10 0.08 0.00 0.00 0.19 2 1.76 0.00 389888 84808 2.12 0.00 5.64 0.00 54 33 29 smartDeviceLinkCore
16:46:05 1000 26708 0.10 0.08 0.00 0.00 0.19 2 1.77 0.00 389888 84872 2.12 0.00 5.69 0.02 54 32 29 smartDeviceLinkCore
16:46:08 1000 26708 0.10 0.08 0.00 0.00 0.19 2 1.77 0.00 389888 84872 2.12 0.00 5.69 0.02 54 32 29 smartDeviceLinkCore
16:46:11 1000 26708 0.10 0.08 0.00 0.00 0.19 2 1.80 0.00 389888 84872 2.12 0.00 5.80 0.02 54 32 29 smartDeviceLinkCore
16:46:14 1000 26708 0.10 0.08 0.00 0.00 0.19 2 1.80 0.00 389888 84872 2.12 0.00 5.79 0.02 54 32 29 smartDeviceLinkCore
16:46:17 1000 26708 0.10 0.08 0.00 0.00 0.19 2 1.80 0.00 389888 84872 2.12 0.00 5.79 0.02 54 32 29 smartDeviceLinkCore
16:46:20 1000 26708 0.11 0.08 0.00 0.00 0.19 2 1.83 0.00 389888 84872 2.12 0.00 5.90 0.02 54 32 30 smartDeviceLinkCore
16:46:23 1000 26708 0.11 0.08 0.00 0.00 0.19 2 1.83 0.00 389888 84872 2.12 0.00 5.90 0.02 54 32 29 smartDeviceLinkCore
16:46:26 1000 26708 0.11 0.08 0.00 0.00 0.19 2 1.83 0.00 389888 84872 2.12 0.00 5.90 0.02 54 32 29 smartDeviceLinkCore
16:46:29 1000 26708 0.11 0.08 0.00 0.00 0.19 2 1.83 0.00 389888 84872 2.12 0.00 5.90 0.02 54 32 29 smartDeviceLinkCore
16:46:32 1000 26708 0.11 0.08 0.00 0.00 0.19 2 1.86 0.00 389888 84872 2.12 0.00 6.00 0.02 54 32 29 smartDeviceLinkCore
16:46:35 1000 26708 0.11 0.08 0.00 0.00 0.19 2 1.86 0.00 389888 84872 2.12 0.00 6.00 0.02 54 32 29 smartDeviceLinkCore
16:46:38 1000 26708 0.11 0.08 0.00 0.00 0.19 2 1.86 0.00 389888 84872 2.12 0.00 6.00 0.02 54 32 29 smartDeviceLinkCore
16:46:41 1000 26708 0.11 0.08 0.00 0.00 0.19 2 1.88 0.00 389888 84872 2.12 0.00 6.11 0.02 54 32 29 smartDeviceLinkCore
16:46:44 1000 26708 0.11 0.08 0.00 0.00 0.19 2 1.88 0.00 389888 84872 2.12 0.00 6.11 0.02 54 32 29 smartDeviceLinkCore
16:46:47 1000 26708 0.11 0.08 0.00 0.00 0.19 2 1.88 0.00 389888 84872 2.12 0.00 6.11 0.02 54 32 29 smartDeviceLinkCore
16:46:50 1000 26708 0.11 0.08 0.00 0.00 0.19 2 1.91 0.00 389888 84872 2.12 0.00 6.18 0.02 54 32 30 smartDeviceLinkCore
16:46:53 1000 26708 0.11 0.08 0.00 0.00 0.19 2 1.91 0.00 389888 84872 2.12 0.00 6.21 0.02 54 32 29 smartDeviceLinkCore
16:46:56 1000 26708 0.11 0.08 0.00 0.00 0.19 2 1.91 0.00 389888 84872 2.12 0.00 6.21 0.02 54 32 29 smartDeviceLinkCore
16:46:59 1000 26708 0.11 0.08 0.00 0.00 0.19 2 1.91 0.00 389888 84872 2.12 0.00 6.21 0.02 54 32 29 smartDeviceLinkCore
16:47:02 1000 26708 0.11 0.08 0.00 0.00 0.19 2 1.94 0.00 389888 84872 2.12 0.00 6.32 0.02 54 32 29 smartDeviceLinkCore
16:47:05 1000 26708 0.11 0.08 0.00 0.00 0.19 2 1.94 0.00 389888 84872 2.12 0.00 6.32 0.02 54 32 29 smartDeviceLinkCore
16:47:08 1000 26708 0.11 0.08 0.00 0.00 0.19 2 1.94 0.00 389888 84872 2.12 0.00 6.31 0.02 54 32 29 smartDeviceLinkCore
16:47:11 1000 26708 0.11 0.08 0.00 0.00 0.20 2 1.97 0.00 389888 84872 2.12 0.00 6.42 0.02 54 32 29 smartDeviceLinkCore
16:47:14 1000 26708 0.11 0.08 0.00 0.00 0.20 2 1.97 0.00 389888 84872 2.12 0.00 6.42 0.02 54 32 29 smartDeviceLinkCore
16:47:17 1000 26708 0.11 0.08 0.00 0.00 0.20 2 1.96 0.00 389888 84872 2.12 0.00 6.42 0.02 54 32 29 smartDeviceLinkCore
16:47:20 1000 26708 0.11 0.08 0.00 0.00 0.20 2 1.96 0.00 389888 84872 2.12 0.00 6.42 0.02 54 32 29 smartDeviceLinkCore
16:47:23 1000 26708 0.11 0.08 0.00 0.00 0.20 2 1.99 0.00 389888 84872 2.12 0.00 6.52 0.02 54 32 29 smartDeviceLinkCore
16:47:26 1000 26708 0.11 0.09 0.00 0.00 0.20 2 1.99 0.00 389888 84872 2.12 0.00 6.52 0.02 54 32 29 smartDeviceLinkCore
16:47:29 1000 26708 0.11 0.09 0.00 0.00 0.20 2 1.99 0.00 389888 84872 2.12 0.00 6.52 0.02 54 32 29 smartDeviceLinkCore
16:47:32 1000 26708 0.11 0.09 0.00 0.00 0.20 2 2.02 0.00 389888 84872 2.12 0.00 6.63 0.02 54 32 29 smartDeviceLinkCore
16:47:35 1000 26708 0.11 0.09 0.00 0.00 0.20 2 2.02 0.00 389888 84872 2.12 0.00 6.63 0.02 54 32 29 smartDeviceLinkCore
16:47:38 1000 26708 0.11 0.09 0.00 0.00 0.20 2 2.02 0.00 389888 84872 2.12 0.00 6.63 0.02 54 32 29 smartDeviceLinkCore
16:47:41 1000 26708 0.11 0.09 0.00 0.00 0.20 2 2.05 0.00 389888 84872 2.12 0.00 6.67 0.02 54 32 30 smartDeviceLinkCore
16:47:44 1000 26708 0.11 0.09 0.00 0.00 0.20 2 2.05 0.00 389888 84872 2.12 0.00 6.73 0.02 54 32 29 smartDeviceLinkCore
16:47:47 1000 26708 0.11 0.09 0.00 0.00 0.20 2 2.05 0.00 389888 84872 2.12 0.00 6.73 0.02 54 32 29 smartDeviceLinkCore
16:47:50 1000 26708 0.11 0.09 0.00 0.00 0.20 2 2.05 0.00 389888 84872 2.12 0.00 6.73 0.02 54 32 29 smartDeviceLinkCore
16:47:53 1000 26708 0.12 0.09 0.00 0.00 0.20 2 2.07 0.00 389888 84872 2.12 0.00 6.83 0.02 54 32 29 smartDeviceLinkCore
16:47:56 1000 26708 0.12 0.09 0.00 0.00 0.20 2 2.07 0.00 389888 84872 2.12 0.00 6.83 0.02 54 32 29 smartDeviceLinkCore
16:47:59 1000 26708 0.12 0.09 0.00 0.00 0.20 2 2.07 0.00 389888 84872 2.12 0.00 6.83 0.02 54 32 29 smartDeviceLinkCore
16:48:02 1000 26708 0.12 0.09 0.00 0.00 0.20 2 2.10 0.00 389888 84872 2.12 0.00 6.94 0.02 54 32 29 smartDeviceLinkCore
16:48:05 1000 26708 0.12 0.09 0.00 0.00 0.20 2 2.10 0.00 389888 84872 2.12 0.00 6.94 0.02 54 32 29 smartDeviceLinkCore
16:48:08 1000 26708 0.12 0.09 0.00 0.00 0.20 2 2.10 0.00 389888 84872 2.12 0.00 6.94 0.02 54 32 29 smartDeviceLinkCore
16:48:11 1000 26708 0.12 0.09 0.00 0.00 0.20 2 2.10 0.00 389888 84872 2.12 0.00 6.93 0.02 54 32 29 smartDeviceLinkCore
16:48:14 1000 26708 0.12 0.09 0.00 0.00 0.20 2 2.13 0.00 389888 84872 2.12 0.00 7.04 0.02 54 32 29 smartDeviceLinkCore
16:48:17 1000 26708 0.12 0.09 0.00 0.00 0.20 2 2.13 0.00 389888 84872 2.12 0.00 7.04 0.02 54 32 29 smartDeviceLinkCore
16:48:20 1000 26708 0.12 0.09 0.00 0.00 0.20 2 2.13 0.00 389888 84872 2.12 0.00 7.04 0.02 54 32 29 smartDeviceLinkCore
16:48:23 1000 26708 0.12 0.09 0.00 0.00 0.21 2 2.16 0.00 389888 84872 2.12 0.00 7.14 0.02 54 32 29 smartDeviceLinkCore
16:48:26 1000 26708 0.12 0.09 0.00 0.00 0.21 2 2.15 0.00 389888 84872 2.12 0.00 7.14 0.02 54 32 29 smartDeviceLinkCore
16:48:29 1000 26708 0.12 0.09 0.00 0.00 0.21 2 2.15 0.00 389888 84872 2.12 0.00 7.14 0.02 54 32 29 smartDeviceLinkCore
16:48:32 1000 26708 0.12 0.09 0.00 0.00 0.21 2 2.18 0.00 389888 84872 2.12 0.00 7.16 0.02 54 32 30 smartDeviceLinkCore
16:48:35 1000 26708 0.12 0.09 0.00 0.00 0.21 2 2.18 0.00 389888 84872 2.12 0.00 7.25 0.02 54 32 29 smartDeviceLinkCore
16:48:38 1000 26708 0.12 0.09 0.00 0.00 0.21 2 2.18 0.00 389888 84872 2.12 0.00 7.24 0.02 54 32 29 smartDeviceLinkCore
16:48:41 1000 26708 0.12 0.09 0.00 0.00 0.21 2 2.18 0.00 389888 84872 2.12 0.00 7.24 0.02 54 32 29 smartDeviceLinkCore
16:48:44 1000 26708 0.12 0.09 0.00 0.00 0.21 2 2.21 0.00 389888 84872 2.12 0.00 7.35 0.02 54 32 29 smartDeviceLinkCore
16:48:47 1000 26708 0.12 0.09 0.00 0.00 0.21 2 2.21 0.00 389888 84872 2.12 0.00 7.35 0.02 54 32 29 smartDeviceLinkCore
16:48:50 1000 26708 0.12 0.09 0.00 0.00 0.21 2 2.21 0.00 389888 84872 2.12 0.00 7.35 0.02 54 32 29 smartDeviceLinkCore
16:48:53 1000 26708 0.12 0.09 0.00 0.00 0.21 2 2.24 0.00 389888 84872 2.12 0.00 7.45 0.02 54 32 30 smartDeviceLinkCore
16:48:56 1000 26708 0.12 0.09 0.00 0.00 0.21 2 2.24 0.00 389888 84872 2.12 0.00 7.45 0.02 54 32 29 smartDeviceLinkCore
16:48:59 1000 26708 0.12 0.09 0.00 0.00 0.21 2 2.24 0.00 389888 84872 2.12 0.00 7.45 0.02 54 32 29 smartDeviceLinkCore
16:49:02 1000 26708 0.12 0.09 0.00 0.00 0.21 2 2.23 0.00 389888 84872 2.12 0.00 7.45 0.02 54 32 29 smartDeviceLinkCore
16:49:05 1000 26708 0.12 0.09 0.00 0.00 0.21 2 2.26 0.00 389888 84872 2.12 0.00 7.55 0.02 54 32 29 smartDeviceLinkCore
16:49:08 1000 26708 0.12 0.09 0.00 0.00 0.21 2 2.26 0.00 389888 84872 2.12 0.00 7.55 0.02 54 32 29 smartDeviceLinkCore
16:49:11 1000 26708 0.12 0.09 0.00 0.00 0.21 2 2.26 0.00 389888 84872 2.12 0.00 7.55 0.02 54 32 29 smartDeviceLinkCore
16:49:14 1000 26708 0.12 0.09 0.00 0.00 0.21 2 2.29 0.00 389888 84872 2.12 0.00 7.66 0.02 54 32 29 smartDeviceLinkCore
16:49:17 1000 26708 0.12 0.09 0.00 0.00 0.21 2 2.29 0.00 389888 84872 2.12 0.00 7.66 0.02 54 32 29 smartDeviceLinkCore
16:49:20 1000 26708 0.12 0.09 0.00 0.00 0.21 2 2.29 0.00 389888 84872 2.12 0.00 7.65 0.02 54 32 29 smartDeviceLinkCore
16:49:23 1000 26708 0.12 0.09 0.00 0.00 0.21 2 2.29 0.00 389888 84872 2.12 0.00 7.65 0.02 54 32 29 smartDeviceLinkCore
16:49:26 1000 26708 0.13 0.09 0.00 0.00 0.21 2 2.32 0.00 389888 84872 2.12 0.00 7.76 0.02 54 32 29 smartDeviceLinkCore
16:49:29 1000 26708 0.13 0.09 0.00 0.00 0.21 2 2.32 0.00 389888 84872 2.12 0.00 7.76 0.02 54 32 29 smartDeviceLinkCore
16:49:32 1000 26708 0.13 0.09 0.00 0.00 0.21 2 2.32 0.00 389888 84872 2.12 0.00 7.76 0.02 54 32 29 smartDeviceLinkCore
16:49:35 1000 26708 0.13 0.09 0.00 0.00 0.21 2 2.34 0.00 389888 84872 2.12 0.00 7.86 0.02 54 32 29 smartDeviceLinkCore
16:49:38 1000 26708 0.13 0.09 0.00 0.00 0.21 2 2.34 0.00 389888 84872 2.12 0.00 7.86 0.02 54 32 29 smartDeviceLinkCore
16:49:41 1000 26708 0.13 0.09 0.00 0.00 0.21 2 2.34 0.00 389888 84872 2.12 0.00 7.86 0.02 54 32 29 smartDeviceLinkCore
16:49:44 1000 26708 0.13 0.09 0.00 0.00 0.22 2 2.37 0.00 389888 84872 2.12 0.00 7.96 0.02 54 32 30 smartDeviceLinkCore
16:49:47 1000 26708 0.13 0.09 0.00 0.00 0.22 2 2.37 0.00 389888 84872 2.12 0.00 7.96 0.02 54 32 29 smartDeviceLinkCore
16:49:50 1000 26708 0.13 0.09 0.00 0.00 0.22 2 2.37 0.00 389888 84872 2.12 0.00 7.96 0.02 54 32 29 smartDeviceLinkCore
16:49:53 1000 26708 0.13 0.09 0.00 0.00 0.22 2 2.37 0.00 389888 84872 2.12 0.00 7.96 0.02 54 32 29 smartDeviceLinkCore
16:49:56 1000 26708 0.13 0.09 0.00 0.00 0.22 2 2.40 0.00 389888 84872 2.12 0.00 8.06 0.02 54 32 29 smartDeviceLinkCore
16:49:59 1000 26708 0.13 0.09 0.00 0.00 0.22 2 2.40 0.00 389888 84872 2.12 0.00 8.06 0.02 54 32 29 smartDeviceLinkCore
16:50:02 1000 26708 0.13 0.09 0.00 0.00 0.22 2 2.40 0.00 389888 84872 2.12 0.00 8.06 0.02 54 32 29 smartDeviceLinkCore
16:50:05 1000 26708 0.13 0.09 0.00 0.00 0.22 2 2.42 0.00 389888 84872 2.12 0.00 8.17 0.02 54 32 29 smartDeviceLinkCore
16:50:08 1000 26708 0.13 0.09 0.00 0.00 0.22 2 2.42 0.00 389888 84872 2.12 0.00 8.16 0.02 54 32 29 smartDeviceLinkCore
16:50:11 1000 26708 0.13 0.09 0.00 0.00 0.22 2 2.42 0.00 389888 84872 2.12 0.00 8.16 0.02 54 32 29 smartDeviceLinkCore
16:50:14 1000 26708 0.13 0.09 0.00 0.00 0.22 2 2.42 0.00 389888 84872 2.12 0.00 8.16 0.02 54 32 29 smartDeviceLinkCore
16:50:17 1000 26708 0.13 0.09 0.00 0.00 0.22 2 2.45 0.00 389888 84872 2.12 0.00 8.27 0.02 54 32 29 smartDeviceLinkCore
16:50:20 1000 26708 0.13 0.09 0.00 0.00 0.22 2 2.45 0.00 389888 84872 2.12 0.00 8.27 0.02 54 32 29 smartDeviceLinkCore
16:50:23 1000 26708 0.13 0.09 0.00 0.00 0.22 2 2.45 0.00 389888 84872 2.12 0.00 8.26 0.02 54 32 29 smartDeviceLinkCore
16:50:26 1000 26708 0.13 0.09 0.00 0.00 0.22 2 2.48 0.00 389888 84872 2.12 0.00 8.37 0.02 54 32 29 smartDeviceLinkCore
16:50:29 1000 26708 0.13 0.09 0.00 0.00 0.22 2 2.48 0.00 389888 84872 2.12 0.00 8.37 0.02 54 32 29 smartDeviceLinkCore
16:50:32 1000 26708 0.13 0.09 0.00 0.00 0.22 2 2.48 0.00 389888 84872 2.12 0.00 8.37 0.02 54 32 29 smartDeviceLinkCore
16:50:35 1000 26708 0.13 0.09 0.00 0.00 0.22 2 2.50 0.00 389888 84872 2.12 0.00 8.42 0.02 54 32 30 smartDeviceLinkCore
16:50:38 1000 26708 0.13 0.09 0.00 0.00 0.22 2 2.50 0.00 389888 84872 2.12 0.00 8.47 0.02 54 32 29 smartDeviceLinkCore
16:50:41 1000 26708 0.13 0.09 0.00 0.00 0.22 2 2.50 0.00 389888 84872 2.12 0.00 8.47 0.02 54 32 29 smartDeviceLinkCore
16:50:44 1000 26708 0.13 0.09 0.00 0.00 0.22 2 2.50 0.00 389888 84872 2.12 0.00 8.47 0.02 54 32 29 smartDeviceLinkCore
16:50:47 1000 26708 0.13 0.09 0.00 0.00 0.22 2 2.53 0.00 389888 84872 2.12 0.00 8.57 0.02 54 32 29 smartDeviceLinkCore
16:50:50 1000 26708 0.13 0.09 0.00 0.00 0.22 2 2.55 0.00 362788 77304 1.93 0.00 8.57 0.02 54 27 19 smartDeviceLinkCore
16:50:53 1000 26708 0.13 0.09 0.00 0.00 0.22 2 2.55 0.00 362788 77304 1.93 0.00 8.57 0.02 54 27 18 smartDeviceLinkCore
16:50:56 1000 26708 0.13 0.09 0.00 0.00 0.22 2 2.55 0.00 362788 77312 1.93 0.00 8.57 0.02 54 26 18 smartDeviceLinkCore
16:50:59 1000 26708 0.13 0.09 0.00 0.00 0.22 2 2.55 0.00 362788 77312 1.93 0.00 8.56 0.02 54 26 18 smartDeviceLinkCore
16:51:02 1000 26708 0.13 0.09 0.00 0.00 0.22 2 2.55 0.00 362788 77312 1.93 0.00 8.56 0.02 54 26 18 smartDeviceLinkCore
16:51:05 1000 26708 0.13 0.09 0.00 0.00 0.22 2 2.55 0.00 362788 77312 1.93 0.00 8.56 0.02 54 26 18 smartDeviceLinkCore
16:51:08 1000 26708 0.13 0.09 0.00 0.00 0.22 2 2.55 0.00 362788 77312 1.93 0.00 8.56 0.02 54 26 18 smartDeviceLinkCore
16:51:11 1000 26708 0.13 0.09 0.00 0.00 0.22 2 2.55 0.00 362788 77312 1.93 0.00 8.56 0.02 54 26 18 smartDeviceLinkCore
16:51:14 1000 26708 0.13 0.09 0.00 0.00 0.22 2 2.55 0.00 362788 77312 1.93 0.00 8.56 0.02 54 26 18 smartDeviceLinkCore
16:51:17 1000 26708 0.13 0.09 0.00 0.00 0.22 2 2.55 0.00 362788 77312 1.93 0.00 8.56 0.02 54 26 18 smartDeviceLinkCore
16:51:20 1000 26708 0.13 0.09 0.00 0.00 0.22 2 2.55 0.00 362788 77312 1.93 0.00 8.55 0.02 54 26 18 smartDeviceLinkCore
16:51:23 1000 26708 0.13 0.09 0.00 0.00 0.22 2 2.55 0.00 362788 77312 1.93 0.00 8.55 0.02 54 26 18 smartDeviceLinkCore
16:51:26 1000 26708 0.13 0.09 0.00 0.00 0.22 2 2.55 0.00 362788 77312 1.93 0.00 8.55 0.02 54 26 18 smartDeviceLinkCore
16:51:29 1000 26708 0.13 0.09 0.00 0.00 0.22 2 2.55 0.00 362788 77312 1.93 0.00 8.55 0.02 54 26 18 smartDeviceLinkCore
16:51:32 1000 26708 0.13 0.09 0.00 0.00 0.22 2 2.55 0.00 362788 77312 1.93 0.00 8.55 0.02 54 26 18 smartDeviceLinkCore
16:51:35 1000 26708 0.13 0.09 0.00 0.00 0.22 2 2.55 0.00 362788 77312 1.93 0.00 8.55 0.02 54 26 18 smartDeviceLinkCore
16:51:38 1000 26708 0.13 0.09 0.00 0.00 0.22 2 2.55 0.00 362788 77312 1.93 0.00 8.54 0.02 54 26 18 smartDeviceLinkCore
16:51:41 1000 26708 0.13 0.09 0.00 0.00 0.22 2 2.55 0.00 362788 77312 1.93 0.00 8.54 0.02 54 26 18 smartDeviceLinkCore
16:51:44 1000 26708 0.13 0.09 0.00 0.00 0.22 2 2.55 0.00 362788 77312 1.93 0.00 8.54 0.02 54 26 18 smartDeviceLinkCore
16:51:47 1000 26708 0.13 0.09 0.00 0.00 0.22 2 2.55 0.00 362788 77312 1.93 0.00 8.54 0.02 54 26 18 smartDeviceLinkCore
16:51:50 1000 26708 0.13 0.09 0.00 0.00 0.22 2 2.55 0.00 362788 77312 1.93 0.00 8.54 0.02 54 26 18 smartDeviceLinkCore
16:51:53 1000 26708 0.13 0.09 0.00 0.00 0.22 2 2.55 0.00 362788 77312 1.93 0.00 8.54 0.02 54 26 18 smartDeviceLinkCore
16:51:56 1000 26708 0.13 0.09 0.00 0.00 0.22 2 2.54 0.00 362788 77312 1.93 0.00 8.53 0.02 54 26 18 smartDeviceLinkCore
16:51:59 1000 26708 0.13 0.09 0.00 0.00 0.22 2 2.54 0.00 362788 77312 1.93 0.00 8.53 0.02 54 26 18 smartDeviceLinkCore
16:52:02 1000 26708 0.13 0.09 0.00 0.00 0.22 2 2.54 0.00 362788 77312 1.93 0.00 8.53 0.02 54 26 18 smartDeviceLinkCore
16:52:05 1000 26708 0.13 0.09 0.00 0.00 0.22 2 2.54 0.00 362788 77312 1.93 0.00 8.53 0.02 54 26 18 smartDeviceLinkCore
