16:39:06:923959031 16:39:05 8.0 80 00:00:00 0.4 15290 1
16:39:10:071961399 16:39:05 17.0 170 00:00:00 2.0 83129 26
16:39:13:091073654 16:39:05 9.7 97 00:00:00 2.0 83129 26
16:39:16:115549662 16:39:05 12.8 128 00:00:01 2.0 93374 31
16:39:19:097198669 16:39:05 13.3 133 00:00:01 2.0 97472 33
16:39:22:146945000 16:39:05 12.0 120 00:00:01 2.0 97472 33
16:39:25:150647067 16:39:05 10.3 103 00:00:01 2.0 97472 33
16:39:28:160244961 16:39:05 9.1 91 00:00:02 2.0 97472 33
16:39:31:150139288 16:39:05 9.3 93 00:00:02 2.0 97472 33
16:39:34:176866597 16:39:05 8.6 86 00:00:02 2.0 97472 33
16:39:37:189484233 16:39:05 7.9 79 00:00:02 2.0 97472 33
16:39:40:192611479 16:39:05 8.0 80 00:00:02 2.0 97472 33
16:39:43:197260312 16:39:05 7.7 77 00:00:02 2.0 97472 33
16:39:46:216428568 16:39:05 7.3 73 00:00:02 2.0 97472 33
16:39:49:211118012 16:39:05 7.0 70 00:00:03 2.0 97472 33
16:39:52:227323441 16:39:05 7.0 70 00:00:03 2.0 97472 33
16:39:55:237914376 16:39:05 6.8 68 00:00:03 2.0 97472 33
16:39:58:236538689 16:39:05 6.5 65 00:00:03 2.0 97472 33
16:40:01:241853662 16:39:05 6.7 67 00:00:03 2.1 97472 33
16:40:04:252107879 16:39:05 6.5 65 00:00:03 2.1 97472 33
16:40:07:259239719 16:39:05 6.3 63 00:00:03 2.1 97472 33
16:40:10:239874756 16:39:05 6.4 64 00:00:04 2.1 97472 33
16:40:13:288565146 16:39:05 6.4 64 00:00:04 2.1 97472 33
16:40:16:284298008 16:39:05 6.2 62 00:00:04 2.1 97472 33
16:40:19:274357239 16:39:05 6.3 63 00:00:04 2.1 97472 33
16:40:22:280677388 16:39:05 6.5 65 00:00:04 2.1 97472 33
16:40:25:299315726 16:39:05 6.4 64 00:00:05 2.1 97472 33
16:40:28:303118410 16:39:05 6.2 62 00:00:05 2.1 97472 33
16:40:31:285412928 16:39:05 6.4 64 00:00:05 2.1 97472 33
16:40:34:324293916 16:39:05 6.3 63 00:00:05 2.1 97472 33
16:40:37:322588361 16:39:05 6.2 62 00:00:05 2.1 97472 33
16:40:40:336038095 16:39:05 6.1 61 00:00:05 2.1 97472 33
16:40:43:339936134 16:39:05 6.2 62 00:00:06 2.1 97472 33
16:40:46:345315389 16:39:05 6.1 61 00:00:06 2.1 97472 33
16:40:49:351753422 16:39:05 6.0 60 00:00:06 2.1 97472 33
16:40:52:349446223 16:39:05 6.1 61 00:00:06 2.1 97472 33
16:40:55:374823071 16:39:05 6.0 60 00:00:06 2.1 97472 33
16:40:58:360805596 16:39:05 6.0 60 00:00:06 2.1 97472 33
16:41:01:357648789 16:39:05 6.1 61 00:00:07 2.1 97472 33
16:41:04:391122663 16:39:05 6.1 61 00:00:07 2.1 97472 33
16:41:07:395941979 16:39:05 6.0 60 00:00:07 2.1 97472 33
16:41:10:412931619 16:39:05 5.9 59 00:00:07 2.1 97472 33
16:41:13:410879863 16:39:05 6.1 61 00:00:07 2.1 97472 33
16:41:16:422453955 16:39:05 6.0 60 00:00:07 2.1 97472 33
16:41:19:430543344 16:39:05 6.2 62 00:00:08 2.1 97472 33
16:41:22:427970737 16:39:05 6.2 62 00:00:08 2.1 97472 33
16:41:25:438875277 16:39:05 6.2 62 00:00:08 2.1 97472 33
16:41:28:456293700 16:39:05 6.2 62 00:00:08 2.1 97472 33
16:41:31:446566927 16:39:05 6.2 62 00:00:08 2.1 97472 33
16:41:34:448239792 16:39:05 6.3 63 00:00:09 2.1 97472 33
16:41:37:473624710 16:39:05 6.2 62 00:00:09 2.1 97472 33
16:41:40:481689413 16:39:05 6.2 62 00:00:09 2.1 97472 33
16:41:43:464984828 16:39:05 6.3 63 00:00:09 2.1 97472 33
16:41:46:491894823 16:39:05 6.2 62 00:00:10 2.1 97472 33
16:41:49:500620709 16:39:05 6.2 62 00:00:10 2.1 97472 33
16:41:52:496685441 16:39:05 6.2 62 00:00:10 2.1 97472 33
16:41:55:514977690 16:39:05 6.3 63 00:00:10 2.1 97472 33
16:41:58:490224383 16:39:05 6.2 62 00:00:10 2.1 97472 33
16:42:01:541897459 16:39:05 6.2 62 00:00:10 2.1 97472 33
16:42:04:522737042 16:39:05 6.3 63 00:00:11 2.1 97472 33
16:42:07:541253604 16:39:05 6.2 62 00:00:11 2.1 97472 33
16:42:10:546496733 16:39:05 6.2 62 00:00:11 2.1 97472 33
16:42:13:535346586 16:39:05 6.3 63 00:00:11 2.1 97472 33
16:42:16:571014517 16:39:05 6.3 63 00:00:12 2.1 97472 33
16:42:19:571142888 16:39:05 6.3 63 00:00:12 2.1 97472 33
16:42:22:570950481 16:39:05 6.3 63 00:00:12 2.1 97472 33
16:42:25:582073905 16:39:05 6.4 64 00:00:12 2.1 97472 33
16:42:28:566767872 16:39:05 6.4 64 00:00:12 2.1 97472 33
16:42:31:616174755 16:39:05 6.3 63 00:00:13 2.1 97472 33
16:42:34:614434567 16:39:05 6.4 64 00:00:13 2.1 97472 33
16:42:37:617874424 16:39:05 6.4 64 00:00:13 2.1 97472 33
16:42:40:625062698 16:39:05 6.4 64 00:00:13 2.1 97472 33
16:42:43:644929906 16:39:05 6.4 64 00:00:13 2.1 97472 33
16:42:46:645894346 16:39:05 6.4 64 00:00:14 2.1 97472 33
16:42:49:655163845 16:39:05 6.4 64 00:00:14 2.1 97472 33
16:42:52:656103550 16:39:05 6.4 64 00:00:14 2.1 97472 33
16:42:55:650533194 16:39:05 6.5 65 00:00:14 2.1 97472 33
16:42:58:673916476 16:39:05 6.4 64 00:00:15 2.1 97472 33
16:43:01:671723270 16:39:05 6.4 64 00:00:15 2.1 97472 33
16:43:04:656259717 16:39:05 6.5 65 00:00:15 2.1 97472 33
16:43:07:680121115 16:39:05 6.5 65 00:00:15 2.1 97472 33
16:43:10:702355123 16:39:05 6.5 65 00:00:15 2.1 97472 33
16:43:13:693180161 16:39:05 6.5 65 00:00:16 2.1 97472 33
16:43:16:696709313 16:39:05 6.5 65 00:00:16 2.1 97472 33
16:43:19:711310912 16:39:05 6.5 65 00:00:16 2.1 97472 33
16:43:22:723701943 16:39:05 6.5 65 00:00:16 2.1 97472 33
16:43:25:709475138 16:39:05 6.6 66 00:00:17 2.1 97472 33
16:43:28:707885511 16:39:05 6.6 66 00:00:17 2.1 97472 33
16:43:31:741618349 16:39:05 6.6 66 00:00:17 2.1 97472 33
16:43:34:753449878 16:39:05 6.6 66 00:00:17 2.1 97472 33
16:43:37:758282722 16:39:05 6.7 67 00:00:18 2.1 97472 33
16:43:40:768100962 16:39:05 6.7 67 00:00:18 2.1 97472 33
16:43:43:771900318 16:39:05 6.6 66 00:00:18 2.1 97472 33
16:43:46:770408100 16:39:05 6.7 67 00:00:18 2.1 97472 33
16:43:49:786296543 16:39:05 6.7 67 00:00:19 2.1 97472 33
16:43:52:800566273 16:39:05 6.7 67 00:00:19 2.1 97472 33
16:43:55:782944246 16:39:05 6.7 67 00:00:19 2.1 97472 33
16:43:58:809970554 16:39:05 6.7 67 00:00:19 2.1 97472 33
16:44:01:810337315 16:39:05 6.7 67 00:00:20 2.1 97472 33
16:44:04:818495427 16:39:05 6.7 67 00:00:20 2.1 97472 33
16:44:07:816392509 16:39:05 6.8 68 00:00:20 2.1 97472 33
16:44:10:827203662 16:39:05 6.8 68 00:00:20 2.1 97472 33
16:44:13:835667061 16:39:05 6.8 68 00:00:20 2.1 97472 33
16:44:16:815752839 16:39:05 6.8 68 00:00:21 2.1 97472 33
16:44:19:846750514 16:39:05 6.9 69 00:00:21 2.1 97472 33
16:44:22:854767726 16:39:05 6.9 69 00:00:21 2.1 97472 33
16:44:25:835906323 16:39:05 6.8 68 00:00:22 2.1 97472 33
16:44:28:857102399 16:39:05 6.9 69 00:00:22 2.1 97472 33
16:44:31:855671293 16:39:05 6.9 69 00:00:22 2.1 97472 33
16:44:34:874431246 16:39:05 6.9 69 00:00:22 2.1 97472 33
16:44:37:857853187 16:39:05 6.9 69 00:00:23 2.1 97472 33
16:44:40:862272555 16:39:05 6.9 69 00:00:23 2.1 97472 33
16:44:43:894246654 16:39:05 6.9 69 00:00:23 2.1 97472 33
16:44:46:869323971 16:39:05 6.9 69 00:00:23 2.1 97472 33
16:44:49:868381121 16:39:05 7.0 70 00:00:24 2.1 97472 33
16:44:52:880344258 16:39:05 7.0 70 00:00:24 2.1 97472 33
16:44:55:919602420 16:39:05 7.0 70 00:00:24 2.1 97472 33
16:44:58:937478402 16:39:05 7.0 70 00:00:24 2.1 97472 33
16:45:01:916992431 16:39:05 7.0 70 00:00:25 2.1 97472 33
16:45:04:944765321 16:39:05 7.0 70 00:00:25 2.1 97472 33
16:45:07:935127565 16:39:05 7.1 71 00:00:25 2.1 97472 33
16:45:10:983298558 16:39:05 7.1 71 00:00:25 2.1 97472 33
16:45:13:968971273 16:39:05 7.1 71 00:00:26 2.1 97472 33
16:45:16:936013773 16:39:05 7.1 71 00:00:26 2.1 97472 33
16:45:19:993768062 16:39:05 7.1 71 00:00:26 2.1 97472 33
16:45:22:986773217 16:39:05 7.1 71 00:00:27 2.1 97472 33
16:45:25:987327039 16:39:05 7.1 71 00:00:27 2.1 97472 33
16:45:28:973291646 16:39:05 7.2 72 00:00:27 2.1 97472 33
16:45:31:962312515 16:39:05 7.2 72 00:00:27 2.1 97472 33
16:45:34:988321277 16:39:05 7.2 72 00:00:28 2.1 97472 33
16:45:37:987649644 16:39:05 7.2 72 00:00:28 2.1 97472 33
16:45:40:988045713 16:39:05 7.2 72 00:00:28 2.1 97472 33
16:45:43:985816987 16:39:05 7.2 72 00:00:28 2.1 97472 33
16:45:47:040838317 16:39:05 7.2 72 00:00:29 2.1 97472 33
16:45:50:022497141 16:39:05 7.3 73 00:00:29 2.1 97472 33
16:45:53:052577166 16:39:05 7.2 72 00:00:29 2.1 97472 33
16:45:56:060159459 16:39:05 7.2 72 00:00:29 2.1 97472 33
16:45:59:040603159 16:39:05 7.2 72 00:00:29 2.1 97472 33
16:46:02:079299368 16:39:05 7.1 71 00:00:29 2.1 97472 33
16:46:05:076100304 16:39:05 7.1 71 00:00:30 2.1 97472 32
16:46:08:083817576 16:39:05 7.1 71 00:00:30 2.1 97472 32
16:46:11:103752977 16:39:05 7.1 71 00:00:30 2.1 97472 32
16:46:14:117462695 16:39:05 7.0 70 00:00:30 2.1 97472 32
16:46:17:111541949 16:39:05 7.0 70 00:00:30 2.1 97472 32
16:46:20:135966459 16:39:05 7.0 70 00:00:30 2.1 97472 32
16:46:23:127987220 16:39:05 6.9 69 00:00:30 2.1 97472 32
16:46:26:144985344 16:39:05 6.9 69 00:00:30 2.1 97472 32
16:46:29:144940297 16:39:05 6.8 68 00:00:30 2.1 97472 32
16:46:32:143332826 16:39:05 6.9 69 00:00:30 2.1 97472 32
16:46:35:151781996 16:39:05 6.8 68 00:00:30 2.1 97472 32
16:46:38:162789025 16:39:05 6.8 68 00:00:30 2.1 97472 32
16:46:41:153329551 16:39:05 6.8 68 00:00:31 2.1 97472 32
16:46:44:193129779 16:39:05 6.7 67 00:00:31 2.1 97472 32
16:46:47:186238159 16:39:05 6.7 67 00:00:31 2.1 97472 32
16:46:50:161608342 16:39:05 6.7 67 00:00:31 2.1 97472 32
16:46:53:199101477 16:39:05 6.6 66 00:00:31 2.1 97472 32
16:46:56:204653613 16:39:05 6.6 66 00:00:31 2.1 97472 32
16:46:59:210129374 16:39:05 6.6 66 00:00:31 2.1 97472 32
16:47:02:219741188 16:39:05 6.6 66 00:00:31 2.1 97472 32
16:47:05:222772727 16:39:05 6.5 65 00:00:31 2.1 97472 32
16:47:08:229763097 16:39:05 6.5 65 00:00:31 2.1 97472 32
16:47:11:257706565 16:39:05 6.5 65 00:00:31 2.1 97472 32
16:47:14:243326549 16:39:05 6.5 65 00:00:31 2.1 97472 32
16:47:17:253739529 16:39:05 6.4 64 00:00:31 2.1 97472 32
16:47:20:256240030 16:39:05 6.4 64 00:00:31 2.1 97472 32
16:47:23:269296908 16:39:05 6.4 64 00:00:31 2.1 97472 32
16:47:26:275873357 16:39:05 6.3 63 00:00:31 2.1 97472 32
16:47:29:282506487 16:39:05 6.3 63 00:00:31 2.1 97472 32
16:47:32:280218355 16:39:05 6.3 63 00:00:32 2.1 97472 32
16:47:35:294213249 16:39:05 6.3 63 00:00:32 2.1 97472 32
16:47:38:310108776 16:39:05 6.2 62 00:00:32 2.1 97472 32
16:47:41:285438754 16:39:05 6.2 62 00:00:32 2.1 97472 32
16:47:44:321905371 16:39:05 6.2 62 00:00:32 2.1 97472 32
16:47:47:322759133 16:39:05 6.2 62 00:00:32 2.1 97472 32
16:47:50:332968587 16:39:05 6.1 61 00:00:32 2.1 97472 32
16:47:53:340091420 16:39:05 6.1 61 00:00:32 2.1 97472 32
16:47:56:354636677 16:39:05 6.1 61 00:00:32 2.1 97472 32
16:47:59:352981540 16:39:05 6.1 61 00:00:32 2.1 97472 32
16:48:02:337286849 16:39:05 6.1 61 00:00:32 2.1 97472 32
16:48:05:359744770 16:39:05 6.1 61 00:00:32 2.1 97472 32
16:48:08:371977861 16:39:05 6.0 60 00:00:32 2.1 97472 32
16:48:11:379369823 16:39:05 6.0 60 00:00:32 2.1 97472 32
16:48:14:378790127 16:39:05 6.0 60 00:00:33 2.1 97472 32
16:48:17:388429410 16:39:05 6.0 60 00:00:33 2.1 97472 32
16:48:20:397095859 16:39:05 5.9 59 00:00:33 2.1 97472 32
16:48:23:413980048 16:39:05 5.9 59 00:00:33 2.1 97472 32
16:48:26:407454386 16:39:05 5.9 59 00:00:33 2.1 97472 32
16:48:29:422339039 16:39:05 5.9 59 00:00:33 2.1 97472 32
16:48:32:430209486 16:39:05 5.9 59 00:00:33 2.1 97472 32
16:48:35:435590656 16:39:05 5.9 59 00:00:33 2.1 97472 32
16:48:38:446526399 16:39:05 5.8 58 00:00:33 2.1 97472 32
16:48:41:454578419 16:39:05 5.8 58 00:00:33 2.1 97472 32
16:48:44:439688967 16:39:05 5.8 58 00:00:33 2.1 97472 32
16:48:47:466922304 16:39:05 5.8 58 00:00:33 2.1 97472 32
16:48:50:473677975 16:39:05 5.7 57 00:00:33 2.1 97472 32
16:48:53:448841170 16:39:05 5.8 58 00:00:34 2.1 97472 32
16:48:56:487769705 16:39:05 5.7 57 00:00:34 2.1 97472 32
16:48:59:486822625 16:39:05 5.7 57 00:00:34 2.1 97472 32
16:49:02:497321458 16:39:05 5.7 57 00:00:34 2.1 97472 32
16:49:05:503316705 16:39:05 5.7 57 00:00:34 2.1 97472 32
16:49:08:517341716 16:39:05 5.7 57 00:00:34 2.1 97472 32
16:49:11:521734558 16:39:05 5.6 56 00:00:34 2.1 97472 32
16:49:14:522845693 16:39:05 5.6 56 00:00:34 2.1 97472 32
16:49:17:538721785 16:39:05 5.6 56 00:00:34 2.1 97472 32
16:49:20:543641074 16:39:05 5.6 56 00:00:34 2.1 97472 32
16:49:23:581397246 16:39:05 5.6 56 00:00:34 2.1 97472 32
16:49:26:592669552 16:39:05 5.6 56 00:00:34 2.1 97472 32
16:49:29:600263906 16:39:05 5.5 55 00:00:34 2.1 97472 32
16:49:32:604788051 16:39:05 5.5 55 00:00:34 2.1 97472 32
16:49:35:602404664 16:39:05 5.5 55 00:00:35 2.1 97472 32
16:49:38:623220797 16:39:05 5.5 55 00:00:35 2.1 97472 32
16:49:41:625926810 16:39:05 5.5 55 00:00:35 2.1 97472 32
16:49:44:609982884 16:39:05 5.5 55 00:00:35 2.1 97472 32
16:49:47:644022059 16:39:05 5.5 55 00:00:35 2.1 97472 32
16:49:50:664385947 16:39:05 5.4 54 00:00:35 2.1 97472 32
16:49:53:657566492 16:39:05 5.4 54 00:00:35 2.1 97472 32
16:49:56:655211943 16:39:05 5.4 54 00:00:35 2.1 97472 32
16:49:59:671068663 16:39:05 5.4 54 00:00:35 2.1 97472 32
16:50:02:678114219 16:39:05 5.4 54 00:00:35 2.1 97472 32
16:50:05:682755794 16:39:05 5.4 54 00:00:35 2.1 97472 32
16:50:08:692540283 16:39:05 5.3 53 00:00:35 2.1 97472 32
16:50:11:696497108 16:39:05 5.3 53 00:00:35 2.1 97472 32
16:50:14:697966764 16:39:05 5.3 53 00:00:35 2.1 97472 32
16:50:17:703745028 16:39:05 5.3 53 00:00:35 2.1 97472 32
16:50:20:715824055 16:39:05 5.3 53 00:00:35 2.1 97472 32
16:50:23:735749495 16:39:05 5.3 53 00:00:35 2.1 97472 32
16:50:26:715764039 16:39:05 5.3 53 00:00:36 2.1 97472 32
16:50:29:733065936 16:39:05 5.3 53 00:00:36 2.1 97472 32
16:50:32:742475456 16:39:05 5.2 52 00:00:36 2.1 97472 32
16:50:35:720140756 16:39:05 5.2 52 00:00:36 2.1 97472 32
16:50:38:756532648 16:39:05 5.2 52 00:00:36 2.1 97472 32
16:50:41:762327203 16:39:05 5.2 52 00:00:36 2.1 97472 32
16:50:44:770670044 16:39:05 5.2 52 00:00:36 2.1 97472 32
16:50:47:771112350 16:39:05 5.2 52 00:00:36 2.1 97472 32
16:50:50:779841750 16:39:05 5.2 52 00:00:36 1.9 90697 27
16:50:53:804327094 16:39:05 5.1 51 00:00:36 1.9 90697 27
16:50:56:806833699 16:39:05 5.1 51 00:00:36 1.9 90697 26
16:50:59:807426538 16:39:05 5.1 51 00:00:36 1.9 90697 26
16:51:02:819152368 16:39:05 5.1 51 00:00:36 1.9 90697 26
16:51:05:832943102 16:39:05 5.1 51 00:00:36 1.9 90697 26
16:51:08:846124660 16:39:05 5.0 50 00:00:36 1.9 90697 26
16:51:11:851871335 16:39:05 5.0 50 00:00:36 1.9 90697 26
16:51:14:850622357 16:39:05 5.0 50 00:00:36 1.9 90697 26
16:51:17:862748910 16:39:05 5.0 50 00:00:36 1.9 90697 26
16:51:20:876005584 16:39:05 5.0 50 00:00:36 1.9 90697 26
16:51:23:885483975 16:39:05 4.9 49 00:00:36 1.9 90697 26
16:51:26:891315685 16:39:05 4.9 49 00:00:36 1.9 90697 26
16:51:29:896520159 16:39:05 4.9 49 00:00:36 1.9 90697 26
16:51:32:925737783 16:39:05 4.9 49 00:00:36 1.9 90697 26
16:51:35:930046958 16:39:05 4.9 49 00:00:36 1.9 90697 26
16:51:38:950090983 16:39:05 4.8 48 00:00:36 1.9 90697 26
16:51:41:949975599 16:39:05 4.8 48 00:00:36 1.9 90697 26
16:51:44:952383200 16:39:05 4.8 48 00:00:36 1.9 90697 26
16:51:47:954241261 16:39:05 4.8 48 00:00:36 1.9 90697 26
16:51:50:966496533 16:39:05 4.8 48 00:00:36 1.9 90697 26
16:51:53:978678621 16:39:05 4.7 47 00:00:36 1.9 90697 26
16:51:56:988363802 16:39:05 4.7 47 00:00:36 1.9 90697 26
16:51:59:995982987 16:39:05 4.7 47 00:00:36 1.9 90697 26
16:52:02:996475377 16:39:05 4.7 47 00:00:36 1.9 90697 26
16:52:06:004999038 16:39:05 4.7 47 00:00:36 1.9 90697 26
