13:21:59 1000 3219 2.07 0.79 0.00 0.00 2.86 1 41.33 0.00 387376 77324 1.93 0.00 199.95 0.00 72 29 18 smartDeviceLinkCore
13:22:02 1000 3219 2.07 0.79 0.00 0.00 2.86 1 41.30 0.00 387376 77324 1.93 0.00 199.80 0.00 72 29 18 smartDeviceLinkCore
13:22:05 1000 3219 2.07 0.79 0.00 0.00 2.86 1 41.27 0.00 387376 77324 1.93 0.00 199.64 0.00 72 29 18 smartDeviceLinkCore
13:22:08 1000 3219 2.07 0.79 0.00 0.00 2.85 1 41.24 0.00 387376 77324 1.93 0.00 199.49 0.00 72 29 18 smartDeviceLinkCore
13:22:11 1000 3219 2.06 0.79 0.00 0.00 2.85 1 41.21 0.00 387376 77324 1.93 0.00 199.33 0.00 72 29 18 smartDeviceLinkCore
13:22:14 1000 3219 2.06 0.79 0.00 0.00 2.85 1 41.17 0.00 387376 77324 1.93 0.00 199.18 0.00 72 29 18 smartDeviceLinkCore
13:22:17 1000 3219 2.06 0.79 0.00 0.00 2.85 1 41.14 0.00 387376 77324 1.93 0.00 199.02 0.00 72 29 18 smartDeviceLinkCore
13:22:20 1000 3219 2.06 0.79 0.00 0.00 2.85 1 41.11 0.00 387376 77324 1.93 0.00 198.87 0.00 72 29 18 smartDeviceLinkCore
13:22:23 1000 3219 2.06 0.79 0.00 0.00 2.85 1 41.08 0.00 387376 77324 1.93 0.00 198.71 0.00 72 29 18 smartDeviceLinkCore
13:22:26 1000 3219 2.06 0.79 0.00 0.00 2.84 1 41.05 0.00 387376 77324 1.93 0.00 198.56 0.00 72 29 18 smartDeviceLinkCore
13:22:29 1000 3219 2.06 0.79 0.00 0.00 2.84 1 41.01 0.00 387376 77324 1.93 0.00 198.41 0.00 72 29 18 smartDeviceLinkCore
13:22:32 1000 3219 2.05 0.79 0.00 0.00 2.84 1 40.98 0.00 387376 77324 1.93 0.00 198.25 0.00 72 29 18 smartDeviceLinkCore
13:22:35 1000 3219 2.05 0.78 0.00 0.00 2.84 1 40.95 0.00 387376 77324 1.93 0.00 198.10 0.00 72 29 18 smartDeviceLinkCore
13:22:38 1000 3219 2.05 0.78 0.00 0.00 2.84 1 40.92 0.00 387376 77324 1.93 0.00 197.95 0.00 72 29 18 smartDeviceLinkCore
13:22:41 1000 3219 2.05 0.78 0.00 0.00 2.83 1 40.89 0.00 387376 77324 1.93 0.00 197.79 0.00 72 29 18 smartDeviceLinkCore
13:22:44 1000 3219 2.05 0.78 0.00 0.00 2.83 1 40.86 0.00 387376 77324 1.93 0.00 197.64 0.00 72 29 18 smartDeviceLinkCore
13:22:47 1000 3219 2.05 0.78 0.00 0.00 2.83 1 40.83 0.00 387376 77324 1.93 0.00 197.49 0.00 72 29 18 smartDeviceLinkCore
13:22:50 1000 3219 2.05 0.78 0.00 0.00 2.83 1 40.79 0.00 387376 77324 1.93 0.00 197.34 0.00 72 29 18 smartDeviceLinkCore
13:22:53 1000 3219 2.04 0.78 0.00 0.00 2.83 1 40.76 0.00 387376 77324 1.93 0.00 197.19 0.00 72 29 18 smartDeviceLinkCore
13:22:56 1000 3219 2.04 0.78 0.00 0.00 2.82 1 40.73 0.00 387376 77324 1.93 0.00 197.04 0.00 72 29 18 smartDeviceLinkCore
13:22:59 1000 3219 2.04 0.78 0.00 0.00 2.82 1 40.70 0.00 387376 77324 1.93 0.00 196.88 0.00 72 29 18 smartDeviceLinkCore
13:23:02 1000 3219 2.04 0.78 0.00 0.00 2.82 1 40.67 0.00 387376 77324 1.93 0.00 196.73 0.00 72 29 18 smartDeviceLinkCore
13:23:05 1000 3219 2.04 0.78 0.00 0.00 2.82 1 40.64 0.00 387376 77324 1.93 0.00 196.58 0.00 72 29 18 smartDeviceLinkCore
13:23:08 1000 3219 2.04 0.78 0.00 0.00 2.82 1 40.61 0.00 387376 77324 1.93 0.00 196.43 0.00 72 29 18 smartDeviceLinkCore
