13:21:59:499066853 12:36:36 4.0 40 00:01:50 1.9 96844 29
13:22:02:417324881 12:36:36 4.0 40 00:01:50 1.9 96844 29
13:22:05:418360789 12:36:36 4.0 40 00:01:50 1.9 96844 29
13:22:08:417105808 12:36:36 4.0 40 00:01:50 1.9 96844 29
13:22:11:435888541 12:36:36 4.0 40 00:01:50 1.9 96844 29
13:22:14:441664408 12:36:36 4.0 40 00:01:50 1.9 96844 29
13:22:17:452582995 12:36:36 4.0 40 00:01:50 1.9 96844 29
13:22:20:463517487 12:36:36 4.0 40 00:01:50 1.9 96844 29
13:22:23:476416659 12:36:36 4.0 40 00:01:50 1.9 96844 29
13:22:26:479035514 12:36:36 4.0 40 00:01:50 1.9 96844 29
13:22:29:492285152 12:36:36 4.0 40 00:01:50 1.9 96844 29
13:22:32:498031542 12:36:36 4.0 40 00:01:50 1.9 96844 29
13:22:35:522452205 12:36:36 4.0 40 00:01:50 1.9 96844 29
13:22:38:545113916 12:36:36 4.0 40 00:01:50 1.9 96844 29
13:22:41:540720689 12:36:36 4.0 40 00:01:50 1.9 96844 29
13:22:44:538718272 12:36:36 4.0 40 00:01:50 1.9 96844 29
13:22:47:548272850 12:36:36 3.9 39 00:01:50 1.9 96844 29
13:22:50:564535953 12:36:36 3.9 39 00:01:50 1.9 96844 29
13:22:53:571301058 12:36:36 3.9 39 00:01:50 1.9 96844 29
13:22:56:586540448 12:36:36 3.9 39 00:01:50 1.9 96844 29
13:22:59:586664329 12:36:36 3.9 39 00:01:50 1.9 96844 29
13:23:02:599020875 12:36:36 3.9 39 00:01:50 1.9 96844 29
13:23:05:607914719 12:36:36 3.9 39 00:01:50 1.9 96844 29
13:23:08:619068096 12:36:36 3.9 39 00:01:50 1.9 96844 29
