11:45:46 1000 17610 0.00 0.00 0.00 0.00 0.00 1 0.12 0.00 61160 15868 0.40 0.00 0.00 0.00 0 1 6 smartDeviceLinkCore
11:45:49 1000 17610 0.01 0.00 0.00 0.00 0.02 1 0.95 0.00 332516 81656 2.04 0.00 0.39 0.00 36 26 25 smartDeviceLinkCore
11:45:52 1000 17610 0.01 0.00 0.00 0.00 0.02 1 0.95 0.00 332516 81656 2.04 0.00 0.39 0.00 36 26 25 smartDeviceLinkCore
11:45:55 1000 17610 0.03 0.01 0.00 0.00 0.04 1 1.11 0.00 398084 83412 2.09 0.01 1.01 0.00 36 34 30 smartDeviceLinkCore
11:45:58 1000 17610 0.04 0.01 0.00 0.00 0.05 1 1.26 0.00 414476 84020 2.10 0.01 1.81 0.00 36 36 30 smartDeviceLinkCore
11:46:01 1000 17610 0.04 0.01 0.00 0.00 0.05 1 1.27 0.00 414476 84020 2.10 0.01 1.95 0.00 36 36 29 smartDeviceLinkCore
11:46:04 1000 17610 0.04 0.01 0.00 0.00 0.05 1 1.27 0.00 414476 84020 2.10 0.01 1.95 0.00 36 36 29 smartDeviceLinkCore
11:46:07 1000 17610 0.04 0.01 0.00 0.00 0.05 1 1.27 0.00 414476 84020 2.10 0.01 1.95 0.00 36 36 29 smartDeviceLinkCore
11:46:10 1000 17610 0.05 0.01 0.00 0.00 0.06 1 1.44 0.00 406280 84056 2.10 0.01 2.64 0.00 36 31 29 smartDeviceLinkCore
11:46:13 1000 17610 0.05 0.01 0.00 0.00 0.06 1 1.44 0.00 406280 84056 2.10 0.01 2.64 0.00 36 31 29 smartDeviceLinkCore
11:46:16 1000 17610 0.05 0.01 0.00 0.00 0.06 1 1.43 0.00 406280 84056 2.10 0.01 2.64 0.00 36 31 29 smartDeviceLinkCore
11:46:19 1000 17610 0.06 0.01 0.00 0.00 0.07 1 1.55 0.00 406280 84068 2.10 0.01 3.06 0.00 36 31 30 smartDeviceLinkCore
11:46:22 1000 17610 0.06 0.01 0.00 0.00 0.07 1 1.56 0.00 406280 84076 2.10 0.01 3.10 0.00 36 31 29 smartDeviceLinkCore
11:46:25 1000 17610 0.06 0.01 0.00 0.00 0.07 1 1.55 0.00 406280 84076 2.10 0.01 3.09 0.00 36 31 29 smartDeviceLinkCore
11:46:28 1000 17610 0.06 0.01 0.00 0.00 0.07 1 1.55 0.00 406280 84076 2.10 0.01 3.09 0.00 36 31 29 smartDeviceLinkCore
11:46:31 1000 17610 0.06 0.01 0.00 0.00 0.07 1 1.68 0.00 406280 84108 2.10 0.01 3.55 0.00 36 31 29 smartDeviceLinkCore
11:46:34 1000 17610 0.06 0.01 0.00 0.00 0.07 1 1.67 0.00 406280 84108 2.10 0.01 3.55 0.00 36 31 29 smartDeviceLinkCore
11:46:37 1000 17610 0.06 0.01 0.00 0.00 0.07 1 1.67 0.00 406280 84108 2.10 0.01 3.55 0.00 36 31 29 smartDeviceLinkCore
11:46:40 1000 17610 0.06 0.01 0.00 0.00 0.08 1 1.79 0.00 406280 84160 2.10 0.01 4.00 0.00 36 31 29 smartDeviceLinkCore
11:46:43 1000 17610 0.06 0.01 0.00 0.00 0.08 1 1.80 0.00 406280 84160 2.10 0.01 4.00 0.00 36 31 29 smartDeviceLinkCore
11:46:46 1000 17610 0.06 0.01 0.00 0.00 0.08 1 1.79 0.00 406280 84160 2.10 0.01 4.00 0.00 36 31 29 smartDeviceLinkCore
11:46:49 1000 17610 0.07 0.01 0.00 0.00 0.08 1 1.91 0.00 406280 84160 2.10 0.01 4.09 0.00 36 31 30 smartDeviceLinkCore
11:46:52 1000 17610 0.07 0.02 0.00 0.00 0.08 1 1.92 0.00 406280 84160 2.10 0.01 4.45 0.00 36 31 29 smartDeviceLinkCore
11:46:55 1000 17610 0.07 0.02 0.00 0.00 0.08 1 1.91 0.00 406280 84160 2.10 0.01 4.45 0.00 36 31 29 smartDeviceLinkCore
11:46:58 1000 17610 0.07 0.02 0.00 0.00 0.08 1 1.91 0.00 406280 84160 2.10 0.01 4.44 0.00 36 31 29 smartDeviceLinkCore
11:47:01 1000 17610 0.07 0.02 0.00 0.00 0.09 1 2.04 0.00 406280 84160 2.10 0.01 4.90 0.00 36 31 29 smartDeviceLinkCore
11:47:04 1000 17610 0.07 0.02 0.00 0.00 0.09 1 2.04 0.00 406280 84160 2.10 0.01 4.90 0.00 36 31 29 smartDeviceLinkCore
11:47:07 1000 17610 0.07 0.02 0.00 0.00 0.09 1 2.03 0.00 406280 84160 2.10 0.01 4.89 0.00 36 31 29 smartDeviceLinkCore
11:47:10 1000 17610 0.08 0.02 0.00 0.00 0.10 1 2.15 0.00 406280 84160 2.10 0.01 5.31 0.00 36 31 31 smartDeviceLinkCore
11:47:13 1000 17610 0.08 0.02 0.00 0.00 0.10 1 2.15 0.00 406280 84160 2.10 0.01 5.34 0.00 36 31 29 smartDeviceLinkCore
11:47:16 1000 17610 0.08 0.02 0.00 0.00 0.10 1 2.15 0.00 406280 84160 2.10 0.01 5.34 0.00 36 31 29 smartDeviceLinkCore
11:47:19 1000 17610 0.08 0.02 0.00 0.00 0.10 1 2.15 0.00 406280 84160 2.10 0.01 5.33 0.00 36 31 29 smartDeviceLinkCore
11:47:22 1000 17610 0.08 0.02 0.00 0.00 0.10 1 2.27 0.00 406280 84160 2.10 0.01 5.79 0.00 36 31 29 smartDeviceLinkCore
11:47:25 1000 17610 0.08 0.02 0.00 0.00 0.10 1 2.27 0.00 406280 84160 2.10 0.01 5.78 0.00 36 31 29 smartDeviceLinkCore
11:47:28 1000 17610 0.08 0.02 0.00 0.00 0.10 1 2.27 0.00 406280 84160 2.10 0.01 5.78 0.00 36 31 29 smartDeviceLinkCore
11:47:31 1000 17610 0.09 0.02 0.00 0.00 0.11 1 2.38 0.00 406280 84160 2.10 0.01 6.23 0.00 36 31 29 smartDeviceLinkCore
11:47:34 1000 17610 0.09 0.02 0.00 0.00 0.11 1 2.39 0.00 406280 84160 2.10 0.01 6.22 0.00 36 31 29 smartDeviceLinkCore
11:47:37 1000 17610 0.09 0.02 0.00 0.00 0.11 1 2.39 0.00 406280 84160 2.10 0.01 6.22 0.00 36 31 29 smartDeviceLinkCore
11:47:40 1000 17610 0.09 0.02 0.00 0.00 0.11 1 2.50 0.00 406280 84160 2.10 0.01 6.31 0.00 36 31 30 smartDeviceLinkCore
11:47:43 1000 17610 0.09 0.02 0.00 0.00 0.11 1 2.50 0.00 406280 84160 2.10 0.01 6.67 0.00 36 31 29 smartDeviceLinkCore
11:47:46 1000 17610 0.09 0.02 0.00 0.00 0.11 1 2.50 0.00 406280 84160 2.10 0.01 6.66 0.00 36 31 29 smartDeviceLinkCore
11:47:49 1000 17610 0.09 0.02 0.00 0.00 0.11 1 2.50 0.00 406280 84160 2.10 0.01 6.66 0.00 36 31 29 smartDeviceLinkCore
11:47:52 1000 17610 0.10 0.02 0.00 0.00 0.12 1 2.61 0.00 406280 84160 2.10 0.01 7.10 0.00 36 31 29 smartDeviceLinkCore
11:47:55 1000 17610 0.10 0.02 0.00 0.00 0.12 1 2.62 0.00 406280 84160 2.10 0.01 7.10 0.00 36 31 29 smartDeviceLinkCore
11:47:58 1000 17610 0.10 0.02 0.00 0.00 0.12 1 2.62 0.00 406280 84160 2.10 0.01 7.09 0.00 36 31 29 smartDeviceLinkCore
11:48:01 1000 17610 0.10 0.02 0.00 0.00 0.12 1 2.73 0.00 406280 84160 2.10 0.01 7.29 0.00 36 31 30 smartDeviceLinkCore
11:48:04 1000 17610 0.10 0.02 0.00 0.00 0.13 1 2.73 0.00 406280 84160 2.10 0.01 7.54 0.00 36 31 29 smartDeviceLinkCore
11:48:07 1000 17610 0.10 0.02 0.00 0.00 0.13 1 2.73 0.00 406280 84160 2.10 0.01 7.53 0.00 36 31 29 smartDeviceLinkCore
11:48:10 1000 17610 0.10 0.02 0.00 0.00 0.13 1 2.73 0.00 406280 84160 2.10 0.01 7.52 0.00 36 31 29 smartDeviceLinkCore
11:48:13 1000 17610 0.11 0.02 0.00 0.00 0.13 1 2.85 0.00 406280 84160 2.10 0.01 7.97 0.00 36 31 29 smartDeviceLinkCore
11:48:16 1000 17610 0.11 0.02 0.00 0.00 0.13 1 2.85 0.00 406280 84160 2.10 0.01 7.96 0.00 36 31 29 smartDeviceLinkCore
11:48:19 1000 17610 0.11 0.02 0.00 0.00 0.13 1 2.85 0.00 406280 84160 2.10 0.01 7.96 0.00 36 31 29 smartDeviceLinkCore
11:48:22 1000 17610 0.11 0.03 0.00 0.00 0.14 1 2.96 0.00 406280 84160 2.10 0.01 8.40 0.00 36 31 30 smartDeviceLinkCore
11:48:25 1000 17610 0.11 0.03 0.00 0.00 0.14 1 2.96 0.00 406280 84160 2.10 0.01 8.40 0.00 36 31 29 smartDeviceLinkCore
11:48:28 1000 17610 0.11 0.03 0.00 0.00 0.14 1 2.96 0.00 406280 84160 2.10 0.01 8.39 0.00 36 31 29 smartDeviceLinkCore
11:48:31 1000 17610 0.11 0.03 0.00 0.00 0.14 1 2.96 0.00 406280 84160 2.10 0.01 8.39 0.00 36 31 29 smartDeviceLinkCore
11:48:34 1000 17610 0.12 0.03 0.00 0.00 0.14 1 3.08 0.00 406280 84160 2.10 0.01 8.83 0.00 36 31 29 smartDeviceLinkCore
11:48:37 1000 17610 0.12 0.03 0.00 0.00 0.14 1 3.07 0.00 406280 84160 2.10 0.01 8.82 0.00 36 31 29 smartDeviceLinkCore
11:48:40 1000 17610 0.12 0.03 0.00 0.00 0.14 1 3.07 0.00 406280 84160 2.10 0.01 8.82 0.00 36 31 29 smartDeviceLinkCore
11:48:43 1000 17610 0.12 0.03 0.00 0.00 0.15 1 3.18 0.00 406280 84160 2.10 0.01 9.26 0.00 36 31 29 smartDeviceLinkCore
11:48:46 1000 17610 0.12 0.03 0.00 0.00 0.15 1 3.19 0.00 406280 84160 2.10 0.01 9.25 0.00 36 31 29 smartDeviceLinkCore
11:48:49 1000 17610 0.12 0.03 0.00 0.00 0.15 1 3.19 0.00 406280 84388 2.11 0.01 9.24 0.00 36 31 29 smartDeviceLinkCore
11:48:52 1000 17610 0.12 0.03 0.00 0.00 0.15 1 3.29 0.00 406280 84388 2.11 0.01 9.43 0.00 36 31 30 smartDeviceLinkCore
11:48:55 1000 17610 0.13 0.03 0.00 0.00 0.16 1 3.30 0.00 406280 84388 2.11 0.01 9.68 0.00 36 31 29 smartDeviceLinkCore
11:48:58 1000 17610 0.13 0.03 0.00 0.00 0.16 1 3.30 0.00 406280 84388 2.11 0.01 9.67 0.00 36 31 29 smartDeviceLinkCore
11:49:01 1000 17610 0.13 0.03 0.00 0.00 0.16 1 3.29 0.00 406280 84388 2.11 0.01 9.66 0.00 36 31 29 smartDeviceLinkCore
11:49:04 1000 17610 0.13 0.03 0.00 0.00 0.16 1 3.41 0.00 406280 84388 2.11 0.01 10.10 0.00 36 31 29 smartDeviceLinkCore
11:49:07 1000 17610 0.13 0.03 0.00 0.00 0.16 1 3.41 0.00 406280 84388 2.11 0.01 10.10 0.00 36 31 29 smartDeviceLinkCore
11:49:10 1000 17610 0.13 0.03 0.00 0.00 0.16 1 3.41 0.00 406280 84388 2.11 0.01 10.09 0.00 36 31 29 smartDeviceLinkCore
11:49:13 1000 17610 0.14 0.03 0.00 0.00 0.17 1 3.51 0.00 406280 84388 2.11 0.01 10.50 0.00 36 31 30 smartDeviceLinkCore
11:49:16 1000 17610 0.14 0.03 0.00 0.00 0.17 1 3.52 0.00 406280 84388 2.11 0.01 10.52 0.00 36 31 29 smartDeviceLinkCore
11:49:19 1000 17610 0.14 0.03 0.00 0.00 0.17 1 3.52 0.00 406280 84388 2.11 0.01 10.51 0.00 36 31 29 smartDeviceLinkCore
11:49:22 1000 17610 0.14 0.03 0.00 0.00 0.17 1 3.52 0.00 406280 84388 2.11 0.01 10.50 0.00 36 31 29 smartDeviceLinkCore
11:49:26 1000 17610 0.14 0.03 0.00 0.00 0.17 1 3.63 0.00 406280 84388 2.11 0.01 10.94 0.00 36 31 29 smartDeviceLinkCore
11:49:29 1000 17610 0.14 0.03 0.00 0.00 0.17 1 3.63 0.00 406280 84388 2.11 0.01 10.93 0.00 36 31 29 smartDeviceLinkCore
11:49:32 1000 17610 0.14 0.03 0.00 0.00 0.17 1 3.63 0.00 406280 84388 2.11 0.01 10.92 0.00 36 31 29 smartDeviceLinkCore
11:49:35 1000 17610 0.14 0.03 0.00 0.00 0.18 1 3.74 0.00 406280 84388 2.11 0.01 11.36 0.00 36 31 29 smartDeviceLinkCore
11:49:38 1000 17610 0.14 0.03 0.00 0.00 0.18 1 3.74 0.00 406280 84388 2.11 0.01 11.35 0.00 36 31 29 smartDeviceLinkCore
11:49:41 1000 17610 0.14 0.03 0.00 0.00 0.18 1 3.74 0.00 406280 84388 2.11 0.01 11.34 0.00 36 31 29 smartDeviceLinkCore
11:49:44 1000 17610 0.15 0.03 0.00 0.00 0.18 1 3.85 0.00 406280 84388 2.11 0.01 11.52 0.00 36 31 31 smartDeviceLinkCore
11:49:47 1000 17610 0.15 0.04 0.00 0.00 0.18 1 3.85 0.00 406280 84388 2.11 0.01 11.77 0.00 36 31 29 smartDeviceLinkCore
11:49:50 1000 17610 0.15 0.04 0.00 0.00 0.18 1 3.85 0.00 406280 84388 2.11 0.01 11.76 0.00 36 31 29 smartDeviceLinkCore
11:49:53 1000 17610 0.15 0.04 0.00 0.00 0.18 1 3.85 0.00 406280 84388 2.11 0.01 11.75 0.00 36 31 29 smartDeviceLinkCore
11:49:56 1000 17610 0.15 0.04 0.00 0.00 0.19 1 3.96 0.00 406280 84388 2.11 0.01 12.18 0.00 36 31 29 smartDeviceLinkCore
11:49:59 1000 17610 0.15 0.04 0.00 0.00 0.19 1 3.96 0.00 406280 84388 2.11 0.01 12.18 0.00 36 31 29 smartDeviceLinkCore
11:50:02 1000 17610 0.15 0.04 0.00 0.00 0.19 1 3.95 0.00 406280 84388 2.11 0.01 12.17 0.00 36 31 29 smartDeviceLinkCore
11:50:05 1000 17610 0.16 0.04 0.00 0.00 0.19 1 4.06 0.00 406280 84388 2.11 0.01 12.56 0.00 36 31 30 smartDeviceLinkCore
11:50:08 1000 17610 0.16 0.04 0.00 0.00 0.19 1 4.07 0.00 406280 84388 2.11 0.01 12.59 0.00 36 31 29 smartDeviceLinkCore
11:50:11 1000 17610 0.16 0.04 0.00 0.00 0.19 1 4.07 0.00 406280 84388 2.11 0.01 12.58 0.00 36 31 29 smartDeviceLinkCore
11:50:14 1000 17610 0.16 0.04 0.00 0.00 0.19 1 4.06 0.00 406280 84388 2.11 0.01 12.57 0.00 36 31 29 smartDeviceLinkCore
11:50:17 1000 17610 0.16 0.04 0.00 0.00 0.20 1 4.18 0.00 406280 84388 2.11 0.01 13.00 0.00 36 31 29 smartDeviceLinkCore
11:50:20 1000 17610 0.16 0.04 0.00 0.00 0.20 1 4.18 0.00 406280 84388 2.11 0.01 12.99 0.00 36 31 29 smartDeviceLinkCore
11:50:23 1000 17610 0.16 0.04 0.00 0.00 0.20 1 4.17 0.00 406280 84388 2.11 0.01 12.98 0.00 36 31 29 smartDeviceLinkCore
11:50:26 1000 17610 0.17 0.04 0.00 0.00 0.21 1 4.28 0.00 406280 84388 2.11 0.01 13.41 0.00 36 31 29 smartDeviceLinkCore
11:50:29 1000 17610 0.17 0.04 0.00 0.00 0.21 1 4.29 0.00 406280 84388 2.11 0.01 13.40 0.00 36 31 29 smartDeviceLinkCore
11:50:32 1000 17610 0.17 0.04 0.00 0.00 0.21 1 4.28 0.00 406280 84388 2.11 0.01 13.39 0.00 36 31 29 smartDeviceLinkCore
11:50:35 1000 17610 0.17 0.04 0.00 0.00 0.21 1 4.39 0.00 406280 84388 2.11 0.01 13.47 0.00 36 31 30 smartDeviceLinkCore
11:50:38 1000 17610 0.17 0.04 0.00 0.00 0.21 1 4.39 0.00 406280 84388 2.11 0.01 13.81 0.00 36 31 29 smartDeviceLinkCore
11:50:41 1000 17610 0.17 0.04 0.00 0.00 0.21 1 4.39 0.00 406280 84388 2.11 0.01 13.80 0.00 36 31 29 smartDeviceLinkCore
11:50:44 1000 17610 0.17 0.04 0.00 0.00 0.21 1 4.39 0.00 406280 84388 2.11 0.01 13.79 0.00 36 31 29 smartDeviceLinkCore
11:50:47 1000 17610 0.17 0.04 0.00 0.00 0.22 1 4.50 0.00 406280 84396 2.11 0.01 14.22 0.00 36 31 29 smartDeviceLinkCore
11:50:50 1000 17610 0.17 0.04 0.00 0.00 0.22 1 4.50 0.00 406280 84396 2.11 0.01 14.21 0.00 36 31 29 smartDeviceLinkCore
11:50:53 1000 17610 0.17 0.04 0.00 0.00 0.22 1 4.50 0.00 406280 84396 2.11 0.01 14.20 0.00 36 31 29 smartDeviceLinkCore
11:50:56 1000 17610 0.18 0.04 0.00 0.00 0.22 1 4.60 0.00 406280 84396 2.11 0.01 14.38 0.00 36 31 30 smartDeviceLinkCore
11:50:59 1000 17610 0.18 0.04 0.00 0.00 0.22 1 4.69 0.00 354592 77024 1.93 0.01 14.62 0.00 36 26 19 smartDeviceLinkCore
11:51:02 1000 17610 0.18 0.04 0.00 0.00 0.22 1 4.68 0.00 354592 77024 1.93 0.01 14.61 0.00 36 26 18 smartDeviceLinkCore
11:51:05 1000 17610 0.18 0.04 0.00 0.00 0.22 1 4.68 0.00 354592 77024 1.93 0.01 14.60 0.00 36 26 18 smartDeviceLinkCore
11:51:08 1000 17610 0.18 0.04 0.00 0.00 0.22 1 4.68 0.00 354592 77024 1.93 0.01 14.59 0.00 36 25 18 smartDeviceLinkCore
11:51:11 1000 17610 0.18 0.04 0.00 0.00 0.22 1 4.67 0.00 354592 77024 1.93 0.01 14.58 0.00 36 25 18 smartDeviceLinkCore
11:51:14 1000 17610 0.18 0.04 0.00 0.00 0.22 1 4.67 0.00 354592 77024 1.93 0.01 14.57 0.00 36 25 18 smartDeviceLinkCore
11:51:17 1000 17610 0.18 0.04 0.00 0.00 0.22 1 4.67 0.00 354592 77024 1.93 0.01 14.56 0.00 36 25 18 smartDeviceLinkCore
11:51:20 1000 17610 0.18 0.04 0.00 0.00 0.22 1 4.66 0.00 354592 77024 1.93 0.01 14.55 0.00 36 25 18 smartDeviceLinkCore
11:51:23 1000 17610 0.18 0.04 0.00 0.00 0.22 1 4.66 0.00 354592 77024 1.93 0.01 14.54 0.00 36 25 18 smartDeviceLinkCore
11:51:26 1000 17610 0.18 0.04 0.00 0.00 0.22 1 4.66 0.00 354592 77024 1.93 0.01 14.53 0.00 36 25 18 smartDeviceLinkCore
11:51:29 1000 17610 0.18 0.04 0.00 0.00 0.22 1 4.66 0.00 354592 77024 1.93 0.01 14.52 0.00 36 25 18 smartDeviceLinkCore
11:51:32 1000 17610 0.18 0.04 0.00 0.00 0.22 1 4.65 0.00 354592 77024 1.93 0.01 14.51 0.00 36 25 18 smartDeviceLinkCore
11:51:35 1000 17610 0.18 0.04 0.00 0.00 0.22 1 4.65 0.00 354592 77024 1.93 0.01 14.50 0.00 36 25 18 smartDeviceLinkCore
11:51:38 1000 17610 0.18 0.04 0.00 0.00 0.22 1 4.65 0.00 354592 77024 1.93 0.01 14.49 0.00 36 25 18 smartDeviceLinkCore
11:51:41 1000 17610 0.18 0.04 0.00 0.00 0.22 1 4.64 0.00 354592 77024 1.93 0.01 14.48 0.00 36 25 18 smartDeviceLinkCore
11:51:44 1000 17610 0.18 0.04 0.00 0.00 0.22 1 4.64 0.00 354592 77024 1.93 0.01 14.47 0.00 36 25 18 smartDeviceLinkCore
11:51:47 1000 17610 0.18 0.04 0.00 0.00 0.22 1 4.64 0.00 354592 77024 1.93 0.01 14.46 0.00 36 25 18 smartDeviceLinkCore
11:51:50 1000 17610 0.18 0.04 0.00 0.00 0.22 1 4.63 0.00 354592 77024 1.93 0.01 14.45 0.00 36 25 18 smartDeviceLinkCore
11:51:53 1000 17610 0.18 0.04 0.00 0.00 0.22 1 4.63 0.00 354592 77024 1.93 0.01 14.44 0.00 36 25 18 smartDeviceLinkCore
11:51:56 1000 17610 0.18 0.04 0.00 0.00 0.22 1 4.63 0.00 354592 77024 1.93 0.01 14.43 0.00 36 25 18 smartDeviceLinkCore
11:51:59 1000 17610 0.18 0.04 0.00 0.00 0.22 1 4.63 0.00 354592 77024 1.93 0.01 14.42 0.00 36 25 18 smartDeviceLinkCore
11:52:02 1000 17610 0.18 0.04 0.00 0.00 0.22 1 4.62 0.00 354592 77024 1.93 0.01 14.41 0.00 36 25 18 smartDeviceLinkCore
11:52:05 1000 17610 0.18 0.04 0.00 0.00 0.22 1 4.62 0.00 354592 77024 1.93 0.01 14.40 0.00 36 25 18 smartDeviceLinkCore
11:52:08 1000 17610 0.18 0.04 0.00 0.00 0.22 1 4.62 0.00 354592 77024 1.93 0.01 14.39 0.00 36 25 18 smartDeviceLinkCore
11:52:11 1000 17610 0.18 0.04 0.00 0.00 0.22 1 4.61 0.00 354592 77024 1.93 0.01 14.38 0.00 36 25 18 smartDeviceLinkCore
11:52:14 1000 17610 0.18 0.04 0.00 0.00 0.22 1 4.61 0.00 354592 77024 1.93 0.01 14.37 0.00 36 25 18 smartDeviceLinkCore
11:52:17 1000 17610 0.18 0.04 0.00 0.00 0.22 1 4.61 0.00 354592 77024 1.93 0.01 14.36 0.00 36 25 18 smartDeviceLinkCore
11:52:20 1000 17610 0.18 0.04 0.00 0.00 0.22 1 4.60 0.00 354592 77024 1.93 0.01 14.36 0.00 36 25 18 smartDeviceLinkCore
11:52:23 1000 17610 0.18 0.04 0.00 0.00 0.22 1 4.60 0.00 354592 77024 1.93 0.01 14.35 0.00 36 25 18 smartDeviceLinkCore
11:52:26 1000 17610 0.18 0.04 0.00 0.00 0.22 1 4.60 0.00 354592 77024 1.93 0.01 14.34 0.00 36 25 18 smartDeviceLinkCore
11:52:29 1000 17610 0.18 0.04 0.00 0.00 0.22 1 4.59 0.00 354592 77024 1.93 0.01 14.33 0.00 36 25 18 smartDeviceLinkCore
11:52:32 1000 17610 0.18 0.04 0.00 0.00 0.22 1 4.59 0.00 354592 77024 1.93 0.01 14.32 0.00 36 25 18 smartDeviceLinkCore
11:52:35 1000 17610 0.18 0.04 0.00 0.00 0.22 1 4.59 0.00 354592 77024 1.93 0.01 14.31 0.00 36 25 18 smartDeviceLinkCore
11:52:38 1000 17610 0.18 0.04 0.00 0.00 0.22 1 4.59 0.00 354592 77024 1.93 0.01 14.30 0.00 36 25 18 smartDeviceLinkCore
11:52:41 1000 17610 0.18 0.04 0.00 0.00 0.22 1 4.58 0.00 354592 77024 1.93 0.01 14.29 0.00 36 25 18 smartDeviceLinkCore
11:52:44 1000 17610 0.18 0.04 0.00 0.00 0.22 1 4.58 0.00 354592 77024 1.93 0.01 14.28 0.00 36 25 18 smartDeviceLinkCore
11:52:47 1000 17610 0.18 0.04 0.00 0.00 0.22 1 4.58 0.00 354592 77024 1.93 0.01 14.27 0.00 36 25 18 smartDeviceLinkCore
11:52:50 1000 17610 0.18 0.04 0.00 0.00 0.22 1 4.57 0.00 354592 77024 1.93 0.01 14.26 0.00 36 25 18 smartDeviceLinkCore
11:52:53 1000 17610 0.18 0.04 0.00 0.00 0.22 1 4.57 0.00 354592 77024 1.93 0.01 14.25 0.00 36 25 18 smartDeviceLinkCore
11:52:56 1000 17610 0.18 0.04 0.00 0.00 0.22 1 4.57 0.00 354592 77024 1.93 0.01 14.24 0.00 36 25 18 smartDeviceLinkCore
11:52:59 1000 17610 0.18 0.04 0.00 0.00 0.22 1 4.56 0.00 354592 77024 1.93 0.01 14.23 0.00 36 25 18 smartDeviceLinkCore
11:53:02 1000 17610 0.18 0.04 0.00 0.00 0.22 1 4.56 0.00 354592 77024 1.93 0.01 14.22 0.00 36 25 18 smartDeviceLinkCore
11:53:05 1000 17610 0.18 0.04 0.00 0.00 0.22 1 4.56 0.00 354592 77024 1.93 0.01 14.21 0.00 36 25 18 smartDeviceLinkCore
11:53:08 1000 17610 0.18 0.04 0.00 0.00 0.22 1 4.56 0.00 354592 77024 1.93 0.01 14.20 0.00 36 25 18 smartDeviceLinkCore
11:53:11 1000 17610 0.17 0.04 0.00 0.00 0.22 1 4.55 0.00 354592 77024 1.93 0.01 14.20 0.00 36 25 18 smartDeviceLinkCore
11:53:14 1000 17610 0.17 0.04 0.00 0.00 0.22 1 4.55 0.00 354592 77024 1.93 0.01 14.19 0.00 36 25 18 smartDeviceLinkCore
11:53:17 1000 17610 0.17 0.04 0.00 0.00 0.22 1 4.55 0.00 354592 77024 1.93 0.01 14.18 0.00 36 25 18 smartDeviceLinkCore
11:53:20 1000 17610 0.17 0.04 0.00 0.00 0.22 1 4.54 0.00 354592 77024 1.93 0.01 14.17 0.00 36 25 18 smartDeviceLinkCore
11:53:23 1000 17610 0.17 0.04 0.00 0.00 0.22 1 4.54 0.00 354592 77024 1.93 0.01 14.16 0.00 36 25 18 smartDeviceLinkCore
11:53:26 1000 17610 0.17 0.04 0.00 0.00 0.22 1 4.54 0.00 354592 77024 1.93 0.01 14.15 0.00 36 25 18 smartDeviceLinkCore
11:53:29 1000 17610 0.17 0.04 0.00 0.00 0.22 1 4.53 0.00 354592 77024 1.93 0.01 14.14 0.00 36 25 18 smartDeviceLinkCore
11:53:32 1000 17610 0.17 0.04 0.00 0.00 0.22 1 4.53 0.00 354592 77024 1.93 0.01 14.13 0.00 36 25 18 smartDeviceLinkCore
11:53:35 1000 17610 0.17 0.04 0.00 0.00 0.22 1 4.53 0.00 354592 77024 1.93 0.01 14.12 0.00 36 25 18 smartDeviceLinkCore
11:53:38 1000 17610 0.17 0.04 0.00 0.00 0.22 1 4.53 0.00 354592 77024 1.93 0.01 14.11 0.00 36 25 18 smartDeviceLinkCore
11:53:41 1000 17610 0.17 0.04 0.00 0.00 0.22 1 4.52 0.00 354592 77024 1.93 0.01 14.10 0.00 36 25 18 smartDeviceLinkCore
11:53:44 1000 17610 0.17 0.04 0.00 0.00 0.22 1 4.52 0.00 354592 77024 1.93 0.01 14.09 0.00 36 25 18 smartDeviceLinkCore
11:53:47 1000 17610 0.17 0.04 0.00 0.00 0.22 1 4.52 0.00 354592 77024 1.93 0.01 14.08 0.00 36 25 18 smartDeviceLinkCore
11:53:50 1000 17610 0.17 0.04 0.00 0.00 0.22 1 4.51 0.00 354592 77024 1.93 0.01 14.08 0.00 36 25 18 smartDeviceLinkCore
11:53:53 1000 17610 0.17 0.04 0.00 0.00 0.22 1 4.51 0.00 354592 77024 1.93 0.01 14.07 0.00 36 25 18 smartDeviceLinkCore
11:53:56 1000 17610 0.17 0.04 0.00 0.00 0.22 1 4.51 0.00 354592 77024 1.93 0.01 14.06 0.00 36 25 18 smartDeviceLinkCore
11:53:59 1000 17610 0.17 0.04 0.00 0.00 0.22 1 4.51 0.00 354592 77024 1.93 0.01 14.05 0.00 36 25 18 smartDeviceLinkCore
11:54:02 1000 17610 0.17 0.04 0.00 0.00 0.22 1 4.50 0.00 354592 77024 1.93 0.01 14.04 0.00 36 25 18 smartDeviceLinkCore
11:54:05 1000 17610 0.17 0.04 0.00 0.00 0.22 1 4.50 0.00 354592 77024 1.93 0.01 14.03 0.00 36 25 18 smartDeviceLinkCore
11:54:08 1000 17610 0.17 0.04 0.00 0.00 0.22 1 4.50 0.00 354592 77024 1.93 0.01 14.02 0.00 36 25 18 smartDeviceLinkCore
11:54:11 1000 17610 0.17 0.04 0.00 0.00 0.22 1 4.49 0.00 354592 77024 1.93 0.01 14.01 0.00 36 25 18 smartDeviceLinkCore
11:54:14 1000 17610 0.17 0.04 0.00 0.00 0.22 1 4.49 0.00 354592 77024 1.93 0.01 14.00 0.00 36 25 18 smartDeviceLinkCore
11:54:17 1000 17610 0.17 0.04 0.00 0.00 0.22 1 4.49 0.00 354592 77024 1.93 0.01 13.99 0.00 36 25 18 smartDeviceLinkCore
11:54:20 1000 17610 0.17 0.04 0.00 0.00 0.22 1 4.48 0.00 354592 77024 1.93 0.01 13.98 0.00 36 25 18 smartDeviceLinkCore
11:54:23 1000 17610 0.17 0.04 0.00 0.00 0.22 1 4.48 0.00 354592 77024 1.93 0.01 13.98 0.00 36 25 18 smartDeviceLinkCore
11:54:26 1000 17610 0.17 0.04 0.00 0.00 0.22 1 4.48 0.00 354592 77024 1.93 0.01 13.97 0.00 36 25 18 smartDeviceLinkCore
11:54:29 1000 17610 0.17 0.04 0.00 0.00 0.22 1 4.48 0.00 354592 77024 1.93 0.01 13.96 0.00 36 25 18 smartDeviceLinkCore
11:54:32 1000 17610 0.17 0.04 0.00 0.00 0.22 1 4.47 0.00 354592 77024 1.93 0.01 13.95 0.00 36 25 18 smartDeviceLinkCore
11:54:35 1000 17610 0.17 0.04 0.00 0.00 0.22 1 4.47 0.00 354592 77024 1.93 0.01 13.94 0.00 36 25 18 smartDeviceLinkCore
11:54:38 1000 17610 0.17 0.04 0.00 0.00 0.22 1 4.47 0.00 354592 77024 1.93 0.01 13.93 0.00 36 25 18 smartDeviceLinkCore
11:54:41 1000 17610 0.17 0.04 0.00 0.00 0.22 1 4.46 0.00 354592 77024 1.93 0.01 13.92 0.00 36 25 18 smartDeviceLinkCore
11:54:44 1000 17610 0.17 0.04 0.00 0.00 0.21 1 4.46 0.00 354592 77024 1.93 0.01 13.91 0.00 36 25 18 smartDeviceLinkCore
11:54:47 1000 17610 0.17 0.04 0.00 0.00 0.22 1 4.46 0.00 354592 77024 1.93 0.01 13.90 0.00 36 25 18 smartDeviceLinkCore
11:54:50 1000 17610 0.17 0.04 0.00 0.00 0.21 1 4.46 0.00 354592 77024 1.93 0.01 13.90 0.00 36 25 18 smartDeviceLinkCore
11:54:53 1000 17610 0.17 0.04 0.00 0.00 0.21 1 4.45 0.00 354592 77024 1.93 0.01 13.89 0.00 36 25 18 smartDeviceLinkCore
11:54:56 1000 17610 0.17 0.04 0.00 0.00 0.21 1 4.45 0.00 354592 77024 1.93 0.01 13.88 0.00 36 25 18 smartDeviceLinkCore
11:54:59 1000 17610 0.17 0.04 0.00 0.00 0.21 1 4.45 0.00 354592 77024 1.93 0.01 13.87 0.00 36 25 18 smartDeviceLinkCore
11:55:02 1000 17610 0.17 0.04 0.00 0.00 0.21 1 4.44 0.00 354592 77024 1.93 0.01 13.86 0.00 36 25 18 smartDeviceLinkCore
11:55:05 1000 17610 0.17 0.04 0.00 0.00 0.21 1 4.44 0.00 354592 77024 1.93 0.01 13.85 0.00 36 25 18 smartDeviceLinkCore
11:55:08 1000 17610 0.17 0.04 0.00 0.00 0.21 1 4.44 0.00 354592 77024 1.93 0.01 13.84 0.00 36 25 18 smartDeviceLinkCore
11:55:11 1000 17610 0.17 0.04 0.00 0.00 0.21 1 4.44 0.00 354592 77024 1.93 0.01 13.83 0.00 36 25 18 smartDeviceLinkCore
11:55:14 1000 17610 0.17 0.04 0.00 0.00 0.21 1 4.43 0.00 354592 77024 1.93 0.01 13.82 0.00 36 25 18 smartDeviceLinkCore
11:55:17 1000 17610 0.17 0.04 0.00 0.00 0.21 1 4.43 0.00 354592 77024 1.93 0.01 13.82 0.00 36 25 18 smartDeviceLinkCore
11:55:20 1000 17610 0.17 0.04 0.00 0.00 0.21 1 4.43 0.00 354592 77024 1.93 0.01 13.81 0.00 36 25 18 smartDeviceLinkCore
11:55:23 1000 17610 0.17 0.04 0.00 0.00 0.21 1 4.42 0.00 354592 77024 1.93 0.01 13.80 0.00 36 25 18 smartDeviceLinkCore
11:55:26 1000 17610 0.17 0.04 0.00 0.00 0.21 1 4.42 0.00 354592 77024 1.93 0.01 13.79 0.00 36 25 18 smartDeviceLinkCore
11:55:29 1000 17610 0.17 0.04 0.00 0.00 0.21 1 4.42 0.00 354592 77024 1.93 0.01 13.78 0.00 36 25 18 smartDeviceLinkCore
11:55:32 1000 17610 0.17 0.04 0.00 0.00 0.21 1 4.42 0.00 354592 77024 1.93 0.01 13.77 0.00 36 25 18 smartDeviceLinkCore
11:55:35 1000 17610 0.17 0.04 0.00 0.00 0.21 1 4.41 0.00 354592 77024 1.93 0.01 13.76 0.00 36 25 18 smartDeviceLinkCore
11:55:38 1000 17610 0.17 0.04 0.00 0.00 0.21 1 4.41 0.00 354592 77024 1.93 0.01 13.75 0.00 36 25 18 smartDeviceLinkCore
11:55:42 1000 17610 0.17 0.04 0.00 0.00 0.21 1 4.41 0.00 354592 77024 1.93 0.01 13.75 0.00 36 25 18 smartDeviceLinkCore
11:55:45 1000 17610 0.17 0.04 0.00 0.00 0.21 1 4.41 0.00 354592 77024 1.93 0.01 13.74 0.00 36 25 18 smartDeviceLinkCore
11:55:48 1000 17610 0.17 0.04 0.00 0.00 0.21 1 4.40 0.00 354592 77024 1.93 0.01 13.73 0.00 36 25 18 smartDeviceLinkCore
11:55:51 1000 17610 0.17 0.04 0.00 0.00 0.21 1 4.40 0.00 354592 77024 1.93 0.01 13.72 0.00 36 25 18 smartDeviceLinkCore
11:55:54 1000 17610 0.17 0.04 0.00 0.00 0.21 1 4.40 0.00 354592 77024 1.93 0.01 13.71 0.00 36 25 18 smartDeviceLinkCore
11:55:57 1000 17610 0.17 0.04 0.00 0.00 0.21 1 4.39 0.00 354592 77024 1.93 0.01 13.70 0.00 36 25 18 smartDeviceLinkCore
11:56:00 1000 17610 0.17 0.04 0.00 0.00 0.21 1 4.39 0.00 354592 77024 1.93 0.01 13.69 0.00 36 25 18 smartDeviceLinkCore
11:56:03 1000 17610 0.17 0.04 0.00 0.00 0.21 1 4.39 0.00 354592 77024 1.93 0.01 13.68 0.00 36 25 18 smartDeviceLinkCore
11:56:06 1000 17610 0.17 0.04 0.00 0.00 0.21 1 4.39 0.00 354592 77024 1.93 0.01 13.68 0.00 36 25 18 smartDeviceLinkCore
11:56:09 1000 17610 0.17 0.04 0.00 0.00 0.21 1 4.38 0.00 354592 77024 1.93 0.01 13.67 0.00 36 25 18 smartDeviceLinkCore
11:56:12 1000 17610 0.17 0.04 0.00 0.00 0.21 1 4.38 0.00 354592 77024 1.93 0.01 13.66 0.00 36 25 18 smartDeviceLinkCore
11:56:15 1000 17610 0.17 0.04 0.00 0.00 0.21 1 4.38 0.00 354592 77024 1.93 0.01 13.65 0.00 36 25 18 smartDeviceLinkCore
11:56:18 1000 17610 0.17 0.04 0.00 0.00 0.21 1 4.37 0.00 354592 77024 1.93 0.01 13.64 0.00 36 25 18 smartDeviceLinkCore
11:56:21 1000 17610 0.17 0.04 0.00 0.00 0.21 1 4.37 0.00 354592 77024 1.93 0.01 13.63 0.00 36 25 18 smartDeviceLinkCore
11:56:24 1000 17610 0.17 0.04 0.00 0.00 0.21 1 4.37 0.00 354592 77024 1.93 0.01 13.62 0.00 36 25 18 smartDeviceLinkCore
11:56:27 1000 17610 0.17 0.04 0.00 0.00 0.21 1 4.37 0.00 354592 77024 1.93 0.01 13.62 0.00 36 25 18 smartDeviceLinkCore
11:56:30 1000 17610 0.17 0.04 0.00 0.00 0.21 1 4.36 0.00 354592 77024 1.93 0.01 13.61 0.00 36 25 18 smartDeviceLinkCore
11:56:33 1000 17610 0.17 0.04 0.00 0.00 0.21 1 4.36 0.00 354592 77024 1.93 0.01 13.60 0.00 36 25 18 smartDeviceLinkCore
11:56:36 1000 17610 0.17 0.04 0.00 0.00 0.21 1 4.36 0.00 354592 77024 1.93 0.01 13.59 0.00 36 25 18 smartDeviceLinkCore
11:56:39 1000 17610 0.17 0.04 0.00 0.00 0.21 1 4.36 0.00 354592 77024 1.93 0.01 13.58 0.00 36 25 18 smartDeviceLinkCore
11:56:42 1000 17610 0.17 0.04 0.00 0.00 0.21 1 4.35 0.00 354592 77024 1.93 0.01 13.57 0.00 36 25 18 smartDeviceLinkCore
11:56:45 1000 17610 0.17 0.04 0.00 0.00 0.21 1 4.35 0.00 354592 77024 1.93 0.01 13.57 0.00 36 25 18 smartDeviceLinkCore
11:56:48 1000 17610 0.17 0.04 0.00 0.00 0.21 1 4.35 0.00 354592 77024 1.93 0.01 13.56 0.00 36 25 18 smartDeviceLinkCore
11:56:51 1000 17610 0.17 0.04 0.00 0.00 0.21 1 4.34 0.00 354592 77024 1.93 0.01 13.55 0.00 36 25 18 smartDeviceLinkCore
11:56:54 1000 17610 0.17 0.04 0.00 0.00 0.21 1 4.34 0.00 354592 77024 1.93 0.01 13.54 0.00 36 25 18 smartDeviceLinkCore
11:56:57 1000 17610 0.17 0.04 0.00 0.00 0.21 1 4.34 0.00 354592 77024 1.93 0.01 13.53 0.00 36 25 18 smartDeviceLinkCore
11:57:00 1000 17610 0.17 0.04 0.00 0.00 0.21 1 4.34 0.00 354592 77024 1.93 0.01 13.52 0.00 36 25 18 smartDeviceLinkCore
11:57:03 1000 17610 0.17 0.04 0.00 0.00 0.21 1 4.33 0.00 354592 77024 1.93 0.01 13.51 0.00 36 25 18 smartDeviceLinkCore
11:57:06 1000 17610 0.17 0.04 0.00 0.00 0.21 1 4.33 0.00 354592 77024 1.93 0.01 13.51 0.00 36 25 18 smartDeviceLinkCore
11:57:09 1000 17610 0.17 0.04 0.00 0.00 0.21 1 4.33 0.00 354592 77024 1.93 0.01 13.50 0.00 36 25 18 smartDeviceLinkCore
11:57:12 1000 17610 0.17 0.04 0.00 0.00 0.21 1 4.33 0.00 354592 77024 1.93 0.01 13.49 0.00 36 25 18 smartDeviceLinkCore
11:57:15 1000 17610 0.17 0.04 0.00 0.00 0.21 1 4.32 0.00 354592 77024 1.93 0.01 13.48 0.00 36 25 18 smartDeviceLinkCore
11:57:18 1000 17610 0.17 0.04 0.00 0.00 0.21 1 4.32 0.00 354592 77024 1.93 0.01 13.47 0.00 36 25 18 smartDeviceLinkCore
11:57:21 1000 17610 0.17 0.04 0.00 0.00 0.21 1 4.32 0.00 354592 77024 1.93 0.01 13.46 0.00 36 25 18 smartDeviceLinkCore
11:57:24 1000 17610 0.17 0.04 0.00 0.00 0.21 1 4.32 0.00 354592 77024 1.93 0.01 13.46 0.00 36 25 18 smartDeviceLinkCore
11:57:27 1000 17610 0.17 0.04 0.00 0.00 0.21 1 4.31 0.00 354592 77024 1.93 0.01 13.45 0.00 36 25 18 smartDeviceLinkCore
11:57:30 1000 17610 0.17 0.04 0.00 0.00 0.21 1 4.31 0.00 354592 77024 1.93 0.01 13.44 0.00 36 25 18 smartDeviceLinkCore
11:57:33 1000 17610 0.17 0.04 0.00 0.00 0.21 1 4.31 0.00 354592 77024 1.93 0.01 13.43 0.00 36 25 18 smartDeviceLinkCore
11:57:36 1000 17610 0.17 0.04 0.00 0.00 0.21 1 4.30 0.00 354592 77024 1.93 0.01 13.42 0.00 36 25 18 smartDeviceLinkCore
11:57:39 1000 17610 0.17 0.04 0.00 0.00 0.21 1 4.30 0.00 354592 77024 1.93 0.01 13.41 0.00 36 25 18 smartDeviceLinkCore
11:57:42 1000 17610 0.17 0.04 0.00 0.00 0.21 1 4.30 0.00 354592 77024 1.93 0.01 13.41 0.00 36 25 18 smartDeviceLinkCore
11:57:45 1000 17610 0.17 0.04 0.00 0.00 0.21 1 4.30 0.00 354592 77024 1.93 0.01 13.40 0.00 36 25 18 smartDeviceLinkCore
11:57:48 1000 17610 0.17 0.04 0.00 0.00 0.21 1 4.29 0.00 354592 77024 1.93 0.01 13.39 0.00 36 25 18 smartDeviceLinkCore
11:57:51 1000 17610 0.17 0.04 0.00 0.00 0.21 1 4.29 0.00 354592 77024 1.93 0.01 13.38 0.00 36 25 18 smartDeviceLinkCore
11:57:54 1000 17610 0.17 0.04 0.00 0.00 0.21 1 4.29 0.00 354592 77024 1.93 0.01 13.37 0.00 36 25 18 smartDeviceLinkCore
11:57:57 1000 17610 0.17 0.04 0.00 0.00 0.21 1 4.29 0.00 354592 77024 1.93 0.01 13.36 0.00 36 25 18 smartDeviceLinkCore
11:58:00 1000 17610 0.17 0.04 0.00 0.00 0.21 1 4.28 0.00 354592 77024 1.93 0.01 13.36 0.00 36 25 18 smartDeviceLinkCore
11:58:03 1000 17610 0.17 0.04 0.00 0.00 0.21 1 4.28 0.00 354592 77024 1.93 0.01 13.35 0.00 36 25 18 smartDeviceLinkCore
11:58:06 1000 17610 0.17 0.04 0.00 0.00 0.21 1 4.28 0.00 354592 77024 1.93 0.01 13.34 0.00 36 25 18 smartDeviceLinkCore
11:58:09 1000 17610 0.17 0.04 0.00 0.00 0.21 1 4.28 0.00 354592 77024 1.93 0.01 13.33 0.00 36 25 18 smartDeviceLinkCore
11:58:12 1000 17610 0.17 0.04 0.00 0.00 0.21 1 4.27 0.00 354592 77024 1.93 0.01 13.32 0.00 36 25 18 smartDeviceLinkCore
11:58:15 1000 17610 0.17 0.04 0.00 0.00 0.21 1 4.27 0.00 354592 77024 1.93 0.01 13.32 0.00 36 25 18 smartDeviceLinkCore
11:58:18 1000 17610 0.17 0.04 0.00 0.00 0.21 1 4.27 0.00 354592 77024 1.93 0.01 13.31 0.00 36 25 18 smartDeviceLinkCore
11:58:21 1000 17610 0.17 0.04 0.00 0.00 0.21 1 4.26 0.00 354592 77024 1.93 0.01 13.30 0.00 36 25 18 smartDeviceLinkCore
11:58:24 1000 17610 0.17 0.04 0.00 0.00 0.21 1 4.26 0.00 354592 77024 1.93 0.01 13.29 0.00 36 25 18 smartDeviceLinkCore
11:58:27 1000 17610 0.17 0.04 0.00 0.00 0.21 1 4.26 0.00 354592 77024 1.93 0.01 13.28 0.00 36 25 18 smartDeviceLinkCore
11:58:30 1000 17610 0.17 0.04 0.00 0.00 0.21 1 4.26 0.00 354592 77024 1.93 0.01 13.27 0.00 36 25 18 smartDeviceLinkCore
11:58:33 1000 17610 0.17 0.04 0.00 0.00 0.21 1 4.25 0.00 354592 77024 1.93 0.01 13.27 0.00 36 25 18 smartDeviceLinkCore
11:58:36 1000 17610 0.17 0.04 0.00 0.00 0.21 1 4.25 0.00 354592 77024 1.93 0.01 13.26 0.00 36 25 18 smartDeviceLinkCore
11:58:39 1000 17610 0.17 0.04 0.00 0.00 0.21 1 4.25 0.00 354592 77024 1.93 0.01 13.25 0.00 36 25 18 smartDeviceLinkCore
11:58:42 1000 17610 0.17 0.04 0.00 0.00 0.21 1 4.25 0.00 354592 77024 1.93 0.01 13.24 0.00 36 25 18 smartDeviceLinkCore
11:58:45 1000 17610 0.16 0.04 0.00 0.00 0.21 1 4.24 0.00 354592 77024 1.93 0.01 13.23 0.00 36 25 18 smartDeviceLinkCore
11:58:48 1000 17610 0.16 0.04 0.00 0.00 0.21 1 4.24 0.00 354592 77024 1.93 0.01 13.23 0.00 36 25 18 smartDeviceLinkCore
11:58:51 1000 17610 0.16 0.04 0.00 0.00 0.21 1 4.24 0.00 354592 77024 1.93 0.01 13.22 0.00 36 25 18 smartDeviceLinkCore
11:58:54 1000 17610 0.16 0.04 0.00 0.00 0.21 1 4.24 0.00 354592 77024 1.93 0.01 13.21 0.00 36 25 18 smartDeviceLinkCore
11:58:57 1000 17610 0.16 0.04 0.00 0.00 0.21 1 4.23 0.00 354592 77024 1.93 0.01 13.20 0.00 36 25 18 smartDeviceLinkCore
11:59:00 1000 17610 0.16 0.04 0.00 0.00 0.21 1 4.23 0.00 354592 77024 1.93 0.01 13.19 0.00 36 25 18 smartDeviceLinkCore
11:59:03 1000 17610 0.16 0.04 0.00 0.00 0.21 1 4.23 0.00 354592 77024 1.93 0.01 13.19 0.00 36 25 18 smartDeviceLinkCore
11:59:06 1000 17610 0.16 0.04 0.00 0.00 0.21 1 4.23 0.00 354592 77024 1.93 0.01 13.18 0.00 36 25 18 smartDeviceLinkCore
11:59:09 1000 17610 0.16 0.04 0.00 0.00 0.21 1 4.22 0.00 354592 77024 1.93 0.01 13.17 0.00 36 25 18 smartDeviceLinkCore
11:59:12 1000 17610 0.16 0.04 0.00 0.00 0.21 1 4.22 0.00 354592 77024 1.93 0.01 13.16 0.00 36 25 18 smartDeviceLinkCore
11:59:15 1000 17610 0.16 0.04 0.00 0.00 0.21 1 4.22 0.00 354592 77024 1.93 0.01 13.15 0.00 36 25 18 smartDeviceLinkCore
11:59:18 1000 17610 0.16 0.04 0.00 0.00 0.21 1 4.22 0.00 354592 77024 1.93 0.01 13.15 0.00 36 25 18 smartDeviceLinkCore
11:59:21 1000 17610 0.16 0.04 0.00 0.00 0.21 1 4.21 0.00 354592 77024 1.93 0.01 13.14 0.00 36 25 18 smartDeviceLinkCore
11:59:24 1000 17610 0.16 0.04 0.00 0.00 0.21 1 4.21 0.00 354592 77024 1.93 0.01 13.13 0.00 36 25 18 smartDeviceLinkCore
11:59:27 1000 17610 0.16 0.04 0.00 0.00 0.21 1 4.21 0.00 354592 77024 1.93 0.01 13.12 0.00 36 25 18 smartDeviceLinkCore
11:59:30 1000 17610 0.16 0.04 0.00 0.00 0.21 1 4.21 0.00 354592 77024 1.93 0.01 13.11 0.00 36 25 18 smartDeviceLinkCore
11:59:33 1000 17610 0.16 0.04 0.00 0.00 0.21 1 4.20 0.00 354592 77024 1.93 0.01 13.11 0.00 36 25 18 smartDeviceLinkCore
11:59:36 1000 17610 0.16 0.04 0.00 0.00 0.21 1 4.20 0.00 354592 77024 1.93 0.01 13.10 0.00 36 25 18 smartDeviceLinkCore
11:59:39 1000 17610 0.16 0.04 0.00 0.00 0.21 1 4.20 0.00 354592 77024 1.93 0.01 13.09 0.00 36 25 18 smartDeviceLinkCore
11:59:42 1000 17610 0.16 0.04 0.00 0.00 0.21 1 4.20 0.00 354592 77024 1.93 0.01 13.08 0.00 36 25 18 smartDeviceLinkCore
11:59:45 1000 17610 0.16 0.04 0.00 0.00 0.21 1 4.19 0.00 354592 77024 1.93 0.01 13.07 0.00 36 25 18 smartDeviceLinkCore
11:59:48 1000 17610 0.16 0.04 0.00 0.00 0.21 1 4.19 0.00 354592 77024 1.93 0.01 13.07 0.00 36 25 18 smartDeviceLinkCore
11:59:51 1000 17610 0.16 0.04 0.00 0.00 0.21 1 4.19 0.00 354592 77024 1.93 0.01 13.06 0.00 36 25 18 smartDeviceLinkCore
11:59:54 1000 17610 0.16 0.04 0.00 0.00 0.21 1 4.19 0.00 354592 77024 1.93 0.01 13.05 0.00 36 25 18 smartDeviceLinkCore
11:59:57 1000 17610 0.16 0.04 0.00 0.00 0.21 1 4.18 0.00 354592 77024 1.93 0.01 13.04 0.00 36 25 18 smartDeviceLinkCore
12:00:00 1000 17610 0.16 0.04 0.00 0.00 0.21 1 4.18 0.00 354592 77024 1.93 0.01 13.03 0.00 36 25 18 smartDeviceLinkCore
12:00:03 1000 17610 0.16 0.04 0.00 0.00 0.21 1 4.18 0.00 354592 77024 1.93 0.01 13.03 0.00 36 25 18 smartDeviceLinkCore
12:00:06 1000 17610 0.16 0.04 0.00 0.00 0.21 1 4.18 0.00 354592 77024 1.93 0.01 13.02 0.00 36 25 18 smartDeviceLinkCore
12:00:09 1000 17610 0.16 0.04 0.00 0.00 0.21 1 4.17 0.00 354592 77024 1.93 0.01 13.01 0.00 36 25 18 smartDeviceLinkCore
12:00:12 1000 17610 0.16 0.04 0.00 0.00 0.21 1 4.17 0.00 354592 77024 1.93 0.01 13.00 0.00 36 25 18 smartDeviceLinkCore
12:00:15 1000 17610 0.16 0.04 0.00 0.00 0.21 1 4.17 0.00 354592 77024 1.93 0.01 13.00 0.00 36 25 18 smartDeviceLinkCore
12:00:18 1000 17610 0.16 0.04 0.00 0.00 0.21 1 4.17 0.00 354592 77024 1.93 0.01 12.99 0.00 36 25 18 smartDeviceLinkCore
12:00:21 1000 17610 0.16 0.04 0.00 0.00 0.20 1 4.16 0.00 354592 77024 1.93 0.01 12.98 0.00 36 25 18 smartDeviceLinkCore
12:00:24 1000 17610 0.16 0.04 0.00 0.00 0.20 1 4.16 0.00 354592 77024 1.93 0.01 12.97 0.00 36 25 18 smartDeviceLinkCore
12:00:27 1000 17610 0.16 0.04 0.00 0.00 0.20 1 4.16 0.00 354592 77024 1.93 0.01 12.96 0.00 36 25 18 smartDeviceLinkCore
12:00:30 1000 17610 0.16 0.04 0.00 0.00 0.20 1 4.16 0.00 354592 77024 1.93 0.01 12.96 0.00 36 25 18 smartDeviceLinkCore
12:00:33 1000 17610 0.16 0.04 0.00 0.00 0.20 1 4.15 0.00 354592 77024 1.93 0.01 12.95 0.00 36 25 18 smartDeviceLinkCore
12:00:36 1000 17610 0.16 0.04 0.00 0.00 0.20 1 4.15 0.00 354592 77024 1.93 0.01 12.94 0.00 36 25 18 smartDeviceLinkCore
12:00:39 1000 17610 0.16 0.04 0.00 0.00 0.20 1 4.15 0.00 354592 77024 1.93 0.01 12.93 0.00 36 25 18 smartDeviceLinkCore
12:00:42 1000 17610 0.16 0.04 0.00 0.00 0.20 1 4.15 0.00 354592 77024 1.93 0.01 12.93 0.00 36 25 18 smartDeviceLinkCore
12:00:45 1000 17610 0.16 0.04 0.00 0.00 0.20 1 4.14 0.00 354592 77024 1.93 0.01 12.92 0.00 36 25 18 smartDeviceLinkCore
12:00:48 1000 17610 0.16 0.04 0.00 0.00 0.20 1 4.14 0.00 354592 77024 1.93 0.01 12.91 0.00 36 25 18 smartDeviceLinkCore
12:00:51 1000 17610 0.16 0.04 0.00 0.00 0.20 1 4.14 0.00 354592 77024 1.93 0.01 12.90 0.00 36 25 18 smartDeviceLinkCore
12:00:54 1000 17610 0.16 0.04 0.00 0.00 0.20 1 4.14 0.00 354592 77024 1.93 0.01 12.90 0.00 36 25 18 smartDeviceLinkCore
12:00:57 1000 17610 0.16 0.04 0.00 0.00 0.20 1 4.13 0.00 354592 77024 1.93 0.01 12.89 0.00 36 25 18 smartDeviceLinkCore
12:01:00 1000 17610 0.16 0.04 0.00 0.00 0.20 1 4.13 0.00 354592 77024 1.93 0.01 12.88 0.00 36 25 18 smartDeviceLinkCore
12:01:03 1000 17610 0.16 0.04 0.00 0.00 0.20 1 4.13 0.00 354592 77024 1.93 0.01 12.87 0.00 36 25 18 smartDeviceLinkCore
12:01:06 1000 17610 0.16 0.04 0.00 0.00 0.20 1 4.13 0.00 354592 77024 1.93 0.01 12.86 0.00 36 25 18 smartDeviceLinkCore
12:01:09 1000 17610 0.16 0.04 0.00 0.00 0.20 1 4.12 0.00 354592 77024 1.93 0.01 12.86 0.00 36 25 18 smartDeviceLinkCore
12:01:12 1000 17610 0.16 0.04 0.00 0.00 0.20 1 4.12 0.00 354592 77024 1.93 0.01 12.85 0.00 36 25 18 smartDeviceLinkCore
12:01:15 1000 17610 0.16 0.04 0.00 0.00 0.20 1 4.12 0.00 354592 77024 1.93 0.01 12.84 0.00 36 25 18 smartDeviceLinkCore
12:01:18 1000 17610 0.16 0.04 0.00 0.00 0.20 1 4.12 0.00 354592 77024 1.93 0.01 12.83 0.00 36 25 18 smartDeviceLinkCore
12:01:21 1000 17610 0.16 0.04 0.00 0.00 0.20 1 4.11 0.00 354592 77024 1.93 0.01 12.83 0.00 36 25 18 smartDeviceLinkCore
12:01:25 1000 17610 0.16 0.04 0.00 0.00 0.20 1 4.11 0.00 354592 77024 1.93 0.01 12.82 0.00 36 25 18 smartDeviceLinkCore
12:01:28 1000 17610 0.16 0.04 0.00 0.00 0.20 1 4.11 0.00 354592 77024 1.93 0.01 12.81 0.00 36 25 18 smartDeviceLinkCore
12:01:31 1000 17610 0.16 0.04 0.00 0.00 0.20 1 4.11 0.00 354592 77024 1.93 0.01 12.80 0.00 36 25 18 smartDeviceLinkCore
12:01:34 1000 17610 0.16 0.04 0.00 0.00 0.20 1 4.10 0.00 354592 77024 1.93 0.01 12.80 0.00 36 25 18 smartDeviceLinkCore
12:01:37 1000 17610 0.16 0.04 0.00 0.00 0.20 1 4.10 0.00 354592 77024 1.93 0.01 12.79 0.00 36 25 18 smartDeviceLinkCore
12:01:40 1000 17610 0.16 0.04 0.00 0.00 0.20 1 4.10 0.00 354592 77024 1.93 0.01 12.78 0.00 36 25 18 smartDeviceLinkCore
12:01:43 1000 17610 0.16 0.04 0.00 0.00 0.20 1 4.10 0.00 354592 77024 1.93 0.01 12.77 0.00 36 25 18 smartDeviceLinkCore
12:01:46 1000 17610 0.16 0.04 0.00 0.00 0.20 1 4.09 0.00 354592 77024 1.93 0.01 12.77 0.00 36 25 18 smartDeviceLinkCore
12:01:49 1000 17610 0.16 0.04 0.00 0.00 0.20 1 4.09 0.00 354592 77024 1.93 0.01 12.76 0.00 36 25 18 smartDeviceLinkCore
12:01:52 1000 17610 0.16 0.04 0.00 0.00 0.20 1 4.09 0.00 354592 77024 1.93 0.01 12.75 0.00 36 25 18 smartDeviceLinkCore
12:01:55 1000 17610 0.16 0.04 0.00 0.00 0.20 1 4.09 0.00 354592 77024 1.93 0.01 12.74 0.00 36 25 18 smartDeviceLinkCore
12:01:58 1000 17610 0.16 0.04 0.00 0.00 0.20 1 4.08 0.00 354592 77024 1.93 0.01 12.74 0.00 36 25 18 smartDeviceLinkCore
12:02:01 1000 17610 0.16 0.04 0.00 0.00 0.20 1 4.08 0.00 354592 77024 1.93 0.01 12.73 0.00 36 25 18 smartDeviceLinkCore
12:02:04 1000 17610 0.16 0.04 0.00 0.00 0.20 1 4.08 0.00 354592 77024 1.93 0.01 12.72 0.00 36 25 18 smartDeviceLinkCore
12:02:07 1000 17610 0.16 0.04 0.00 0.00 0.20 1 4.08 0.00 354592 77024 1.93 0.01 12.71 0.00 36 25 18 smartDeviceLinkCore
12:02:10 1000 17610 0.16 0.04 0.00 0.00 0.20 1 4.07 0.00 354592 77024 1.93 0.01 12.71 0.00 36 25 18 smartDeviceLinkCore
12:02:13 1000 17610 0.16 0.04 0.00 0.00 0.20 1 4.07 0.00 354592 77024 1.93 0.01 12.70 0.00 36 25 18 smartDeviceLinkCore
12:02:16 1000 17610 0.16 0.04 0.00 0.00 0.20 1 4.07 0.00 354592 77024 1.93 0.01 12.69 0.00 36 25 18 smartDeviceLinkCore
12:02:19 1000 17610 0.16 0.04 0.00 0.00 0.20 1 4.07 0.00 354592 77024 1.93 0.01 12.68 0.00 36 25 18 smartDeviceLinkCore
12:02:22 1000 17610 0.16 0.04 0.00 0.00 0.20 1 4.07 0.00 354592 77024 1.93 0.01 12.68 0.00 36 25 18 smartDeviceLinkCore
12:02:25 1000 17610 0.16 0.04 0.00 0.00 0.20 1 4.06 0.00 354592 77024 1.93 0.01 12.67 0.00 36 25 18 smartDeviceLinkCore
12:02:28 1000 17610 0.16 0.04 0.00 0.00 0.20 1 4.06 0.00 354592 77024 1.93 0.01 12.66 0.00 36 25 18 smartDeviceLinkCore
12:02:31 1000 17610 0.16 0.04 0.00 0.00 0.20 1 4.06 0.00 354592 77024 1.93 0.01 12.65 0.00 36 25 18 smartDeviceLinkCore
12:02:34 1000 17610 0.16 0.04 0.00 0.00 0.20 1 4.06 0.00 354592 77024 1.93 0.01 12.65 0.00 36 25 18 smartDeviceLinkCore
12:02:37 1000 17610 0.16 0.04 0.00 0.00 0.20 1 4.05 0.00 354592 77024 1.93 0.01 12.64 0.00 36 25 18 smartDeviceLinkCore
12:02:40 1000 17610 0.16 0.04 0.00 0.00 0.20 1 4.05 0.00 354592 77024 1.93 0.01 12.63 0.00 36 25 18 smartDeviceLinkCore
12:02:43 1000 17610 0.16 0.04 0.00 0.00 0.20 1 4.05 0.00 354592 77024 1.93 0.01 12.63 0.00 36 25 18 smartDeviceLinkCore
12:02:46 1000 17610 0.16 0.04 0.00 0.00 0.20 1 4.05 0.00 354592 77024 1.93 0.01 12.62 0.00 36 25 18 smartDeviceLinkCore
12:02:49 1000 17610 0.16 0.04 0.00 0.00 0.20 1 4.04 0.00 354592 77024 1.93 0.01 12.61 0.00 36 25 18 smartDeviceLinkCore
12:02:52 1000 17610 0.16 0.04 0.00 0.00 0.20 1 4.04 0.00 354592 77024 1.93 0.01 12.60 0.00 36 25 18 smartDeviceLinkCore
12:02:55 1000 17610 0.16 0.04 0.00 0.00 0.20 1 4.04 0.00 354592 77024 1.93 0.01 12.60 0.00 36 25 18 smartDeviceLinkCore
12:02:58 1000 17610 0.16 0.04 0.00 0.00 0.20 1 4.04 0.00 354592 77024 1.93 0.01 12.59 0.00 36 25 18 smartDeviceLinkCore
12:03:01 1000 17610 0.16 0.04 0.00 0.00 0.20 1 4.03 0.00 354592 77024 1.93 0.01 12.58 0.00 36 25 18 smartDeviceLinkCore
12:03:04 1000 17610 0.16 0.04 0.00 0.00 0.20 1 4.03 0.00 354592 77024 1.93 0.01 12.57 0.00 36 25 18 smartDeviceLinkCore
12:03:07 1000 17610 0.16 0.04 0.00 0.00 0.20 1 4.03 0.00 354592 77024 1.93 0.01 12.57 0.00 36 25 18 smartDeviceLinkCore
12:03:10 1000 17610 0.16 0.04 0.00 0.00 0.20 1 4.03 0.00 354592 77024 1.93 0.01 12.56 0.00 36 25 18 smartDeviceLinkCore
12:03:13 1000 17610 0.16 0.04 0.00 0.00 0.20 1 4.03 0.00 354592 77024 1.93 0.01 12.55 0.00 36 25 18 smartDeviceLinkCore
12:03:16 1000 17610 0.16 0.04 0.00 0.00 0.20 1 4.02 0.00 354592 77024 1.93 0.01 12.54 0.00 36 25 18 smartDeviceLinkCore
12:03:19 1000 17610 0.16 0.04 0.00 0.00 0.20 1 4.02 0.00 354592 77024 1.93 0.01 12.54 0.00 36 25 18 smartDeviceLinkCore
12:03:22 1000 17610 0.16 0.04 0.00 0.00 0.20 1 4.02 0.00 354592 77024 1.93 0.01 12.53 0.00 36 25 18 smartDeviceLinkCore
12:03:25 1000 17610 0.16 0.04 0.00 0.00 0.20 1 4.02 0.00 354592 77024 1.93 0.01 12.52 0.00 36 25 18 smartDeviceLinkCore
12:03:28 1000 17610 0.16 0.04 0.00 0.00 0.20 1 4.01 0.00 354592 77024 1.93 0.01 12.52 0.00 36 25 18 smartDeviceLinkCore
12:03:31 1000 17610 0.16 0.04 0.00 0.00 0.20 1 4.01 0.00 354592 77024 1.93 0.01 12.51 0.00 36 25 18 smartDeviceLinkCore
12:03:34 1000 17610 0.16 0.04 0.00 0.00 0.20 1 4.01 0.00 354592 77024 1.93 0.01 12.50 0.00 36 25 18 smartDeviceLinkCore
12:03:37 1000 17610 0.16 0.04 0.00 0.00 0.20 1 4.01 0.00 354592 77024 1.93 0.01 12.49 0.00 36 25 18 smartDeviceLinkCore
12:03:40 1000 17610 0.16 0.04 0.00 0.00 0.20 1 4.00 0.00 354592 77024 1.93 0.01 12.49 0.00 36 25 18 smartDeviceLinkCore
12:03:43 1000 17610 0.16 0.04 0.00 0.00 0.20 1 4.00 0.00 354592 77024 1.93 0.01 12.48 0.00 36 25 18 smartDeviceLinkCore
12:03:46 1000 17610 0.16 0.04 0.00 0.00 0.20 1 4.00 0.00 354592 77024 1.93 0.01 12.47 0.00 36 25 18 smartDeviceLinkCore
12:03:49 1000 17610 0.16 0.04 0.00 0.00 0.20 1 4.00 0.00 354592 77024 1.93 0.01 12.47 0.00 36 25 18 smartDeviceLinkCore
12:03:52 1000 17610 0.16 0.04 0.00 0.00 0.20 1 4.00 0.00 354592 77024 1.93 0.01 12.46 0.00 36 25 18 smartDeviceLinkCore
12:03:55 1000 17610 0.16 0.04 0.00 0.00 0.20 1 3.99 0.00 354592 77024 1.93 0.01 12.45 0.00 36 25 18 smartDeviceLinkCore
12:03:58 1000 17610 0.16 0.04 0.00 0.00 0.20 1 3.99 0.00 354592 77024 1.93 0.01 12.44 0.00 36 25 18 smartDeviceLinkCore
12:04:01 1000 17610 0.16 0.04 0.00 0.00 0.20 1 3.99 0.00 354592 77024 1.93 0.01 12.44 0.00 36 25 18 smartDeviceLinkCore
12:04:04 1000 17610 0.16 0.04 0.00 0.00 0.20 1 3.99 0.00 354592 77024 1.93 0.01 12.43 0.00 36 25 18 smartDeviceLinkCore
12:04:07 1000 17610 0.16 0.04 0.00 0.00 0.20 1 3.98 0.00 354592 77024 1.93 0.01 12.42 0.00 36 25 18 smartDeviceLinkCore
12:04:10 1000 17610 0.16 0.04 0.00 0.00 0.20 1 3.98 0.00 354592 77024 1.93 0.01 12.42 0.00 36 25 18 smartDeviceLinkCore
12:04:13 1000 17610 0.16 0.04 0.00 0.00 0.20 1 3.98 0.00 354592 77024 1.93 0.01 12.41 0.00 36 25 18 smartDeviceLinkCore
12:04:16 1000 17610 0.16 0.04 0.00 0.00 0.20 1 3.98 0.00 354592 77024 1.93 0.01 12.40 0.00 36 25 18 smartDeviceLinkCore
12:04:19 1000 17610 0.16 0.04 0.00 0.00 0.20 1 3.97 0.00 354592 77024 1.93 0.01 12.39 0.00 36 25 18 smartDeviceLinkCore
12:04:22 1000 17610 0.16 0.04 0.00 0.00 0.20 1 3.97 0.00 354592 77024 1.93 0.01 12.39 0.00 36 25 18 smartDeviceLinkCore
12:04:25 1000 17610 0.16 0.04 0.00 0.00 0.20 1 3.97 0.00 354592 77024 1.93 0.01 12.38 0.00 36 25 18 smartDeviceLinkCore
12:04:28 1000 17610 0.16 0.04 0.00 0.00 0.20 1 3.97 0.00 354592 77024 1.93 0.01 12.37 0.00 36 25 18 smartDeviceLinkCore
12:04:31 1000 17610 0.16 0.04 0.00 0.00 0.20 1 3.97 0.00 354592 77024 1.93 0.01 12.37 0.00 36 25 18 smartDeviceLinkCore
12:04:34 1000 17610 0.16 0.04 0.00 0.00 0.20 1 3.96 0.00 354592 77024 1.93 0.01 12.36 0.00 36 25 18 smartDeviceLinkCore
12:04:37 1000 17610 0.16 0.04 0.00 0.00 0.20 1 3.96 0.00 354592 77024 1.93 0.01 12.35 0.00 36 25 18 smartDeviceLinkCore
12:04:40 1000 17610 0.16 0.04 0.00 0.00 0.20 1 3.96 0.00 354592 77024 1.93 0.01 12.34 0.00 36 25 18 smartDeviceLinkCore
12:04:43 1000 17610 0.16 0.04 0.00 0.00 0.20 1 3.96 0.00 354592 77024 1.93 0.01 12.34 0.00 36 25 18 smartDeviceLinkCore
12:04:46 1000 17610 0.16 0.04 0.00 0.00 0.20 1 3.95 0.00 354592 77024 1.93 0.01 12.33 0.00 36 25 18 smartDeviceLinkCore
12:04:49 1000 17610 0.16 0.04 0.00 0.00 0.20 1 3.95 0.00 354592 77024 1.93 0.01 12.32 0.00 36 25 18 smartDeviceLinkCore
12:04:52 1000 17610 0.16 0.04 0.00 0.00 0.20 1 3.95 0.00 354592 77024 1.93 0.01 12.32 0.00 36 25 18 smartDeviceLinkCore
12:04:55 1000 17610 0.16 0.04 0.00 0.00 0.20 1 3.95 0.00 354592 77024 1.93 0.01 12.31 0.00 36 25 18 smartDeviceLinkCore
12:04:58 1000 17610 0.16 0.04 0.00 0.00 0.20 1 3.95 0.00 354592 77024 1.93 0.01 12.30 0.00 36 25 18 smartDeviceLinkCore
12:05:01 1000 17610 0.16 0.04 0.00 0.00 0.20 1 3.94 0.00 354592 77024 1.93 0.01 12.30 0.00 36 25 18 smartDeviceLinkCore
12:05:04 1000 17610 0.16 0.04 0.00 0.00 0.20 1 3.94 0.00 354592 77024 1.93 0.01 12.29 0.00 36 25 18 smartDeviceLinkCore
12:05:07 1000 17610 0.16 0.04 0.00 0.00 0.20 1 3.94 0.00 354592 77024 1.93 0.01 12.28 0.00 36 25 18 smartDeviceLinkCore
12:05:10 1000 17610 0.16 0.04 0.00 0.00 0.20 1 3.94 0.00 354592 77024 1.93 0.01 12.27 0.00 36 25 18 smartDeviceLinkCore
12:05:13 1000 17610 0.16 0.04 0.00 0.00 0.20 1 3.93 0.00 354592 77024 1.93 0.01 12.27 0.00 36 25 18 smartDeviceLinkCore
12:05:16 1000 17610 0.16 0.04 0.00 0.00 0.20 1 3.93 0.00 354592 77024 1.93 0.01 12.26 0.00 36 25 18 smartDeviceLinkCore
12:05:19 1000 17610 0.16 0.04 0.00 0.00 0.20 1 3.93 0.00 354592 77024 1.93 0.01 12.25 0.00 36 25 18 smartDeviceLinkCore
12:05:22 1000 17610 0.16 0.04 0.00 0.00 0.20 1 3.93 0.00 354592 77024 1.93 0.01 12.25 0.00 36 25 18 smartDeviceLinkCore
12:05:25 1000 17610 0.16 0.04 0.00 0.00 0.20 1 3.93 0.00 354592 77024 1.93 0.01 12.24 0.00 36 25 18 smartDeviceLinkCore
12:05:28 1000 17610 0.16 0.04 0.00 0.00 0.20 1 3.92 0.00 354592 77024 1.93 0.01 12.23 0.00 36 25 18 smartDeviceLinkCore
12:05:31 1000 17610 0.16 0.04 0.00 0.00 0.20 1 3.92 0.00 354592 77024 1.93 0.01 12.23 0.00 36 25 18 smartDeviceLinkCore
12:05:34 1000 17610 0.16 0.04 0.00 0.00 0.20 1 3.92 0.00 354592 77024 1.93 0.01 12.22 0.00 36 25 18 smartDeviceLinkCore
12:05:37 1000 17610 0.16 0.04 0.00 0.00 0.20 1 3.92 0.00 354592 77024 1.93 0.01 12.21 0.00 36 25 18 smartDeviceLinkCore
12:05:40 1000 17610 0.16 0.04 0.00 0.00 0.20 1 3.91 0.00 354592 77024 1.93 0.01 12.21 0.00 36 25 18 smartDeviceLinkCore
12:05:43 1000 17610 0.16 0.04 0.00 0.00 0.20 1 3.91 0.00 354592 77024 1.93 0.01 12.20 0.00 36 25 18 smartDeviceLinkCore
12:05:46 1000 17610 0.16 0.04 0.00 0.00 0.20 1 3.91 0.00 354592 77024 1.93 0.01 12.19 0.00 36 25 18 smartDeviceLinkCore
12:05:49 1000 17610 0.16 0.04 0.00 0.00 0.20 1 3.91 0.00 354592 77024 1.93 0.01 12.19 0.00 36 25 18 smartDeviceLinkCore
12:05:52 1000 17610 0.16 0.04 0.00 0.00 0.20 1 3.91 0.00 354592 77024 1.93 0.01 12.18 0.00 36 25 18 smartDeviceLinkCore
12:05:55 1000 17610 0.16 0.04 0.00 0.00 0.20 1 3.90 0.00 354592 77024 1.93 0.01 12.17 0.00 36 25 18 smartDeviceLinkCore
12:05:58 1000 17610 0.16 0.04 0.00 0.00 0.20 1 3.90 0.00 354592 77024 1.93 0.01 12.16 0.00 36 25 18 smartDeviceLinkCore
12:06:01 1000 17610 0.16 0.04 0.00 0.00 0.20 1 3.90 0.00 354592 77024 1.93 0.01 12.16 0.00 36 25 18 smartDeviceLinkCore
12:06:04 1000 17610 0.16 0.04 0.00 0.00 0.20 1 3.90 0.00 354592 77024 1.93 0.01 12.15 0.00 36 25 18 smartDeviceLinkCore
12:06:07 1000 17610 0.16 0.04 0.00 0.00 0.20 1 3.89 0.00 354592 77024 1.93 0.01 12.14 0.00 36 25 18 smartDeviceLinkCore
12:06:10 1000 17610 0.15 0.04 0.00 0.00 0.20 1 3.89 0.00 354592 77024 1.93 0.01 12.14 0.00 36 25 18 smartDeviceLinkCore
12:06:13 1000 17610 0.15 0.04 0.00 0.00 0.20 1 3.89 0.00 354592 77024 1.93 0.01 12.13 0.00 36 25 18 smartDeviceLinkCore
