11:45:46:661855621 11:45:45 0.0 0 00:00:00 0.3 15290 1
11:45:49:507063749 11:45:45 23.6 236 00:00:00 2.0 83129 26
11:45:52:498798945 11:45:45 11.8 118 00:00:00 2.0 83129 26
11:45:55:497553064 11:45:45 16.6 166 00:00:01 2.0 99521 34
11:45:58:504486587 11:45:45 17.8 178 00:00:02 2.1 103619 36
11:46:01:541440933 11:45:45 14.4 144 00:00:02 2.1 103619 36
11:46:04:556200869 11:45:45 12.1 121 00:00:02 2.1 103619 36
11:46:07:558215952 11:45:45 10.4 104 00:00:02 2.1 103619 36
11:46:10:535967197 11:45:45 10.7 107 00:00:02 2.1 101570 31
11:46:13:601171154 11:45:45 9.5 95 00:00:02 2.1 101570 31
11:46:16:588578882 11:45:45 8.6 86 00:00:02 2.1 101570 31
11:46:19:598911803 11:45:45 8.5 85 00:00:02 2.1 101570 31
11:46:22:594246540 11:45:45 7.9 79 00:00:02 2.1 101570 31
11:46:25:604479639 11:45:45 7.3 73 00:00:02 2.1 101570 31
11:46:28:615265908 11:45:45 6.7 67 00:00:02 2.1 101570 31
11:46:31:618751767 11:45:45 6.8 68 00:00:03 2.1 101570 31
11:46:34:639973484 11:45:45 6.3 63 00:00:03 2.1 101570 31
11:46:37:636943587 11:45:45 6.0 60 00:00:03 2.1 101570 31
11:46:40:637678065 11:45:45 6.0 60 00:00:03 2.1 101570 31
11:46:43:654578374 11:45:45 5.7 57 00:00:03 2.1 101570 31
11:46:46:661183770 11:45:45 5.5 55 00:00:03 2.1 101570 31
11:46:49:644022194 11:45:45 5.4 54 00:00:03 2.1 101570 31
11:46:52:678737224 11:45:45 5.4 54 00:00:03 2.1 101570 31
11:46:55:684175950 11:45:45 5.1 51 00:00:03 2.1 101570 31
11:46:58:686272166 11:45:45 4.9 49 00:00:03 2.1 101570 31
11:47:01:688423567 11:45:45 5.1 51 00:00:03 2.1 101570 31
11:47:04:697508829 11:45:45 4.9 49 00:00:03 2.1 101570 31
11:47:07:706503370 11:45:45 4.7 47 00:00:03 2.1 101570 31
11:47:10:720688842 11:45:45 4.8 48 00:00:04 2.1 101570 31
11:47:13:724717376 11:45:45 4.7 47 00:00:04 2.1 101570 31
11:47:16:735090752 11:45:45 4.5 45 00:00:04 2.1 101570 31
11:47:19:738444357 11:45:45 4.4 44 00:00:04 2.1 101570 31
11:47:22:729938173 11:45:45 4.5 45 00:00:04 2.1 101570 31
11:47:25:762346284 11:45:45 4.4 44 00:00:04 2.1 101570 31
11:47:28:760864154 11:45:45 4.2 42 00:00:04 2.1 101570 31
11:47:31:755052873 11:45:45 4.4 44 00:00:04 2.1 101570 31
11:47:34:783464655 11:45:45 4.2 42 00:00:04 2.1 101570 31
11:47:37:780386975 11:45:45 4.1 41 00:00:04 2.1 101570 31
11:47:40:762759456 11:45:45 4.1 41 00:00:04 2.1 101570 31
11:47:43:806061489 11:45:45 4.1 41 00:00:04 2.1 101570 31
11:47:46:804788611 11:45:45 4.0 40 00:00:04 2.1 101570 31
11:47:49:806124357 11:45:45 3.9 39 00:00:04 2.1 101570 31
11:47:52:805050843 11:45:45 4.0 40 00:00:05 2.1 101570 31
11:47:55:825025841 11:45:45 3.9 39 00:00:05 2.1 101570 31
11:47:58:836270764 11:45:45 3.8 38 00:00:05 2.1 101570 31
11:48:01:814058261 11:45:45 3.8 38 00:00:05 2.1 101570 31
11:48:04:841529449 11:45:45 3.9 39 00:00:05 2.1 101570 31
11:48:07:849588767 11:45:45 3.8 38 00:00:05 2.1 101570 31
11:48:10:854570001 11:45:45 3.7 37 00:00:05 2.1 101570 31
11:48:13:863368746 11:45:45 3.8 38 00:00:05 2.1 101570 31
11:48:16:869561846 11:45:45 3.7 37 00:00:05 2.1 101570 31
11:48:19:882807764 11:45:45 3.7 37 00:00:05 2.1 101570 31
11:48:22:876788689 11:45:45 3.7 37 00:00:05 2.1 101570 31
11:48:25:893086582 11:45:45 3.7 37 00:00:05 2.1 101570 31
11:48:28:900201725 11:45:45 3.6 36 00:00:05 2.1 101570 31
11:48:31:923560583 11:45:45 3.5 35 00:00:05 2.1 101570 31
11:48:34:912911111 11:45:45 3.6 36 00:00:06 2.1 101570 31
11:48:37:920962193 11:45:45 3.6 36 00:00:06 2.1 101570 31
11:48:40:935382248 11:45:45 3.5 35 00:00:06 2.1 101570 31
11:48:43:918847110 11:45:45 3.6 36 00:00:06 2.1 101570 31
11:48:46:935592896 11:45:45 3.5 35 00:00:06 2.1 101570 31
11:48:49:945395771 11:45:45 3.5 35 00:00:06 2.1 101570 31
11:48:52:928657791 11:45:45 3.5 35 00:00:06 2.1 101570 31
11:48:55:961518787 11:45:45 3.5 35 00:00:06 2.1 101570 31
11:48:58:966583972 11:45:45 3.5 35 00:00:06 2.1 101570 31
11:49:01:986577380 11:45:45 3.4 34 00:00:06 2.1 101570 31
11:49:04:980657795 11:45:45 3.5 35 00:00:07 2.1 101570 31
11:49:07:993308868 11:45:45 3.4 34 00:00:07 2.1 101570 31
11:49:10:997539862 11:45:45 3.4 34 00:00:07 2.1 101570 31
11:49:14:007052772 11:45:45 3.5 35 00:00:07 2.1 101570 31
11:49:17:015725037 11:45:45 3.4 34 00:00:07 2.1 101570 31
11:49:20:018089255 11:45:45 3.4 34 00:00:07 2.1 101570 31
11:49:23:026720448 11:45:45 3.3 33 00:00:07 2.1 101570 31
11:49:26:034449390 11:45:45 3.4 34 00:00:07 2.1 101570 31
11:49:29:036989828 11:45:45 3.3 33 00:00:07 2.1 101570 31
11:49:32:058271002 11:45:45 3.3 33 00:00:07 2.1 101570 31
11:49:35:044495810 11:45:45 3.3 33 00:00:07 2.1 101570 31
11:49:38:065142056 11:45:45 3.3 33 00:00:07 2.1 101570 31
11:49:41:072731290 11:45:45 3.3 33 00:00:07 2.1 101570 31
11:49:44:055563117 11:45:45 3.3 33 00:00:07 2.1 101570 31
11:49:47:086754407 11:45:45 3.3 33 00:00:08 2.1 101570 31
11:49:50:101490179 11:45:45 3.2 32 00:00:08 2.1 101570 31
11:49:53:101884417 11:45:45 3.2 32 00:00:08 2.1 101570 31
11:49:56:092111844 11:45:45 3.3 33 00:00:08 2.1 101570 31
11:49:59:116155469 11:45:45 3.2 32 00:00:08 2.1 101570 31
11:50:02:127787781 11:45:45 3.2 32 00:00:08 2.1 101570 31
11:50:05:128326517 11:45:45 3.3 33 00:00:08 2.1 101570 31
11:50:08:133281767 11:45:45 3.2 32 00:00:08 2.1 101570 31
11:50:11:144060155 11:45:45 3.2 32 00:00:08 2.1 101570 31
11:50:14:146304991 11:45:45 3.2 32 00:00:08 2.1 101570 31
11:50:17:152483902 11:45:45 3.2 32 00:00:08 2.1 101570 31
11:50:20:161262521 11:45:45 3.2 32 00:00:08 2.1 101570 31
11:50:23:175334327 11:45:45 3.1 31 00:00:08 2.1 101570 31
11:50:26:159501155 11:45:45 3.2 32 00:00:09 2.1 101570 31
11:50:29:181214450 11:45:45 3.2 32 00:00:09 2.1 101570 31
11:50:32:187861525 11:45:45 3.1 31 00:00:09 2.1 101570 31
11:50:35:173107110 11:45:45 3.1 31 00:00:09 2.1 101570 31
11:50:38:197624435 11:45:45 3.2 32 00:00:09 2.1 101570 31
11:50:41:206945035 11:45:45 3.1 31 00:00:09 2.1 101570 31
11:50:44:212164655 11:45:45 3.1 31 00:00:09 2.1 101570 31
11:50:47:213875708 11:45:45 3.2 32 00:00:09 2.1 101570 31
11:50:50:254686627 11:45:45 3.1 31 00:00:09 2.1 101570 31
11:50:53:245648647 11:45:45 3.1 31 00:00:09 2.1 101570 31
11:50:56:222877973 11:45:45 3.1 31 00:00:09 2.1 101570 31
11:50:59:257714705 11:45:45 3.1 31 00:00:09 1.9 88648 26
11:51:02:283518609 11:45:45 3.1 31 00:00:09 1.9 88648 26
11:51:05:279851152 11:45:45 3.1 31 00:00:09 1.9 88648 26
11:51:08:283847197 11:45:45 3.0 30 00:00:09 1.9 88648 25
11:51:11:296047099 11:45:45 3.0 30 00:00:09 1.9 88648 25
11:51:14:316705150 11:45:45 3.0 30 00:00:09 1.9 88648 25
11:51:17:314811497 11:45:45 3.0 30 00:00:09 1.9 88648 25
11:51:20:322523542 11:45:45 2.9 29 00:00:09 1.9 88648 25
11:51:23:324158626 11:45:45 2.9 29 00:00:09 1.9 88648 25
11:51:26:336042033 11:45:45 2.9 29 00:00:09 1.9 88648 25
11:51:29:345035442 11:45:45 2.9 29 00:00:09 1.9 88648 25
11:51:32:352061061 11:45:45 2.8 28 00:00:09 1.9 88648 25
11:51:35:366463825 11:45:45 2.8 28 00:00:09 1.9 88648 25
11:51:38:368330965 11:45:45 2.8 28 00:00:09 1.9 88648 25
11:51:41:382607586 11:45:45 2.8 28 00:00:09 1.9 88648 25
11:51:44:394435428 11:45:45 2.7 27 00:00:09 1.9 88648 25
11:51:47:403368898 11:45:45 2.7 27 00:00:09 1.9 88648 25
11:51:50:400231699 11:45:45 2.7 27 00:00:09 1.9 88648 25
11:51:53:413494629 11:45:45 2.7 27 00:00:09 1.9 88648 25
11:51:56:429034161 11:45:45 2.6 26 00:00:09 1.9 88648 25
11:51:59:438300296 11:45:45 2.6 26 00:00:09 1.9 88648 25
11:52:02:445239594 11:45:45 2.6 26 00:00:09 1.9 88648 25
11:52:05:442328501 11:45:45 2.6 26 00:00:09 1.9 88648 25
11:52:08:455567413 11:45:45 2.6 26 00:00:09 1.9 88648 25
11:52:11:469027612 11:45:45 2.5 25 00:00:09 1.9 88648 25
11:52:14:476317803 11:45:45 2.5 25 00:00:09 1.9 88648 25
11:52:17:483901788 11:45:45 2.5 25 00:00:09 1.9 88648 25
11:52:20:492846796 11:45:45 2.5 25 00:00:09 1.9 88648 25
11:52:23:497197720 11:45:45 2.5 25 00:00:09 1.9 88648 25
11:52:26:511658964 11:45:45 2.5 25 00:00:10 1.9 88648 25
11:52:29:517869781 11:45:45 2.4 24 00:00:10 1.9 88648 25
11:52:32:524282697 11:45:45 2.4 24 00:00:10 1.9 88648 25
11:52:35:531698302 11:45:45 2.4 24 00:00:10 1.9 88648 25
11:52:38:535071710 11:45:45 2.4 24 00:00:10 1.9 88648 25
11:52:41:549201250 11:45:45 2.4 24 00:00:10 1.9 88648 25
11:52:44:553925229 11:45:45 2.3 23 00:00:10 1.9 88648 25
11:52:47:554283505 11:45:45 2.3 23 00:00:10 1.9 88648 25
11:52:50:566007107 11:45:45 2.3 23 00:00:10 1.9 88648 25
11:52:53:573779487 11:45:45 2.3 23 00:00:10 1.9 88648 25
11:52:56:590713156 11:45:45 2.3 23 00:00:10 1.9 88648 25
11:52:59:602707413 11:45:45 2.3 23 00:00:10 1.9 88648 25
11:53:02:609718229 11:45:45 2.2 22 00:00:10 1.9 88648 25
11:53:05:621664252 11:45:45 2.2 22 00:00:10 1.9 88648 25
11:53:08:628488433 11:45:45 2.2 22 00:00:10 1.9 88648 25
11:53:11:636469780 11:45:45 2.2 22 00:00:10 1.9 88648 25
11:53:14:646301648 11:45:45 2.2 22 00:00:10 1.9 88648 25
11:53:17:657090776 11:45:45 2.2 22 00:00:10 1.9 88648 25
11:53:20:664707430 11:45:45 2.2 22 00:00:10 1.9 88648 25
11:53:23:663896104 11:45:45 2.1 21 00:00:10 1.9 88648 25
11:53:26:676263830 11:45:45 2.1 21 00:00:10 1.9 88648 25
11:53:29:684811708 11:45:45 2.1 21 00:00:10 1.9 88648 25
11:53:32:693905934 11:45:45 2.1 21 00:00:10 1.9 88648 25
11:53:35:691100846 11:45:45 2.1 21 00:00:10 1.9 88648 25
11:53:38:703310277 11:45:45 2.1 21 00:00:10 1.9 88648 25
11:53:41:716208274 11:45:45 2.1 21 00:00:10 1.9 88648 25
11:53:44:723216267 11:45:45 2.1 21 00:00:10 1.9 88648 25
11:53:47:736738076 11:45:45 2.0 20 00:00:10 1.9 88648 25
11:53:50:740955959 11:45:45 2.0 20 00:00:10 1.9 88648 25
11:53:53:752957136 11:45:45 2.0 20 00:00:10 1.9 88648 25
11:53:56:763308804 11:45:45 2.0 20 00:00:10 1.9 88648 25
11:53:59:766427375 11:45:45 2.0 20 00:00:10 1.9 88648 25
11:54:02:767735183 11:45:45 2.0 20 00:00:10 1.9 88648 25
11:54:05:780634386 11:45:45 2.0 20 00:00:10 1.9 88648 25
11:54:08:792369180 11:45:45 2.0 20 00:00:10 1.9 88648 25
11:54:11:801978283 11:45:45 1.9 19 00:00:10 1.9 88648 25
11:54:14:812529645 11:45:45 1.9 19 00:00:10 1.9 88648 25
11:54:17:813470371 11:45:45 1.9 19 00:00:10 1.9 88648 25
11:54:20:826104958 11:45:45 1.9 19 00:00:10 1.9 88648 25
11:54:23:833855459 11:45:45 1.9 19 00:00:10 1.9 88648 25
11:54:26:837674222 11:45:45 1.9 19 00:00:10 1.9 88648 25
11:54:29:844001810 11:45:45 1.9 19 00:00:10 1.9 88648 25
11:54:32:855298658 11:45:45 1.9 19 00:00:10 1.9 88648 25
11:54:35:865663814 11:45:45 1.9 19 00:00:10 1.9 88648 25
11:54:38:869841553 11:45:45 1.8 18 00:00:10 1.9 88648 25
11:54:41:873360616 11:45:45 1.8 18 00:00:10 1.9 88648 25
11:54:44:885392254 11:45:45 1.8 18 00:00:10 1.9 88648 25
11:54:47:895823142 11:45:45 1.8 18 00:00:10 1.9 88648 25
11:54:50:905445320 11:45:45 1.8 18 00:00:10 1.9 88648 25
11:54:53:902987256 11:45:45 1.8 18 00:00:10 1.9 88648 25
11:54:56:919570466 11:45:45 1.8 18 00:00:10 1.9 88648 25
11:54:59:927601591 11:45:45 1.8 18 00:00:10 1.9 88648 25
11:55:02:932155540 11:45:45 1.8 18 00:00:10 1.9 88648 25
11:55:05:935764930 11:45:45 1.8 18 00:00:10 1.9 88648 25
11:55:08:946391482 11:45:45 1.7 17 00:00:10 1.9 88648 25
11:55:11:958823669 11:45:45 1.7 17 00:00:10 1.9 88648 25
11:55:14:972543287 11:45:45 1.7 17 00:00:10 1.9 88648 25
11:55:17:975271788 11:45:45 1.7 17 00:00:10 1.9 88648 25
11:55:20:990173866 11:45:45 1.7 17 00:00:10 1.9 88648 25
11:55:23:990905854 11:45:45 1.7 17 00:00:10 1.9 88648 25
11:55:27:000263797 11:45:45 1.7 17 00:00:10 1.9 88648 25
11:55:30:005023973 11:45:45 1.7 17 00:00:10 1.9 88648 25
11:55:33:007654781 11:45:45 1.7 17 00:00:10 1.9 88648 25
11:55:36:019855512 11:45:45 1.7 17 00:00:10 1.9 88648 25
11:55:39:034412166 11:45:45 1.7 17 00:00:10 1.9 88648 25
11:55:42:043005761 11:45:45 1.6 16 00:00:10 1.9 88648 25
11:55:45:053258088 11:45:45 1.6 16 00:00:10 1.9 88648 25
11:55:48:054612799 11:45:45 1.6 16 00:00:10 1.9 88648 25
11:55:51:068759401 11:45:45 1.6 16 00:00:10 1.9 88648 25
11:55:54:076628767 11:45:45 1.6 16 00:00:10 1.9 88648 25
11:55:57:086571968 11:45:45 1.6 16 00:00:10 1.9 88648 25
11:56:00:090174434 11:45:45 1.6 16 00:00:10 1.9 88648 25
11:56:03:099052569 11:45:45 1.6 16 00:00:10 1.9 88648 25
11:56:06:112122547 11:45:45 1.6 16 00:00:10 1.9 88648 25
11:56:09:114552994 11:45:45 1.6 16 00:00:10 1.9 88648 25
11:56:12:124033370 11:45:45 1.6 16 00:00:10 1.9 88648 25
11:56:15:125936048 11:45:45 1.6 16 00:00:10 1.9 88648 25
11:56:18:137193961 11:45:45 1.6 16 00:00:10 1.9 88648 25
11:56:21:151993703 11:45:45 1.5 15 00:00:10 1.9 88648 25
11:56:24:160298322 11:45:45 1.5 15 00:00:10 1.9 88648 25
11:56:27:166611297 11:45:45 1.5 15 00:00:10 1.9 88648 25
11:56:30:168144824 11:45:45 1.5 15 00:00:10 1.9 88648 25
11:56:33:184893342 11:45:45 1.5 15 00:00:10 1.9 88648 25
11:56:36:192048775 11:45:45 1.5 15 00:00:10 1.9 88648 25
11:56:39:202737996 11:45:45 1.5 15 00:00:10 1.9 88648 25
11:56:42:207382595 11:45:45 1.5 15 00:00:10 1.9 88648 25
11:56:45:221633019 11:45:45 1.5 15 00:00:10 1.9 88648 25
11:56:48:232914829 11:45:45 1.5 15 00:00:10 1.9 88648 25
11:56:51:236839216 11:45:45 1.5 15 00:00:10 1.9 88648 25
11:56:54:237277499 11:45:45 1.5 15 00:00:10 1.9 88648 25
11:56:57:251447232 11:45:45 1.5 15 00:00:10 1.9 88648 25
11:57:00:259174082 11:45:45 1.5 15 00:00:10 1.9 88648 25
11:57:03:272757910 11:45:45 1.5 15 00:00:10 1.9 88648 25
11:57:06:282875601 11:45:45 1.4 14 00:00:10 1.9 88648 25
11:57:09:285099290 11:45:45 1.4 14 00:00:10 1.9 88648 25
11:57:12:296674167 11:45:45 1.4 14 00:00:10 1.9 88648 25
11:57:15:307972190 11:45:45 1.4 14 00:00:10 1.9 88648 25
11:57:18:314391937 11:45:45 1.4 14 00:00:10 1.9 88648 25
11:57:21:316124390 11:45:45 1.4 14 00:00:10 1.9 88648 25
11:57:24:328589189 11:45:45 1.4 14 00:00:10 1.9 88648 25
11:57:27:343102364 11:45:45 1.4 14 00:00:10 1.9 88648 25
11:57:30:349241715 11:45:45 1.4 14 00:00:10 1.9 88648 25
11:57:33:360415455 11:45:45 1.4 14 00:00:10 1.9 88648 25
11:57:36:359274268 11:45:45 1.4 14 00:00:10 1.9 88648 25
11:57:39:371104596 11:45:45 1.4 14 00:00:10 1.9 88648 25
11:57:42:384653239 11:45:45 1.4 14 00:00:10 1.9 88648 25
11:57:45:392653373 11:45:45 1.4 14 00:00:10 1.9 88648 25
11:57:48:401131764 11:45:45 1.4 14 00:00:10 1.9 88648 25
11:57:51:404056540 11:45:45 1.4 14 00:00:10 1.9 88648 25
11:57:54:415399933 11:45:45 1.4 14 00:00:10 1.9 88648 25
11:57:57:419225310 11:45:45 1.3 13 00:00:10 1.9 88648 25
11:58:00:430590671 11:45:45 1.3 13 00:00:10 1.9 88648 25
11:58:03:431082490 11:45:45 1.3 13 00:00:10 1.9 88648 25
11:58:06:444339711 11:45:45 1.3 13 00:00:10 1.9 88648 25
11:58:09:452187840 11:45:45 1.3 13 00:00:10 1.9 88648 25
11:58:12:463520907 11:45:45 1.3 13 00:00:10 1.9 88648 25
11:58:15:465528650 11:45:45 1.3 13 00:00:10 1.9 88648 25
11:58:18:473878033 11:45:45 1.3 13 00:00:10 1.9 88648 25
11:58:21:485151658 11:45:45 1.3 13 00:00:10 1.9 88648 25
11:58:24:494966226 11:45:45 1.3 13 00:00:10 1.9 88648 25
11:58:27:505155905 11:45:45 1.3 13 00:00:10 1.9 88648 25
11:58:30:502377959 11:45:45 1.3 13 00:00:10 1.9 88648 25
11:58:33:519068776 11:45:45 1.3 13 00:00:10 1.9 88648 25
11:58:36:528644943 11:45:45 1.3 13 00:00:10 1.9 88648 25
11:58:39:532065995 11:45:45 1.3 13 00:00:10 1.9 88648 25
11:58:42:536379828 11:45:45 1.3 13 00:00:10 1.9 88648 25
11:58:45:549632874 11:45:45 1.3 13 00:00:10 1.9 88648 25
11:58:48:559782154 11:45:45 1.3 13 00:00:10 1.9 88648 25
11:58:51:565361985 11:45:45 1.3 13 00:00:10 1.9 88648 25
11:58:54:583787090 11:45:45 1.2 12 00:00:10 1.9 88648 25
11:58:57:588803221 11:45:45 1.2 12 00:00:10 1.9 88648 25
11:59:00:596975258 11:45:45 1.2 12 00:00:10 1.9 88648 25
11:59:03:605866767 11:45:45 1.2 12 00:00:10 1.9 88648 25
11:59:06:616705208 11:45:45 1.2 12 00:00:10 1.9 88648 25
11:59:09:622987828 11:45:45 1.2 12 00:00:10 1.9 88648 25
11:59:12:629134343 11:45:45 1.2 12 00:00:10 1.9 88648 25
11:59:15:637913196 11:45:45 1.2 12 00:00:10 1.9 88648 25
11:59:18:654968254 11:45:45 1.2 12 00:00:10 1.9 88648 25
11:59:21:661700307 11:45:45 1.2 12 00:00:10 1.9 88648 25
11:59:24:666768112 11:45:45 1.2 12 00:00:10 1.9 88648 25
11:59:27:670637793 11:45:45 1.2 12 00:00:10 1.9 88648 25
11:59:30:686958907 11:45:45 1.2 12 00:00:10 1.9 88648 25
11:59:33:710388063 11:45:45 1.2 12 00:00:10 1.9 88648 25
11:59:36:720755003 11:45:45 1.2 12 00:00:10 1.9 88648 25
11:59:39:730782561 11:45:45 1.2 12 00:00:10 1.9 88648 25
11:59:42:743793632 11:45:45 1.2 12 00:00:10 1.9 88648 25
11:59:45:747081176 11:45:45 1.2 12 00:00:10 1.9 88648 25
11:59:48:765899813 11:45:45 1.2 12 00:00:10 1.9 88648 25
11:59:51:768463886 11:45:45 1.2 12 00:00:10 1.9 88648 25
11:59:54:774500366 11:45:45 1.2 12 00:00:10 1.9 88648 25
11:59:57:778320807 11:45:45 1.2 12 00:00:10 1.9 88648 25
12:00:00:799861904 11:45:45 1.2 12 00:00:10 1.9 88648 25
12:00:03:810945717 11:45:45 1.1 11 00:00:10 1.9 88648 25
12:00:06:820874152 11:45:45 1.1 11 00:00:10 1.9 88648 25
12:00:09:818061572 11:45:45 1.1 11 00:00:10 1.9 88648 25
12:00:12:833914562 11:45:45 1.1 11 00:00:10 1.9 88648 25
12:00:15:845168341 11:45:45 1.1 11 00:00:10 1.9 88648 25
12:00:18:849911726 11:45:45 1.1 11 00:00:10 1.9 88648 25
12:00:21:861335843 11:45:45 1.1 11 00:00:10 1.9 88648 25
12:00:24:863039378 11:45:45 1.1 11 00:00:10 1.9 88648 25
12:00:27:875048537 11:45:45 1.1 11 00:00:10 1.9 88648 25
12:00:30:885924088 11:45:45 1.1 11 00:00:10 1.9 88648 25
12:00:33:898122730 11:45:45 1.1 11 00:00:10 1.9 88648 25
12:00:36:907252968 11:45:45 1.1 11 00:00:10 1.9 88648 25
12:00:39:910507466 11:45:45 1.1 11 00:00:10 1.9 88648 25
12:00:42:920666740 11:45:45 1.1 11 00:00:10 1.9 88648 25
12:00:45:927221041 11:45:45 1.1 11 00:00:10 1.9 88648 25
12:00:48:929829317 11:45:45 1.1 11 00:00:10 1.9 88648 25
12:00:51:939890411 11:45:45 1.1 11 00:00:10 1.9 88648 25
12:00:54:951672206 11:45:45 1.1 11 00:00:10 1.9 88648 25
12:00:57:964803892 11:45:45 1.1 11 00:00:10 1.9 88648 25
12:01:00:970239679 11:45:45 1.1 11 00:00:10 1.9 88648 25
12:01:04:032590752 11:45:45 1.1 11 00:00:10 1.9 88648 25
12:01:06:991157506 11:45:45 1.1 11 00:00:10 1.9 88648 25
12:01:10:000369941 11:45:45 1.1 11 00:00:10 1.9 88648 25
12:01:12:999590079 11:45:45 1.1 11 00:00:10 1.9 88648 25
12:01:16:010772955 11:45:45 1.1 11 00:00:10 1.9 88648 25
12:01:19:020567258 11:45:45 1.1 11 00:00:10 1.9 88648 25
12:01:22:034040230 11:45:45 1.1 11 00:00:10 1.9 88648 25
12:01:25:040525343 11:45:45 1.1 11 00:00:10 1.9 88648 25
12:01:28:049323407 11:45:45 1.0 10 00:00:10 1.9 88648 25
12:01:31:052282115 11:45:45 1.0 10 00:00:10 1.9 88648 25
12:01:34:062771097 11:45:45 1.0 10 00:00:10 1.9 88648 25
12:01:37:073359198 11:45:45 1.0 10 00:00:10 1.9 88648 25
12:01:40:083681992 11:45:45 1.0 10 00:00:10 1.9 88648 25
12:01:43:089153875 11:45:45 1.0 10 00:00:10 1.9 88648 25
12:01:46:101499421 11:45:45 1.0 10 00:00:10 1.9 88648 25
12:01:49:101640420 11:45:45 1.0 10 00:00:10 1.9 88648 25
12:01:52:111901013 11:45:45 1.0 10 00:00:10 1.9 88648 25
12:01:55:123770925 11:45:45 1.0 10 00:00:10 1.9 88648 25
12:01:58:132727891 11:45:45 1.0 10 00:00:10 1.9 88648 25
12:02:01:135565271 11:45:45 1.0 10 00:00:10 1.9 88648 25
12:02:04:148107207 11:45:45 1.0 10 00:00:10 1.9 88648 25
12:02:07:149379828 11:45:45 1.0 10 00:00:10 1.9 88648 25
12:02:10:162683861 11:45:45 1.0 10 00:00:10 1.9 88648 25
12:02:13:173667434 11:45:45 1.0 10 00:00:10 1.9 88648 25
12:02:16:176619650 11:45:45 1.0 10 00:00:10 1.9 88648 25
12:02:19:180159418 11:45:45 1.0 10 00:00:10 1.9 88648 25
12:02:22:191680051 11:45:45 1.0 10 00:00:10 1.9 88648 25
12:02:25:202496090 11:45:45 1.0 10 00:00:10 1.9 88648 25
12:02:28:209259329 11:45:45 1.0 10 00:00:10 1.9 88648 25
12:02:31:210825225 11:45:45 1.0 10 00:00:10 1.9 88648 25
12:02:34:226123499 11:45:45 1.0 10 00:00:10 1.9 88648 25
12:02:37:237259405 11:45:45 1.0 10 00:00:10 1.9 88648 25
12:02:40:246052730 11:45:45 1.0 10 00:00:10 1.9 88648 25
12:02:43:254476672 11:45:45 1.0 10 00:00:10 1.9 88648 25
12:02:46:261554855 11:45:45 1.0 10 00:00:10 1.9 88648 25
12:02:49:272033362 11:45:45 1.0 10 00:00:10 1.9 88648 25
12:02:52:275631762 11:45:45 1.0 10 00:00:10 1.9 88648 25
12:02:55:290098911 11:45:45 1.0 10 00:00:10 1.9 88648 25
12:02:58:297667827 11:45:45 1.0 10 00:00:10 1.9 88648 25
12:03:01:307712881 11:45:45 1.0 10 00:00:10 1.9 88648 25
12:03:04:311776669 11:45:45 1.0 10 00:00:10 1.9 88648 25
12:03:07:327718019 11:45:45 1.0 10 00:00:10 1.9 88648 25
12:03:10:331681744 11:45:45 0.9 9 00:00:10 1.9 88648 25
12:03:13:336647327 11:45:45 0.9 9 00:00:10 1.9 88648 25
12:03:16:347004361 11:45:45 0.9 9 00:00:10 1.9 88648 25
12:03:19:353114904 11:45:45 0.9 9 00:00:10 1.9 88648 25
12:03:22:366938169 11:45:45 0.9 9 00:00:10 1.9 88648 25
12:03:25:376904605 11:45:45 0.9 9 00:00:10 1.9 88648 25
12:03:28:393634649 11:45:45 0.9 9 00:00:10 1.9 88648 25
12:03:31:392270356 11:45:45 0.9 9 00:00:10 1.9 88648 25
12:03:34:394473019 11:45:45 0.9 9 00:00:10 1.9 88648 25
12:03:37:405253765 11:45:45 0.9 9 00:00:10 1.9 88648 25
12:03:40:415705544 11:45:45 0.9 9 00:00:10 1.9 88648 25
12:03:43:424070751 11:45:45 0.9 9 00:00:10 1.9 88648 25
12:03:46:429205282 11:45:45 0.9 9 00:00:10 1.9 88648 25
12:03:49:431035116 11:45:45 0.9 9 00:00:10 1.9 88648 25
12:03:52:444326439 11:45:45 0.9 9 00:00:10 1.9 88648 25
12:03:55:453632965 11:45:45 0.9 9 00:00:10 1.9 88648 25
12:03:58:465500666 11:45:45 0.9 9 00:00:10 1.9 88648 25
12:04:01:473090731 11:45:45 0.9 9 00:00:10 1.9 88648 25
12:04:04:483752732 11:45:45 0.9 9 00:00:10 1.9 88648 25
12:04:07:485840288 11:45:45 0.9 9 00:00:10 1.9 88648 25
12:04:10:500449865 11:45:45 0.9 9 00:00:10 1.9 88648 25
12:04:13:505646555 11:45:45 0.9 9 00:00:10 1.9 88648 25
12:04:16:511693822 11:45:45 0.9 9 00:00:10 1.9 88648 25
12:04:19:512506467 11:45:45 0.9 9 00:00:10 1.9 88648 25
12:04:22:524465463 11:45:45 0.9 9 00:00:10 1.9 88648 25
12:04:25:538783034 11:45:45 0.9 9 00:00:10 1.9 88648 25
12:04:28:548274013 11:45:45 0.9 9 00:00:10 1.9 88648 25
12:04:31:557788507 11:45:45 0.9 9 00:00:10 1.9 88648 25
12:04:34:558715456 11:45:45 0.9 9 00:00:10 1.9 88648 25
12:04:37:569162847 11:45:45 0.9 9 00:00:10 1.9 88648 25
12:04:40:583426193 11:45:45 0.9 9 00:00:10 1.9 88648 25
12:04:43:585145717 11:45:45 0.9 9 00:00:10 1.9 88648 25
12:04:46:601617868 11:45:45 0.9 9 00:00:10 1.9 88648 25
12:04:49:601486726 11:45:45 0.9 9 00:00:10 1.9 88648 25
12:04:52:610826870 11:45:45 0.9 9 00:00:10 1.9 88648 25
12:04:55:617621808 11:45:45 0.9 9 00:00:10 1.9 88648 25
12:04:58:628697982 11:45:45 0.9 9 00:00:10 1.9 88648 25
12:05:01:631132053 11:45:45 0.9 9 00:00:10 1.9 88648 25
12:05:04:645771181 11:45:45 0.9 9 00:00:10 1.9 88648 25
12:05:07:660680457 11:45:45 0.9 9 00:00:10 1.9 88648 25
12:05:10:669993814 11:45:45 0.9 9 00:00:10 1.9 88648 25
12:05:13:672424185 11:45:45 0.8 8 00:00:10 1.9 88648 25
12:05:16:684091662 11:45:45 0.8 8 00:00:10 1.9 88648 25
12:05:19:692969199 11:45:45 0.8 8 00:00:10 1.9 88648 25
12:05:22:700361968 11:45:45 0.8 8 00:00:10 1.9 88648 25
12:05:25:704571967 11:45:45 0.8 8 00:00:10 1.9 88648 25
12:05:28:719712160 11:45:45 0.8 8 00:00:10 1.9 88648 25
12:05:31:729061048 11:45:45 0.8 8 00:00:10 1.9 88648 25
12:05:34:737265676 11:45:45 0.8 8 00:00:10 1.9 88648 25
12:05:37:742148287 11:45:45 0.8 8 00:00:10 1.9 88648 25
12:05:40:753554685 11:45:45 0.8 8 00:00:10 1.9 88648 25
12:05:43:763479833 11:45:45 0.8 8 00:00:10 1.9 88648 25
12:05:46:771308655 11:45:45 0.8 8 00:00:10 1.9 88648 25
12:05:49:775128163 11:45:45 0.8 8 00:00:10 1.9 88648 25
12:05:52:786149916 11:45:45 0.8 8 00:00:10 1.9 88648 25
12:05:55:794102285 11:45:45 0.8 8 00:00:10 1.9 88648 25
12:05:58:801560263 11:45:45 0.8 8 00:00:10 1.9 88648 25
12:06:01:806048869 11:45:45 0.8 8 00:00:10 1.9 88648 25
12:06:04:818215670 11:45:45 0.8 8 00:00:10 1.9 88648 25
12:06:07:822478973 11:45:45 0.8 8 00:00:10 1.9 88648 25
12:06:10:841708150 11:45:45 0.8 8 00:00:10 1.9 88648 25
12:06:13:846010132 11:45:45 0.8 8 00:00:10 1.9 88648 25
