13:23:45 1000 20567 0.00 0.00 0.00 0.00 0.00 2 0.13 0.00 61160 15908 0.40 0.00 0.00 0.00 0 1 5 smartDeviceLinkCore
13:23:48 1000 20567 0.01 0.00 0.00 0.00 0.02 2 0.99 0.00 332516 81188 2.03 0.00 0.41 0.00 59 26 25 smartDeviceLinkCore
13:23:51 1000 20567 0.01 0.00 0.00 0.00 0.02 2 0.99 0.00 332516 81188 2.03 0.00 0.41 0.00 59 26 25 smartDeviceLinkCore
13:23:54 1000 20567 0.03 0.01 0.00 0.00 0.04 2 1.13 0.00 389888 82244 2.06 0.00 0.83 0.00 59 33 30 smartDeviceLinkCore
13:23:57 1000 20567 0.06 0.01 0.00 0.00 0.07 2 1.31 0.00 488240 83336 2.08 0.00 2.03 0.00 59 45 36 smartDeviceLinkCore
13:24:00 1000 20567 0.09 0.02 0.00 0.00 0.10 2 1.35 0.00 594788 83336 2.08 0.00 2.94 0.00 59 58 42 smartDeviceLinkCore
13:24:03 1000 20567 0.10 0.02 0.00 0.00 0.12 2 1.36 0.00 635768 83336 2.08 0.00 3.71 0.00 59 63 41 smartDeviceLinkCore
13:24:06 1000 20567 0.11 0.02 0.00 0.00 0.13 2 1.39 0.00 643964 83548 2.09 0.00 4.44 0.00 59 64 41 smartDeviceLinkCore
13:24:09 1000 20567 0.12 0.03 0.00 0.00 0.15 2 1.58 0.00 635768 84084 2.10 0.00 5.04 0.00 59 59 42 smartDeviceLinkCore
13:24:12 1000 20567 0.13 0.03 0.00 0.00 0.15 2 1.62 0.00 570200 84048 2.10 0.00 5.15 0.00 59 51 41 smartDeviceLinkCore
13:24:15 1000 20567 0.13 0.03 0.00 0.00 0.16 2 1.63 0.00 488240 84012 2.10 0.00 5.15 0.00 59 41 41 smartDeviceLinkCore
13:24:18 1000 20567 0.14 0.03 0.00 0.00 0.16 2 1.78 0.00 471848 84024 2.10 0.00 5.76 0.00 59 39 42 smartDeviceLinkCore
13:24:21 1000 20567 0.14 0.03 0.00 0.00 0.17 2 1.79 0.00 471848 84024 2.10 0.00 6.23 0.00 59 39 41 smartDeviceLinkCore
13:24:24 1000 20567 0.14 0.03 0.00 0.00 0.17 2 1.79 0.00 471848 84024 2.10 0.00 6.22 0.00 59 39 41 smartDeviceLinkCore
13:24:27 1000 20567 0.14 0.03 0.00 0.00 0.17 2 1.79 0.00 471848 84024 2.10 0.00 6.22 0.00 59 39 41 smartDeviceLinkCore
13:24:30 1000 20567 0.14 0.03 0.00 0.00 0.18 2 1.93 0.00 471848 84060 2.10 0.00 6.90 0.00 59 39 42 smartDeviceLinkCore
13:24:33 1000 20567 0.14 0.03 0.00 0.00 0.18 2 1.93 0.00 471848 84060 2.10 0.00 6.93 0.00 59 39 41 smartDeviceLinkCore
13:24:36 1000 20567 0.14 0.03 0.00 0.00 0.18 2 1.93 0.00 471848 84060 2.10 0.00 6.92 0.00 59 39 41 smartDeviceLinkCore
13:24:39 1000 20567 0.15 0.03 0.00 0.00 0.18 2 2.07 0.00 471848 84060 2.10 0.00 7.26 0.00 59 39 42 smartDeviceLinkCore
13:24:42 1000 20567 0.15 0.04 0.00 0.00 0.19 2 2.08 0.00 471848 84060 2.10 0.00 7.63 0.00 59 39 41 smartDeviceLinkCore
13:24:45 1000 20567 0.15 0.04 0.00 0.00 0.19 2 2.08 0.00 471848 84060 2.10 0.00 7.63 0.00 59 39 41 smartDeviceLinkCore
13:24:48 1000 20567 0.15 0.04 0.00 0.00 0.19 2 2.20 0.00 471848 84060 2.10 0.00 7.68 0.00 59 39 42 smartDeviceLinkCore
13:24:51 1000 20567 0.16 0.04 0.00 0.00 0.20 2 2.22 0.00 471848 84060 2.10 0.00 8.33 0.00 59 39 41 smartDeviceLinkCore
13:24:54 1000 20567 0.16 0.04 0.00 0.00 0.20 2 2.22 0.00 471848 84060 2.10 0.00 8.32 0.00 59 39 41 smartDeviceLinkCore
13:24:57 1000 20567 0.16 0.04 0.00 0.00 0.20 2 2.22 0.00 471848 84060 2.10 0.00 8.32 0.00 59 39 41 smartDeviceLinkCore
13:25:00 1000 20567 0.17 0.04 0.00 0.00 0.21 2 2.35 0.00 471848 84060 2.10 0.00 8.91 0.00 59 39 42 smartDeviceLinkCore
13:25:03 1000 20567 0.17 0.04 0.00 0.00 0.21 2 2.36 0.00 471848 84060 2.10 0.00 9.02 0.00 59 39 41 smartDeviceLinkCore
13:25:06 1000 20567 0.17 0.04 0.00 0.00 0.21 2 2.36 0.00 471848 84060 2.10 0.00 9.01 0.00 59 39 41 smartDeviceLinkCore
13:25:09 1000 20567 0.17 0.04 0.00 0.00 0.21 2 2.49 0.00 471848 84060 2.10 0.00 9.26 0.00 59 39 42 smartDeviceLinkCore
13:25:12 1000 20567 0.17 0.04 0.00 0.00 0.22 2 2.50 0.00 471848 84060 2.10 0.00 9.72 0.00 59 39 41 smartDeviceLinkCore
13:25:15 1000 20567 0.17 0.04 0.00 0.00 0.22 2 2.50 0.00 471848 84060 2.10 0.00 9.71 0.00 59 39 41 smartDeviceLinkCore
13:25:18 1000 20567 0.17 0.04 0.00 0.00 0.22 2 2.50 0.00 471848 84060 2.10 0.00 9.70 0.00 59 39 41 smartDeviceLinkCore
13:25:21 1000 20567 0.18 0.04 0.00 0.00 0.22 2 2.64 0.00 471848 84060 2.10 0.00 10.40 0.00 59 39 42 smartDeviceLinkCore
13:25:24 1000 20567 0.18 0.04 0.00 0.00 0.23 2 2.63 0.00 471848 84060 2.10 0.00 10.40 0.00 59 39 41 smartDeviceLinkCore
13:25:27 1000 20567 0.18 0.04 0.00 0.00 0.23 2 2.63 0.00 471848 84060 2.10 0.00 10.39 0.00 59 39 41 smartDeviceLinkCore
13:25:30 1000 20567 0.18 0.05 0.00 0.00 0.23 2 2.76 0.00 471848 84060 2.10 0.00 10.66 0.00 59 39 42 smartDeviceLinkCore
13:25:33 1000 20567 0.19 0.05 0.00 0.00 0.23 2 2.77 0.00 471848 84060 2.10 0.00 11.08 0.00 59 39 41 smartDeviceLinkCore
13:25:36 1000 20567 0.19 0.05 0.00 0.00 0.23 2 2.77 0.00 471848 84060 2.10 0.00 11.08 0.00 59 39 41 smartDeviceLinkCore
13:25:39 1000 20567 0.19 0.05 0.00 0.00 0.23 2 2.77 0.00 471848 84060 2.10 0.00 11.07 0.00 59 39 41 smartDeviceLinkCore
13:25:42 1000 20567 0.19 0.05 0.00 0.00 0.24 2 2.91 0.00 471848 84060 2.10 0.00 11.77 0.00 59 39 41 smartDeviceLinkCore
13:25:45 1000 20567 0.19 0.05 0.00 0.00 0.24 2 2.91 0.00 471848 84060 2.10 0.00 11.76 0.00 59 39 41 smartDeviceLinkCore
13:25:48 1000 20567 0.19 0.05 0.00 0.00 0.24 2 2.90 0.00 471848 84060 2.10 0.00 11.75 0.00 59 39 41 smartDeviceLinkCore
13:25:51 1000 20567 0.20 0.05 0.00 0.00 0.25 2 3.03 0.00 471848 84060 2.10 0.00 12.31 0.00 59 39 42 smartDeviceLinkCore
13:25:54 1000 20567 0.20 0.05 0.00 0.00 0.25 2 3.04 0.00 471848 84060 2.10 0.00 12.44 0.00 59 39 41 smartDeviceLinkCore
13:25:57 1000 20567 0.20 0.05 0.00 0.00 0.25 2 3.04 0.00 471848 84060 2.10 0.00 12.43 0.00 59 39 41 smartDeviceLinkCore
13:26:00 1000 20567 0.20 0.05 0.00 0.00 0.26 2 3.17 0.00 471848 84060 2.10 0.00 12.65 0.00 59 39 42 smartDeviceLinkCore
13:26:03 1000 20567 0.21 0.06 0.00 0.00 0.26 2 3.18 0.00 471848 84060 2.10 0.00 13.12 0.00 59 39 41 smartDeviceLinkCore
13:26:06 1000 20567 0.21 0.06 0.00 0.00 0.26 2 3.17 0.00 471848 84060 2.10 0.00 13.11 0.00 59 39 41 smartDeviceLinkCore
13:26:09 1000 20567 0.21 0.06 0.00 0.00 0.26 2 3.17 0.00 471848 84060 2.10 0.00 13.10 0.00 59 39 41 smartDeviceLinkCore
13:26:12 1000 20567 0.21 0.06 0.00 0.00 0.27 2 3.31 0.00 471848 84060 2.10 0.00 13.76 0.00 59 39 42 smartDeviceLinkCore
13:26:15 1000 20567 0.21 0.06 0.00 0.00 0.27 2 3.31 0.00 471848 84060 2.10 0.00 13.78 0.00 59 39 41 smartDeviceLinkCore
13:26:18 1000 20567 0.21 0.06 0.00 0.00 0.27 2 3.30 0.00 471848 84060 2.10 0.00 13.77 0.00 59 39 41 smartDeviceLinkCore
13:26:21 1000 20567 0.22 0.06 0.00 0.00 0.28 2 3.43 0.00 471848 84060 2.10 0.00 14.10 0.00 59 39 42 smartDeviceLinkCore
13:26:24 1000 20567 0.22 0.06 0.00 0.00 0.28 2 3.44 0.00 471848 84060 2.10 0.00 14.45 0.00 59 39 41 smartDeviceLinkCore
13:26:27 1000 20567 0.22 0.06 0.00 0.00 0.28 2 3.44 0.00 471848 84060 2.10 0.00 14.44 0.00 59 39 41 smartDeviceLinkCore
13:26:30 1000 20567 0.22 0.06 0.00 0.00 0.28 2 3.43 0.00 471848 84060 2.10 0.00 14.43 0.00 59 39 41 smartDeviceLinkCore
13:26:33 1000 20567 0.23 0.06 0.00 0.00 0.29 2 3.57 0.00 471848 84060 2.10 0.00 15.12 0.00 59 39 41 smartDeviceLinkCore
13:26:36 1000 20567 0.23 0.06 0.00 0.00 0.29 2 3.57 0.00 471848 84060 2.10 0.00 15.11 0.00 59 39 41 smartDeviceLinkCore
13:26:39 1000 20567 0.23 0.06 0.00 0.00 0.29 2 3.57 0.00 471848 84060 2.10 0.00 15.10 0.00 59 39 41 smartDeviceLinkCore
13:26:42 1000 20567 0.23 0.06 0.00 0.00 0.30 2 3.70 0.00 471848 84060 2.10 0.00 15.63 0.00 59 39 42 smartDeviceLinkCore
13:26:46 1000 20567 0.24 0.06 0.00 0.00 0.30 2 3.70 0.00 471848 84060 2.10 0.00 15.78 0.00 59 39 41 smartDeviceLinkCore
13:26:49 1000 20567 0.24 0.06 0.00 0.00 0.30 2 3.70 0.00 471848 84060 2.10 0.00 15.76 0.00 59 39 41 smartDeviceLinkCore
13:26:52 1000 20567 0.24 0.06 0.00 0.00 0.30 2 3.83 0.00 471848 84064 2.10 0.00 15.94 0.00 59 39 42 smartDeviceLinkCore
13:26:55 1000 20567 0.24 0.07 0.00 0.00 0.31 2 3.84 0.00 471848 84064 2.10 0.00 16.44 0.00 59 39 41 smartDeviceLinkCore
13:26:58 1000 20567 0.24 0.07 0.00 0.00 0.31 2 3.83 0.00 471848 84248 2.11 0.00 16.43 0.00 59 39 41 smartDeviceLinkCore
13:27:01 1000 20567 0.24 0.07 0.00 0.00 0.31 2 3.83 0.00 471848 84248 2.11 0.00 16.41 0.00 59 39 41 smartDeviceLinkCore
13:27:04 1000 20567 0.25 0.07 0.00 0.00 0.32 2 3.97 0.00 471848 84248 2.11 0.00 17.02 0.00 59 39 43 smartDeviceLinkCore
13:27:07 1000 20567 0.25 0.07 0.00 0.00 0.32 2 3.96 0.00 471848 84248 2.11 0.00 17.08 0.00 59 39 41 smartDeviceLinkCore
13:27:10 1000 20567 0.25 0.07 0.00 0.00 0.32 2 3.96 0.00 471848 84248 2.11 0.00 17.07 0.00 59 39 41 smartDeviceLinkCore
13:27:13 1000 20567 0.25 0.07 0.00 0.00 0.32 2 4.09 0.00 471848 84248 2.11 0.00 17.35 0.00 59 39 42 smartDeviceLinkCore
13:27:16 1000 20567 0.26 0.07 0.00 0.00 0.33 2 4.09 0.00 471848 84248 2.11 0.00 17.74 0.00 59 39 41 smartDeviceLinkCore
13:27:19 1000 20567 0.26 0.07 0.00 0.00 0.33 2 4.09 0.00 471848 84248 2.11 0.00 17.73 0.00 59 39 41 smartDeviceLinkCore
13:27:22 1000 20567 0.26 0.07 0.00 0.00 0.33 2 4.09 0.00 471848 84248 2.11 0.00 17.71 0.00 59 39 41 smartDeviceLinkCore
13:27:25 1000 20567 0.26 0.07 0.00 0.00 0.33 2 4.22 0.00 471848 84248 2.11 0.00 18.38 0.00 59 39 42 smartDeviceLinkCore
13:27:28 1000 20567 0.26 0.07 0.00 0.00 0.33 2 4.22 0.00 471848 84248 2.11 0.00 18.38 0.00 59 39 41 smartDeviceLinkCore
13:27:31 1000 20567 0.26 0.07 0.00 0.00 0.33 2 4.22 0.00 471848 84248 2.11 0.00 18.37 0.00 59 39 41 smartDeviceLinkCore
13:27:34 1000 20567 0.26 0.07 0.00 0.00 0.34 2 4.34 0.00 471848 84248 2.11 0.00 18.70 0.00 59 39 42 smartDeviceLinkCore
13:27:37 1000 20567 0.27 0.08 0.00 0.00 0.34 2 4.35 0.00 471848 84248 2.11 0.00 19.03 0.00 59 39 41 smartDeviceLinkCore
13:27:40 1000 20567 0.27 0.08 0.00 0.00 0.34 2 4.35 0.00 471848 84248 2.11 0.00 19.02 0.00 59 39 41 smartDeviceLinkCore
13:27:43 1000 20567 0.27 0.08 0.00 0.00 0.35 2 4.47 0.00 471848 84248 2.11 0.00 19.08 0.00 59 39 42 smartDeviceLinkCore
13:27:46 1000 20567 0.28 0.08 0.00 0.00 0.35 2 4.48 0.00 471848 84248 2.11 0.00 19.68 0.00 59 39 41 smartDeviceLinkCore
13:27:49 1000 20567 0.28 0.08 0.00 0.00 0.35 2 4.47 0.00 471848 84248 2.11 0.00 19.66 0.00 59 39 41 smartDeviceLinkCore
13:27:52 1000 20567 0.28 0.08 0.00 0.00 0.35 2 4.47 0.00 471848 84248 2.11 0.00 19.65 0.00 59 39 41 smartDeviceLinkCore
13:27:55 1000 20567 0.28 0.08 0.00 0.00 0.36 2 4.60 0.00 471848 84248 2.11 0.00 20.16 0.00 59 39 42 smartDeviceLinkCore
13:27:58 1000 20567 0.28 0.08 0.00 0.00 0.36 2 4.60 0.00 471848 84248 2.11 0.00 20.31 0.00 59 39 41 smartDeviceLinkCore
13:28:01 1000 20567 0.28 0.08 0.00 0.00 0.36 2 4.60 0.00 471848 84248 2.11 0.00 20.29 0.00 59 39 41 smartDeviceLinkCore
13:28:04 1000 20567 0.29 0.08 0.00 0.00 0.37 2 4.72 0.00 471848 84248 2.11 0.00 20.50 0.00 59 39 42 smartDeviceLinkCore
13:28:07 1000 20567 0.29 0.08 0.00 0.00 0.37 2 4.73 0.00 471848 84248 2.11 0.00 20.95 0.00 59 39 41 smartDeviceLinkCore
13:28:10 1000 20567 0.29 0.08 0.00 0.00 0.37 2 4.73 0.00 471848 84248 2.11 0.00 20.93 0.00 59 39 41 smartDeviceLinkCore
13:28:13 1000 20567 0.29 0.08 0.00 0.00 0.37 2 4.72 0.00 471848 84248 2.11 0.00 20.92 0.00 59 39 41 smartDeviceLinkCore
13:28:16 1000 20567 0.29 0.08 0.00 0.00 0.38 2 4.86 0.00 471848 84248 2.11 0.00 21.53 0.00 59 39 42 smartDeviceLinkCore
13:28:19 1000 20567 0.29 0.09 0.00 0.00 0.38 2 4.85 0.00 471848 84248 2.11 0.00 21.57 0.00 59 39 41 smartDeviceLinkCore
13:28:22 1000 20567 0.29 0.08 0.00 0.00 0.38 2 4.85 0.00 471848 84248 2.11 0.00 21.55 0.00 59 39 41 smartDeviceLinkCore
13:28:25 1000 20567 0.30 0.09 0.00 0.00 0.38 2 4.97 0.00 471848 84248 2.11 0.00 21.84 0.00 59 39 42 smartDeviceLinkCore
13:28:28 1000 20567 0.30 0.09 0.00 0.00 0.39 2 4.98 0.00 471848 84248 2.11 0.00 22.20 0.00 59 39 41 smartDeviceLinkCore
13:28:31 1000 20567 0.30 0.09 0.00 0.00 0.39 2 4.97 0.00 471848 84248 2.11 0.00 22.19 0.00 59 39 41 smartDeviceLinkCore
13:28:34 1000 20567 0.30 0.09 0.00 0.00 0.39 2 4.97 0.00 471848 84248 2.11 0.00 22.17 0.00 59 39 41 smartDeviceLinkCore
13:28:37 1000 20567 0.31 0.09 0.00 0.00 0.39 2 5.10 0.00 471848 84248 2.11 0.00 22.84 0.00 59 39 41 smartDeviceLinkCore
13:28:40 1000 20567 0.31 0.09 0.00 0.00 0.39 2 5.10 0.00 471848 84248 2.11 0.00 22.82 0.00 59 39 41 smartDeviceLinkCore
13:28:43 1000 20567 0.31 0.09 0.00 0.00 0.39 2 5.09 0.00 471848 84248 2.11 0.00 22.81 0.00 59 39 41 smartDeviceLinkCore
13:28:46 1000 20567 0.31 0.09 0.00 0.00 0.40 2 5.22 0.00 471848 84320 2.11 0.00 23.32 0.00 59 39 42 smartDeviceLinkCore
13:28:49 1000 20567 0.31 0.09 0.00 0.00 0.40 2 5.22 0.00 471848 84320 2.11 0.00 23.45 0.00 59 39 41 smartDeviceLinkCore
13:28:52 1000 20567 0.31 0.09 0.00 0.00 0.40 2 5.22 0.00 471848 84320 2.11 0.00 23.43 0.00 59 39 41 smartDeviceLinkCore
13:28:55 1000 20567 0.32 0.09 0.00 0.00 0.41 2 5.34 0.00 471848 84320 2.11 0.00 23.64 0.00 59 39 42 smartDeviceLinkCore
13:28:58 1000 20567 0.32 0.09 0.00 0.00 0.41 2 5.34 0.00 471848 84320 2.11 0.00 24.08 0.00 59 39 41 smartDeviceLinkCore
13:29:01 1000 20567 0.32 0.09 0.00 0.00 0.41 2 5.34 0.00 471848 84320 2.11 0.00 24.06 0.00 59 39 41 smartDeviceLinkCore
13:29:04 1000 20567 0.32 0.09 0.00 0.00 0.41 2 5.45 0.00 387376 76976 1.92 0.00 24.05 0.00 59 30 19 smartDeviceLinkCore
13:29:07 1000 20567 0.32 0.09 0.00 0.00 0.41 2 5.44 0.00 387376 76976 1.92 0.00 24.03 0.00 59 29 18 smartDeviceLinkCore
13:29:10 1000 20567 0.32 0.09 0.00 0.00 0.41 2 5.44 0.00 387376 76976 1.92 0.00 24.02 0.00 59 29 18 smartDeviceLinkCore
13:29:13 1000 20567 0.32 0.09 0.00 0.00 0.41 2 5.44 0.00 387376 76976 1.92 0.00 24.00 0.00 59 29 18 smartDeviceLinkCore
13:29:16 1000 20567 0.32 0.09 0.00 0.00 0.41 2 5.43 0.00 387376 76976 1.92 0.00 23.98 0.00 59 29 18 smartDeviceLinkCore
13:29:19 1000 20567 0.32 0.09 0.00 0.00 0.41 2 5.43 0.00 387376 76976 1.92 0.00 23.97 0.00 59 29 18 smartDeviceLinkCore
13:29:22 1000 20567 0.32 0.09 0.00 0.00 0.41 2 5.43 0.00 387376 76976 1.92 0.00 23.95 0.00 59 29 18 smartDeviceLinkCore
13:29:25 1000 20567 0.32 0.09 0.00 0.00 0.41 2 5.42 0.00 387376 76976 1.92 0.00 23.93 0.00 59 29 18 smartDeviceLinkCore
13:29:28 1000 20567 0.32 0.09 0.00 0.00 0.41 2 5.42 0.00 387376 76976 1.92 0.00 23.92 0.00 59 29 18 smartDeviceLinkCore
13:29:31 1000 20567 0.32 0.09 0.00 0.00 0.41 2 5.41 0.00 387376 76976 1.92 0.00 23.90 0.00 59 29 18 smartDeviceLinkCore
13:29:34 1000 20567 0.32 0.09 0.00 0.00 0.41 2 5.41 0.00 387376 76976 1.92 0.00 23.88 0.00 59 29 18 smartDeviceLinkCore
13:29:37 1000 20567 0.32 0.09 0.00 0.00 0.41 2 5.41 0.00 387376 76976 1.92 0.00 23.87 0.00 59 29 18 smartDeviceLinkCore
13:29:40 1000 20567 0.32 0.09 0.00 0.00 0.41 2 5.40 0.00 387376 76976 1.92 0.00 23.85 0.00 59 29 18 smartDeviceLinkCore
13:29:43 1000 20567 0.32 0.09 0.00 0.00 0.41 2 5.40 0.00 387376 76976 1.92 0.00 23.83 0.00 59 29 18 smartDeviceLinkCore
13:29:46 1000 20567 0.32 0.09 0.00 0.00 0.41 2 5.39 0.00 387376 76976 1.92 0.00 23.82 0.00 59 29 18 smartDeviceLinkCore
13:29:49 1000 20567 0.32 0.09 0.00 0.00 0.41 2 5.39 0.00 387376 76976 1.92 0.00 23.80 0.00 59 29 18 smartDeviceLinkCore
13:29:52 1000 20567 0.32 0.09 0.00 0.00 0.41 2 5.39 0.00 387376 76976 1.92 0.00 23.78 0.00 59 29 18 smartDeviceLinkCore
13:29:55 1000 20567 0.32 0.09 0.00 0.00 0.41 2 5.38 0.00 387376 76976 1.92 0.00 23.77 0.00 59 29 18 smartDeviceLinkCore
13:29:58 1000 20567 0.32 0.09 0.00 0.00 0.41 2 5.38 0.00 387376 76976 1.92 0.00 23.75 0.00 59 29 18 smartDeviceLinkCore
13:30:01 1000 20567 0.32 0.09 0.00 0.00 0.41 2 5.38 0.00 387376 76976 1.92 0.00 23.73 0.00 59 29 18 smartDeviceLinkCore
13:30:04 1000 20567 0.32 0.09 0.00 0.00 0.41 2 5.37 0.00 387376 76976 1.92 0.00 23.72 0.00 59 29 18 smartDeviceLinkCore
13:30:07 1000 20567 0.32 0.09 0.00 0.00 0.41 2 5.37 0.00 387376 76976 1.92 0.00 23.70 0.00 59 29 18 smartDeviceLinkCore
13:30:10 1000 20567 0.32 0.09 0.00 0.00 0.41 2 5.37 0.00 387376 76976 1.92 0.00 23.69 0.00 59 29 18 smartDeviceLinkCore
13:30:13 1000 20567 0.32 0.09 0.00 0.00 0.41 2 5.36 0.00 387376 76976 1.92 0.00 23.67 0.00 59 29 18 smartDeviceLinkCore
13:30:16 1000 20567 0.32 0.09 0.00 0.00 0.41 2 5.36 0.00 387376 76976 1.92 0.00 23.65 0.00 59 29 18 smartDeviceLinkCore
13:30:19 1000 20567 0.32 0.09 0.00 0.00 0.41 2 5.35 0.00 387376 76976 1.92 0.00 23.64 0.00 59 29 18 smartDeviceLinkCore
13:30:22 1000 20567 0.32 0.09 0.00 0.00 0.41 2 5.35 0.00 387376 76976 1.92 0.00 23.62 0.00 59 29 18 smartDeviceLinkCore
13:30:25 1000 20567 0.32 0.09 0.00 0.00 0.41 2 5.35 0.00 387376 76976 1.92 0.00 23.60 0.00 59 29 18 smartDeviceLinkCore
13:30:28 1000 20567 0.32 0.09 0.00 0.00 0.41 2 5.34 0.00 387376 76976 1.92 0.00 23.59 0.00 59 29 18 smartDeviceLinkCore
13:30:31 1000 20567 0.32 0.09 0.00 0.00 0.41 2 5.34 0.00 387376 76976 1.92 0.00 23.57 0.00 59 29 18 smartDeviceLinkCore
13:30:34 1000 20567 0.32 0.09 0.00 0.00 0.41 2 5.34 0.00 387376 76976 1.92 0.00 23.56 0.00 59 29 18 smartDeviceLinkCore
13:30:37 1000 20567 0.32 0.09 0.00 0.00 0.41 2 5.33 0.00 387376 76976 1.92 0.00 23.54 0.00 59 29 18 smartDeviceLinkCore
13:30:40 1000 20567 0.32 0.09 0.00 0.00 0.41 2 5.33 0.00 387376 76976 1.92 0.00 23.52 0.00 59 29 18 smartDeviceLinkCore
13:30:43 1000 20567 0.32 0.09 0.00 0.00 0.41 2 5.33 0.00 387376 76976 1.92 0.00 23.51 0.00 59 29 18 smartDeviceLinkCore
13:30:46 1000 20567 0.32 0.09 0.00 0.00 0.41 2 5.32 0.00 387376 76976 1.92 0.00 23.49 0.00 59 29 18 smartDeviceLinkCore
13:30:49 1000 20567 0.32 0.09 0.00 0.00 0.41 2 5.32 0.00 387376 76976 1.92 0.00 23.47 0.00 59 29 18 smartDeviceLinkCore
13:30:52 1000 20567 0.32 0.09 0.00 0.00 0.41 2 5.31 0.00 387376 76976 1.92 0.00 23.46 0.00 59 29 18 smartDeviceLinkCore
13:30:55 1000 20567 0.31 0.09 0.00 0.00 0.41 2 5.31 0.00 387376 76976 1.92 0.00 23.44 0.00 59 29 18 smartDeviceLinkCore
13:30:58 1000 20567 0.31 0.09 0.00 0.00 0.41 2 5.31 0.00 387376 76976 1.92 0.00 23.43 0.00 59 29 18 smartDeviceLinkCore
13:31:01 1000 20567 0.31 0.10 0.00 0.00 0.41 2 5.30 0.00 387376 76976 1.92 0.00 23.41 0.00 59 29 18 smartDeviceLinkCore
13:31:04 1000 20567 0.31 0.10 0.00 0.00 0.41 2 5.30 0.00 387376 76976 1.92 0.00 23.39 0.00 59 29 18 smartDeviceLinkCore
13:31:07 1000 20567 0.31 0.10 0.00 0.00 0.41 2 5.30 0.00 387376 76976 1.92 0.00 23.38 0.00 59 29 18 smartDeviceLinkCore
13:31:10 1000 20567 0.31 0.10 0.00 0.00 0.41 2 5.29 0.00 387376 76976 1.92 0.00 23.36 0.00 59 29 18 smartDeviceLinkCore
13:31:13 1000 20567 0.31 0.10 0.00 0.00 0.41 2 5.29 0.00 387376 76976 1.92 0.00 23.35 0.00 59 29 18 smartDeviceLinkCore
13:31:16 1000 20567 0.31 0.10 0.00 0.00 0.41 2 5.29 0.00 387376 76976 1.92 0.00 23.33 0.00 59 29 18 smartDeviceLinkCore
13:31:19 1000 20567 0.31 0.10 0.00 0.00 0.41 2 5.28 0.00 387376 76976 1.92 0.00 23.32 0.00 59 29 18 smartDeviceLinkCore
13:31:22 1000 20567 0.31 0.10 0.00 0.00 0.41 2 5.28 0.00 387376 76976 1.92 0.00 23.30 0.00 59 29 18 smartDeviceLinkCore
13:31:25 1000 20567 0.31 0.10 0.00 0.00 0.41 2 5.27 0.00 387376 76976 1.92 0.00 23.28 0.00 59 29 18 smartDeviceLinkCore
13:31:28 1000 20567 0.31 0.10 0.00 0.00 0.41 2 5.27 0.00 387376 76976 1.92 0.00 23.27 0.00 59 29 18 smartDeviceLinkCore
13:31:31 1000 20567 0.31 0.10 0.00 0.00 0.41 2 5.27 0.00 387376 76976 1.92 0.00 23.25 0.00 59 29 18 smartDeviceLinkCore
13:31:34 1000 20567 0.31 0.10 0.00 0.00 0.41 2 5.26 0.00 387376 76976 1.92 0.00 23.24 0.00 59 29 18 smartDeviceLinkCore
13:31:37 1000 20567 0.31 0.10 0.00 0.00 0.41 2 5.26 0.00 387376 76976 1.92 0.00 23.22 0.00 59 29 18 smartDeviceLinkCore
13:31:40 1000 20567 0.31 0.10 0.00 0.00 0.41 2 5.26 0.00 387376 76976 1.92 0.00 23.20 0.00 59 29 18 smartDeviceLinkCore
13:31:43 1000 20567 0.31 0.10 0.00 0.00 0.41 2 5.25 0.00 387376 76976 1.92 0.00 23.19 0.00 59 29 18 smartDeviceLinkCore
13:31:46 1000 20567 0.31 0.10 0.00 0.00 0.41 2 5.25 0.00 387376 76976 1.92 0.00 23.17 0.00 59 29 18 smartDeviceLinkCore
13:31:49 1000 20567 0.31 0.10 0.00 0.00 0.41 2 5.25 0.00 387376 76976 1.92 0.00 23.16 0.00 59 29 18 smartDeviceLinkCore
13:31:52 1000 20567 0.31 0.10 0.00 0.00 0.41 2 5.24 0.00 387376 76976 1.92 0.00 23.14 0.00 59 29 18 smartDeviceLinkCore
13:31:55 1000 20567 0.31 0.10 0.00 0.00 0.41 2 5.24 0.00 387376 76976 1.92 0.00 23.13 0.00 59 29 18 smartDeviceLinkCore
13:31:58 1000 20567 0.31 0.10 0.00 0.00 0.41 2 5.24 0.00 387376 76976 1.92 0.00 23.11 0.00 59 29 18 smartDeviceLinkCore
13:32:01 1000 20567 0.31 0.10 0.00 0.00 0.41 2 5.23 0.00 387376 76976 1.92 0.00 23.10 0.00 59 29 18 smartDeviceLinkCore
13:32:04 1000 20567 0.31 0.10 0.00 0.00 0.41 2 5.23 0.00 387376 76976 1.92 0.00 23.08 0.00 59 29 18 smartDeviceLinkCore
13:32:07 1000 20567 0.31 0.10 0.00 0.00 0.41 2 5.22 0.00 387376 76976 1.92 0.00 23.06 0.00 59 29 18 smartDeviceLinkCore
13:32:10 1000 20567 0.31 0.10 0.00 0.00 0.41 2 5.22 0.00 387376 76976 1.92 0.00 23.05 0.00 59 29 18 smartDeviceLinkCore
13:32:13 1000 20567 0.31 0.10 0.00 0.00 0.41 2 5.22 0.00 387376 76976 1.92 0.00 23.03 0.00 59 29 18 smartDeviceLinkCore
13:32:16 1000 20567 0.31 0.10 0.00 0.00 0.41 2 5.21 0.00 387376 76976 1.92 0.00 23.02 0.00 59 29 18 smartDeviceLinkCore
13:32:19 1000 20567 0.31 0.10 0.00 0.00 0.41 2 5.21 0.00 387376 76976 1.92 0.00 23.00 0.00 59 29 18 smartDeviceLinkCore
13:32:22 1000 20567 0.31 0.10 0.00 0.00 0.41 2 5.21 0.00 387376 76976 1.92 0.00 22.99 0.00 59 29 18 smartDeviceLinkCore
13:32:25 1000 20567 0.31 0.10 0.00 0.00 0.41 2 5.20 0.00 387376 76976 1.92 0.00 22.97 0.00 59 29 18 smartDeviceLinkCore
13:32:28 1000 20567 0.31 0.10 0.00 0.00 0.41 2 5.20 0.00 387376 76976 1.92 0.00 22.96 0.00 59 29 18 smartDeviceLinkCore
13:32:31 1000 20567 0.31 0.10 0.00 0.00 0.41 2 5.20 0.00 387376 76976 1.92 0.00 22.94 0.00 59 29 18 smartDeviceLinkCore
13:32:34 1000 20567 0.31 0.10 0.00 0.00 0.41 2 5.19 0.00 387376 76976 1.92 0.00 22.93 0.00 59 29 18 smartDeviceLinkCore
13:32:37 1000 20567 0.31 0.10 0.00 0.00 0.41 2 5.19 0.00 387376 76976 1.92 0.00 22.91 0.00 59 29 18 smartDeviceLinkCore
13:32:40 1000 20567 0.31 0.10 0.00 0.00 0.41 2 5.19 0.00 387376 76976 1.92 0.00 22.89 0.00 59 29 18 smartDeviceLinkCore
13:32:43 1000 20567 0.31 0.10 0.00 0.00 0.41 2 5.18 0.00 387376 76976 1.92 0.00 22.88 0.00 59 29 18 smartDeviceLinkCore
13:32:46 1000 20567 0.31 0.10 0.00 0.00 0.41 2 5.18 0.00 387376 76976 1.92 0.00 22.86 0.00 59 29 18 smartDeviceLinkCore
13:32:49 1000 20567 0.31 0.10 0.00 0.00 0.41 2 5.18 0.00 387376 76976 1.92 0.00 22.85 0.00 59 29 18 smartDeviceLinkCore
13:32:52 1000 20567 0.31 0.10 0.00 0.00 0.41 2 5.17 0.00 387376 76976 1.92 0.00 22.83 0.00 59 29 18 smartDeviceLinkCore
13:32:56 1000 20567 0.31 0.10 0.00 0.00 0.41 2 5.17 0.00 387376 76976 1.92 0.00 22.82 0.00 59 29 18 smartDeviceLinkCore
13:32:59 1000 20567 0.31 0.10 0.00 0.00 0.41 2 5.17 0.00 387376 76976 1.92 0.00 22.80 0.00 59 29 18 smartDeviceLinkCore
13:33:02 1000 20567 0.31 0.10 0.00 0.00 0.41 2 5.16 0.00 387376 76976 1.92 0.00 22.79 0.00 59 29 18 smartDeviceLinkCore
13:33:05 1000 20567 0.31 0.10 0.00 0.00 0.41 2 5.16 0.00 387376 76976 1.92 0.00 22.77 0.00 59 29 18 smartDeviceLinkCore
13:33:08 1000 20567 0.31 0.10 0.00 0.00 0.41 2 5.16 0.00 387376 76976 1.92 0.00 22.76 0.00 59 29 18 smartDeviceLinkCore
13:33:11 1000 20567 0.31 0.10 0.00 0.00 0.41 2 5.15 0.00 387376 76976 1.92 0.00 22.74 0.00 59 29 18 smartDeviceLinkCore
13:33:14 1000 20567 0.31 0.10 0.00 0.00 0.41 2 5.15 0.00 387376 76976 1.92 0.00 22.73 0.00 59 29 18 smartDeviceLinkCore
13:33:17 1000 20567 0.31 0.10 0.00 0.00 0.41 2 5.15 0.00 387376 76976 1.92 0.00 22.71 0.00 59 29 18 smartDeviceLinkCore
13:33:20 1000 20567 0.31 0.10 0.00 0.00 0.41 2 5.14 0.00 387376 76976 1.92 0.00 22.70 0.00 59 29 18 smartDeviceLinkCore
13:33:23 1000 20567 0.31 0.10 0.00 0.00 0.41 2 5.14 0.00 387376 76976 1.92 0.00 22.68 0.00 59 29 18 smartDeviceLinkCore
13:33:26 1000 20567 0.31 0.10 0.00 0.00 0.41 2 5.14 0.00 387376 76976 1.92 0.00 22.67 0.00 59 29 18 smartDeviceLinkCore
13:33:29 1000 20567 0.31 0.10 0.00 0.00 0.41 2 5.13 0.00 387376 76976 1.92 0.00 22.65 0.00 59 29 18 smartDeviceLinkCore
13:33:32 1000 20567 0.31 0.10 0.00 0.00 0.41 2 5.13 0.00 387376 76976 1.92 0.00 22.64 0.00 59 29 18 smartDeviceLinkCore
13:33:35 1000 20567 0.31 0.10 0.00 0.00 0.41 2 5.12 0.00 387376 76976 1.92 0.00 22.62 0.00 59 29 18 smartDeviceLinkCore
13:33:38 1000 20567 0.31 0.10 0.00 0.00 0.41 2 5.12 0.00 387376 76976 1.92 0.00 22.61 0.00 59 29 18 smartDeviceLinkCore
13:33:41 1000 20567 0.31 0.10 0.00 0.00 0.41 2 5.12 0.00 387376 76976 1.92 0.00 22.59 0.00 59 29 18 smartDeviceLinkCore
13:33:44 1000 20567 0.31 0.10 0.00 0.00 0.41 2 5.11 0.00 387376 76976 1.92 0.00 22.58 0.00 59 29 18 smartDeviceLinkCore
13:33:47 1000 20567 0.31 0.10 0.00 0.00 0.41 2 5.11 0.00 387376 76976 1.92 0.00 22.56 0.00 59 29 18 smartDeviceLinkCore
13:33:50 1000 20567 0.31 0.10 0.00 0.00 0.40 2 5.11 0.00 387376 76976 1.92 0.00 22.55 0.00 59 29 18 smartDeviceLinkCore
13:33:53 1000 20567 0.31 0.10 0.00 0.00 0.40 2 5.10 0.00 387376 76976 1.92 0.00 22.53 0.00 59 29 18 smartDeviceLinkCore
13:33:56 1000 20567 0.31 0.10 0.00 0.00 0.40 2 5.10 0.00 387376 76976 1.92 0.00 22.52 0.00 59 29 18 smartDeviceLinkCore
13:33:59 1000 20567 0.31 0.10 0.00 0.00 0.40 2 5.10 0.00 387376 76976 1.92 0.00 22.50 0.00 59 29 18 smartDeviceLinkCore
13:34:02 1000 20567 0.31 0.10 0.00 0.00 0.40 2 5.09 0.00 387376 76976 1.92 0.00 22.49 0.00 59 29 18 smartDeviceLinkCore
13:34:05 1000 20567 0.31 0.10 0.00 0.00 0.40 2 5.09 0.00 387376 76976 1.92 0.00 22.47 0.00 59 29 18 smartDeviceLinkCore
13:34:08 1000 20567 0.31 0.10 0.00 0.00 0.40 2 5.09 0.00 387376 76976 1.92 0.00 22.46 0.00 59 29 18 smartDeviceLinkCore
13:34:11 1000 20567 0.31 0.10 0.00 0.00 0.40 2 5.08 0.00 387376 76976 1.92 0.00 22.45 0.00 59 29 18 smartDeviceLinkCore
13:34:14 1000 20567 0.31 0.10 0.00 0.00 0.40 2 5.08 0.00 387376 76976 1.92 0.00 22.43 0.00 59 29 18 smartDeviceLinkCore
13:34:17 1000 20567 0.31 0.10 0.00 0.00 0.40 2 5.08 0.00 387376 76976 1.92 0.00 22.42 0.00 59 29 18 smartDeviceLinkCore
13:34:20 1000 20567 0.31 0.10 0.00 0.00 0.40 2 5.07 0.00 387376 76976 1.92 0.00 22.40 0.00 59 29 18 smartDeviceLinkCore
13:34:23 1000 20567 0.31 0.10 0.00 0.00 0.40 2 5.07 0.00 387376 76976 1.92 0.00 22.39 0.00 59 29 18 smartDeviceLinkCore
13:34:26 1000 20567 0.31 0.10 0.00 0.00 0.40 2 5.07 0.00 387376 76976 1.92 0.00 22.37 0.00 59 29 18 smartDeviceLinkCore
13:34:29 1000 20567 0.31 0.10 0.00 0.00 0.40 2 5.06 0.00 387376 76976 1.92 0.00 22.36 0.00 59 29 18 smartDeviceLinkCore
13:34:32 1000 20567 0.31 0.10 0.00 0.00 0.40 2 5.06 0.00 387376 76976 1.92 0.00 22.34 0.00 59 29 18 smartDeviceLinkCore
13:34:35 1000 20567 0.31 0.10 0.00 0.00 0.40 2 5.06 0.00 387376 76976 1.92 0.00 22.33 0.00 59 29 18 smartDeviceLinkCore
13:34:38 1000 20567 0.31 0.10 0.00 0.00 0.40 2 5.05 0.00 387376 76976 1.92 0.00 22.31 0.00 59 29 18 smartDeviceLinkCore
13:34:41 1000 20567 0.31 0.10 0.00 0.00 0.40 2 5.05 0.00 387376 76976 1.92 0.00 22.30 0.00 59 29 18 smartDeviceLinkCore
13:34:44 1000 20567 0.31 0.10 0.00 0.00 0.40 2 5.05 0.00 387376 76976 1.92 0.00 22.28 0.00 59 29 18 smartDeviceLinkCore
13:34:47 1000 20567 0.31 0.10 0.00 0.00 0.40 2 5.04 0.00 387376 76976 1.92 0.00 22.27 0.00 59 29 18 smartDeviceLinkCore
13:34:50 1000 20567 0.31 0.10 0.00 0.00 0.40 2 5.04 0.00 387376 76976 1.92 0.00 22.26 0.00 59 29 18 smartDeviceLinkCore
13:34:53 1000 20567 0.31 0.10 0.00 0.00 0.40 2 5.04 0.00 387376 76976 1.92 0.00 22.24 0.00 59 29 18 smartDeviceLinkCore
13:34:56 1000 20567 0.31 0.10 0.00 0.00 0.40 2 5.04 0.00 387376 76976 1.92 0.00 22.23 0.00 59 29 18 smartDeviceLinkCore
13:34:59 1000 20567 0.31 0.10 0.00 0.00 0.40 2 5.03 0.00 387376 76976 1.92 0.00 22.21 0.00 59 29 18 smartDeviceLinkCore
13:35:02 1000 20567 0.31 0.10 0.00 0.00 0.40 2 5.03 0.00 387376 76976 1.92 0.00 22.20 0.00 59 29 18 smartDeviceLinkCore
13:35:05 1000 20567 0.31 0.10 0.00 0.00 0.40 2 5.03 0.00 387376 76976 1.92 0.00 22.18 0.00 59 29 18 smartDeviceLinkCore
13:35:08 1000 20567 0.31 0.10 0.00 0.00 0.40 2 5.02 0.00 387376 76976 1.92 0.00 22.17 0.00 59 29 18 smartDeviceLinkCore
13:35:11 1000 20567 0.31 0.10 0.00 0.00 0.40 2 5.02 0.00 387376 76976 1.92 0.00 22.16 0.00 59 29 18 smartDeviceLinkCore
13:35:14 1000 20567 0.31 0.10 0.00 0.00 0.40 2 5.02 0.00 387376 76976 1.92 0.00 22.14 0.00 59 29 18 smartDeviceLinkCore
13:35:17 1000 20567 0.31 0.10 0.00 0.00 0.40 2 5.01 0.00 387376 76976 1.92 0.00 22.13 0.00 59 29 18 smartDeviceLinkCore
13:35:20 1000 20567 0.30 0.10 0.00 0.00 0.40 2 5.01 0.00 387376 76976 1.92 0.00 22.11 0.00 59 29 18 smartDeviceLinkCore
13:35:23 1000 20567 0.31 0.10 0.00 0.00 0.40 2 5.01 0.00 387376 76976 1.92 0.00 22.10 0.00 59 29 18 smartDeviceLinkCore
13:35:26 1000 20567 0.31 0.10 0.00 0.00 0.40 2 5.00 0.00 387376 76976 1.92 0.00 22.08 0.00 59 29 18 smartDeviceLinkCore
13:35:29 1000 20567 0.30 0.10 0.00 0.00 0.40 2 5.00 0.00 387376 76976 1.92 0.00 22.07 0.00 59 29 18 smartDeviceLinkCore
13:35:32 1000 20567 0.30 0.10 0.00 0.00 0.40 2 5.00 0.00 387376 76976 1.92 0.00 22.06 0.00 59 29 18 smartDeviceLinkCore
13:35:35 1000 20567 0.30 0.10 0.00 0.00 0.40 2 4.99 0.00 387376 76976 1.92 0.00 22.04 0.00 59 29 18 smartDeviceLinkCore
13:35:38 1000 20567 0.30 0.10 0.00 0.00 0.40 2 4.99 0.00 387376 76976 1.92 0.00 22.03 0.00 59 29 18 smartDeviceLinkCore
13:35:41 1000 20567 0.30 0.10 0.00 0.00 0.40 2 4.99 0.00 387376 76976 1.92 0.00 22.01 0.00 59 29 18 smartDeviceLinkCore
13:35:44 1000 20567 0.30 0.10 0.00 0.00 0.40 2 4.98 0.00 387376 76976 1.92 0.00 22.00 0.00 59 29 18 smartDeviceLinkCore
13:35:47 1000 20567 0.30 0.10 0.00 0.00 0.40 2 4.98 0.00 387376 76976 1.92 0.00 21.98 0.00 59 29 18 smartDeviceLinkCore
13:35:50 1000 20567 0.30 0.10 0.00 0.00 0.40 2 4.98 0.00 387376 76976 1.92 0.00 21.97 0.00 59 29 18 smartDeviceLinkCore
13:35:53 1000 20567 0.30 0.10 0.00 0.00 0.40 2 4.97 0.00 387376 76976 1.92 0.00 21.96 0.00 59 29 18 smartDeviceLinkCore
13:35:56 1000 20567 0.30 0.10 0.00 0.00 0.40 2 4.97 0.00 387376 76976 1.92 0.00 21.94 0.00 59 29 18 smartDeviceLinkCore
13:35:59 1000 20567 0.30 0.10 0.00 0.00 0.40 2 4.97 0.00 387376 76976 1.92 0.00 21.93 0.00 59 29 18 smartDeviceLinkCore
13:36:02 1000 20567 0.30 0.10 0.00 0.00 0.40 2 4.96 0.00 387376 76976 1.92 0.00 21.91 0.00 59 29 18 smartDeviceLinkCore
13:36:05 1000 20567 0.30 0.10 0.00 0.00 0.40 2 4.96 0.00 387376 76976 1.92 0.00 21.90 0.00 59 29 18 smartDeviceLinkCore
13:36:08 1000 20567 0.30 0.10 0.00 0.00 0.40 2 4.96 0.00 387376 76976 1.92 0.00 21.89 0.00 59 29 18 smartDeviceLinkCore
13:36:11 1000 20567 0.30 0.10 0.00 0.00 0.40 2 4.95 0.00 387376 76976 1.92 0.00 21.87 0.00 59 29 18 smartDeviceLinkCore
13:36:14 1000 20567 0.30 0.10 0.00 0.00 0.40 2 4.95 0.00 387376 76976 1.92 0.00 21.86 0.00 59 29 18 smartDeviceLinkCore
13:36:17 1000 20567 0.30 0.10 0.00 0.00 0.40 2 4.95 0.00 387376 76976 1.92 0.00 21.84 0.00 59 29 18 smartDeviceLinkCore
13:36:20 1000 20567 0.30 0.10 0.00 0.00 0.40 2 4.95 0.00 387376 76976 1.92 0.00 21.83 0.00 59 29 18 smartDeviceLinkCore
13:36:23 1000 20567 0.30 0.10 0.00 0.00 0.40 2 4.94 0.00 387376 76976 1.92 0.00 21.82 0.00 59 29 18 smartDeviceLinkCore
13:36:26 1000 20567 0.30 0.10 0.00 0.00 0.40 2 4.94 0.00 387376 76976 1.92 0.00 21.80 0.00 59 29 18 smartDeviceLinkCore
13:36:29 1000 20567 0.30 0.10 0.00 0.00 0.40 2 4.94 0.00 387376 76976 1.92 0.00 21.79 0.00 59 29 18 smartDeviceLinkCore
13:36:32 1000 20567 0.30 0.10 0.00 0.00 0.40 2 4.93 0.00 387376 76976 1.92 0.00 21.78 0.00 59 29 18 smartDeviceLinkCore
13:36:35 1000 20567 0.30 0.10 0.00 0.00 0.40 2 4.93 0.00 387376 76976 1.92 0.00 21.76 0.00 59 29 18 smartDeviceLinkCore
13:36:38 1000 20567 0.30 0.10 0.00 0.00 0.40 2 4.93 0.00 387376 76976 1.92 0.00 21.75 0.00 59 29 18 smartDeviceLinkCore
13:36:41 1000 20567 0.30 0.10 0.00 0.00 0.40 2 4.92 0.00 387376 76976 1.92 0.00 21.73 0.00 59 29 18 smartDeviceLinkCore
13:36:44 1000 20567 0.30 0.10 0.00 0.00 0.40 2 4.92 0.00 387376 76976 1.92 0.00 21.72 0.00 59 29 18 smartDeviceLinkCore
13:36:47 1000 20567 0.30 0.10 0.00 0.00 0.40 2 4.92 0.00 387376 76976 1.92 0.00 21.71 0.00 59 29 18 smartDeviceLinkCore
13:36:50 1000 20567 0.30 0.10 0.00 0.00 0.40 2 4.91 0.00 387376 76976 1.92 0.00 21.69 0.00 59 29 18 smartDeviceLinkCore
13:36:53 1000 20567 0.30 0.10 0.00 0.00 0.40 2 4.91 0.00 387376 76976 1.92 0.00 21.68 0.00 59 29 18 smartDeviceLinkCore
13:36:56 1000 20567 0.30 0.10 0.00 0.00 0.40 2 4.91 0.00 387376 76976 1.92 0.00 21.67 0.00 59 29 18 smartDeviceLinkCore
13:36:59 1000 20567 0.30 0.10 0.00 0.00 0.40 2 4.90 0.00 387376 76976 1.92 0.00 21.65 0.00 59 29 18 smartDeviceLinkCore
13:37:02 1000 20567 0.30 0.10 0.00 0.00 0.40 2 4.90 0.00 387376 76976 1.92 0.00 21.64 0.00 59 29 18 smartDeviceLinkCore
13:37:05 1000 20567 0.30 0.10 0.00 0.00 0.40 2 4.90 0.00 387376 76976 1.92 0.00 21.62 0.00 59 29 18 smartDeviceLinkCore
13:37:08 1000 20567 0.30 0.10 0.00 0.00 0.40 2 4.90 0.00 387376 76976 1.92 0.00 21.61 0.00 59 29 18 smartDeviceLinkCore
13:37:11 1000 20567 0.30 0.10 0.00 0.00 0.40 2 4.89 0.00 387376 76976 1.92 0.00 21.60 0.00 59 29 18 smartDeviceLinkCore
13:37:14 1000 20567 0.30 0.10 0.00 0.00 0.40 2 4.89 0.00 387376 76976 1.92 0.00 21.58 0.00 59 29 18 smartDeviceLinkCore
13:37:17 1000 20567 0.30 0.10 0.00 0.00 0.40 2 4.89 0.00 387376 76976 1.92 0.00 21.57 0.00 59 29 18 smartDeviceLinkCore
13:37:20 1000 20567 0.30 0.10 0.00 0.00 0.40 2 4.88 0.00 387376 76976 1.92 0.00 21.56 0.00 59 29 18 smartDeviceLinkCore
13:37:23 1000 20567 0.30 0.10 0.00 0.00 0.40 2 4.88 0.00 387376 76976 1.92 0.00 21.54 0.00 59 29 18 smartDeviceLinkCore
13:37:26 1000 20567 0.30 0.10 0.00 0.00 0.40 2 4.88 0.00 387376 76976 1.92 0.00 21.53 0.00 59 29 18 smartDeviceLinkCore
13:37:29 1000 20567 0.30 0.10 0.00 0.00 0.40 2 4.87 0.00 387376 76976 1.92 0.00 21.52 0.00 59 29 18 smartDeviceLinkCore
13:37:32 1000 20567 0.30 0.10 0.00 0.00 0.40 2 4.87 0.00 387376 76976 1.92 0.00 21.50 0.00 59 29 18 smartDeviceLinkCore
13:37:35 1000 20567 0.30 0.10 0.00 0.00 0.40 2 4.87 0.00 387376 76976 1.92 0.00 21.49 0.00 59 29 18 smartDeviceLinkCore
13:37:38 1000 20567 0.30 0.10 0.00 0.00 0.40 2 4.86 0.00 387376 76976 1.92 0.00 21.48 0.00 59 29 18 smartDeviceLinkCore
13:37:41 1000 20567 0.30 0.10 0.00 0.00 0.40 2 4.86 0.00 387376 76976 1.92 0.00 21.46 0.00 59 29 18 smartDeviceLinkCore
13:37:44 1000 20567 0.30 0.10 0.00 0.00 0.40 2 4.86 0.00 387376 76976 1.92 0.00 21.45 0.00 59 29 18 smartDeviceLinkCore
13:37:47 1000 20567 0.30 0.10 0.00 0.00 0.40 2 4.86 0.00 387376 76976 1.92 0.00 21.43 0.00 59 29 18 smartDeviceLinkCore
13:37:50 1000 20567 0.30 0.10 0.00 0.00 0.40 2 4.85 0.00 387376 76976 1.92 0.00 21.42 0.00 59 29 18 smartDeviceLinkCore
13:37:53 1000 20567 0.30 0.10 0.00 0.00 0.40 2 4.85 0.00 387376 76976 1.92 0.00 21.41 0.00 59 29 18 smartDeviceLinkCore
13:37:56 1000 20567 0.30 0.10 0.00 0.00 0.40 2 4.85 0.00 387376 76976 1.92 0.00 21.39 0.00 59 29 18 smartDeviceLinkCore
13:37:59 1000 20567 0.30 0.10 0.00 0.00 0.40 2 4.84 0.00 387376 76976 1.92 0.00 21.38 0.00 59 29 18 smartDeviceLinkCore
13:38:02 1000 20567 0.30 0.10 0.00 0.00 0.40 2 4.84 0.00 387376 76976 1.92 0.00 21.37 0.00 59 29 18 smartDeviceLinkCore
13:38:05 1000 20567 0.30 0.10 0.00 0.00 0.40 2 4.84 0.00 387376 76976 1.92 0.00 21.35 0.00 59 29 18 smartDeviceLinkCore
13:38:08 1000 20567 0.30 0.10 0.00 0.00 0.40 2 4.83 0.00 387376 76976 1.92 0.00 21.34 0.00 59 29 18 smartDeviceLinkCore
13:38:11 1000 20567 0.30 0.10 0.00 0.00 0.40 2 4.83 0.00 387376 76976 1.92 0.00 21.33 0.00 59 29 18 smartDeviceLinkCore
13:38:14 1000 20567 0.30 0.10 0.00 0.00 0.40 2 4.83 0.00 387376 76976 1.92 0.00 21.31 0.00 59 29 18 smartDeviceLinkCore
13:38:17 1000 20567 0.30 0.10 0.00 0.00 0.40 2 4.83 0.00 387376 76976 1.92 0.00 21.30 0.00 59 29 18 smartDeviceLinkCore
13:38:20 1000 20567 0.30 0.10 0.00 0.00 0.40 2 4.82 0.00 387376 76976 1.92 0.00 21.29 0.00 59 29 18 smartDeviceLinkCore
13:38:23 1000 20567 0.30 0.10 0.00 0.00 0.40 2 4.82 0.00 387376 76976 1.92 0.00 21.28 0.00 59 29 18 smartDeviceLinkCore
13:38:26 1000 20567 0.30 0.10 0.00 0.00 0.40 2 4.82 0.00 387376 76976 1.92 0.00 21.26 0.00 59 29 18 smartDeviceLinkCore
13:38:29 1000 20567 0.30 0.10 0.00 0.00 0.40 2 4.81 0.00 387376 76976 1.92 0.00 21.25 0.00 59 29 18 smartDeviceLinkCore
13:38:32 1000 20567 0.30 0.10 0.00 0.00 0.40 2 4.81 0.00 387376 76976 1.92 0.00 21.24 0.00 59 29 18 smartDeviceLinkCore
13:38:35 1000 20567 0.30 0.10 0.00 0.00 0.40 2 4.81 0.00 387376 76976 1.92 0.00 21.22 0.00 59 29 18 smartDeviceLinkCore
13:38:38 1000 20567 0.30 0.10 0.00 0.00 0.40 2 4.80 0.00 387376 76976 1.92 0.00 21.21 0.00 59 29 18 smartDeviceLinkCore
13:38:42 1000 20567 0.30 0.10 0.00 0.00 0.40 2 4.80 0.00 387376 76976 1.92 0.00 21.20 0.00 59 29 18 smartDeviceLinkCore
13:38:45 1000 20567 0.30 0.10 0.00 0.00 0.40 2 4.80 0.00 387376 76976 1.92 0.00 21.18 0.00 59 29 18 smartDeviceLinkCore
13:38:48 1000 20567 0.30 0.10 0.00 0.00 0.40 2 4.80 0.00 387376 76976 1.92 0.00 21.17 0.00 59 29 18 smartDeviceLinkCore
13:38:51 1000 20567 0.30 0.10 0.00 0.00 0.40 2 4.79 0.00 387376 76976 1.92 0.00 21.16 0.00 59 29 18 smartDeviceLinkCore
13:38:54 1000 20567 0.30 0.10 0.00 0.00 0.40 2 4.79 0.00 387376 76976 1.92 0.00 21.14 0.00 59 29 18 smartDeviceLinkCore
13:38:57 1000 20567 0.30 0.10 0.00 0.00 0.40 2 4.79 0.00 387376 76976 1.92 0.00 21.13 0.00 59 29 18 smartDeviceLinkCore
13:39:00 1000 20567 0.30 0.10 0.00 0.00 0.40 2 4.78 0.00 387376 76976 1.92 0.00 21.12 0.00 59 29 18 smartDeviceLinkCore
13:39:03 1000 20567 0.30 0.10 0.00 0.00 0.40 2 4.78 0.00 387376 76976 1.92 0.00 21.11 0.00 59 29 18 smartDeviceLinkCore
13:39:06 1000 20567 0.30 0.10 0.00 0.00 0.40 2 4.78 0.00 387376 76976 1.92 0.00 21.09 0.00 59 29 18 smartDeviceLinkCore
13:39:09 1000 20567 0.30 0.10 0.00 0.00 0.40 2 4.78 0.00 387376 76976 1.92 0.00 21.08 0.00 59 29 18 smartDeviceLinkCore
13:39:12 1000 20567 0.30 0.10 0.00 0.00 0.40 2 4.77 0.00 387376 76976 1.92 0.00 21.07 0.00 59 29 18 smartDeviceLinkCore
13:39:15 1000 20567 0.30 0.10 0.00 0.00 0.40 2 4.77 0.00 387376 76976 1.92 0.00 21.05 0.00 59 29 18 smartDeviceLinkCore
13:39:18 1000 20567 0.30 0.10 0.00 0.00 0.40 2 4.77 0.00 387376 76976 1.92 0.00 21.04 0.00 59 29 18 smartDeviceLinkCore
13:39:21 1000 20567 0.30 0.10 0.00 0.00 0.40 2 4.76 0.00 387376 76976 1.92 0.00 21.03 0.00 59 29 18 smartDeviceLinkCore
13:39:24 1000 20567 0.30 0.10 0.00 0.00 0.40 2 4.76 0.00 387376 76976 1.92 0.00 21.01 0.00 59 29 18 smartDeviceLinkCore
13:39:27 1000 20567 0.30 0.10 0.00 0.00 0.40 2 4.76 0.00 387376 76976 1.92 0.00 21.00 0.00 59 29 18 smartDeviceLinkCore
13:39:30 1000 20567 0.30 0.10 0.00 0.00 0.40 2 4.75 0.00 387376 76976 1.92 0.00 20.99 0.00 59 29 18 smartDeviceLinkCore
13:39:33 1000 20567 0.30 0.10 0.00 0.00 0.40 2 4.75 0.00 387376 76976 1.92 0.00 20.98 0.00 59 29 18 smartDeviceLinkCore
13:39:36 1000 20567 0.30 0.10 0.00 0.00 0.40 2 4.75 0.00 387376 76976 1.92 0.00 20.96 0.00 59 29 18 smartDeviceLinkCore
13:39:39 1000 20567 0.30 0.10 0.00 0.00 0.40 2 4.75 0.00 387376 76976 1.92 0.00 20.95 0.00 59 29 18 smartDeviceLinkCore
13:39:42 1000 20567 0.29 0.10 0.00 0.00 0.40 2 4.74 0.00 387376 76976 1.92 0.00 20.94 0.00 59 29 18 smartDeviceLinkCore
13:39:45 1000 20567 0.29 0.10 0.00 0.00 0.40 2 4.74 0.00 387376 76976 1.92 0.00 20.92 0.00 59 29 18 smartDeviceLinkCore
13:39:48 1000 20567 0.29 0.10 0.00 0.00 0.40 2 4.74 0.00 387376 76976 1.92 0.00 20.91 0.00 59 29 18 smartDeviceLinkCore
13:39:51 1000 20567 0.29 0.10 0.00 0.00 0.40 2 4.73 0.00 387376 76976 1.92 0.00 20.90 0.00 59 29 18 smartDeviceLinkCore
13:39:54 1000 20567 0.29 0.10 0.00 0.00 0.40 2 4.73 0.00 387376 76976 1.92 0.00 20.89 0.00 59 29 18 smartDeviceLinkCore
13:39:57 1000 20567 0.29 0.10 0.00 0.00 0.40 2 4.73 0.00 387376 76976 1.92 0.00 20.87 0.00 59 29 18 smartDeviceLinkCore
13:40:00 1000 20567 0.29 0.10 0.00 0.00 0.40 2 4.73 0.00 387376 76976 1.92 0.00 20.86 0.00 59 29 18 smartDeviceLinkCore
13:40:03 1000 20567 0.29 0.10 0.00 0.00 0.40 2 4.72 0.00 387376 76976 1.92 0.00 20.85 0.00 59 29 18 smartDeviceLinkCore
13:40:06 1000 20567 0.29 0.10 0.00 0.00 0.40 2 4.72 0.00 387376 76976 1.92 0.00 20.84 0.00 59 29 18 smartDeviceLinkCore
13:40:09 1000 20567 0.29 0.10 0.00 0.00 0.40 2 4.72 0.00 387376 76976 1.92 0.00 20.82 0.00 59 29 18 smartDeviceLinkCore
13:40:12 1000 20567 0.29 0.10 0.00 0.00 0.40 2 4.71 0.00 387376 76976 1.92 0.00 20.81 0.00 59 29 18 smartDeviceLinkCore
13:40:15 1000 20567 0.29 0.10 0.00 0.00 0.40 2 4.71 0.00 387376 76976 1.92 0.00 20.80 0.00 59 29 18 smartDeviceLinkCore
13:40:18 1000 20567 0.29 0.10 0.00 0.00 0.40 2 4.71 0.00 387376 76976 1.92 0.00 20.79 0.00 59 29 18 smartDeviceLinkCore
13:40:21 1000 20567 0.29 0.10 0.00 0.00 0.40 2 4.71 0.00 387376 76976 1.92 0.00 20.77 0.00 59 29 18 smartDeviceLinkCore
13:40:24 1000 20567 0.29 0.10 0.00 0.00 0.40 2 4.70 0.00 387376 76976 1.92 0.00 20.76 0.00 59 29 18 smartDeviceLinkCore
13:40:27 1000 20567 0.29 0.10 0.00 0.00 0.40 2 4.70 0.00 387376 76976 1.92 0.00 20.75 0.00 59 29 18 smartDeviceLinkCore
13:40:30 1000 20567 0.29 0.10 0.00 0.00 0.40 2 4.70 0.00 387376 76976 1.92 0.00 20.74 0.00 59 29 18 smartDeviceLinkCore
13:40:33 1000 20567 0.29 0.10 0.00 0.00 0.40 2 4.69 0.00 387376 76976 1.92 0.00 20.72 0.00 59 29 18 smartDeviceLinkCore
13:40:36 1000 20567 0.29 0.10 0.00 0.00 0.40 2 4.69 0.00 387376 76976 1.92 0.00 20.71 0.00 59 29 18 smartDeviceLinkCore
13:40:39 1000 20567 0.29 0.10 0.00 0.00 0.40 2 4.69 0.00 387376 76976 1.92 0.00 20.70 0.00 59 29 18 smartDeviceLinkCore
13:40:42 1000 20567 0.29 0.10 0.00 0.00 0.39 2 4.69 0.00 387376 76976 1.92 0.00 20.68 0.00 59 29 18 smartDeviceLinkCore
13:40:45 1000 20567 0.29 0.10 0.00 0.00 0.39 2 4.68 0.00 387376 76976 1.92 0.00 20.67 0.00 59 29 18 smartDeviceLinkCore
13:40:48 1000 20567 0.29 0.10 0.00 0.00 0.39 2 4.68 0.00 387376 76976 1.92 0.00 20.66 0.00 59 29 18 smartDeviceLinkCore
13:40:51 1000 20567 0.29 0.10 0.00 0.00 0.39 2 4.68 0.00 387376 76976 1.92 0.00 20.65 0.00 59 29 18 smartDeviceLinkCore
13:40:54 1000 20567 0.29 0.10 0.00 0.00 0.39 2 4.67 0.00 387376 76976 1.92 0.00 20.64 0.00 59 29 18 smartDeviceLinkCore
13:40:57 1000 20567 0.29 0.10 0.00 0.00 0.39 2 4.67 0.00 387376 76976 1.92 0.00 20.62 0.00 59 29 18 smartDeviceLinkCore
13:41:00 1000 20567 0.29 0.10 0.00 0.00 0.39 2 4.67 0.00 387376 76976 1.92 0.00 20.61 0.00 59 29 18 smartDeviceLinkCore
13:41:03 1000 20567 0.29 0.10 0.00 0.00 0.39 2 4.67 0.00 387376 76976 1.92 0.00 20.60 0.00 59 29 18 smartDeviceLinkCore
13:41:06 1000 20567 0.29 0.10 0.00 0.00 0.39 2 4.66 0.00 387376 76976 1.92 0.00 20.59 0.00 59 29 18 smartDeviceLinkCore
13:41:09 1000 20567 0.29 0.10 0.00 0.00 0.39 2 4.66 0.00 387376 76976 1.92 0.00 20.57 0.00 59 29 18 smartDeviceLinkCore
13:41:12 1000 20567 0.29 0.10 0.00 0.00 0.39 2 4.66 0.00 387376 76976 1.92 0.00 20.56 0.00 59 29 18 smartDeviceLinkCore
13:41:15 1000 20567 0.29 0.10 0.00 0.00 0.39 2 4.65 0.00 387376 76976 1.92 0.00 20.55 0.00 59 29 18 smartDeviceLinkCore
13:41:18 1000 20567 0.29 0.10 0.00 0.00 0.39 2 4.65 0.00 387376 76976 1.92 0.00 20.54 0.00 59 29 18 smartDeviceLinkCore
13:41:21 1000 20567 0.29 0.10 0.00 0.00 0.39 2 4.65 0.00 387376 76976 1.92 0.00 20.52 0.00 59 29 18 smartDeviceLinkCore
13:41:24 1000 20567 0.29 0.10 0.00 0.00 0.39 2 4.65 0.00 387376 76976 1.92 0.00 20.51 0.00 59 29 18 smartDeviceLinkCore
13:41:27 1000 20567 0.29 0.10 0.00 0.00 0.39 2 4.64 0.00 387376 76976 1.92 0.00 20.50 0.00 59 29 18 smartDeviceLinkCore
13:41:30 1000 20567 0.29 0.10 0.00 0.00 0.39 2 4.64 0.00 387376 76976 1.92 0.00 20.49 0.00 59 29 18 smartDeviceLinkCore
13:41:33 1000 20567 0.29 0.10 0.00 0.00 0.39 2 4.64 0.00 387376 76976 1.92 0.00 20.48 0.00 59 29 18 smartDeviceLinkCore
13:41:36 1000 20567 0.29 0.10 0.00 0.00 0.39 2 4.64 0.00 387376 76976 1.92 0.00 20.46 0.00 59 29 18 smartDeviceLinkCore
13:41:39 1000 20567 0.29 0.10 0.00 0.00 0.39 2 4.63 0.00 387376 76976 1.92 0.00 20.45 0.00 59 29 18 smartDeviceLinkCore
13:41:42 1000 20567 0.29 0.10 0.00 0.00 0.39 2 4.63 0.00 387376 76976 1.92 0.00 20.44 0.00 59 29 18 smartDeviceLinkCore
13:41:45 1000 20567 0.29 0.10 0.00 0.00 0.39 2 4.63 0.00 387376 76976 1.92 0.00 20.43 0.00 59 29 18 smartDeviceLinkCore
13:41:48 1000 20567 0.29 0.10 0.00 0.00 0.39 2 4.62 0.00 387376 76976 1.92 0.00 20.41 0.00 59 29 18 smartDeviceLinkCore
13:41:51 1000 20567 0.29 0.10 0.00 0.00 0.39 2 4.62 0.00 387376 76976 1.92 0.00 20.40 0.00 59 29 18 smartDeviceLinkCore
13:41:54 1000 20567 0.29 0.10 0.00 0.00 0.39 2 4.62 0.00 387376 76976 1.92 0.00 20.39 0.00 59 29 18 smartDeviceLinkCore
13:41:57 1000 20567 0.29 0.10 0.00 0.00 0.39 2 4.62 0.00 387376 76976 1.92 0.00 20.38 0.00 59 29 18 smartDeviceLinkCore
13:42:00 1000 20567 0.29 0.10 0.00 0.00 0.39 2 4.61 0.00 387376 76976 1.92 0.00 20.37 0.00 59 29 18 smartDeviceLinkCore
13:42:03 1000 20567 0.29 0.10 0.00 0.00 0.39 2 4.61 0.00 387376 76976 1.92 0.00 20.35 0.00 59 29 18 smartDeviceLinkCore
13:42:06 1000 20567 0.29 0.10 0.00 0.00 0.39 2 4.61 0.00 387376 76976 1.92 0.00 20.34 0.00 59 29 18 smartDeviceLinkCore
13:42:09 1000 20567 0.29 0.10 0.00 0.00 0.39 2 4.61 0.00 387376 76976 1.92 0.00 20.33 0.00 59 29 18 smartDeviceLinkCore
13:42:12 1000 20567 0.29 0.10 0.00 0.00 0.39 2 4.60 0.00 387376 76976 1.92 0.00 20.32 0.00 59 29 18 smartDeviceLinkCore
13:42:15 1000 20567 0.29 0.10 0.00 0.00 0.39 2 4.60 0.00 387376 76976 1.92 0.00 20.31 0.00 59 29 18 smartDeviceLinkCore
13:42:18 1000 20567 0.29 0.10 0.00 0.00 0.39 2 4.60 0.00 387376 76976 1.92 0.00 20.29 0.00 59 29 18 smartDeviceLinkCore
13:42:21 1000 20567 0.29 0.10 0.00 0.00 0.39 2 4.59 0.00 387376 76976 1.92 0.00 20.28 0.00 59 29 18 smartDeviceLinkCore
13:42:24 1000 20567 0.29 0.10 0.00 0.00 0.39 2 4.59 0.00 387376 76976 1.92 0.00 20.27 0.00 59 29 18 smartDeviceLinkCore
13:42:27 1000 20567 0.29 0.10 0.00 0.00 0.39 2 4.59 0.00 387376 76976 1.92 0.00 20.26 0.00 59 29 18 smartDeviceLinkCore
13:42:30 1000 20567 0.29 0.10 0.00 0.00 0.39 2 4.59 0.00 387376 76976 1.92 0.00 20.25 0.00 59 29 18 smartDeviceLinkCore
13:42:33 1000 20567 0.29 0.10 0.00 0.00 0.39 2 4.58 0.00 387376 76976 1.92 0.00 20.23 0.00 59 29 18 smartDeviceLinkCore
13:42:36 1000 20567 0.29 0.10 0.00 0.00 0.39 2 4.58 0.00 387376 76976 1.92 0.00 20.22 0.00 59 29 18 smartDeviceLinkCore
13:42:39 1000 20567 0.29 0.10 0.00 0.00 0.39 2 4.58 0.00 387376 76976 1.92 0.00 20.21 0.00 59 29 18 smartDeviceLinkCore
13:42:42 1000 20567 0.29 0.10 0.00 0.00 0.39 2 4.58 0.00 387376 76976 1.92 0.00 20.20 0.00 59 29 18 smartDeviceLinkCore
13:42:45 1000 20567 0.29 0.10 0.00 0.00 0.39 2 4.57 0.00 387376 76976 1.92 0.00 20.19 0.00 59 29 18 smartDeviceLinkCore
13:42:48 1000 20567 0.29 0.10 0.00 0.00 0.39 2 4.57 0.00 387376 76976 1.92 0.00 20.17 0.00 59 29 18 smartDeviceLinkCore
13:42:51 1000 20567 0.29 0.10 0.00 0.00 0.39 2 4.57 0.00 387376 76976 1.92 0.00 20.16 0.00 59 29 18 smartDeviceLinkCore
13:42:54 1000 20567 0.29 0.10 0.00 0.00 0.39 2 4.56 0.00 387376 76976 1.92 0.00 20.15 0.00 59 29 18 smartDeviceLinkCore
13:42:57 1000 20567 0.29 0.10 0.00 0.00 0.39 2 4.56 0.00 387376 76976 1.92 0.00 20.14 0.00 59 29 18 smartDeviceLinkCore
13:43:00 1000 20567 0.29 0.10 0.00 0.00 0.39 2 4.56 0.00 387376 76976 1.92 0.00 20.13 0.00 59 29 18 smartDeviceLinkCore
13:43:03 1000 20567 0.29 0.10 0.00 0.00 0.39 2 4.56 0.00 387376 76976 1.92 0.00 20.11 0.00 59 29 18 smartDeviceLinkCore
13:43:06 1000 20567 0.29 0.10 0.00 0.00 0.39 2 4.55 0.00 387376 76976 1.92 0.00 20.10 0.00 59 29 18 smartDeviceLinkCore
13:43:09 1000 20567 0.29 0.10 0.00 0.00 0.39 2 4.55 0.00 387376 76976 1.92 0.00 20.09 0.00 59 29 18 smartDeviceLinkCore
13:43:12 1000 20567 0.29 0.10 0.00 0.00 0.39 2 4.55 0.00 387376 76976 1.92 0.00 20.08 0.00 59 29 18 smartDeviceLinkCore
13:43:15 1000 20567 0.29 0.10 0.00 0.00 0.39 2 4.55 0.00 387376 76976 1.92 0.00 20.07 0.00 59 29 18 smartDeviceLinkCore
13:43:18 1000 20567 0.29 0.10 0.00 0.00 0.39 2 4.54 0.00 387376 76976 1.92 0.00 20.06 0.00 59 29 18 smartDeviceLinkCore
13:43:21 1000 20567 0.29 0.10 0.00 0.00 0.39 2 4.54 0.00 387376 76976 1.92 0.00 20.04 0.00 59 29 18 smartDeviceLinkCore
13:43:24 1000 20567 0.29 0.10 0.00 0.00 0.39 2 4.54 0.00 387376 76976 1.92 0.00 20.03 0.00 59 29 18 smartDeviceLinkCore
13:43:27 1000 20567 0.29 0.10 0.00 0.00 0.39 2 4.54 0.00 387376 76976 1.92 0.00 20.02 0.00 59 29 18 smartDeviceLinkCore
13:43:30 1000 20567 0.29 0.10 0.00 0.00 0.39 2 4.53 0.00 387376 76976 1.92 0.00 20.01 0.00 59 29 18 smartDeviceLinkCore
13:43:33 1000 20567 0.29 0.10 0.00 0.00 0.39 2 4.53 0.00 387376 76976 1.92 0.00 20.00 0.00 59 29 18 smartDeviceLinkCore
13:43:36 1000 20567 0.29 0.10 0.00 0.00 0.39 2 4.53 0.00 387376 76976 1.92 0.00 19.99 0.00 59 29 18 smartDeviceLinkCore
13:43:39 1000 20567 0.29 0.10 0.00 0.00 0.39 2 4.52 0.00 387376 76976 1.92 0.00 19.97 0.00 59 29 18 smartDeviceLinkCore
13:43:42 1000 20567 0.29 0.10 0.00 0.00 0.39 2 4.52 0.00 387376 76976 1.92 0.00 19.96 0.00 59 29 18 smartDeviceLinkCore
13:43:45 1000 20567 0.29 0.10 0.00 0.00 0.39 2 4.52 0.00 387376 76976 1.92 0.00 19.95 0.00 59 29 18 smartDeviceLinkCore
13:43:48 1000 20567 0.29 0.10 0.00 0.00 0.39 2 4.52 0.00 387376 76976 1.92 0.00 19.94 0.00 59 29 18 smartDeviceLinkCore
13:43:51 1000 20567 0.29 0.10 0.00 0.00 0.39 2 4.51 0.00 387376 76976 1.92 0.00 19.93 0.00 59 29 18 smartDeviceLinkCore
13:43:54 1000 20567 0.29 0.10 0.00 0.00 0.39 2 4.51 0.00 387376 76976 1.92 0.00 19.92 0.00 59 29 18 smartDeviceLinkCore
13:43:57 1000 20567 0.29 0.10 0.00 0.00 0.39 2 4.51 0.00 387376 76976 1.92 0.00 19.90 0.00 59 29 18 smartDeviceLinkCore
13:44:00 1000 20567 0.29 0.10 0.00 0.00 0.39 2 4.51 0.00 387376 76976 1.92 0.00 19.89 0.00 59 29 18 smartDeviceLinkCore
13:44:03 1000 20567 0.29 0.10 0.00 0.00 0.39 2 4.50 0.00 387376 76976 1.92 0.00 19.88 0.00 59 29 18 smartDeviceLinkCore
13:44:06 1000 20567 0.29 0.10 0.00 0.00 0.39 2 4.50 0.00 387376 76976 1.92 0.00 19.87 0.00 59 29 18 smartDeviceLinkCore
13:44:09 1000 20567 0.29 0.10 0.00 0.00 0.39 2 4.50 0.00 387376 76976 1.92 0.00 19.86 0.00 59 29 18 smartDeviceLinkCore
13:44:12 1000 20567 0.29 0.10 0.00 0.00 0.39 2 4.50 0.00 387376 76976 1.92 0.00 19.85 0.00 59 29 18 smartDeviceLinkCore
13:44:15 1000 20567 0.29 0.10 0.00 0.00 0.39 2 4.49 0.00 387376 76976 1.92 0.00 19.84 0.00 59 29 18 smartDeviceLinkCore
13:44:18 1000 20567 0.29 0.10 0.00 0.00 0.39 2 4.49 0.00 387376 76976 1.92 0.00 19.82 0.00 59 29 18 smartDeviceLinkCore
13:44:21 1000 20567 0.29 0.10 0.00 0.00 0.39 2 4.49 0.00 387376 76976 1.92 0.00 19.81 0.00 59 29 18 smartDeviceLinkCore
13:44:24 1000 20567 0.29 0.10 0.00 0.00 0.39 2 4.49 0.00 387376 76976 1.92 0.00 19.80 0.00 59 29 18 smartDeviceLinkCore
13:44:27 1000 20567 0.29 0.10 0.00 0.00 0.39 2 4.48 0.00 387376 76976 1.92 0.00 19.79 0.00 59 29 18 smartDeviceLinkCore
13:44:30 1000 20567 0.29 0.10 0.00 0.00 0.39 2 4.48 0.00 387376 76976 1.92 0.00 19.78 0.00 59 29 18 smartDeviceLinkCore
13:44:33 1000 20567 0.29 0.10 0.00 0.00 0.39 2 4.48 0.00 387376 76976 1.92 0.00 19.77 0.00 59 29 18 smartDeviceLinkCore
13:44:37 1000 20567 0.29 0.10 0.00 0.00 0.39 2 4.48 0.00 387376 76976 1.92 0.00 19.76 0.00 59 29 18 smartDeviceLinkCore
13:44:40 1000 20567 0.29 0.10 0.00 0.00 0.39 2 4.47 0.00 387376 76976 1.92 0.00 19.74 0.00 59 29 18 smartDeviceLinkCore
13:44:43 1000 20567 0.29 0.10 0.00 0.00 0.39 2 4.47 0.00 387376 76976 1.92 0.00 19.73 0.00 59 29 18 smartDeviceLinkCore
13:44:46 1000 20567 0.29 0.10 0.00 0.00 0.39 2 4.47 0.00 387376 76976 1.92 0.00 19.72 0.00 59 29 18 smartDeviceLinkCore
13:44:49 1000 20567 0.29 0.10 0.00 0.00 0.39 2 4.46 0.00 387376 76976 1.92 0.00 19.71 0.00 59 29 18 smartDeviceLinkCore
13:44:52 1000 20567 0.29 0.10 0.00 0.00 0.39 2 4.46 0.00 387376 76976 1.92 0.00 19.70 0.00 59 29 18 smartDeviceLinkCore
13:44:55 1000 20567 0.29 0.10 0.00 0.00 0.39 2 4.46 0.00 387376 76976 1.92 0.00 19.69 0.00 59 29 18 smartDeviceLinkCore
13:44:58 1000 20567 0.29 0.10 0.00 0.00 0.39 2 4.46 0.00 387376 76976 1.92 0.00 19.68 0.00 59 29 18 smartDeviceLinkCore
13:45:01 1000 20567 0.29 0.10 0.00 0.00 0.39 2 4.45 0.00 387376 76976 1.92 0.00 19.66 0.00 59 29 18 smartDeviceLinkCore
13:45:04 1000 20567 0.29 0.10 0.00 0.00 0.39 2 4.45 0.00 387376 76976 1.92 0.00 19.65 0.00 59 29 18 smartDeviceLinkCore
13:45:07 1000 20567 0.29 0.10 0.00 0.00 0.39 2 4.45 0.00 387376 76976 1.92 0.00 19.64 0.00 59 29 18 smartDeviceLinkCore
13:45:10 1000 20567 0.29 0.10 0.00 0.00 0.39 2 4.45 0.00 387376 76976 1.92 0.00 19.63 0.00 59 29 18 smartDeviceLinkCore
13:45:13 1000 20567 0.29 0.10 0.00 0.00 0.39 2 4.44 0.00 387376 76976 1.92 0.00 19.62 0.00 59 29 18 smartDeviceLinkCore
13:45:16 1000 20567 0.29 0.10 0.00 0.00 0.39 2 4.44 0.00 387376 76976 1.92 0.00 19.61 0.00 59 29 18 smartDeviceLinkCore
13:45:19 1000 20567 0.29 0.10 0.00 0.00 0.39 2 4.44 0.00 387376 76976 1.92 0.00 19.60 0.00 59 29 18 smartDeviceLinkCore
13:45:22 1000 20567 0.29 0.10 0.00 0.00 0.39 2 4.44 0.00 387376 76976 1.92 0.00 19.59 0.00 59 29 18 smartDeviceLinkCore
13:45:25 1000 20567 0.29 0.10 0.00 0.00 0.39 2 4.43 0.00 387376 76976 1.92 0.00 19.58 0.00 59 29 18 smartDeviceLinkCore
13:45:28 1000 20567 0.29 0.10 0.00 0.00 0.39 2 4.43 0.00 387376 76976 1.92 0.00 19.56 0.00 59 29 18 smartDeviceLinkCore
13:45:31 1000 20567 0.29 0.10 0.00 0.00 0.39 2 4.43 0.00 387376 76976 1.92 0.00 19.55 0.00 59 29 18 smartDeviceLinkCore
13:45:34 1000 20567 0.29 0.10 0.00 0.00 0.39 2 4.43 0.00 387376 76976 1.92 0.00 19.54 0.00 59 29 18 smartDeviceLinkCore
13:45:37 1000 20567 0.28 0.10 0.00 0.00 0.39 2 4.42 0.00 387376 76976 1.92 0.00 19.53 0.00 59 29 18 smartDeviceLinkCore
13:45:40 1000 20567 0.28 0.10 0.00 0.00 0.39 2 4.42 0.00 387376 76976 1.92 0.00 19.52 0.00 59 29 18 smartDeviceLinkCore
13:45:43 1000 20567 0.28 0.10 0.00 0.00 0.39 2 4.42 0.00 387376 76976 1.92 0.00 19.51 0.00 59 29 18 smartDeviceLinkCore
13:45:46 1000 20567 0.28 0.10 0.00 0.00 0.39 2 4.42 0.00 387376 76976 1.92 0.00 19.50 0.00 59 29 18 smartDeviceLinkCore
13:45:49 1000 20567 0.28 0.10 0.00 0.00 0.39 2 4.41 0.00 387376 76976 1.92 0.00 19.49 0.00 59 29 18 smartDeviceLinkCore
13:45:52 1000 20567 0.28 0.10 0.00 0.00 0.39 2 4.41 0.00 387376 76976 1.92 0.00 19.47 0.00 59 29 18 smartDeviceLinkCore
13:45:55 1000 20567 0.28 0.10 0.00 0.00 0.39 2 4.41 0.00 387376 76976 1.92 0.00 19.46 0.00 59 29 18 smartDeviceLinkCore
13:45:58 1000 20567 0.28 0.10 0.00 0.00 0.39 2 4.41 0.00 387376 76976 1.92 0.00 19.45 0.00 59 29 18 smartDeviceLinkCore
13:46:01 1000 20567 0.28 0.10 0.00 0.00 0.39 2 4.40 0.00 387376 76976 1.92 0.00 19.44 0.00 59 29 18 smartDeviceLinkCore
13:46:04 1000 20567 0.28 0.10 0.00 0.00 0.39 2 4.40 0.00 387376 76976 1.92 0.00 19.43 0.00 59 29 18 smartDeviceLinkCore
13:46:07 1000 20567 0.28 0.10 0.00 0.00 0.39 2 4.40 0.00 387376 76976 1.92 0.00 19.42 0.00 59 29 18 smartDeviceLinkCore
13:46:10 1000 20567 0.28 0.10 0.00 0.00 0.39 2 4.40 0.00 387376 76976 1.92 0.00 19.41 0.00 59 29 18 smartDeviceLinkCore
13:46:13 1000 20567 0.28 0.10 0.00 0.00 0.39 2 4.39 0.00 387376 76976 1.92 0.00 19.40 0.00 59 29 18 smartDeviceLinkCore
13:46:16 1000 20567 0.28 0.10 0.00 0.00 0.39 2 4.39 0.00 387376 76976 1.92 0.00 19.39 0.00 59 29 18 smartDeviceLinkCore
13:46:19 1000 20567 0.28 0.10 0.00 0.00 0.39 2 4.39 0.00 387376 76976 1.92 0.00 19.38 0.00 59 29 18 smartDeviceLinkCore
13:46:22 1000 20567 0.28 0.10 0.00 0.00 0.39 2 4.39 0.00 387376 76976 1.92 0.00 19.37 0.00 59 29 18 smartDeviceLinkCore
13:46:25 1000 20567 0.28 0.10 0.00 0.00 0.39 2 4.38 0.00 387376 76976 1.92 0.00 19.35 0.00 59 29 18 smartDeviceLinkCore
13:46:28 1000 20567 0.28 0.10 0.00 0.00 0.39 2 4.38 0.00 387376 76976 1.92 0.00 19.34 0.00 59 29 18 smartDeviceLinkCore
13:46:31 1000 20567 0.28 0.10 0.00 0.00 0.39 2 4.38 0.00 387376 76976 1.92 0.00 19.33 0.00 59 29 18 smartDeviceLinkCore
13:46:34 1000 20567 0.28 0.10 0.00 0.00 0.39 2 4.38 0.00 387376 76976 1.92 0.00 19.32 0.00 59 29 18 smartDeviceLinkCore

14:10:52 1000 6726 1.96 1.13 0.00 0.00 3.09 2 18.95 0.00 405272 90352 2.26 0.00 157.53 2.48 38 33 29 smartDeviceLinkCore
14:10:55 1000 6726 1.96 1.13 0.00 0.00 3.09 2 19.10 0.00 405272 90352 2.26 0.00 157.71 2.48 38 33 29 smartDeviceLinkCore
14:10:58 1000 6726 1.96 1.13 0.00 0.00 3.09 2 19.09 0.00 405272 90352 2.26 0.00 157.64 2.48 38 33 29 smartDeviceLinkCore
14:11:01 1000 6726 1.96 1.13 0.00 0.00 3.09 2 19.08 0.00 405272 90352 2.26 0.00 157.57 2.48 38 33 29 smartDeviceLinkCore
14:11:04 1000 6726 1.96 1.13 0.00 0.00 3.09 2 19.23 0.00 405272 90360 2.26 0.00 157.62 2.47 38 33 30 smartDeviceLinkCore
14:11:07 1000 6726 1.96 1.13 0.00 0.00 3.09 2 19.22 0.00 405272 90360 2.26 0.00 157.69 2.47 38 33 29 smartDeviceLinkCore
14:11:10 1000 6726 1.96 1.13 0.00 0.00 3.09 2 19.21 0.00 405272 90360 2.26 0.00 157.62 2.47 38 33 29 smartDeviceLinkCore
14:11:13 1000 6726 1.96 1.13 0.00 0.00 3.09 2 19.20 0.00 405272 90360 2.26 0.00 157.55 2.47 38 33 29 smartDeviceLinkCore
14:11:16 1000 6726 1.96 1.13 0.00 0.00 3.09 2 19.34 0.00 405272 90368 2.26 0.00 157.74 2.47 38 33 29 smartDeviceLinkCore
14:11:19 1000 6726 1.96 1.13 0.00 0.00 3.09 2 19.34 0.00 405272 90368 2.26 0.00 157.67 2.47 38 33 29 smartDeviceLinkCore
14:11:22 1000 6726 1.96 1.13 0.00 0.00 3.09 2 19.33 0.00 405272 90368 2.26 0.00 157.60 2.47 38 33 29 smartDeviceLinkCore
14:11:25 1000 6726 1.96 1.13 0.00 0.00 3.09 2 19.47 0.00 405272 90368 2.26 0.00 157.77 2.47 38 33 31 smartDeviceLinkCore
14:11:28 1000 6726 1.96 1.13 0.00 0.00 3.09 2 19.46 0.00 405272 90368 2.26 0.00 157.71 2.47 38 33 29 smartDeviceLinkCore
14:11:31 1000 6726 1.96 1.13 0.00 0.00 3.09 2 19.46 0.00 405272 90368 2.26 0.00 157.64 2.46 38 33 29 smartDeviceLinkCore
14:11:35 1000 6726 1.96 1.13 0.00 0.00 3.09 2 19.45 0.00 405272 90368 2.26 0.00 157.57 2.46 38 33 29 smartDeviceLinkCore
14:11:38 1000 6726 1.96 1.13 0.00 0.00 3.09 2 19.59 0.00 405272 90368 2.26 0.00 157.76 2.46 38 33 29 smartDeviceLinkCore
14:11:41 1000 6726 1.96 1.13 0.00 0.00 3.09 2 19.58 0.00 405272 90368 2.26 0.00 157.69 2.46 38 33 29 smartDeviceLinkCore
14:11:44 1000 6726 1.96 1.13 0.00 0.00 3.09 2 19.57 0.00 405272 90368 2.26 0.00 157.62 2.46 38 33 29 smartDeviceLinkCore
14:11:47 1000 6726 1.96 1.13 0.00 0.00 3.09 2 19.72 0.00 405272 90368 2.26 0.00 157.81 2.46 38 33 29 smartDeviceLinkCore
14:11:50 1000 6726 1.96 1.13 0.00 0.00 3.09 2 19.71 0.00 405272 90368 2.26 0.00 157.74 2.46 38 33 29 smartDeviceLinkCore
14:11:53 1000 6726 1.96 1.13 0.00 0.00 3.08 2 19.70 0.00 405272 90368 2.26 0.00 157.67 2.46 38 33 29 smartDeviceLinkCore
14:11:56 1000 6726 1.96 1.13 0.00 0.00 3.09 2 19.84 0.00 405272 90368 2.26 0.00 157.71 2.46 38 33 30 smartDeviceLinkCore
14:11:59 1000 6726 1.96 1.13 0.00 0.00 3.09 2 19.83 0.00 405272 90368 2.26 0.00 157.78 2.45 38 33 29 smartDeviceLinkCore
14:12:02 1000 6726 1.96 1.13 0.00 0.00 3.08 2 19.83 0.00 405272 90368 2.26 0.00 157.71 2.45 38 33 29 smartDeviceLinkCore
14:12:05 1000 6726 1.96 1.13 0.00 0.00 3.08 2 19.82 0.00 405272 90368 2.26 0.00 157.65 2.45 38 33 29 smartDeviceLinkCore
14:12:08 1000 6726 1.96 1.13 0.00 0.00 3.09 2 19.96 0.00 405272 90368 2.26 0.00 157.83 2.45 38 33 29 smartDeviceLinkCore
14:12:11 1000 6726 1.96 1.13 0.00 0.00 3.08 2 19.95 0.00 405272 90368 2.26 0.00 157.76 2.45 38 33 29 smartDeviceLinkCore
14:12:14 1000 6726 1.96 1.13 0.00 0.00 3.08 2 19.94 0.00 405272 90368 2.26 0.00 157.69 2.45 38 33 29 smartDeviceLinkCore
14:12:17 1000 6726 1.96 1.13 0.00 0.00 3.09 2 20.09 0.00 405272 90368 2.26 0.00 157.81 2.45 38 33 30 smartDeviceLinkCore
14:12:20 1000 6726 1.96 1.12 0.00 0.00 3.08 2 20.08 0.00 405272 90368 2.26 0.00 157.81 2.45 38 33 29 smartDeviceLinkCore
14:12:23 1000 6726 1.96 1.12 0.00 0.00 3.08 2 20.07 0.00 405272 90368 2.26 0.00 157.74 2.45 38 33 29 smartDeviceLinkCore
14:12:26 1000 6726 1.96 1.12 0.00 0.00 3.08 2 20.06 0.00 405272 90368 2.26 0.00 157.67 2.44 38 33 29 smartDeviceLinkCore
14:12:29 1000 6726 1.96 1.12 0.00 0.00 3.08 2 20.20 0.00 405272 90368 2.26 0.00 157.85 2.44 38 33 29 smartDeviceLinkCore
14:12:32 1000 6726 1.96 1.12 0.00 0.00 3.08 2 20.20 0.00 405272 90368 2.26 0.00 157.79 2.44 38 33 29 smartDeviceLinkCore
14:12:35 1000 6726 1.96 1.12 0.00 0.00 3.08 2 20.19 0.00 405272 90368 2.26 0.00 157.72 2.44 38 33 29 smartDeviceLinkCore
14:12:38 1000 6726 1.96 1.12 0.00 0.00 3.08 2 20.33 0.00 405272 90368 2.26 0.00 157.90 2.44 38 33 29 smartDeviceLinkCore
14:12:41 1000 6726 1.96 1.12 0.00 0.00 3.08 2 20.32 0.00 405272 90368 2.26 0.00 157.83 2.44 38 33 29 smartDeviceLinkCore
14:12:44 1000 6726 1.96 1.12 0.00 0.00 3.08 2 20.31 0.00 405272 90368 2.26 0.00 157.76 2.44 38 33 29 smartDeviceLinkCore
14:12:47 1000 6726 1.96 1.12 0.00 0.00 3.08 2 20.45 0.00 405272 90368 2.26 0.00 157.74 2.44 38 33 30 smartDeviceLinkCore
14:12:50 1000 6726 1.96 1.12 0.00 0.00 3.08 2 20.44 0.00 405272 90368 2.26 0.00 157.88 2.44 38 33 29 smartDeviceLinkCore
14:12:53 1000 6726 1.96 1.12 0.00 0.00 3.08 2 20.43 0.00 405272 90368 2.26 0.00 157.81 2.44 38 33 29 smartDeviceLinkCore
14:12:56 1000 6726 1.96 1.12 0.00 0.00 3.08 2 20.43 0.00 405272 90368 2.26 0.00 157.74 2.43 38 33 29 smartDeviceLinkCore
14:12:59 1000 6726 1.96 1.12 0.00 0.00 3.08 2 20.57 0.00 405272 90368 2.26 0.00 157.92 2.43 38 33 29 smartDeviceLinkCore
14:13:02 1000 6726 1.96 1.12 0.00 0.00 3.08 2 20.56 0.00 405272 90368 2.26 0.00 157.86 2.43 38 33 29 smartDeviceLinkCore
14:13:05 1000 6726 1.96 1.12 0.00 0.00 3.08 2 20.55 0.00 405272 90368 2.26 0.00 157.79 2.43 38 33 29 smartDeviceLinkCore
14:13:08 1000 6726 1.96 1.12 0.00 0.00 3.08 2 20.69 0.00 405272 90368 2.26 0.00 157.83 2.43 38 33 30 smartDeviceLinkCore
14:13:11 1000 6726 1.96 1.12 0.00 0.00 3.08 2 20.68 0.00 405272 90368 2.26 0.00 157.90 2.43 38 33 29 smartDeviceLinkCore
14:13:14 1000 6726 1.96 1.12 0.00 0.00 3.08 2 20.67 0.00 405272 90368 2.26 0.00 157.83 2.43 38 33 29 smartDeviceLinkCore
14:13:17 1000 6726 1.96 1.12 0.00 0.00 3.08 2 20.67 0.00 405272 90368 2.26 0.00 157.76 2.43 38 33 29 smartDeviceLinkCore
14:13:20 1000 6726 1.96 1.12 0.00 0.00 3.08 2 20.81 0.00 405272 90368 2.26 0.00 157.95 2.43 38 33 29 smartDeviceLinkCore
14:13:23 1000 6726 1.96 1.12 0.00 0.00 3.08 2 20.80 0.00 405272 90368 2.26 0.00 157.88 2.42 38 33 29 smartDeviceLinkCore
14:13:26 1000 6726 1.96 1.12 0.00 0.00 3.07 2 20.79 0.00 405272 90368 2.26 0.00 157.81 2.42 38 33 29 smartDeviceLinkCore
14:13:29 1000 6726 1.96 1.12 0.00 0.00 3.08 2 20.93 0.00 405272 90368 2.26 0.00 157.98 2.42 38 33 30 smartDeviceLinkCore
14:13:32 1000 6726 1.96 1.12 0.00 0.00 3.08 2 20.92 0.00 405272 90368 2.26 0.00 157.92 2.42 38 33 29 smartDeviceLinkCore
14:13:35 1000 6726 1.96 1.12 0.00 0.00 3.07 2 20.92 0.00 405272 90368 2.26 0.00 157.86 2.42 38 33 29 smartDeviceLinkCore
14:13:38 1000 6726 1.96 1.12 0.00 0.00 3.07 2 20.91 0.00 405272 90368 2.26 0.00 157.79 2.42 38 33 29 smartDeviceLinkCore
14:13:41 1000 6726 1.96 1.12 0.00 0.00 3.07 2 21.05 0.00 405272 90368 2.26 0.00 157.97 2.42 38 33 29 smartDeviceLinkCore
14:13:44 1000 6726 1.96 1.12 0.00 0.00 3.07 2 21.04 0.00 405272 90368 2.26 0.00 157.90 2.42 38 33 29 smartDeviceLinkCore
14:13:47 1000 6726 1.96 1.12 0.00 0.00 3.07 2 21.03 0.00 405272 90368 2.26 0.00 157.83 2.42 38 33 29 smartDeviceLinkCore
14:13:50 1000 6726 1.96 1.12 0.00 0.00 3.07 2 21.17 0.00 405272 90368 2.26 0.00 158.02 2.42 38 33 29 smartDeviceLinkCore
14:13:53 1000 6726 1.96 1.12 0.00 0.00 3.07 2 21.16 0.00 405272 90368 2.26 0.00 157.95 2.41 38 33 29 smartDeviceLinkCore
14:13:56 1000 6726 1.96 1.12 0.00 0.00 3.07 2 21.15 0.00 405272 90368 2.26 0.00 157.88 2.41 38 33 29 smartDeviceLinkCore
14:13:59 1000 6726 1.96 1.12 0.00 0.00 3.07 2 21.29 0.00 405272 90368 2.26 0.00 157.93 2.41 38 33 30 smartDeviceLinkCore
14:14:02 1000 6726 1.96 1.12 0.00 0.00 3.07 2 21.28 0.00 405272 90368 2.26 0.00 157.99 2.41 38 33 29 smartDeviceLinkCore
14:14:05 1000 6726 1.96 1.11 0.00 0.00 3.07 2 21.27 0.00 405272 90368 2.26 0.00 157.92 2.41 38 33 29 smartDeviceLinkCore
14:14:08 1000 6726 1.96 1.11 0.00 0.00 3.07 2 21.27 0.00 405272 90368 2.26 0.00 157.86 2.41 38 33 29 smartDeviceLinkCore
14:14:11 1000 6726 1.96 1.11 0.00 0.00 3.07 2 21.41 0.00 405272 90368 2.26 0.00 158.04 2.41 38 33 29 smartDeviceLinkCore
14:14:14 1000 6726 1.96 1.11 0.00 0.00 3.07 2 21.40 0.00 405272 90368 2.26 0.00 157.97 2.41 38 33 29 smartDeviceLinkCore
14:14:17 1000 6726 1.96 1.11 0.00 0.00 3.07 2 21.39 0.00 405272 90368 2.26 0.00 157.90 2.41 38 33 29 smartDeviceLinkCore
14:14:20 1000 6726 1.96 1.11 0.00 0.00 3.07 2 21.53 0.00 405272 90368 2.26 0.00 158.08 2.41 38 33 29 smartDeviceLinkCore
14:14:23 1000 6726 1.96 1.11 0.00 0.00 3.07 2 21.52 0.00 405272 90368 2.26 0.00 158.02 2.40 38 33 29 smartDeviceLinkCore
14:14:26 1000 6726 1.96 1.11 0.00 0.00 3.07 2 21.51 0.00 405272 90368 2.26 0.00 157.95 2.40 38 33 29 smartDeviceLinkCore
14:14:29 1000 6726 1.95 1.11 0.00 0.00 3.07 2 21.50 0.00 405272 90368 2.26 0.00 157.88 2.40 38 33 29 smartDeviceLinkCore
14:14:32 1000 6726 1.96 1.11 0.00 0.00 3.07 2 21.64 0.00 405272 90368 2.26 0.00 158.06 2.40 38 33 29 smartDeviceLinkCore
14:14:35 1000 6726 1.96 1.11 0.00 0.00 3.07 2 21.63 0.00 405272 90368 2.26 0.00 157.99 2.40 38 33 29 smartDeviceLinkCore
14:14:38 1000 6726 1.95 1.11 0.00 0.00 3.07 2 21.62 0.00 405272 90368 2.26 0.00 157.93 2.40 38 33 29 smartDeviceLinkCore
14:14:41 1000 6726 1.96 1.11 0.00 0.00 3.07 2 21.76 0.00 405272 90368 2.26 0.00 158.11 2.40 38 33 29 smartDeviceLinkCore
14:14:44 1000 6726 1.96 1.11 0.00 0.00 3.07 2 21.75 0.00 405272 90368 2.26 0.00 158.04 2.40 38 33 29 smartDeviceLinkCore
14:14:47 1000 6726 1.95 1.11 0.00 0.00 3.06 2 21.74 0.00 405272 90368 2.26 0.00 157.97 2.40 38 33 29 smartDeviceLinkCore
14:14:50 1000 6726 1.96 1.11 0.00 0.00 3.07 2 21.88 0.00 405272 90368 2.26 0.00 158.02 2.39 38 33 31 smartDeviceLinkCore
14:14:53 1000 6726 1.96 1.11 0.00 0.00 3.07 2 21.87 0.00 405272 90368 2.26 0.00 158.08 2.39 38 33 29 smartDeviceLinkCore
14:14:56 1000 6726 1.95 1.11 0.00 0.00 3.06 2 21.86 0.00 405272 90368 2.26 0.00 158.02 2.39 38 33 29 smartDeviceLinkCore
14:14:59 1000 6726 1.95 1.11 0.00 0.00 3.06 2 21.85 0.00 405272 90368 2.26 0.00 157.95 2.39 38 33 29 smartDeviceLinkCore
14:15:02 1000 6726 1.96 1.11 0.00 0.00 3.07 2 21.99 0.00 405272 90368 2.26 0.00 158.13 2.39 38 33 29 smartDeviceLinkCore
14:15:05 1000 6726 1.96 1.11 0.00 0.00 3.06 2 21.98 0.00 405272 90368 2.26 0.00 158.06 2.39 38 33 29 smartDeviceLinkCore
14:15:08 1000 6726 1.95 1.11 0.00 0.00 3.06 2 21.97 0.00 405272 90368 2.26 0.00 157.99 2.39 38 33 29 smartDeviceLinkCore
14:15:11 1000 6726 1.96 1.11 0.00 0.00 3.07 2 22.11 0.00 405272 90368 2.26 0.00 158.16 2.39 38 33 30 smartDeviceLinkCore
14:15:14 1000 6726 1.96 1.11 0.00 0.00 3.06 2 22.10 0.00 405272 90368 2.26 0.00 158.11 2.39 38 33 29 smartDeviceLinkCore
14:15:17 1000 6726 1.95 1.11 0.00 0.00 3.06 2 22.09 0.00 405272 90368 2.26 0.00 158.04 2.39 38 33 29 smartDeviceLinkCore
14:15:20 1000 6726 1.95 1.11 0.00 0.00 3.06 2 22.08 0.00 405272 90368 2.26 0.00 157.97 2.38 38 33 29 smartDeviceLinkCore
14:15:23 1000 6726 1.96 1.11 0.00 0.00 3.06 2 22.22 0.00 405272 90368 2.26 0.00 158.15 2.38 38 33 29 smartDeviceLinkCore
14:15:26 1000 6726 1.95 1.11 0.00 0.00 3.06 2 22.21 0.00 405272 90368 2.26 0.00 158.08 2.38 38 33 29 smartDeviceLinkCore
14:15:29 1000 6726 1.95 1.11 0.00 0.00 3.06 2 22.20 0.00 405272 90368 2.26 0.00 158.02 2.38 38 33 29 smartDeviceLinkCore
14:15:32 1000 6726 1.96 1.11 0.00 0.00 3.06 2 22.34 0.00 405272 90368 2.26 0.00 158.20 2.38 38 33 29 smartDeviceLinkCore
14:15:35 1000 6726 1.95 1.11 0.00 0.00 3.06 2 22.33 0.00 405272 90368 2.26 0.00 158.13 2.38 38 33 29 smartDeviceLinkCore
14:15:38 1000 6726 1.95 1.11 0.00 0.00 3.06 2 22.32 0.00 405272 90368 2.26 0.00 158.06 2.38 38 33 29 smartDeviceLinkCore
14:15:41 1000 6726 1.95 1.11 0.00 0.00 3.06 2 22.37 0.00 369976 83236 2.08 0.00 158.00 2.38 38 26 19 smartDeviceLinkCore
14:15:44 1000 6726 1.95 1.11 0.00 0.00 3.06 2 22.36 0.00 369976 83236 2.08 0.00 157.93 2.38 38 26 18 smartDeviceLinkCore
14:15:47 1000 6726 1.95 1.10 0.00 0.00 3.06 2 22.35 0.00 369976 83236 2.08 0.00 157.86 2.38 38 26 18 smartDeviceLinkCore
14:15:50 1000 6726 1.95 1.10 0.00 0.00 3.06 2 22.34 0.00 369976 83236 2.08 0.00 157.79 2.37 38 26 18 smartDeviceLinkCore
14:15:53 1000 6726 1.95 1.10 0.00 0.00 3.05 2 22.33 0.00 369976 83236 2.08 0.00 157.73 2.37 38 26 18 smartDeviceLinkCore
14:15:56 1000 6726 1.95 1.10 0.00 0.00 3.05 2 22.32 0.00 369976 83236 2.08 0.00 157.66 2.37 38 26 18 smartDeviceLinkCore
14:15:59 1000 6726 1.95 1.10 0.00 0.00 3.05 2 22.31 0.00 369976 83236 2.08 0.00 157.59 2.37 38 26 18 smartDeviceLinkCore
14:16:02 1000 6726 1.95 1.10 0.00 0.00 3.05 2 22.30 0.00 369976 83236 2.08 0.00 157.53 2.37 38 26 18 smartDeviceLinkCore
14:16:05 1000 6726 1.95 1.10 0.00 0.00 3.05 2 22.29 0.00 369976 83236 2.08 0.00 157.46 2.37 38 26 18 smartDeviceLinkCore
14:16:08 1000 6726 1.95 1.10 0.00 0.00 3.05 2 22.28 0.00 369976 83236 2.08 0.00 157.39 2.37 38 26 18 smartDeviceLinkCore
14:16:11 1000 6726 1.95 1.10 0.00 0.00 3.05 2 22.27 0.00 369976 83236 2.08 0.00 157.33 2.37 38 26 18 smartDeviceLinkCore
14:16:14 1000 6726 1.94 1.10 0.00 0.00 3.05 2 22.26 0.00 369976 83236 2.08 0.00 157.26 2.37 38 26 18 smartDeviceLinkCore
14:16:17 1000 6726 1.94 1.10 0.00 0.00 3.04 2 22.25 0.00 369976 83236 2.08 0.00 157.19 2.37 38 26 18 smartDeviceLinkCore
