13:23:45:404624304 13:23:44 0.0 0 00:00:00 0.3 15290 1
13:23:48:615449859 13:23:44 24.0 240 00:00:00 2.0 83129 26
13:23:51:644048442 13:23:44 12.0 120 00:00:00 2.0 83129 26
13:23:54:613193239 13:23:44 16.1 161 00:00:01 2.0 97472 33
13:23:57:623406800 13:23:44 23.0 230 00:00:02 2.0 122060 45
13:24:00:614057099 13:23:44 27.1 271 00:00:04 2.0 148697 58
13:24:03:645110911 13:23:44 27.1 271 00:00:04 2.0 158942 63
13:24:06:654333922 13:23:44 25.0 250 00:00:05 2.0 160991 64
13:24:09:681025106 13:23:44 24.2 242 00:00:05 2.1 158942 59
13:24:12:684302758 13:23:44 22.5 225 00:00:06 2.1 140501 50
13:24:15:686878133 13:23:44 20.8 208 00:00:06 2.1 122060 41
13:24:18:691041392 13:23:44 19.9 199 00:00:06 2.1 117962 39
13:24:21:699958863 13:23:44 18.7 187 00:00:06 2.1 117962 39
13:24:24:710774017 13:23:44 17.3 173 00:00:06 2.1 117962 39
13:24:27:718420238 13:23:44 16.1 161 00:00:06 2.1 117962 39
13:24:30:711218877 13:23:44 15.8 158 00:00:07 2.1 117962 39
13:24:33:733956653 13:23:44 14.8 148 00:00:07 2.1 117962 39
13:24:36:737994620 13:23:44 14.0 140 00:00:07 2.1 117962 39
13:24:39:735461846 13:23:44 13.6 136 00:00:07 2.1 117962 39
13:24:42:759322991 13:23:44 13.2 132 00:00:07 2.1 117962 39
13:24:45:757105303 13:23:44 12.5 125 00:00:07 2.1 117962 39
13:24:48:743980951 13:23:44 12.1 121 00:00:07 2.1 117962 39
13:24:51:756835135 13:23:44 12.0 120 00:00:07 2.1 117962 39
13:24:54:778218155 13:23:44 11.5 115 00:00:07 2.1 117962 39
13:24:57:781444926 13:23:44 10.8 108 00:00:07 2.1 117962 39
13:25:00:761912138 13:23:44 11.1 111 00:00:08 2.1 117962 39
13:25:03:798381255 13:23:44 10.5 105 00:00:08 2.1 117962 39
13:25:06:817005060 13:23:44 10.2 102 00:00:08 2.1 117962 39
13:25:09:786029880 13:23:44 10.0 100 00:00:08 2.1 117962 39
13:25:12:817680748 13:23:44 9.9 99 00:00:08 2.1 117962 39
13:25:15:827423962 13:23:44 9.6 96 00:00:08 2.1 117962 39
13:25:18:839307047 13:23:44 9.3 93 00:00:08 2.1 117962 39
13:25:21:838059824 13:23:44 9.4 94 00:00:09 2.1 117962 39
13:25:24:845557468 13:23:44 9.1 91 00:00:09 2.1 117962 39
13:25:27:858334963 13:23:44 8.9 89 00:00:09 2.1 117962 39
13:25:30:857053889 13:23:44 8.8 88 00:00:09 2.1 117962 39
13:25:33:876709696 13:23:44 8.7 87 00:00:09 2.1 117962 39
13:25:36:881128343 13:23:44 8.5 85 00:00:09 2.1 117962 39
13:25:39:884828931 13:23:44 8.3 83 00:00:09 2.1 117962 39
13:25:42:880996481 13:23:44 8.4 84 00:00:09 2.1 117962 39
13:25:45:897775830 13:23:44 8.2 82 00:00:09 2.1 117962 39
13:25:48:904901318 13:23:44 8.0 80 00:00:09 2.1 117962 39
13:25:51:872758463 13:23:44 8.1 81 00:00:10 2.1 117962 39
13:25:54:933007268 13:23:44 8.0 80 00:00:10 2.1 117962 39
13:25:57:933049586 13:23:44 7.8 78 00:00:10 2.1 117962 39
13:26:00:911819008 13:23:44 7.7 77 00:00:10 2.1 117962 39
13:26:03:971980166 13:23:44 7.7 77 00:00:10 2.1 117962 39
13:26:06:962970705 13:23:44 7.6 76 00:00:10 2.1 117962 39
13:26:09:955428082 13:23:44 7.4 74 00:00:10 2.1 117962 39
13:26:12:960499232 13:23:44 7.5 75 00:00:11 2.1 117962 39
13:26:15:967140073 13:23:44 7.4 74 00:00:11 2.1 117962 39
13:26:18:976096954 13:23:44 7.2 72 00:00:11 2.1 117962 39
13:26:21:983716333 13:23:44 7.2 72 00:00:11 2.1 117962 39
13:26:24:984428215 13:23:44 7.2 72 00:00:11 2.1 117962 39
13:26:27:993822851 13:23:44 7.1 71 00:00:11 2.1 117962 39
13:26:31:001110305 13:23:44 7.0 70 00:00:11 2.1 117962 39
13:26:34:017033032 13:23:44 7.1 71 00:00:12 2.1 117962 39
13:26:37:017343070 13:23:44 6.9 69 00:00:12 2.1 117962 39
13:26:40:020018555 13:23:44 6.8 68 00:00:12 2.1 117962 39
13:26:42:994711122 13:23:44 6.9 69 00:00:12 2.1 117962 39
13:26:46:049606102 13:23:44 6.8 68 00:00:12 2.1 117962 39
13:26:49:049381517 13:23:44 6.7 67 00:00:12 2.1 117962 39
13:26:52:025771493 13:23:44 6.7 67 00:00:12 2.1 117962 39
13:26:55:054912195 13:23:44 6.7 67 00:00:12 2.1 117962 39
13:26:58:059264915 13:23:44 6.6 66 00:00:12 2.1 117962 39
13:27:01:074751281 13:23:44 6.5 65 00:00:12 2.1 117962 39
13:27:04:053557461 13:23:44 6.6 66 00:00:13 2.1 117962 39
13:27:07:086659579 13:23:44 6.5 65 00:00:13 2.1 117962 39
13:27:10:092386498 13:23:44 6.4 64 00:00:13 2.1 117962 39
13:27:13:070858078 13:23:44 6.4 64 00:00:13 2.1 117962 39
13:27:16:103579368 13:23:44 6.4 64 00:00:13 2.1 117962 39
13:27:19:110950899 13:23:44 6.3 63 00:00:13 2.1 117962 39
13:27:22:121093313 13:23:44 6.2 62 00:00:13 2.1 117962 39
13:27:25:122667049 13:23:44 6.3 63 00:00:14 2.1 117962 39
13:27:28:144367560 13:23:44 6.2 62 00:00:14 2.1 117962 39
13:27:31:147980571 13:23:44 6.2 62 00:00:14 2.1 117962 39
13:27:34:145070886 13:23:44 6.2 62 00:00:14 2.1 117962 39
13:27:37:167062295 13:23:44 6.2 62 00:00:14 2.1 117962 39
13:27:40:183159132 13:23:44 6.1 61 00:00:14 2.1 117962 39
13:27:43:153380011 13:23:44 6.1 61 00:00:14 2.1 117962 39
13:27:46:186914379 13:23:44 6.1 61 00:00:14 2.1 117962 39
13:27:49:198629232 13:23:44 6.0 60 00:00:14 2.1 117962 39
13:27:52:205244901 13:23:44 6.0 60 00:00:14 2.1 117962 39
13:27:55:177677774 13:23:44 6.0 60 00:00:15 2.1 117962 39
13:27:58:217857311 13:23:44 6.0 60 00:00:15 2.1 117962 39
13:28:01:216660780 13:23:44 5.9 59 00:00:15 2.1 117962 39
13:28:04:197907217 13:23:44 5.9 59 00:00:15 2.1 117962 39
13:28:07:232058720 13:23:44 5.9 59 00:00:15 2.1 117962 39
13:28:10:244509538 13:23:44 5.9 59 00:00:15 2.1 117962 39
13:28:13:257854504 13:23:44 5.8 58 00:00:15 2.1 117962 39
13:28:16:251429845 13:23:44 5.9 59 00:00:16 2.1 117962 39
13:28:19:263224499 13:23:44 5.8 58 00:00:16 2.1 117962 39
13:28:22:264466914 13:23:44 5.7 57 00:00:16 2.1 117962 39
13:28:25:263980824 13:23:44 5.8 58 00:00:16 2.1 117962 39
13:28:28:275663737 13:23:44 5.8 58 00:00:16 2.1 117962 39
13:28:31:288534855 13:23:44 5.7 57 00:00:16 2.1 117962 39
13:28:34:290702316 13:23:44 5.6 56 00:00:16 2.1 117962 39
13:28:37:288147975 13:23:44 5.7 57 00:00:16 2.1 117962 39
13:28:40:306645866 13:23:44 5.7 57 00:00:16 2.1 117962 39
13:28:43:317218274 13:23:44 5.6 56 00:00:16 2.1 117962 39
13:28:46:277371560 13:23:44 5.7 57 00:00:17 2.1 117962 39
13:28:49:325675841 13:23:44 5.6 56 00:00:17 2.1 117962 39
13:28:52:336883596 13:23:44 5.6 56 00:00:17 2.1 117962 39
13:28:55:315142477 13:23:44 5.6 56 00:00:17 2.1 117962 39
13:28:58:349176908 13:23:44 5.6 56 00:00:17 2.1 117962 39
13:29:01:360364536 13:23:44 5.5 55 00:00:17 2.1 117962 39
13:29:04:345987137 13:23:44 5.5 55 00:00:17 1.9 96844 30
13:29:07:381658602 13:23:44 5.5 55 00:00:17 1.9 96844 29
13:29:10:391537081 13:23:44 5.4 54 00:00:17 1.9 96844 29
13:29:13:402293715 13:23:44 5.4 54 00:00:17 1.9 96844 29
13:29:16:407147860 13:23:44 5.3 53 00:00:17 1.9 96844 29
13:29:19:418775913 13:23:44 5.3 53 00:00:17 1.9 96844 29
13:29:22:418106429 13:23:44 5.2 52 00:00:17 1.9 96844 29
13:29:25:431354352 13:23:44 5.2 52 00:00:17 1.9 96844 29
13:29:28:440106997 13:23:44 5.1 51 00:00:17 1.9 96844 29
13:29:31:448425055 13:23:44 5.1 51 00:00:17 1.9 96844 29
13:29:34:459643546 13:23:44 5.1 51 00:00:17 1.9 96844 29
13:29:37:472477108 13:23:44 5.0 50 00:00:17 1.9 96844 29
13:29:40:480830327 13:23:44 5.0 50 00:00:17 1.9 96844 29
13:29:43:474736570 13:23:44 4.9 49 00:00:17 1.9 96844 29
13:29:46:483349473 13:23:44 4.9 49 00:00:17 1.9 96844 29
13:29:49:494267974 13:23:44 4.9 49 00:00:17 1.9 96844 29
13:29:52:500519448 13:23:44 4.8 48 00:00:17 1.9 96844 29
13:29:55:514758549 13:23:44 4.8 48 00:00:17 1.9 96844 29
13:29:58:517682645 13:23:44 4.7 47 00:00:17 1.9 96844 29
13:30:01:529681585 13:23:44 4.7 47 00:00:17 1.9 96844 29
13:30:04:534201349 13:23:44 4.7 47 00:00:17 1.9 96844 29
13:30:07:550052810 13:23:44 4.6 46 00:00:17 1.9 96844 29
13:30:10:558155307 13:23:44 4.6 46 00:00:17 1.9 96844 29
13:30:13:571169420 13:23:44 4.6 46 00:00:17 1.9 96844 29
13:30:16:576020404 13:23:44 4.5 45 00:00:17 1.9 96844 29
13:30:19:596499670 13:23:44 4.5 45 00:00:17 1.9 96844 29
13:30:22:588372515 13:23:44 4.5 45 00:00:17 1.9 96844 29
13:30:25:596261965 13:23:44 4.4 44 00:00:17 1.9 96844 29
13:30:28:603309809 13:23:44 4.4 44 00:00:17 1.9 96844 29
13:30:31:614370246 13:23:44 4.4 44 00:00:17 1.9 96844 29
13:30:34:623196941 13:23:44 4.3 43 00:00:17 1.9 96844 29
13:30:37:627149370 13:23:44 4.3 43 00:00:17 1.9 96844 29
13:30:40:631793191 13:23:44 4.3 43 00:00:17 1.9 96844 29
13:30:43:639671572 13:23:44 4.3 43 00:00:18 1.9 96844 29
13:30:46:651682968 13:23:44 4.2 42 00:00:18 1.9 96844 29
13:30:49:662693338 13:23:44 4.2 42 00:00:18 1.9 96844 29
13:30:52:673982048 13:23:44 4.2 42 00:00:18 1.9 96844 29
13:30:55:680368142 13:23:44 4.1 41 00:00:18 1.9 96844 29
13:30:58:678167593 13:23:44 4.1 41 00:00:18 1.9 96844 29
13:31:01:696336059 13:23:44 4.1 41 00:00:18 1.9 96844 29
13:31:04:707651532 13:23:44 4.1 41 00:00:18 1.9 96844 29
13:31:07:714228259 13:23:44 4.0 40 00:00:18 1.9 96844 29
13:31:10:722746800 13:23:44 4.0 40 00:00:18 1.9 96844 29
13:31:13:734015780 13:23:44 4.0 40 00:00:18 1.9 96844 29
13:31:16:734066397 13:23:44 4.0 40 00:00:18 1.9 96844 29
13:31:19:747391705 13:23:44 3.9 39 00:00:18 1.9 96844 29
13:31:22:756033570 13:23:44 3.9 39 00:00:18 1.9 96844 29
13:31:25:768996430 13:23:44 3.9 39 00:00:18 1.9 96844 29
13:31:28:776466442 13:23:44 3.9 39 00:00:18 1.9 96844 29
13:31:31:776660346 13:23:44 3.8 38 00:00:18 1.9 96844 29
13:31:34:789542814 13:23:44 3.8 38 00:00:18 1.9 96844 29
13:31:37:803762202 13:23:44 3.8 38 00:00:18 1.9 96844 29
13:31:40:808295585 13:23:44 3.8 38 00:00:18 1.9 96844 29
13:31:43:805199410 13:23:44 3.7 37 00:00:18 1.9 96844 29
13:31:46:822581827 13:23:44 3.7 37 00:00:18 1.9 96844 29
13:31:49:832280842 13:23:44 3.7 37 00:00:18 1.9 96844 29
13:31:52:842176999 13:23:44 3.7 37 00:00:18 1.9 96844 29
13:31:55:847781255 13:23:44 3.7 37 00:00:18 1.9 96844 29
13:31:58:853051822 13:23:44 3.6 36 00:00:18 1.9 96844 29
13:32:01:864217815 13:23:44 3.6 36 00:00:18 1.9 96844 29
13:32:04:874382538 13:23:44 3.6 36 00:00:18 1.9 96844 29
13:32:07:889104418 13:23:44 3.6 36 00:00:18 1.9 96844 29
13:32:10:891980955 13:23:44 3.6 36 00:00:18 1.9 96844 29
13:32:13:902826100 13:23:44 3.5 35 00:00:18 1.9 96844 29
13:32:16:916497128 13:23:44 3.5 35 00:00:18 1.9 96844 29
13:32:19:931541040 13:23:44 3.5 35 00:00:18 1.9 96844 29
13:32:22:941868324 13:23:44 3.5 35 00:00:18 1.9 96844 29
13:32:25:950036739 13:23:44 3.5 35 00:00:18 1.9 96844 29
13:32:28:964593998 13:23:44 3.4 34 00:00:18 1.9 96844 29
13:32:31:963875177 13:23:44 3.4 34 00:00:18 1.9 96844 29
13:32:34:972767785 13:23:44 3.4 34 00:00:18 1.9 96844 29
13:32:37:983259380 13:23:44 3.4 34 00:00:18 1.9 96844 29
13:32:40:991209281 13:23:44 3.4 34 00:00:18 1.9 96844 29
13:32:43:997825696 13:23:44 3.4 34 00:00:18 1.9 96844 29
13:32:46:999618963 13:23:44 3.3 33 00:00:18 1.9 96844 29
13:32:50:009831724 13:23:44 3.3 33 00:00:18 1.9 96844 29
13:32:53:022748529 13:23:44 3.3 33 00:00:18 1.9 96844 29
13:32:56:040848443 13:23:44 3.3 33 00:00:18 1.9 96844 29
13:32:59:048640170 13:23:44 3.3 33 00:00:18 1.9 96844 29
13:33:02:058862472 13:23:44 3.3 33 00:00:18 1.9 96844 29
13:33:05:056440865 13:23:44 3.2 32 00:00:18 1.9 96844 29
13:33:08:068126025 13:23:44 3.2 32 00:00:18 1.9 96844 29
13:33:11:079096936 13:23:44 3.2 32 00:00:18 1.9 96844 29
13:33:14:084217844 13:23:44 3.2 32 00:00:18 1.9 96844 29
13:33:17:085795368 13:23:44 3.2 32 00:00:18 1.9 96844 29
13:33:20:095357971 13:23:44 3.2 32 00:00:18 1.9 96844 29
13:33:23:108985542 13:23:44 3.1 31 00:00:18 1.9 96844 29
13:33:26:121829295 13:23:44 3.1 31 00:00:18 1.9 96844 29
13:33:29:125456850 13:23:44 3.1 31 00:00:18 1.9 96844 29
13:33:32:131934393 13:23:44 3.1 31 00:00:18 1.9 96844 29
13:33:35:139308925 13:23:44 3.1 31 00:00:18 1.9 96844 29
13:33:38:152317038 13:23:44 3.1 31 00:00:18 1.9 96844 29
13:33:41:162785248 13:23:44 3.1 31 00:00:18 1.9 96844 29
13:33:44:167351583 13:23:44 3.0 30 00:00:18 1.9 96844 29
13:33:47:168815547 13:23:44 3.0 30 00:00:18 1.9 96844 29
13:33:50:179154161 13:23:44 3.0 30 00:00:18 1.9 96844 29
13:33:53:189415646 13:23:44 3.0 30 00:00:18 1.9 96844 29
13:33:56:200262389 13:23:44 3.0 30 00:00:18 1.9 96844 29
13:33:59:209225689 13:23:44 3.0 30 00:00:18 1.9 96844 29
13:34:02:219535960 13:23:44 3.0 30 00:00:18 1.9 96844 29
13:34:05:217751280 13:23:44 2.9 29 00:00:18 1.9 96844 29
13:34:08:228373850 13:23:44 2.9 29 00:00:18 1.9 96844 29
13:34:11:243246474 13:23:44 2.9 29 00:00:18 1.9 96844 29
13:34:14:241784385 13:23:44 2.9 29 00:00:18 1.9 96844 29
13:34:17:252455902 13:23:44 2.9 29 00:00:18 1.9 96844 29
13:34:20:264242979 13:23:44 2.9 29 00:00:18 1.9 96844 29
13:34:23:265635499 13:23:44 2.9 29 00:00:18 1.9 96844 29
13:34:26:278927201 13:23:44 2.9 29 00:00:18 1.9 96844 29
13:34:29:291587556 13:23:44 2.8 28 00:00:18 1.9 96844 29
13:34:32:303650918 13:23:44 2.8 28 00:00:18 1.9 96844 29
13:34:35:308283258 13:23:44 2.8 28 00:00:18 1.9 96844 29
13:34:38:304866070 13:23:44 2.8 28 00:00:18 1.9 96844 29
13:34:41:320987710 13:23:44 2.8 28 00:00:18 1.9 96844 29
13:34:44:329369676 13:23:44 2.8 28 00:00:18 1.9 96844 29
13:34:47:341680306 13:23:44 2.8 28 00:00:18 1.9 96844 29
13:34:50:342615830 13:23:44 2.8 28 00:00:18 1.9 96844 29
13:34:53:346337682 13:23:44 2.8 28 00:00:18 1.9 96844 29
13:34:56:355503819 13:23:44 2.7 27 00:00:18 1.9 96844 29
13:34:59:369782600 13:23:44 2.7 27 00:00:18 1.9 96844 29
13:35:02:375118247 13:23:44 2.7 27 00:00:18 1.9 96844 29
13:35:05:393363384 13:23:44 2.7 27 00:00:18 1.9 96844 29
13:35:08:403384972 13:23:44 2.7 27 00:00:18 1.9 96844 29
13:35:11:407581160 13:23:44 2.7 27 00:00:18 1.9 96844 29
13:35:14:407356460 13:23:44 2.7 27 00:00:18 1.9 96844 29
13:35:17:415379578 13:23:44 2.7 27 00:00:18 1.9 96844 29
13:35:20:431141199 13:23:44 2.7 27 00:00:18 1.9 96844 29
13:35:23:437713977 13:23:44 2.6 26 00:00:18 1.9 96844 29
13:35:26:453054185 13:23:44 2.6 26 00:00:18 1.9 96844 29
13:35:29:462674691 13:23:44 2.6 26 00:00:18 1.9 96844 29
13:35:32:461367554 13:23:44 2.6 26 00:00:18 1.9 96844 29
13:35:35:473346462 13:23:44 2.6 26 00:00:18 1.9 96844 29
13:35:38:483496817 13:23:44 2.6 26 00:00:18 1.9 96844 29
13:35:41:494704073 13:23:44 2.6 26 00:00:18 1.9 96844 29
13:35:44:500065231 13:23:44 2.6 26 00:00:18 1.9 96844 29
13:35:47:505792366 13:23:44 2.6 26 00:00:18 1.9 96844 29
13:35:50:514686940 13:23:44 2.6 26 00:00:18 1.9 96844 29
13:35:53:529454247 13:23:44 2.5 25 00:00:18 1.9 96844 29
13:35:56:539740331 13:23:44 2.5 25 00:00:18 1.9 96844 29
13:35:59:546808599 13:23:44 2.5 25 00:00:18 1.9 96844 29
13:36:02:556316220 13:23:44 2.5 25 00:00:18 1.9 96844 29
13:36:05:568331134 13:23:44 2.5 25 00:00:18 1.9 96844 29
13:36:08:578006676 13:23:44 2.5 25 00:00:18 1.9 96844 29
13:36:11:595092716 13:23:44 2.5 25 00:00:18 1.9 96844 29
13:36:14:602505762 13:23:44 2.5 25 00:00:18 1.9 96844 29
13:36:17:609875178 13:23:44 2.5 25 00:00:18 1.9 96844 29
13:36:20:610083826 13:23:44 2.5 25 00:00:18 1.9 96844 29
13:36:23:638291549 13:23:44 2.5 25 00:00:18 1.9 96844 29
13:36:26:650989277 13:23:44 2.4 24 00:00:18 1.9 96844 29
13:36:29:666050290 13:23:44 2.4 24 00:00:18 1.9 96844 29
13:36:32:682788513 13:23:44 2.4 24 00:00:19 1.9 96844 29
13:36:35:690309588 13:23:44 2.4 24 00:00:19 1.9 96844 29
13:36:38:698253810 13:23:44 2.4 24 00:00:19 1.9 96844 29
13:36:41:699245996 13:23:44 2.4 24 00:00:19 1.9 96844 29
13:36:44:713376901 13:23:44 2.4 24 00:00:19 1.9 96844 29
13:36:47:724488932 13:23:44 2.4 24 00:00:19 1.9 96844 29
13:36:50:732302242 13:23:44 2.4 24 00:00:19 1.9 96844 29
13:36:53:728425419 13:23:44 2.4 24 00:00:19 1.9 96844 29
13:36:56:744290080 13:23:44 2.4 24 00:00:19 1.9 96844 29
13:36:59:762908887 13:23:44 2.4 24 00:00:19 1.9 96844 29
13:37:02:771403465 13:23:44 2.3 23 00:00:19 1.9 96844 29
13:37:05:785292857 13:23:44 2.3 23 00:00:19 1.9 96844 29
13:37:08:796361249 13:23:44 2.3 23 00:00:19 1.9 96844 29
13:37:11:805635619 13:23:44 2.3 23 00:00:19 1.9 96844 29
13:37:14:804434304 13:23:44 2.3 23 00:00:19 1.9 96844 29
13:37:17:813625843 13:23:44 2.3 23 00:00:19 1.9 96844 29
13:37:20:821293680 13:23:44 2.3 23 00:00:19 1.9 96844 29
13:37:23:837635672 13:23:44 2.3 23 00:00:19 1.9 96844 29
13:37:26:842598399 13:23:44 2.3 23 00:00:19 1.9 96844 29
13:37:29:847928856 13:23:44 2.3 23 00:00:19 1.9 96844 29
13:37:32:846731689 13:23:44 2.3 23 00:00:19 1.9 96844 29
13:37:35:860742845 13:23:44 2.3 23 00:00:19 1.9 96844 29
13:37:38:875099571 13:23:44 2.2 22 00:00:19 1.9 96844 29
13:37:41:880821108 13:23:44 2.2 22 00:00:19 1.9 96844 29
13:37:44:931361771 13:23:44 2.2 22 00:00:19 1.9 96844 29
13:37:47:893511708 13:23:44 2.2 22 00:00:19 1.9 96844 29
13:37:51:015009788 13:23:44 2.2 22 00:00:19 1.9 96844 29
13:37:53:908637024 13:23:44 2.2 22 00:00:19 1.9 96844 29
13:37:56:918106647 13:23:44 2.2 22 00:00:19 1.9 96844 29
13:37:59:928262366 13:23:44 2.2 22 00:00:19 1.9 96844 29
13:38:02:937542455 13:23:44 2.2 22 00:00:19 1.9 96844 29
13:38:05:941482060 13:23:44 2.2 22 00:00:19 1.9 96844 29
13:38:08:943626340 13:23:44 2.2 22 00:00:19 1.9 96844 29
13:38:11:957749895 13:23:44 2.2 22 00:00:19 1.9 96844 29
13:38:14:967733560 13:23:44 2.2 22 00:00:19 1.9 96844 29
13:38:17:974768166 13:23:44 2.2 22 00:00:19 1.9 96844 29
13:38:20:990135255 13:23:44 2.2 22 00:00:19 1.9 96844 29
13:38:23:995145453 13:23:44 2.1 21 00:00:19 1.9 96844 29
13:38:26:995820066 13:23:44 2.1 21 00:00:19 1.9 96844 29
13:38:30:004545690 13:23:44 2.1 21 00:00:19 1.9 96844 29
13:38:33:020957670 13:23:44 2.1 21 00:00:19 1.9 96844 29
13:38:36:029937491 13:23:44 2.1 21 00:00:19 1.9 96844 29
13:38:39:030695429 13:23:44 2.1 21 00:00:19 1.9 96844 29
13:38:42:041621504 13:23:44 2.1 21 00:00:19 1.9 96844 29
13:38:45:044095589 13:23:44 2.1 21 00:00:19 1.9 96844 29
13:38:48:056735294 13:23:44 2.1 21 00:00:19 1.9 96844 29
13:38:51:068456001 13:23:44 2.1 21 00:00:19 1.9 96844 29
13:38:54:078306735 13:23:44 2.1 21 00:00:19 1.9 96844 29
13:38:57:081981784 13:23:44 2.1 21 00:00:19 1.9 96844 29
13:39:00:089443413 13:23:44 2.1 21 00:00:19 1.9 96844 29
13:39:03:091687765 13:23:44 2.1 21 00:00:19 1.9 96844 29
13:39:06:105355339 13:23:44 2.1 21 00:00:19 1.9 96844 29
13:39:09:116414105 13:23:44 2.1 21 00:00:19 1.9 96844 29
13:39:12:126889730 13:23:44 2.0 20 00:00:19 1.9 96844 29
13:39:15:136392470 13:23:44 2.0 20 00:00:19 1.9 96844 29
13:39:18:144402427 13:23:44 2.0 20 00:00:19 1.9 96844 29
13:39:21:147234284 13:23:44 2.0 20 00:00:19 1.9 96844 29
13:39:24:153841197 13:23:44 2.0 20 00:00:19 1.9 96844 29
13:39:27:166809356 13:23:44 2.0 20 00:00:19 1.9 96844 29
13:39:30:179704602 13:23:44 2.0 20 00:00:19 1.9 96844 29
13:39:33:192629759 13:23:44 2.0 20 00:00:19 1.9 96844 29
13:39:36:196580408 13:23:44 2.0 20 00:00:19 1.9 96844 29
13:39:39:202318881 13:23:44 2.0 20 00:00:19 1.9 96844 29
13:39:42:203446981 13:23:44 2.0 20 00:00:19 1.9 96844 29
13:39:45:217959183 13:23:44 2.0 20 00:00:19 1.9 96844 29
13:39:48:225297437 13:23:44 2.0 20 00:00:19 1.9 96844 29
13:39:51:237456744 13:23:44 2.0 20 00:00:19 1.9 96844 29
13:39:54:245695849 13:23:44 2.0 20 00:00:19 1.9 96844 29
13:39:57:249583367 13:23:44 2.0 20 00:00:19 1.9 96844 29
13:40:00:258411377 13:23:44 2.0 20 00:00:19 1.9 96844 29
13:40:03:270313371 13:23:44 2.0 20 00:00:19 1.9 96844 29
13:40:06:276906106 13:23:44 1.9 19 00:00:19 1.9 96844 29
13:40:09:293697719 13:23:44 1.9 19 00:00:19 1.9 96844 29
13:40:12:309999995 13:23:44 1.9 19 00:00:19 1.9 96844 29
13:40:15:312220419 13:23:44 1.9 19 00:00:19 1.9 96844 29
13:40:18:322774144 13:23:44 1.9 19 00:00:19 1.9 96844 29
13:40:21:334523969 13:23:44 1.9 19 00:00:19 1.9 96844 29
13:40:24:332374750 13:23:44 1.9 19 00:00:19 1.9 96844 29
13:40:27:344301210 13:23:44 1.9 19 00:00:19 1.9 96844 29
13:40:30:353297759 13:23:44 1.9 19 00:00:19 1.9 96844 29
13:40:33:378223732 13:23:44 1.9 19 00:00:19 1.9 96844 29
13:40:36:381277843 13:23:44 1.9 19 00:00:19 1.9 96844 29
13:40:39:387118314 13:23:44 1.9 19 00:00:19 1.9 96844 29
13:40:42:390815334 13:23:44 1.9 19 00:00:19 1.9 96844 29
13:40:45:400422631 13:23:44 1.9 19 00:00:19 1.9 96844 29
13:40:48:408911612 13:23:44 1.9 19 00:00:19 1.9 96844 29
13:40:51:416658209 13:23:44 1.9 19 00:00:19 1.9 96844 29
13:40:54:414153678 13:23:44 1.9 19 00:00:19 1.9 96844 29
13:40:57:426813252 13:23:44 1.9 19 00:00:19 1.9 96844 29
13:41:00:435369351 13:23:44 1.9 19 00:00:19 1.9 96844 29
13:41:03:449549795 13:23:44 1.9 19 00:00:19 1.9 96844 29
13:41:06:458522678 13:23:44 1.8 18 00:00:19 1.9 96844 29
13:41:09:467485955 13:23:44 1.8 18 00:00:19 1.9 96844 29
13:41:12:468570745 13:23:44 1.8 18 00:00:19 1.9 96844 29
13:41:15:477582275 13:23:44 1.8 18 00:00:19 1.9 96844 29
13:41:18:493281264 13:23:44 1.8 18 00:00:19 1.9 96844 29
13:41:21:499201567 13:23:44 1.8 18 00:00:19 1.9 96844 29
13:41:24:520994617 13:23:44 1.8 18 00:00:19 1.9 96844 29
13:41:27:531568333 13:23:44 1.8 18 00:00:19 1.9 96844 29
13:41:30:534591711 13:23:44 1.8 18 00:00:19 1.9 96844 29
13:41:33:535985046 13:23:44 1.8 18 00:00:19 1.9 96844 29
13:41:36:547763540 13:23:44 1.8 18 00:00:19 1.9 96844 29
13:41:39:557327842 13:23:44 1.8 18 00:00:19 1.9 96844 29
13:41:42:566779693 13:23:44 1.8 18 00:00:19 1.9 96844 29
13:41:45:575215749 13:23:44 1.8 18 00:00:19 1.9 96844 29
13:41:48:575675425 13:23:44 1.8 18 00:00:19 1.9 96844 29
13:41:51:585319479 13:23:44 1.8 18 00:00:19 1.9 96844 29
13:41:54:598348723 13:23:44 1.8 18 00:00:19 1.9 96844 29
13:41:57:600639262 13:23:44 1.8 18 00:00:19 1.9 96844 29
13:42:00:614407312 13:23:44 1.8 18 00:00:19 1.9 96844 29
13:42:03:612663660 13:23:44 1.8 18 00:00:19 1.9 96844 29
13:42:06:623812635 13:23:44 1.8 18 00:00:19 1.9 96844 29
13:42:09:636788776 13:23:44 1.8 18 00:00:19 1.9 96844 29
13:42:12:638959841 13:23:44 1.8 18 00:00:19 1.9 96844 29
13:42:15:650776786 13:23:44 1.7 17 00:00:19 1.9 96844 29
13:42:18:651746941 13:23:44 1.7 17 00:00:19 1.9 96844 29
13:42:21:664757134 13:23:44 1.7 17 00:00:19 1.9 96844 29
13:42:24:680893956 13:23:44 1.7 17 00:00:19 1.9 96844 29
13:42:27:691935293 13:23:44 1.7 17 00:00:20 1.9 96844 29
13:42:30:693645694 13:23:44 1.7 17 00:00:20 1.9 96844 29
13:42:33:706771209 13:23:44 1.7 17 00:00:20 1.9 96844 29
13:42:36:706954133 13:23:44 1.7 17 00:00:20 1.9 96844 29
13:42:39:716014308 13:23:44 1.7 17 00:00:20 1.9 96844 29
13:42:42:725166132 13:23:44 1.7 17 00:00:20 1.9 96844 29
13:42:45:733575350 13:23:44 1.7 17 00:00:20 1.9 96844 29
13:42:48:736744683 13:23:44 1.7 17 00:00:20 1.9 96844 29
13:42:51:748715756 13:23:44 1.7 17 00:00:20 1.9 96844 29
13:42:54:761044608 13:23:44 1.7 17 00:00:20 1.9 96844 29
13:42:57:770081477 13:23:44 1.7 17 00:00:20 1.9 96844 29
13:43:00:777413370 13:23:44 1.7 17 00:00:20 1.9 96844 29
13:43:03:787814782 13:23:44 1.7 17 00:00:20 1.9 96844 29
13:43:06:787926330 13:23:44 1.7 17 00:00:20 1.9 96844 29
13:43:09:803094852 13:23:44 1.7 17 00:00:20 1.9 96844 29
13:43:12:815185564 13:23:44 1.7 17 00:00:20 1.9 96844 29
13:43:15:819663045 13:23:44 1.7 17 00:00:20 1.9 96844 29
13:43:18:830874997 13:23:44 1.7 17 00:00:20 1.9 96844 29
13:43:21:836316294 13:23:44 1.7 17 00:00:20 1.9 96844 29
13:43:24:845041043 13:23:44 1.7 17 00:00:20 1.9 96844 29
13:43:27:853133211 13:23:44 1.7 17 00:00:20 1.9 96844 29
13:43:30:864927943 13:23:44 1.7 17 00:00:20 1.9 96844 29
13:43:33:870699456 13:23:44 1.6 16 00:00:20 1.9 96844 29
13:43:36:872278106 13:23:44 1.6 16 00:00:20 1.9 96844 29
13:43:39:883045638 13:23:44 1.6 16 00:00:20 1.9 96844 29
13:43:42:894967412 13:23:44 1.6 16 00:00:20 1.9 96844 29
13:43:45:901430775 13:23:44 1.6 16 00:00:20 1.9 96844 29
13:43:48:908972021 13:23:44 1.6 16 00:00:20 1.9 96844 29
13:43:51:916986668 13:23:44 1.6 16 00:00:20 1.9 96844 29
13:43:54:917965867 13:23:44 1.6 16 00:00:20 1.9 96844 29
13:43:57:930907957 13:23:44 1.6 16 00:00:20 1.9 96844 29
13:44:00:939271728 13:23:44 1.6 16 00:00:20 1.9 96844 29
13:44:03:942305807 13:23:44 1.6 16 00:00:20 1.9 96844 29
13:44:06:951642907 13:23:44 1.6 16 00:00:20 1.9 96844 29
13:44:09:966570334 13:23:44 1.6 16 00:00:20 1.9 96844 29
13:44:12:985401891 13:23:44 1.6 16 00:00:20 1.9 96844 29
13:44:15:994396063 13:23:44 1.6 16 00:00:20 1.9 96844 29
13:44:19:001380504 13:23:44 1.6 16 00:00:20 1.9 96844 29
13:44:22:010295908 13:23:44 1.6 16 00:00:20 1.9 96844 29
13:44:25:009048889 13:23:44 1.6 16 00:00:20 1.9 96844 29
13:44:28:021706195 13:23:44 1.6 16 00:00:20 1.9 96844 29
13:44:31:029997066 13:23:44 1.6 16 00:00:20 1.9 96844 29
13:44:34:039619495 13:23:44 1.6 16 00:00:20 1.9 96844 29
13:44:37:048564595 13:23:44 1.6 16 00:00:20 1.9 96844 29
13:44:40:053976742 13:23:44 1.6 16 00:00:20 1.9 96844 29
13:44:43:055687101 13:23:44 1.6 16 00:00:20 1.9 96844 29
13:44:46:064947856 13:23:44 1.6 16 00:00:20 1.9 96844 29
13:44:49:079431518 13:23:44 1.6 16 00:00:20 1.9 96844 29
13:44:52:090741438 13:23:44 1.6 16 00:00:20 1.9 96844 29
13:44:55:092447084 13:23:44 1.6 16 00:00:20 1.9 96844 29
13:44:58:108586212 13:23:44 1.6 16 00:00:20 1.9 96844 29
13:45:01:112648928 13:23:44 1.6 16 00:00:20 1.9 96844 29
13:45:04:121173254 13:23:44 1.5 15 00:00:20 1.9 96844 29
13:45:07:132371617 13:23:44 1.5 15 00:00:20 1.9 96844 29
13:45:10:136180249 13:23:44 1.5 15 00:00:20 1.9 96844 29
13:45:13:148365389 13:23:44 1.5 15 00:00:20 1.9 96844 29
13:45:16:151230034 13:23:44 1.5 15 00:00:20 1.9 96844 29
13:45:19:165132257 13:23:44 1.5 15 00:00:20 1.9 96844 29
13:45:22:174763444 13:23:44 1.5 15 00:00:20 1.9 96844 29
13:45:25:181519264 13:23:44 1.5 15 00:00:20 1.9 96844 29
13:45:28:188698797 13:23:44 1.5 15 00:00:20 1.9 96844 29
13:45:31:187978379 13:23:44 1.5 15 00:00:20 1.9 96844 29
13:45:34:201205268 13:23:44 1.5 15 00:00:20 1.9 96844 29
13:45:37:208173961 13:23:44 1.5 15 00:00:20 1.9 96844 29
13:45:40:232160544 13:23:44 1.5 15 00:00:20 1.9 96844 29
13:45:43:239220337 13:23:44 1.5 15 00:00:20 1.9 96844 29
13:45:46:249242113 13:23:44 1.5 15 00:00:20 1.9 96844 29
13:45:49:256108814 13:23:44 1.5 15 00:00:20 1.9 96844 29
13:45:52:270604415 13:23:44 1.5 15 00:00:20 1.9 96844 29
13:45:55:276308027 13:23:44 1.5 15 00:00:20 1.9 96844 29
13:45:58:284663913 13:23:44 1.5 15 00:00:20 1.9 96844 29
13:46:01:292651209 13:23:44 1.5 15 00:00:20 1.9 96844 29
13:46:04:298677897 13:23:44 1.5 15 00:00:20 1.9 96844 29
13:46:07:309241074 13:23:44 1.5 15 00:00:20 1.9 96844 29
13:46:10:313096516 13:23:44 1.5 15 00:00:20 1.9 96844 29
13:46:13:323396973 13:23:44 1.5 15 00:00:20 1.9 96844 29
13:46:16:324585147 13:23:44 1.5 15 00:00:20 1.9 96844 29
13:46:19:335607480 13:23:44 1.5 15 00:00:20 1.9 96844 29
13:46:22:343521394 13:23:44 1.5 15 00:00:20 1.9 96844 29
13:46:25:355301196 13:23:44 1.5 15 00:00:20 1.9 96844 29
13:46:28:357530150 13:23:44 1.5 15 00:00:20 1.9 96844 29
13:46:31:371116973 13:23:44 1.5 15 00:00:20 1.9 96844 29
13:46:34:371779323 13:23:44 1.5 15 00:00:20 1.9 96844 29
14:10:49:932551321
14:10:52:883498698 14:06:46 85.3 853 00:03:30 2.2 101318 33
14:10:55:899105742 14:06:46 84.4 844 00:03:30 2.2 101318 33
14:10:58:915038738 14:06:46 83.4 834 00:03:30 2.2 101318 33
14:11:01:927612543 14:06:46 82.4 824 00:03:30 2.2 101318 33
14:11:04:910832688 14:06:46 81.5 815 00:03:30 2.2 101318 33
14:11:07:953266580 14:06:46 80.6 806 00:03:30 2.2 101318 33
14:11:10:954625872 14:06:46 79.7 797 00:03:30 2.2 101318 33
14:11:13:971553163 14:06:46 78.8 788 00:03:30 2.2 101318 33
14:11:16:986387387 14:06:46 78.0 780 00:03:30 2.2 101318 33
14:11:19:995050943 14:06:46 77.2 772 00:03:30 2.2 101318 33
14:11:23:002934011 14:06:46 76.3 763 00:03:30 2.2 101318 33
14:11:26:020145673 14:06:46 75.6 756 00:03:31 2.2 101318 33
14:11:29:020937333 14:06:46 74.8 748 00:03:31 2.2 101318 33
14:11:32:038112337 14:06:46 74.0 740 00:03:31 2.2 101318 33
14:11:35:043260080 14:06:46 73.2 732 00:03:31 2.2 101318 33
14:11:38:051393616 14:06:46 72.6 726 00:03:31 2.2 101318 33
14:11:41:056083415 14:06:46 71.8 718 00:03:31 2.2 101318 33
14:11:44:070986633 14:06:46 71.1 711 00:03:31 2.2 101318 33
14:11:47:080685750 14:06:46 70.5 705 00:03:31 2.2 101318 33
14:11:50:087690796 14:06:46 69.8 698 00:03:31 2.2 101318 33
14:11:53:102193718 14:06:46 69.1 691 00:03:31 2.2 101318 33
14:11:56:082332174 14:06:46 68.5 685 00:03:31 2.2 101318 33
14:11:59:114986046 14:06:46 67.8 678 00:03:31 2.2 101318 33
14:12:02:124344704 14:06:46 67.2 672 00:03:31 2.2 101318 33
14:12:05:135008076 14:06:46 66.6 666 00:03:31 2.2 101318 33
14:12:08:131554776 14:06:46 66.0 660 00:03:32 2.2 101318 33
14:12:11:149271743 14:06:46 65.4 654 00:03:32 2.2 101318 33
14:12:14:160636348 14:06:46 64.8 648 00:03:32 2.2 101318 33
14:12:17:147453453 14:06:46 64.3 643 00:03:32 2.2 101318 33
14:12:20:175443409 14:06:46 63.7 637 00:03:32 2.2 101318 33
14:12:23:189382772 14:06:46 63.2 632 00:03:32 2.2 101318 33
14:12:26:194498887 14:06:46 62.6 626 00:03:32 2.2 101318 33
14:12:29:211103665 14:06:46 62.1 621 00:03:32 2.2 101318 33
14:12:32:219793571 14:06:46 61.6 616 00:03:32 2.2 101318 33
14:12:35:218820080 14:06:46 61.0 610 00:03:32 2.2 101318 33
14:12:38:235833276 14:06:46 60.6 606 00:03:32 2.2 101318 33
14:12:41:239840410 14:06:46 60.1 601 00:03:32 2.2 101318 33
14:12:44:253636661 14:06:46 59.6 596 00:03:32 2.2 101318 33
14:12:47:243774757 14:06:46 59.1 591 00:03:32 2.2 101318 33
14:12:50:276539169 14:06:46 58.6 586 00:03:33 2.2 101318 33
14:12:53:277151923 14:06:46 58.2 582 00:03:33 2.2 101318 33
14:12:56:291275603 14:06:46 57.7 577 00:03:33 2.2 101318 33
14:12:59:301024275 14:06:46 57.3 573 00:03:33 2.2 101318 33
14:13:02:312758842 14:06:46 56.8 568 00:03:33 2.2 101318 33
14:13:05:315099322 14:06:46 56.4 564 00:03:33 2.2 101318 33
14:13:08:311118085 14:06:46 56.0 560 00:03:33 2.2 101318 33
14:13:11:338792186 14:06:46 55.6 556 00:03:33 2.2 101318 33
14:13:14:342264690 14:06:46 55.1 551 00:03:33 2.2 101318 33
14:13:17:361696336 14:06:46 54.6 546 00:03:33 2.2 101318 33
14:13:20:367678705 14:06:46 54.2 542 00:03:33 2.2 101318 33
14:13:23:382253052 14:06:46 53.8 538 00:03:33 2.2 101318 33
14:13:26:386916391 14:06:46 53.4 534 00:03:33 2.2 101318 33
14:13:29:390041183 14:06:46 53.0 530 00:03:33 2.2 101318 33
14:13:32:400484280 14:06:46 52.7 527 00:03:33 2.2 101318 33
14:13:35:411423996 14:06:46 52.3 523 00:03:33 2.2 101318 33
14:13:38:419624065 14:06:46 51.9 519 00:03:34 2.2 101318 33
14:13:41:431554276 14:06:46 51.6 516 00:03:34 2.2 101318 33
14:13:44:443861397 14:06:46 51.2 512 00:03:34 2.2 101318 33
14:13:47:443347259 14:06:46 50.8 508 00:03:34 2.2 101318 33
14:13:50:458214308 14:06:46 50.5 505 00:03:34 2.2 101318 33
14:13:53:462394534 14:06:46 50.2 502 00:03:34 2.2 101318 33
14:13:56:475294934 14:06:46 49.8 498 00:03:34 2.2 101318 33
14:13:59:459922500 14:06:46 49.5 495 00:03:34 2.2 101318 33
14:14:02:500183054 14:06:46 49.2 492 00:03:34 2.2 101318 33
14:14:05:510970045 14:06:46 48.8 488 00:03:34 2.2 101318 33
14:14:08:515631771 14:06:46 48.5 485 00:03:34 2.2 101318 33
14:14:11:515271710 14:06:46 48.2 482 00:03:34 2.2 101318 33
14:14:14:555393714 14:06:46 47.9 479 00:03:34 2.2 101318 33
14:14:17:561803202 14:06:46 47.6 476 00:03:34 2.2 101318 33
14:14:20:598511314 14:06:46 47.3 473 00:03:35 2.2 101318 33
14:14:23:583499301 14:06:46 47.0 470 00:03:35 2.2 101318 33
14:14:26:581031835 14:06:46 46.7 467 00:03:35 2.2 101318 33
14:14:29:590889399 14:06:46 46.4 464 00:03:35 2.2 101318 33
14:14:32:607276522 14:06:46 46.1 461 00:03:35 2.2 101318 33
14:14:35:615971764 14:06:46 45.9 459 00:03:35 2.2 101318 33
14:14:38:633454546 14:06:46 45.6 456 00:03:35 2.2 101318 33
14:14:41:632050241 14:06:46 45.3 453 00:03:35 2.2 101318 33
14:14:44:648730492 14:06:46 45.0 450 00:03:35 2.2 101318 33
14:14:47:652801850 14:06:46 44.8 448 00:03:35 2.2 101318 33
14:14:50:630923072 14:06:46 44.5 445 00:03:35 2.2 101318 33
14:14:53:667378038 14:06:46 44.3 443 00:03:35 2.2 101318 33
14:14:56:668250390 14:06:46 44.0 440 00:03:35 2.2 101318 33
14:14:59:688398077 14:06:46 43.7 437 00:03:35 2.2 101318 33
14:15:02:700087427 14:06:46 43.5 435 00:03:36 2.2 101318 33
14:15:05:721631312 14:06:46 43.2 432 00:03:36 2.2 101318 33
14:15:08:717862251 14:06:46 43.0 430 00:03:36 2.2 101318 33
14:15:11:723308258 14:06:46 42.8 428 00:03:36 2.2 101318 33
14:15:14:744945857 14:06:46 42.5 425 00:03:36 2.2 101318 33
14:15:17:747925373 14:06:46 42.3 423 00:03:36 2.2 101318 33
14:15:20:756696653 14:06:46 42.0 420 00:03:36 2.2 101318 33
14:15:23:761727156 14:06:46 41.8 418 00:03:36 2.2 101318 33
14:15:26:773901118 14:06:46 41.6 416 00:03:36 2.2 101318 33
14:15:29:785192102 14:06:46 41.3 413 00:03:36 2.2 101318 33
14:15:32:809165869 14:06:46 41.2 412 00:03:36 2.2 101318 33
14:15:35:806431547 14:06:46 40.9 409 00:03:36 2.2 101318 33
14:15:38:816654052 14:06:46 40.7 407 00:03:36 2.2 101318 33
14:15:41:825121162 14:06:46 40.5 405 00:03:36 2.0 92494 26
14:15:44:844084221 14:06:46 40.2 402 00:03:36 2.0 92494 26
14:15:47:857511531 14:06:46 40.0 400 00:03:36 2.0 92494 26
14:15:50:859408172 14:06:46 39.8 398 00:03:36 2.0 92494 26
14:15:53:878259101 14:06:46 39.6 396 00:03:36 2.0 92494 26
14:15:56:889995808 14:06:46 39.4 394 00:03:36 2.0 92494 26
14:15:59:905801585 14:06:46 39.2 392 00:03:36 2.0 92494 26
14:16:02:914105854 14:06:46 38.9 389 00:03:36 2.0 92494 26
14:16:05:926426130 14:06:46 38.7 387 00:03:36 2.0 92494 26
14:16:08:942478011 14:06:46 38.5 385 00:03:36 2.0 92494 26
14:16:11:946389955 14:06:46 38.3 383 00:03:36 2.0 92494 26
14:16:14:954078029 14:06:46 38.1 381 00:03:36 2.0 92494 26
14:16:17:961633613 14:06:46 37.9 379 00:03:36 2.0 92494 26
