17:12:28 1000 6396 0.00 0.00 0.00 0.00 0.00 3 0.03 0.00 61160 16084 0.40 0.00 0.00 0.00 0 1 6 smartDeviceLinkCore
17:12:32 1000 6396 0.00 0.00 0.00 0.00 0.00 3 0.22 0.00 332516 81392 2.03 0.00 0.09 0.00 63 26 25 smartDeviceLinkCore
17:12:35 1000 6396 0.00 0.00 0.00 0.00 0.00 3 0.22 0.00 332516 81392 2.03 0.00 0.09 0.00 63 26 25 smartDeviceLinkCore
17:12:38 1000 6396 0.01 0.00 0.00 0.00 0.01 3 0.26 0.00 373496 82952 2.07 0.00 0.24 0.00 63 31 29 smartDeviceLinkCore
17:12:41 1000 6396 0.01 0.00 0.00 0.00 0.01 3 0.31 0.00 398084 84252 2.11 0.00 0.44 0.00 63 34 29 smartDeviceLinkCore
17:12:44 1000 6396 0.01 0.00 0.00 0.00 0.01 3 0.32 0.00 398084 84752 2.12 0.00 0.45 0.01 63 33 29 smartDeviceLinkCore
17:12:47 1000 6396 0.01 0.00 0.00 0.00 0.01 3 0.32 0.00 398084 84856 2.12 0.00 0.45 0.01 63 34 29 smartDeviceLinkCore
17:12:50 1000 6396 0.01 0.00 0.00 0.00 0.01 3 0.33 0.00 398084 85264 2.13 0.00 0.46 0.02 63 34 29 smartDeviceLinkCore
17:12:53 1000 6396 0.01 0.00 0.00 0.00 0.01 3 0.38 0.00 398084 85484 2.14 0.00 0.56 0.02 63 34 29 smartDeviceLinkCore
17:12:56 1000 6396 0.01 0.00 0.00 0.00 0.01 3 0.39 0.00 398084 85484 2.14 0.00 0.56 0.02 63 33 29 smartDeviceLinkCore
17:12:59 1000 6396 0.01 0.00 0.00 0.00 0.01 3 0.39 0.00 398084 85484 2.14 0.00 0.57 0.03 63 34 29 smartDeviceLinkCore
17:13:02 1000 6396 0.01 0.00 0.00 0.00 0.02 3 0.43 0.00 398084 86052 2.15 0.00 0.67 0.03 63 34 29 smartDeviceLinkCore
17:13:05 1000 6396 0.01 0.00 0.00 0.00 0.02 3 0.44 0.00 398084 86052 2.15 0.00 0.67 0.04 63 34 29 smartDeviceLinkCore
17:13:08 1000 6396 0.01 0.00 0.00 0.00 0.02 3 0.45 0.00 398084 86052 2.15 0.00 0.68 0.04 63 34 29 smartDeviceLinkCore
17:13:11 1000 6396 0.01 0.00 0.00 0.00 0.02 3 0.49 0.00 398084 86052 2.15 0.00 0.75 0.04 63 34 30 smartDeviceLinkCore
17:13:14 1000 6396 0.02 0.00 0.00 0.00 0.02 3 0.50 0.00 398084 86052 2.15 0.00 0.78 0.05 63 34 29 smartDeviceLinkCore
17:13:17 1000 6396 0.02 0.00 0.00 0.00 0.02 3 0.51 0.00 398084 86060 2.15 0.00 0.79 0.05 63 34 29 smartDeviceLinkCore
17:13:20 1000 6396 0.02 0.00 0.00 0.00 0.02 3 0.52 0.00 398084 86076 2.15 0.00 0.79 0.06 63 34 29 smartDeviceLinkCore
17:13:23 1000 6396 0.02 0.01 0.00 0.00 0.02 3 0.56 0.00 398084 86084 2.15 0.00 0.90 0.06 63 34 29 smartDeviceLinkCore
17:13:26 1000 6396 0.02 0.01 0.00 0.00 0.02 3 0.57 0.00 398084 86084 2.15 0.00 0.90 0.07 63 34 29 smartDeviceLinkCore
17:13:29 1000 6396 0.02 0.01 0.00 0.00 0.02 3 0.58 0.00 398084 86088 2.15 0.00 0.91 0.07 63 34 29 smartDeviceLinkCore
17:13:32 1000 6396 0.02 0.01 0.00 0.00 0.03 3 0.62 0.00 398084 86092 2.15 0.00 1.01 0.08 63 33 30 smartDeviceLinkCore
17:13:35 1000 6396 0.02 0.01 0.00 0.00 0.03 3 0.63 0.00 398084 86092 2.15 0.00 1.01 0.08 63 34 29 smartDeviceLinkCore
17:13:38 1000 6396 0.02 0.01 0.00 0.00 0.03 3 0.64 0.00 398084 86092 2.15 0.00 1.02 0.09 63 34 29 smartDeviceLinkCore
17:13:41 1000 6396 0.02 0.01 0.00 0.00 0.03 3 0.65 0.00 398084 86092 2.15 0.00 1.12 0.09 63 34 29 smartDeviceLinkCore
17:13:44 1000 6396 0.02 0.01 0.00 0.00 0.03 3 0.70 0.00 398084 86140 2.15 0.00 1.22 0.10 63 34 29 smartDeviceLinkCore
17:13:47 1000 6396 0.02 0.01 0.00 0.00 0.03 3 0.71 0.00 398084 86140 2.15 0.00 1.23 0.10 63 34 29 smartDeviceLinkCore
17:13:50 1000 6396 0.02 0.01 0.00 0.00 0.03 3 0.71 0.00 398084 86148 2.15 0.00 1.23 0.10 63 34 29 smartDeviceLinkCore
17:13:53 1000 6396 0.03 0.01 0.00 0.00 0.03 3 0.75 0.00 398084 86600 2.17 0.00 1.33 0.11 63 34 29 smartDeviceLinkCore
17:13:56 1000 6396 0.03 0.01 0.00 0.00 0.03 3 0.77 0.00 398084 86600 2.17 0.00 1.34 0.11 63 34 29 smartDeviceLinkCore
17:13:59 1000 6396 0.03 0.01 0.00 0.00 0.03 3 0.77 0.00 398084 86600 2.17 0.00 1.34 0.12 63 33 29 smartDeviceLinkCore
17:14:02 1000 6396 0.03 0.01 0.00 0.00 0.04 3 0.80 0.00 398084 86600 2.17 0.00 1.37 0.12 63 34 30 smartDeviceLinkCore
17:14:05 1000 6396 0.03 0.01 0.00 0.00 0.04 3 0.82 0.00 398084 86644 2.17 0.00 1.45 0.13 63 34 29 smartDeviceLinkCore
17:14:08 1000 6396 0.03 0.01 0.00 0.00 0.04 3 0.83 0.00 398084 86644 2.17 0.00 1.45 0.13 63 34 29 smartDeviceLinkCore
17:14:11 1000 6396 0.03 0.01 0.00 0.00 0.04 3 0.84 0.00 398084 86648 2.17 0.00 1.46 0.14 63 34 29 smartDeviceLinkCore
17:14:14 1000 6396 0.03 0.01 0.00 0.00 0.04 3 0.89 0.00 398084 86664 2.17 0.00 1.56 0.14 63 33 29 smartDeviceLinkCore
17:14:17 1000 6396 0.03 0.01 0.00 0.00 0.04 3 0.89 0.00 398084 86664 2.17 0.00 1.56 0.14 63 34 29 smartDeviceLinkCore
17:14:20 1000 6396 0.03 0.01 0.00 0.00 0.04 3 0.90 0.00 398084 86664 2.17 0.00 1.57 0.15 63 34 29 smartDeviceLinkCore
17:14:23 1000 6396 0.03 0.01 0.00 0.00 0.04 3 0.94 0.00 398084 86664 2.17 0.00 1.64 0.15 63 34 30 smartDeviceLinkCore
17:14:26 1000 6396 0.03 0.01 0.00 0.00 0.04 3 0.95 0.00 398084 86664 2.17 0.00 1.67 0.16 63 34 29 smartDeviceLinkCore
17:14:29 1000 6396 0.03 0.01 0.00 0.00 0.04 3 0.96 0.00 398084 86664 2.17 0.00 1.68 0.16 63 33 29 smartDeviceLinkCore
17:14:32 1000 6396 0.03 0.01 0.00 0.00 0.04 3 0.97 0.00 398084 86664 2.17 0.00 1.68 0.17 63 34 29 smartDeviceLinkCore
17:14:35 1000 6396 0.04 0.01 0.00 0.00 0.05 3 1.01 0.00 398084 86664 2.17 0.00 1.78 0.17 63 34 29 smartDeviceLinkCore
17:14:38 1000 6396 0.04 0.01 0.00 0.00 0.05 3 1.02 0.00 398084 86664 2.17 0.00 1.79 0.18 63 34 29 smartDeviceLinkCore
17:14:41 1000 6396 0.04 0.01 0.00 0.00 0.05 3 1.03 0.00 398084 86664 2.17 0.00 1.89 0.18 63 34 29 smartDeviceLinkCore
17:14:44 1000 6396 0.04 0.01 0.00 0.00 0.05 3 1.07 0.00 398084 86664 2.17 0.00 1.99 0.18 63 34 29 smartDeviceLinkCore
17:14:47 1000 6396 0.04 0.01 0.00 0.00 0.05 3 1.08 0.00 398084 86664 2.17 0.00 2.00 0.19 63 34 29 smartDeviceLinkCore
17:14:50 1000 6396 0.04 0.01 0.00 0.00 0.05 3 1.09 0.00 398084 86664 2.17 0.00 2.00 0.19 63 34 29 smartDeviceLinkCore
17:14:53 1000 6396 0.04 0.01 0.00 0.00 0.05 3 1.10 0.00 398084 86664 2.17 0.00 2.01 0.20 63 34 29 smartDeviceLinkCore
17:14:56 1000 6396 0.04 0.01 0.00 0.00 0.05 3 1.14 0.00 398084 86664 2.17 0.00 2.11 0.20 63 34 29 smartDeviceLinkCore
17:14:59 1000 6396 0.04 0.01 0.00 0.00 0.05 3 1.15 0.00 398084 86664 2.17 0.00 2.11 0.20 63 33 29 smartDeviceLinkCore
17:15:02 1000 6396 0.04 0.01 0.00 0.00 0.05 3 1.16 0.00 398084 86664 2.17 0.00 2.11 0.21 63 34 29 smartDeviceLinkCore
17:15:05 1000 6396 0.04 0.01 0.00 0.00 0.06 3 1.20 0.00 398084 86664 2.17 0.00 2.22 0.21 63 34 29 smartDeviceLinkCore
17:15:08 1000 6396 0.04 0.01 0.00 0.00 0.06 3 1.21 0.00 398084 86708 2.17 0.00 2.22 0.22 63 34 29 smartDeviceLinkCore
17:15:11 1000 6396 0.04 0.01 0.00 0.00 0.06 3 1.21 0.00 398084 86708 2.17 0.00 2.23 0.22 63 34 29 smartDeviceLinkCore
17:15:14 1000 6396 0.05 0.01 0.00 0.00 0.06 3 1.25 0.00 398084 86708 2.17 0.00 2.32 0.23 63 34 30 smartDeviceLinkCore
17:15:17 1000 6396 0.05 0.01 0.00 0.00 0.06 3 1.27 0.00 398084 86864 2.17 0.00 2.33 0.23 63 34 29 smartDeviceLinkCore
17:15:20 1000 6396 0.05 0.01 0.00 0.00 0.06 3 1.28 0.00 398084 86864 2.17 0.00 2.33 0.24 63 33 29 smartDeviceLinkCore
17:15:23 1000 6396 0.05 0.01 0.00 0.00 0.06 3 1.28 0.00 398084 86864 2.17 0.00 2.34 0.24 63 34 29 smartDeviceLinkCore
17:15:26 1000 6396 0.05 0.01 0.00 0.00 0.06 3 1.32 0.00 398084 86948 2.17 0.00 2.44 0.25 63 34 29 smartDeviceLinkCore
17:15:29 1000 6396 0.05 0.01 0.00 0.00 0.06 3 1.34 0.00 398084 86948 2.17 0.00 2.45 0.25 63 34 29 smartDeviceLinkCore
17:15:32 1000 6396 0.05 0.01 0.00 0.00 0.06 3 1.34 0.00 398084 86948 2.17 0.00 2.45 0.25 63 33 29 smartDeviceLinkCore
17:15:35 1000 6396 0.05 0.01 0.00 0.00 0.06 3 1.38 0.00 398084 86948 2.17 0.00 2.55 0.26 63 34 29 smartDeviceLinkCore
17:15:38 1000 6396 0.05 0.01 0.00 0.00 0.07 3 1.39 0.00 398084 86948 2.17 0.00 2.55 0.26 63 34 29 smartDeviceLinkCore
17:15:41 1000 6396 0.05 0.01 0.00 0.00 0.07 3 1.40 0.00 398084 86948 2.17 0.00 2.56 0.27 63 34 29 smartDeviceLinkCore

