17:12:28:703892340 17:12:27 0.0 0 00:00:00 0.4 15290 1
17:12:32:409072926 17:12:27 16.5 165 00:00:00 2.0 83129 26
17:12:35:420932706 17:12:27 9.4 94 00:00:00 2.0 83129 26
17:12:38:436700128 17:12:27 12.5 125 00:00:01 2.0 93374 31
17:12:41:452962631 17:12:27 13.6 136 00:00:01 2.1 99521 34
17:12:44:474080257 17:12:27 11.6 116 00:00:01 2.1 99521 33
17:12:47:472273294 17:12:27 10.2 102 00:00:01 2.1 99521 34
17:12:50:456992368 17:12:27 9.3 93 00:00:02 2.1 99521 34
17:12:53:500897390 17:12:27 9.5 95 00:00:02 2.1 99521 34
17:12:56:504065910 17:12:27 8.8 88 00:00:02 2.1 99521 33
17:12:59:517396078 17:12:27 8.2 82 00:00:02 2.1 99521 34
17:13:02:566992002 17:12:27 8.4 84 00:00:02 2.1 99521 34
17:13:05:521180592 17:12:27 8.0 80 00:00:02 2.1 99521 34
17:13:08:530883368 17:12:27 7.7 77 00:00:03 2.1 99521 34
17:13:11:509028654 17:12:27 7.7 77 00:00:03 2.1 99521 34
17:13:14:543074793 17:12:27 7.5 75 00:00:03 2.1 99521 34
17:13:17:563906150 17:12:27 7.2 72 00:00:03 2.1 99521 34
17:13:20:558005136 17:12:27 7.0 70 00:00:03 2.1 99521 34
17:13:23:560237475 17:12:27 7.3 73 00:00:04 2.1 99521 34
17:13:26:542207811 17:12:27 7.1 71 00:00:04 2.1 99521 34
17:13:29:577594191 17:12:27 6.9 69 00:00:04 2.1 99521 34
17:13:32:593095656 17:12:27 7.1 71 00:00:04 2.1 99521 33
17:13:35:578844695 17:12:27 6.9 69 00:00:04 2.1 99521 34
17:13:38:611454909 17:12:27 6.7 67 00:00:04 2.1 99521 34
17:13:41:615565605 17:12:27 6.9 69 00:00:05 2.1 99521 34
17:13:44:614792113 17:12:27 7.0 70 00:00:05 2.1 99521 34
17:13:47:618701781 17:12:27 6.8 68 00:00:05 2.1 99521 34
17:13:50:628112758 17:12:27 6.7 67 00:00:05 2.1 99521 34
17:13:53:623960279 17:12:27 6.8 68 00:00:05 2.1 99521 34
17:13:56:641473724 17:12:27 6.7 67 00:00:05 2.1 99521 34
17:13:59:649233436 17:12:27 6.6 66 00:00:06 2.1 99521 33
17:14:02:633849173 17:12:27 6.6 66 00:00:06 2.1 99521 34
17:14:05:629581860 17:12:27 6.6 66 00:00:06 2.1 99521 34
17:14:08:673698095 17:12:27 6.5 65 00:00:06 2.1 99521 34
17:14:11:669560353 17:12:27 6.4 64 00:00:06 2.1 99521 34
17:14:14:676321408 17:12:27 6.5 65 00:00:06 2.1 99521 33
17:14:17:680190525 17:12:27 6.4 64 00:00:07 2.1 99521 34
17:14:20:703564946 17:12:27 6.4 64 00:00:07 2.1 99521 34
17:14:23:692935863 17:12:27 6.4 64 00:00:07 2.1 99521 34
17:14:26:700136598 17:12:27 6.4 64 00:00:07 2.1 99521 34
17:14:29:723091652 17:12:27 6.3 63 00:00:07 2.1 99521 33
17:14:32:737021795 17:12:27 6.2 62 00:00:07 2.1 99521 34
17:14:35:725873801 17:12:27 6.3 63 00:00:08 2.1 99521 34
17:14:38:735218651 17:12:27 6.3 63 00:00:08 2.1 99521 34
17:14:41:735369115 17:12:27 6.4 64 00:00:08 2.1 99521 34
17:14:44:732573854 17:12:27 6.4 64 00:00:08 2.1 99521 34
17:14:47:734786752 17:12:27 6.4 64 00:00:08 2.1 99521 34
17:14:50:766801322 17:12:27 6.3 63 00:00:09 2.1 99521 34
17:14:53:762753376 17:12:27 6.2 62 00:00:09 2.1 99521 34
17:14:56:772209394 17:12:27 6.3 63 00:00:09 2.1 99521 34
17:14:59:775126197 17:12:27 6.3 63 00:00:09 2.1 99521 33
17:15:02:786768881 17:12:27 6.2 62 00:00:09 2.1 99521 34
17:15:05:776414193 17:12:27 6.3 63 00:00:09 2.1 99521 34
17:15:08:798733326 17:12:27 6.2 62 00:00:10 2.1 99521 34
17:15:11:799592368 17:12:27 6.2 62 00:00:10 2.1 99521 34
17:15:14:786928597 17:12:27 6.3 63 00:00:10 2.1 99521 34
17:15:17:817225033 17:12:27 6.2 62 00:00:10 2.1 99521 34
17:15:20:817675933 17:12:27 6.2 62 00:00:10 2.1 99521 33
17:15:23:843151758 17:12:27 6.1 61 00:00:10 2.1 99521 34
17:15:26:843451167 17:12:27 6.2 62 00:00:11 2.1 99521 34
17:15:29:824641058 17:12:27 6.1 61 00:00:11 2.1 99521 34
17:15:32:846497618 17:12:27 6.1 61 00:00:11 2.1 99521 33
17:15:35:850197385 17:12:27 6.2 62 00:00:11 2.1 99521 34
17:15:38:868960722 17:12:27 6.1 61 00:00:11 2.1 99521 34
17:15:41:884070774 17:12:27 6.1 61 00:00:11 2.1 99521 34
