15:27:35:495444187 15:27:34 0.0 0 00:00:00 0.3 15290 1
15:27:38:565349375 15:27:34 23.3 233 00:00:00 2.0 83129 26
15:27:41:588965758 15:27:34 11.6 116 00:00:00 2.0 83129 26
15:27:44:591378227 15:27:34 14.7 147 00:00:01 2.0 93374 31
15:27:47:567879262 15:27:34 18.5 185 00:00:02 2.1 95423 32
15:27:50:565408022 15:27:34 19.6 196 00:00:02 2.1 95423 32
15:27:53:580052786 15:27:34 19.6 196 00:00:03 2.1 95423 32
15:27:56:600396439 15:27:34 21.3 213 00:00:04 2.1 95423 32
15:27:59:612512644 15:27:34 22.3 223 00:00:05 2.1 95423 32
15:28:02:595520286 15:27:34 22.5 225 00:00:06 2.1 95423 32
15:28:05:614645512 15:27:34 21.9 219 00:00:06 2.1 95423 32
15:28:08:628655772 15:27:34 22.6 226 00:00:07 2.1 95423 32
15:28:11:637587585 15:27:34 22.6 226 00:00:08 2.1 95679 31
15:28:14:653079785 15:27:34 22.5 225 00:00:08 2.1 95679 32
15:28:17:668757025 15:27:34 22.8 228 00:00:09 2.1 95679 32
15:28:20:661844805 15:27:34 23.2 232 00:00:10 2.1 95679 32
15:28:23:638825294 15:27:34 23.1 231 00:00:11 2.1 95679 31
15:28:26:696091352 15:27:34 22.7 227 00:00:11 2.1 95679 32
15:28:29:681551862 15:27:34 23.1 231 00:00:12 2.1 95679 32
15:28:32:661359790 15:27:34 23.2 232 00:00:13 2.1 95679 32
15:28:35:665066272 15:27:34 23.2 232 00:00:13 2.1 95679 31
15:28:38:684228360 15:27:34 23.0 230 00:00:14 2.1 95679 32
15:28:41:712854208 15:27:34 23.1 231 00:00:15 2.1 95679 32
15:28:44:713943983 15:27:34 23.5 235 00:00:16 2.1 95679 32
15:28:47:837098739 15:27:34 23.3 233 00:00:16 2.1 95679 31
15:28:51:715586251 15:27:34 22.9 229 00:00:17 2.1 95679 32
15:28:54:738451084 15:27:34 22.9 229 00:00:18 2.1 95679 32
15:28:57:750569403 15:27:34 23.1 231 00:00:18 2.1 95679 32
15:29:00:719094970 15:27:34 23.0 230 00:00:19 2.1 95679 31
15:29:03:751098106 15:27:34 22.8 228 00:00:20 2.1 95679 32
15:29:06:740041042 15:27:34 22.7 227 00:00:20 2.1 95679 32
15:29:09:764557927 15:27:34 22.9 229 00:00:21 2.1 95679 32
15:29:12:724982413 15:27:34 23.0 230 00:00:22 2.1 95679 32
15:29:15:747630532 15:27:34 22.7 227 00:00:22 2.1 95679 32
15:29:18:772337322 15:27:34 22.7 227 00:00:23 2.1 95679 32
15:29:21:746822503 15:27:34 22.8 228 00:00:24 2.1 95679 32
15:29:24:764357554 15:27:34 22.9 229 00:00:25 2.1 95679 32
15:29:27:764997767 15:27:34 22.7 227 00:00:25 2.1 95679 32
15:29:30:804373926 15:27:34 22.8 228 00:00:26 2.1 95679 32
15:29:33:799654657 15:27:34 22.9 229 00:00:27 2.1 95679 32
15:29:36:814510530 15:27:34 22.7 227 00:00:27 2.1 95679 32
15:29:39:791353974 15:27:34 22.8 228 00:00:28 2.1 95679 32
15:29:42:862091886 15:27:34 22.8 228 00:00:29 2.1 95679 32
15:29:45:804557849 15:27:34 23.0 230 00:00:29 2.1 95679 32
15:29:48:833364121 15:27:34 22.8 228 00:00:30 2.1 95679 32
15:29:51:846870522 15:27:34 22.8 228 00:00:31 2.1 95679 32
15:29:54:831918813 15:27:34 22.9 229 00:00:31 2.1 95679 32
15:29:57:837743908 15:27:34 22.9 229 00:00:32 2.1 95679 31
15:30:00:893355554 15:27:34 22.7 227 00:00:33 2.1 95679 32
15:30:03:860288082 15:27:34 22.9 229 00:00:33 2.1 95679 32
15:30:06:858839134 15:27:34 22.9 229 00:00:34 2.1 95679 32
15:30:09:878632126 15:27:34 22.8 228 00:00:35 2.1 95679 31
15:30:12:908506337 15:27:34 22.7 227 00:00:36 2.1 95679 32
15:30:15:927742725 15:27:34 22.8 228 00:00:36 2.1 95679 32
15:30:18:925759591 15:27:34 22.8 228 00:00:37 2.1 95679 32
15:30:21:917190614 15:27:34 22.7 227 00:00:38 2.1 95679 32
15:30:24:915269502 15:27:34 22.8 228 00:00:38 2.1 95679 32
15:30:27:966251032 15:27:34 22.8 228 00:00:39 2.1 95679 32
15:30:30:943354923 15:27:34 22.9 229 00:00:40 2.1 95679 32
15:30:33:936168926 15:27:34 22.8 228 00:00:40 2.1 95679 32
15:30:36:963589332 15:27:34 22.8 228 00:00:41 2.1 95679 32
15:30:39:939759129 15:27:34 22.9 229 00:00:42 2.1 95679 32
15:30:42:954382670 15:27:34 22.9 229 00:00:43 2.1 95679 31
15:30:45:989838691 15:27:34 22.8 228 00:00:43 2.1 95679 32
15:30:49:004571909 15:27:34 22.8 228 00:00:44 2.1 95679 32
15:30:52:015107159 15:27:34 22.9 229 00:00:45 2.1 95679 32
15:30:54:966471142 15:27:34 22.8 228 00:00:45 2.1 95679 32
15:30:57:996250331 15:27:34 22.8 228 00:00:46 2.1 95679 32
15:31:01:019051818 15:27:34 22.8 228 00:00:47 2.1 95679 32
15:31:04:007995798 15:27:34 22.7 227 00:00:47 2.1 95679 32
15:31:06:993001631 15:27:34 22.7 227 00:00:48 2.1 95679 32
15:31:10:028197741 15:27:34 22.7 227 00:00:48 2.1 95679 32
15:31:13:022198248 15:27:34 22.6 226 00:00:49 2.1 95679 32
15:31:16:017051106 15:27:34 22.6 226 00:00:50 2.1 95679 32
15:31:19:165929014 15:27:34 22.5 225 00:00:50 2.1 95679 32
15:31:22:061526095 15:27:34 22.6 226 00:00:51 2.1 95679 32
15:31:25:066114990 15:27:34 22.4 224 00:00:51 2.1 95679 32
15:31:28:092319112 15:27:34 22.5 225 00:00:52 2.1 95679 32
15:31:31:073800209 15:27:34 22.5 225 00:00:53 2.1 95679 32
15:31:34:055337633 15:27:34 22.5 225 00:00:53 2.1 95679 32
15:31:37:071720103 15:27:34 22.4 224 00:00:54 2.1 95679 32
15:31:40:078032407 15:27:34 22.5 225 00:00:55 2.1 95679 32
15:31:43:088501873 15:27:34 22.5 225 00:00:55 2.1 95679 31
15:31:46:078709213 15:27:34 22.4 224 00:00:56 2.1 95679 32
15:31:49:107913237 15:27:34 22.4 224 00:00:57 2.1 95679 32
15:31:52:121107103 15:27:34 22.5 225 00:00:57 2.1 95679 32
15:31:55:110781387 15:27:34 22.5 225 00:00:58 2.1 95679 32
15:31:58:115847565 15:27:34 22.4 224 00:00:59 2.1 95679 32
15:32:01:133797038 15:27:34 22.4 224 00:00:59 2.1 95679 32
15:32:04:155737858 15:27:34 22.5 225 00:01:00 2.1 95679 32
15:32:07:135670874 15:27:34 22.4 224 00:01:01 2.1 95679 32
15:32:10:193945928 15:27:34 22.4 224 00:01:01 2.1 95679 32
15:32:13:171268298 15:27:34 22.5 225 00:01:02 2.1 95679 32
15:32:16:165892044 15:27:34 22.4 224 00:01:02 2.1 95679 32
15:32:19:158632711 15:27:34 22.4 224 00:01:03 2.1 95679 32
15:32:22:159584582 15:27:34 22.4 224 00:01:04 2.1 95679 31
15:32:25:196187859 15:27:34 22.3 223 00:01:04 2.1 95679 32
15:32:28:180147907 15:27:34 22.4 224 00:01:05 2.1 95679 31
15:32:31:217631926 15:27:34 22.3 223 00:01:06 2.1 95679 32
15:32:34:216170358 15:27:34 22.3 223 00:01:06 2.1 95679 32
15:32:37:221637577 15:27:34 22.2 222 00:01:07 2.1 95679 32
15:32:40:227001940 15:27:34 22.2 222 00:01:08 2.1 95679 32
15:32:43:234675708 15:27:34 22.3 223 00:01:08 2.1 95679 31
15:32:46:239509541 15:27:34 22.2 222 00:01:09 2.1 95679 32
15:32:49:219750276 15:27:34 22.2 222 00:01:09 2.1 95679 32
15:32:52:240911142 15:27:34 22.1 221 00:01:10 2.1 95679 32
15:32:55:275605993 15:27:34 22.2 222 00:01:11 2.1 95679 32
15:32:58:240429106 15:27:34 22.1 221 00:01:11 2.1 95679 32
15:33:01:280667385 15:27:34 22.1 221 00:01:12 2.1 95679 32
15:33:04:243761624 15:27:34 22.2 222 00:01:13 2.1 95679 32
15:33:07:261501213 15:27:34 22.1 221 00:01:13 2.1 95679 32
15:33:10:256377794 15:27:34 22.1 221 00:01:14 2.1 95679 32
15:33:13:282888000 15:27:34 22.2 222 00:01:15 2.1 95679 32
15:33:16:329248204 15:27:34 22.1 221 00:01:15 2.1 95679 32
15:33:19:292096407 15:27:34 22.1 221 00:01:16 2.1 95679 31
15:33:22:315756234 15:27:34 22.0 220 00:01:16 2.1 95679 32
15:33:25:304117604 15:27:34 22.1 221 00:01:17 2.1 95679 32
15:33:28:332523910 15:27:34 22.0 220 00:01:17 2.1 95679 32
15:33:31:301714929 15:27:34 22.1 221 00:01:18 2.1 95679 32
15:33:34:322647523 15:27:34 22.1 221 00:01:19 2.1 95679 31
15:33:37:374892599 15:27:34 22.0 220 00:01:19 2.1 95679 32
15:33:40:332379959 15:27:34 22.1 221 00:01:20 2.1 95679 32
15:33:43:357014518 15:27:34 22.0 220 00:01:21 2.1 95679 32
15:33:46:354223638 15:27:34 22.0 220 00:01:21 2.1 95679 32
15:33:49:357413568 15:27:34 22.0 220 00:01:22 2.1 95679 32
15:33:52:400792017 15:27:34 22.0 220 00:01:23 2.1 95679 32
15:33:55:358243363 15:27:34 22.1 221 00:01:24 2.1 95679 32
15:33:58:380827742 15:27:34 22.0 220 00:01:24 2.1 95679 32
15:34:01:397871214 15:27:34 22.0 220 00:01:25 2.1 95679 32
15:34:04:393174190 15:27:34 22.0 220 00:01:25 2.1 95679 32
15:34:07:422655513 15:27:34 22.0 220 00:01:26 2.1 95679 32
15:34:10:409621039 15:27:34 22.1 221 00:01:27 2.1 95679 31
15:34:13:434608332 15:27:34 22.0 220 00:01:27 2.1 95679 32
15:34:16:427233575 15:27:34 22.1 221 00:01:28 2.1 95679 32
15:34:19:429349198 15:27:34 22.0 220 00:01:28 2.1 95679 32
15:34:22:453638579 15:27:34 22.0 220 00:01:29 2.1 95679 32
15:34:25:425916991 15:27:34 22.0 220 00:01:30 2.1 95679 32
15:34:28:481755766 15:27:34 22.0 220 00:01:31 2.1 95679 32
15:34:31:439115420 15:27:34 22.0 220 00:01:31 2.1 95679 31
15:34:34:466700616 15:27:34 22.0 220 00:01:32 2.1 95679 32
15:34:37:453716569 15:27:34 22.0 220 00:01:33 2.1 95679 32
15:34:40:631967139 15:27:34 22.0 220 00:01:33 2.1 95679 32
15:34:43:511470031 15:27:34 22.0 220 00:01:34 2.1 95679 32
15:34:46:506299249 15:27:34 22.1 221 00:01:35 2.1 95679 32
15:34:49:529797972 15:27:34 22.0 220 00:01:35 2.1 95679 32
15:34:52:509449787 15:27:34 22.1 221 00:01:36 2.1 95679 32
15:34:55:501831389 15:27:34 22.0 220 00:01:36 2.1 95679 32
15:34:58:528434709 15:27:34 22.0 220 00:01:37 2.1 95679 32
15:35:01:507270631 15:27:34 22.0 220 00:01:38 2.1 95679 32
15:35:04:535041168 15:27:34 22.0 220 00:01:39 2.1 95679 32
15:35:07:555482817 15:27:34 22.0 220 00:01:39 2.1 95679 32
15:35:10:567496849 15:27:34 22.0 220 00:01:40 2.1 95679 32
15:35:13:558083212 15:27:34 22.0 220 00:01:41 2.1 95679 32
15:35:16:561892554 15:27:34 22.1 221 00:01:41 2.1 95679 32
15:35:19:588378440 15:27:34 22.0 220 00:01:42 2.1 95679 32
15:35:22:552136244 15:27:34 22.1 221 00:01:43 2.1 95679 32
15:35:25:586193658 15:27:34 22.0 220 00:01:43 2.1 95679 32
15:35:28:567816895 15:27:34 22.1 221 00:01:44 2.1 95679 32
15:35:31:602060901 15:27:34 22.0 220 00:01:44 2.1 95679 32
15:35:34:612636729 15:27:34 22.0 220 00:01:45 2.1 95679 32
15:35:37:587793553 15:27:34 22.1 221 00:01:46 2.1 95679 32
15:35:40:615734286 15:27:34 22.0 220 00:01:46 2.1 95679 32
15:35:43:591285153 15:27:34 22.1 221 00:01:47 2.1 95679 32
15:35:46:627872080 15:27:34 22.0 220 00:01:48 2.1 95679 32
15:35:49:605882032 15:27:34 22.1 221 00:01:49 2.1 95679 32
15:35:52:629496541 15:27:34 22.0 220 00:01:49 2.1 95679 32
15:35:55:659327033 15:27:34 22.0 220 00:01:50 2.1 95679 32
15:35:58:697672191 15:27:34 22.1 221 00:01:51 2.1 95679 31
15:36:01:675514542 15:27:34 22.0 220 00:01:51 2.1 95679 32
15:36:04:669886253 15:27:34 22.1 221 00:01:52 2.1 95679 32
15:36:07:653247177 15:27:34 22.0 220 00:01:53 2.1 95679 32
15:36:10:681066526 15:27:34 22.1 221 00:01:53 2.1 95679 32
15:36:13:688931932 15:27:34 22.1 221 00:01:54 2.1 95679 32
15:36:16:705381655 15:27:34 22.1 221 00:01:55 2.1 95679 32
15:36:19:696834252 15:27:34 22.1 221 00:01:56 2.1 95679 32
15:36:22:720188114 15:27:34 22.0 220 00:01:56 2.1 95679 32
15:36:25:683661486 15:27:34 22.1 221 00:01:57 2.1 95679 32
15:36:28:698440859 15:27:34 22.1 221 00:01:58 2.1 95679 32
15:36:31:744541933 15:27:34 22.1 221 00:01:58 2.1 95679 32
15:36:34:719745863 15:27:34 22.2 222 00:01:59 2.1 95679 32
15:36:37:754779641 15:27:34 22.1 221 00:01:59 2.1 95679 32
15:36:40:746960337 15:27:34 22.1 221 00:02:00 2.1 95679 32
15:36:43:759858929 15:27:34 22.1 221 00:02:01 2.1 95679 32
15:36:46:768402866 15:27:34 22.1 221 00:02:02 2.1 95679 32
15:36:49:752491869 15:27:34 22.2 222 00:02:03 2.1 95679 31
15:36:52:853680590 15:27:34 22.1 221 00:02:03 2.1 95679 32
15:36:55:787878755 15:27:34 22.2 222 00:02:04 2.1 95679 32
15:36:58:753647646 15:27:34 22.1 221 00:02:04 2.1 95679 32
15:37:01:793506417 15:27:34 22.2 222 00:02:05 2.1 95679 32
15:37:04:794667047 15:27:34 22.1 221 00:02:06 2.1 95679 32
15:37:07:804225662 15:27:34 22.2 222 00:02:07 2.1 95679 32
15:37:10:784927267 15:27:34 22.2 222 00:02:07 2.1 95679 31
15:37:13:811158152 15:27:34 22.2 222 00:02:08 2.1 95679 32
15:37:16:787593244 15:27:34 22.2 222 00:02:09 2.1 95679 32
15:37:19:798287512 15:27:34 22.2 222 00:02:09 2.1 95679 32
15:37:22:835398325 15:27:34 22.2 222 00:02:10 2.1 95679 32
15:37:25:823079921 15:27:34 22.3 223 00:02:11 2.1 95679 31
15:37:28:858469557 15:27:34 22.2 222 00:02:12 2.1 95679 32
15:37:31:815875409 15:27:34 22.3 223 00:02:13 2.1 95679 32
15:37:34:827278193 15:27:34 22.2 222 00:02:13 2.1 95679 32
15:37:37:855693578 15:27:34 22.3 223 00:02:14 2.1 95679 32
15:37:40:853448412 15:27:34 22.3 223 00:02:15 2.1 95679 32
15:37:43:875880846 15:27:34 22.3 223 00:02:15 2.1 95679 32
15:37:46:860370186 15:27:34 22.4 224 00:02:16 2.1 95679 32
15:37:49:881655510 15:27:34 22.3 223 00:02:17 2.1 95679 32
15:37:52:898840930 15:27:34 22.3 223 00:02:18 2.1 95679 32
15:37:55:897524464 15:27:34 22.3 223 00:02:18 2.1 95679 32
15:37:58:918521503 15:27:34 22.3 223 00:02:19 2.1 95679 32
15:38:01:893155618 15:27:34 22.4 224 00:02:20 2.1 95679 31
15:38:04:911373786 15:27:34 22.3 223 00:02:20 2.1 95679 32
15:38:07:928249514 15:27:34 22.4 224 00:02:22 2.1 95679 32
15:38:10:958785734 15:27:34 22.3 223 00:02:22 2.1 95679 32
15:38:13:954961852 15:27:34 22.4 224 00:02:23 2.1 95679 32
15:38:16:921528297 15:27:34 22.4 224 00:02:24 2.1 95679 32
15:38:19:939050436 15:27:34 22.4 224 00:02:24 2.1 95679 32
15:38:22:981429912 15:27:34 22.4 224 00:02:25 2.1 95679 32
15:38:25:987040672 15:27:34 22.4 224 00:02:26 2.1 95679 32
15:38:29:023302489 15:27:34 22.5 225 00:02:27 2.1 95679 32
15:38:31:984315631 15:27:34 22.4 224 00:02:27 2.1 95679 32
15:38:34:993401202 15:27:34 22.5 225 00:02:28 2.1 95679 32
15:38:37:978146125 15:27:34 22.5 225 00:02:29 2.1 95679 31
15:38:40:986622698 15:27:34 22.5 225 00:02:30 2.1 95679 32
15:38:44:001904395 15:27:34 22.5 225 00:02:31 2.1 95679 32
15:38:47:013245430 15:27:34 22.5 225 00:02:31 2.1 95679 32
15:38:50:046137595 15:27:34 22.5 225 00:02:32 2.1 95679 32
15:38:53:017951213 15:27:34 22.6 226 00:02:33 2.1 95679 31
15:38:56:145236484 15:27:34 22.5 225 00:02:33 2.1 95679 32
15:38:59:022676682 15:27:34 22.6 226 00:02:34 2.1 95679 32
15:39:02:054543924 15:27:34 22.5 225 00:02:35 2.1 95679 32
15:39:05:062416669 15:27:34 22.6 226 00:02:36 2.1 95679 32
15:39:08:038408576 15:27:34 22.6 226 00:02:36 2.1 95679 32
15:39:11:095302451 15:27:34 22.6 226 00:02:37 2.1 95679 32
15:39:14:056692215 15:27:34 22.7 227 00:02:38 2.1 95679 32
15:39:17:112171897 15:27:34 22.6 226 00:02:39 2.1 95679 32
15:39:20:088354979 15:27:34 22.7 227 00:02:40 2.1 95679 32
15:39:23:097607692 15:27:34 22.6 226 00:02:40 2.1 95679 32
15:39:26:099592820 15:27:34 22.7 227 00:02:41 2.1 95679 32
15:39:29:108097918 15:27:34 22.7 227 00:02:42 2.1 95679 32
15:39:32:128075673 15:27:34 22.7 227 00:02:43 2.1 95679 32
15:39:35:109190905 15:27:34 22.8 228 00:02:44 2.1 95679 32
15:39:38:134968848 15:27:34 22.7 227 00:02:44 2.1 95679 32
15:39:41:143486067 15:27:34 22.8 228 00:02:45 2.1 95679 32
15:39:44:124343780 15:27:34 22.8 228 00:02:46 2.1 95679 32
15:39:47:247183975 15:27:34 22.8 228 00:02:47 2.1 95679 32
15:39:50:133787301 15:27:34 22.8 228 00:02:48 2.1 95679 31
15:39:53:189115254 15:27:34 22.8 228 00:02:48 2.1 95679 32
15:39:56:159261530 15:27:34 22.8 228 00:02:49 2.1 95679 31
15:39:59:202015126 15:27:34 22.8 228 00:02:49 2.1 95679 32
15:40:02:258124685 15:27:34 22.9 229 00:02:51 2.1 95679 32
15:40:05:207579187 15:27:34 22.8 228 00:02:51 2.1 95679 32
15:40:08:206192527 15:27:34 22.9 229 00:02:52 2.1 95679 32
15:40:11:208769991 15:27:34 22.9 229 00:02:53 2.1 95679 32
15:40:14:234672813 15:27:34 22.9 229 00:02:53 2.1 95679 32
15:40:17:209302767 15:27:34 22.9 229 00:02:55 2.1 95679 32
15:40:20:204466022 15:27:34 22.9 229 00:02:55 2.1 95679 32
15:40:23:261345398 15:27:34 22.9 229 00:02:56 2.1 95679 32
15:40:26:223768233 15:27:34 22.9 229 00:02:57 2.1 95679 32
15:40:29:228717834 15:27:34 23.0 230 00:02:58 2.1 95679 32
15:40:32:232745773 15:27:34 22.9 229 00:02:58 2.1 95679 32
15:40:35:358382286 15:27:34 23.0 230 00:02:59 2.1 95679 32
15:40:38:291017891 15:27:34 22.9 229 00:02:59 2.1 95679 32
15:40:41:281858932 15:27:34 23.0 230 00:03:00 2.1 95679 32
15:40:44:267874366 15:27:34 22.9 229 00:03:01 2.1 95679 32
15:40:47:275241467 15:27:34 23.0 230 00:03:02 2.1 95679 32
15:40:50:324118853 15:27:34 23.0 230 00:03:02 2.1 95679 32
15:40:53:307631168 15:27:34 23.0 230 00:03:04 2.1 95679 32
15:40:56:392758284 15:27:34 23.0 230 00:03:04 2.1 95679 32
15:40:59:306209526 15:27:34 23.0 230 00:03:05 2.1 95679 32
15:41:02:355440580 15:27:34 23.0 230 00:03:06 2.1 95679 32
15:41:05:347429758 15:27:34 23.1 231 00:03:07 2.1 95679 32
15:41:08:332286968 15:27:34 23.0 230 00:03:07 2.1 95679 32
15:41:11:376299919 15:27:34 23.1 231 00:03:08 2.1 95679 32
15:41:14:335363142 15:27:34 23.1 231 00:03:09 2.1 95679 32
15:41:17:365977059 15:27:34 23.1 231 00:03:10 2.1 95679 32
15:41:20:397995609 15:27:34 23.2 232 00:03:11 2.1 95679 32
15:41:23:379979951 15:27:34 23.1 231 00:03:11 2.1 95679 32
15:41:26:384050962 15:27:34 23.2 232 00:03:13 2.1 95679 32
15:41:29:413891227 15:27:34 23.1 231 00:03:13 2.1 95679 32
15:41:32:400834963 15:27:34 23.2 232 00:03:14 2.1 95679 32
15:41:35:390579533 15:27:34 23.2 232 00:03:14 2.1 95679 32
15:41:38:430456667 15:27:34 23.2 232 00:03:16 2.1 95679 31
15:41:41:432313624 15:27:34 23.2 232 00:03:16 2.1 95679 32
15:41:44:409756596 15:27:34 23.2 232 00:03:17 2.1 95679 32
15:41:47:416062569 15:27:34 23.2 232 00:03:18 2.1 95679 32
15:41:50:431842033 15:27:34 23.3 233 00:03:19 2.1 95679 32
15:41:53:525552540 15:27:34 23.2 232 00:03:19 2.1 95679 32
15:41:56:457236569 15:27:34 23.3 233 00:03:20 2.1 95679 32
15:41:59:465337863 15:27:34 23.2 232 00:03:21 2.1 95679 32
15:42:02:481460609 15:27:34 23.3 233 00:03:22 2.1 95679 32
15:42:05:470961492 15:27:34 23.3 233 00:03:23 2.1 95679 32
15:42:08:495340147 15:27:34 23.3 233 00:03:24 2.1 95935 32
15:42:11:495992697 15:27:34 23.3 233 00:03:24 2.1 95935 32
15:42:14:501059801 15:27:34 23.3 233 00:03:25 2.1 95935 32
15:42:17:483438528 15:27:34 23.3 233 00:03:25 2.1 95935 32
15:42:20:503194818 15:27:34 23.4 234 00:03:27 2.1 95935 32
15:42:23:533334549 15:27:34 23.3 233 00:03:27 2.1 95935 32
15:42:26:526942774 15:27:34 23.4 234 00:03:28 2.1 95935 32
15:42:29:533668834 15:27:34 23.3 233 00:03:29 2.1 95935 32
15:42:32:544651973 15:27:34 23.4 234 00:03:30 2.1 95935 32
15:42:35:522162512 15:27:34 23.4 234 00:03:31 2.1 95935 32
15:42:38:550301890 15:27:34 23.4 234 00:03:31 2.1 95935 32
15:42:41:547260268 15:27:34 23.5 235 00:03:33 2.1 95935 32
15:42:44:550317407 15:27:34 23.5 235 00:03:33 2.1 95935 32
15:42:47:550356440 15:27:34 23.5 235 00:03:34 2.1 95935 31
15:42:50:607692266 15:27:34 23.5 235 00:03:35 2.1 95935 32
15:42:53:591639428 15:27:34 23.4 234 00:03:35 2.1 95935 32
15:42:56:590930583 15:27:34 23.5 235 00:03:36 2.1 95935 32
15:42:59:576406254 15:27:34 23.5 235 00:03:37 2.1 95935 32
15:43:02:608436690 15:27:34 23.5 235 00:03:38 2.1 95935 32
15:43:05:605793916 15:27:34 23.5 235 00:03:39 2.1 95935 32
15:43:08:661847965 15:27:34 23.5 235 00:03:40 2.1 95935 32
15:43:11:607752681 15:27:34 23.6 236 00:03:41 2.1 95935 32
15:43:14:614069566 15:27:34 23.5 235 00:03:41 2.1 95935 32
15:43:17:661721533 15:27:34 23.6 236 00:03:42 2.1 95935 32
15:43:20:656575299 15:27:34 23.6 236 00:03:43 2.1 95935 32
15:43:23:623921262 15:27:34 23.6 236 00:03:44 2.1 95935 32
15:43:26:670555260 15:27:34 23.6 236 00:03:44 2.1 96191 32
15:43:29:635133680 15:27:34 23.7 237 00:03:46 2.1 96191 32
15:43:32:652855691 15:27:34 23.6 236 00:03:46 2.1 96191 32
15:43:35:735525409 15:27:34 23.7 237 00:03:47 2.1 96191 32
15:43:38:662624057 15:27:34 23.7 237 00:03:48 2.1 96191 32
15:43:41:742449683 15:27:34 23.7 237 00:03:49 2.1 96191 31
15:43:44:679213496 15:27:34 23.7 237 00:03:49 2.1 96191 32
15:43:47:673253079 15:27:34 23.7 237 00:03:51 2.1 96191 31
15:43:50:731449035 15:27:34 23.7 237 00:03:51 2.1 96191 32
15:43:53:690875951 15:27:34 23.8 238 00:03:52 2.1 96191 32
15:43:56:696580258 15:27:34 23.7 237 00:03:53 2.1 96191 32
15:43:59:702074278 15:27:34 23.8 238 00:03:54 2.1 96191 32
15:44:02:722406293 15:27:34 23.8 238 00:03:54 2.1 96191 32
15:44:05:745629501 15:27:34 23.8 238 00:03:56 2.1 96191 32
15:44:08:748061112 15:27:34 23.8 238 00:03:56 2.1 96191 32
15:44:11:738093462 15:27:34 23.8 238 00:03:57 2.1 96191 32
15:44:14:738773531 15:27:34 23.8 238 00:03:58 2.1 96191 32
15:44:17:753176923 15:27:34 23.9 239 00:03:59 2.1 96191 31
15:44:20:762386013 15:27:34 23.8 238 00:03:59 2.1 96191 32
15:44:23:766637383 15:27:34 23.9 239 00:04:01 2.1 96191 32
15:44:26:805960223 15:27:34 23.9 239 00:04:01 2.1 96191 32
15:44:29:791933593 15:27:34 23.9 239 00:04:02 2.1 96191 32
15:44:32:795344417 15:27:34 23.9 239 00:04:03 2.1 96191 32
15:44:35:779107056 15:27:34 23.9 239 00:04:04 2.1 96191 32
15:44:38:786985478 15:27:34 23.9 239 00:04:04 2.1 96191 32
15:44:41:793800179 15:27:34 24.0 240 00:04:06 2.1 96191 32
15:44:44:810243368 15:27:34 23.9 239 00:04:06 2.1 96191 32
15:44:47:807115615 15:27:34 24.0 240 00:04:08 2.1 96191 31
15:44:50:822410140 15:27:34 23.9 239 00:04:08 2.1 96191 32
15:44:53:818094925 15:27:34 24.0 240 00:04:09 2.1 96191 31
15:44:56:841034955 15:27:34 24.0 240 00:04:10 2.1 96191 32
15:44:59:843374074 15:27:34 24.0 240 00:04:11 2.1 96191 31
15:45:02:858080362 15:27:34 24.0 240 00:04:11 2.1 96191 32
15:45:05:950306174 15:27:34 24.0 240 00:04:13 2.1 96191 31
15:45:08:866468930 15:27:34 24.0 240 00:04:13 2.1 96191 32
15:45:11:858584828 15:27:34 24.1 241 00:04:14 2.1 96191 32
15:45:14:900903689 15:27:34 24.0 240 00:04:15 2.1 96191 32
15:45:17:890075996 15:27:34 24.0 240 00:04:15 2.1 96191 32
15:45:20:911969284 15:27:34 24.1 241 00:04:16 2.1 96191 32
15:45:23:892079786 15:27:34 24.1 241 00:04:17 2.1 96191 32
15:45:26:926931101 15:27:34 24.1 241 00:04:18 2.1 96191 32
15:45:29:910864596 15:27:34 24.1 241 00:04:19 2.1 96191 32
15:45:32:967470449 15:27:34 24.1 241 00:04:20 2.1 96191 32
15:45:35:919482937 15:27:34 24.1 241 00:04:21 2.1 96191 32
15:45:38:922927288 15:27:34 24.1 241 00:04:22 2.1 96191 32
15:45:41:929077166 15:27:34 24.2 242 00:04:23 2.1 96191 32
15:45:44:956733147 15:27:34 24.2 242 00:04:24 2.1 96191 32
15:45:47:958647450 15:27:34 24.1 241 00:04:24 2.1 96191 32
15:45:50:959788935 15:27:34 24.2 242 00:04:25 2.1 96191 32
15:45:53:962012610 15:27:34 24.2 242 00:04:25 2.1 96191 32
15:45:56:954597475 15:27:34 24.2 242 00:04:27 2.1 96191 32
15:45:59:971157283 15:27:34 24.2 242 00:04:27 2.1 96191 32
15:46:02:975699509 15:27:34 24.2 242 00:04:29 2.1 96191 32
15:46:05:999443991 15:27:34 24.2 242 00:04:29 2.1 96191 32
15:46:08:958886024 15:27:34 24.3 243 00:04:30 2.1 96191 32
15:46:11:979373665 15:27:34 24.2 242 00:04:31 2.1 96191 32
15:46:14:996198856 15:27:34 24.3 243 00:04:32 2.1 96191 32
15:46:17:993919346 15:27:34 24.3 243 00:04:33 2.1 96191 32
15:46:20:999057281 15:27:34 24.3 243 00:04:34 2.1 96191 31
15:46:24:080903770 15:27:34 24.3 243 00:04:34 2.1 96191 32
15:46:27:027462055 15:27:34 24.4 244 00:04:36 2.1 96191 32
15:46:30:035873348 15:27:34 24.3 243 00:04:36 2.1 96191 32
15:46:33:042912113 15:27:34 24.3 243 00:04:37 2.1 96191 32
15:46:36:069732580 15:27:34 24.3 243 00:04:38 2.1 96191 32
15:46:39:079546820 15:27:34 24.3 243 00:04:38 2.1 96191 32
15:46:42:041041408 15:27:34 24.4 244 00:04:40 2.1 96191 32
15:46:45:045835420 15:27:34 24.3 243 00:04:40 2.1 96191 32
15:46:48:055040785 15:27:34 24.4 244 00:04:42 2.1 96191 32
15:46:51:124587509 15:27:34 24.4 244 00:04:42 2.1 96191 32
15:46:54:076595901 15:27:34 24.4 244 00:04:43 2.1 96191 32
15:46:57:082021363 15:27:34 24.4 244 00:04:44 2.1 96191 32
15:47:00:087290548 15:27:34 24.5 245 00:04:45 2.1 96191 31
15:47:03:125093711 15:27:34 24.4 244 00:04:45 2.1 96191 32
15:47:06:105899796 15:27:34 24.5 245 00:04:47 2.1 96191 31
15:47:09:143776575 15:27:34 24.5 245 00:04:47 2.1 96191 32
15:47:12:130025571 15:27:34 24.5 245 00:04:48 2.1 96191 32
15:47:15:152563895 15:27:34 24.5 245 00:04:49 2.1 96191 32
15:47:18:148478300 15:27:34 24.5 245 00:04:50 2.1 96191 32
15:47:21:163754481 15:27:34 24.5 245 00:04:51 2.1 96191 32
15:47:24:172268035 15:27:34 24.5 245 00:04:51 2.1 96191 32
15:47:27:173589917 15:27:34 24.5 245 00:04:53 2.1 96191 32
15:47:30:155718475 15:27:34 24.5 245 00:04:53 2.1 96191 32
15:47:33:160888034 15:27:34 24.6 246 00:04:54 2.1 96191 31
15:47:36:218370515 15:27:34 24.5 245 00:04:55 2.1 96191 32
15:47:39:180435286 15:27:34 24.6 246 00:04:56 2.1 96191 32
15:47:42:200888361 15:27:34 24.6 246 00:04:57 2.1 96191 32
15:47:45:207549853 15:27:34 24.6 246 00:04:57 2.1 96191 32
15:47:48:246278987 15:27:34 24.6 246 00:04:58 2.1 96191 32
15:47:51:241186722 15:27:34 24.6 246 00:04:59 2.1 96191 32
15:47:54:207252873 15:27:34 24.6 246 00:05:00 2.1 96191 32
15:47:57:218323923 15:27:34 24.6 246 00:05:01 2.1 96191 32
15:48:00:226319334 15:27:34 24.7 247 00:05:02 2.1 96191 32
15:48:03:248008945 15:27:34 24.6 246 00:05:02 2.1 96191 32
15:48:06:284051763 15:27:34 24.6 246 00:05:03 2.1 96191 32
15:48:09:271836470 15:27:34 24.6 246 00:05:04 2.1 96191 32
15:48:12:295328004 15:27:34 24.6 246 00:05:05 2.1 96191 32
15:48:15:257782289 15:27:34 24.7 247 00:05:06 2.1 96191 31
15:48:18:301471408 15:27:34 24.6 246 00:05:06 2.1 96191 32
15:48:21:290351391 15:27:34 24.6 246 00:05:07 2.1 96191 32
15:48:24:322227749 15:27:34 24.7 247 00:05:08 2.1 96191 32
15:48:27:317351980 15:27:34 24.6 246 00:05:08 2.1 96191 32
15:48:30:298596712 15:27:34 24.7 247 00:05:10 2.1 96191 31
15:48:33:339275966 15:27:34 24.7 247 00:05:10 2.1 96191 32
15:48:36:335690317 15:27:34 24.6 246 00:05:11 2.1 96191 32
15:48:39:352556239 15:27:34 24.7 247 00:05:12 2.1 96191 32
15:48:42:343510401 15:27:34 24.7 247 00:05:12 2.1 96191 32
15:48:45:338454101 15:27:34 24.7 247 00:05:14 2.1 96191 32
15:48:48:374204610 15:27:34 24.7 247 00:05:14 2.1 96191 32
15:48:51:381893486 15:27:34 24.6 246 00:05:15 2.1 96191 32
15:48:54:376279944 15:27:34 24.7 247 00:05:16 2.1 96191 32
15:48:57:375488053 15:27:34 24.7 247 00:05:16 2.1 96191 32
15:49:00:354360105 15:27:34 24.7 247 00:05:18 2.1 96191 32
15:49:03:371898614 15:27:34 24.7 247 00:05:18 2.1 96191 32
15:49:06:409963291 15:27:34 24.7 247 00:05:19 2.1 96191 32
15:49:09:398699403 15:27:34 24.7 247 00:05:20 2.2 96191 32
15:49:12:380960789 15:27:34 24.7 247 00:05:21 2.2 96191 32
15:49:15:402578390 15:27:34 24.7 247 00:05:21 2.2 96191 32
15:49:18:417809572 15:27:34 24.7 247 00:05:22 2.2 96191 32
15:49:21:434985508 15:27:34 24.7 247 00:05:23 2.2 96191 32
15:49:24:403478852 15:27:34 24.8 248 00:05:24 2.2 96191 31
15:49:27:418053936 15:27:34 24.7 247 00:05:25 2.2 96191 32
15:49:30:434546700 15:27:34 24.7 247 00:05:25 2.2 96191 32
15:49:33:470072581 15:27:34 24.8 248 00:05:26 2.2 96191 32
15:49:36:479158471 15:27:34 24.7 247 00:05:27 2.2 96191 32
15:49:39:447208506 15:27:34 24.8 248 00:05:28 2.2 96191 32
15:49:42:444768419 15:27:34 24.8 248 00:05:29 2.2 96191 32
15:49:45:468827574 15:27:34 24.8 248 00:05:30 2.2 96191 32
15:49:48:505529372 15:27:34 24.8 248 00:05:31 2.2 96191 32
15:49:51:508641116 15:27:34 24.8 248 00:05:31 2.2 96191 32
15:49:54:485517075 15:27:34 24.8 248 00:05:33 2.2 96191 32
15:49:57:494739428 15:27:34 24.8 248 00:05:33 2.2 96191 32
15:50:00:523392879 15:27:34 24.8 248 00:05:33 2.2 96191 32
15:50:03:491011757 15:27:34 24.8 248 00:05:35 2.2 96191 32
15:50:06:524722619 15:27:34 24.8 248 00:05:35 2.2 96191 32
15:50:09:515174532 15:27:34 24.8 248 00:05:36 2.2 96191 32
15:50:12:529732509 15:27:34 24.8 248 00:05:37 2.2 96191 32
15:50:15:551679562 15:27:34 24.8 248 00:05:37 2.2 96191 32
15:50:18:552043898 15:27:34 24.9 249 00:05:39 2.2 96191 32
15:50:21:532273358 15:27:34 24.8 248 00:05:39 2.2 96191 32
15:50:24:624749510 15:27:34 24.9 249 00:05:41 2.2 96191 32
15:50:27:575508562 15:27:34 24.9 249 00:05:41 2.2 96191 32
15:50:30:565136879 15:27:34 24.8 248 00:05:42 2.2 96191 32
15:50:33:582151016 15:27:34 24.9 249 00:05:43 2.2 96191 32
15:50:36:564899835 15:27:34 24.9 249 00:05:44 2.2 96191 32
15:50:39:576874534 15:27:34 24.9 249 00:05:45 2.2 96191 31
15:50:42:597855580 15:27:34 24.9 249 00:05:46 2.2 96191 32
15:50:45:626276554 15:27:34 24.9 249 00:05:47 2.2 96191 32
15:50:48:613625926 15:27:34 24.9 249 00:05:47 2.2 96191 32
15:50:51:613462490 15:27:34 24.9 249 00:05:48 2.2 96191 32
15:50:54:633842925 15:27:34 25.0 250 00:05:49 2.2 96191 32
15:50:57:635554817 15:27:34 24.9 249 00:05:50 2.2 96191 32
15:51:00:612981064 15:27:34 25.0 250 00:05:52 2.2 96191 32
15:51:03:628277269 15:27:34 25.0 250 00:05:52 2.2 96191 32
15:51:06:639441423 15:27:34 25.0 250 00:05:53 2.2 96191 32
15:51:09:662339427 15:27:34 25.0 250 00:05:54 2.2 96191 32
15:51:12:671411606 15:27:34 25.0 250 00:05:55 2.2 96191 32
15:51:15:683431179 15:27:34 25.0 250 00:05:56 2.2 96191 32
15:51:18:689424447 15:27:34 25.0 250 00:05:56 2.2 96191 32
15:51:21:668827395 15:27:34 25.1 251 00:05:58 2.2 96191 32
15:51:24:707909599 15:27:34 25.0 250 00:05:58 2.2 96191 32
15:51:27:705038867 15:27:34 25.1 251 00:05:59 2.2 96191 32
15:51:30:728253612 15:27:34 25.1 251 00:06:00 2.2 96191 32
15:51:33:743346565 15:27:34 25.1 251 00:06:01 2.2 96191 32
15:51:36:730472024 15:27:34 25.1 251 00:06:02 2.2 96191 32
15:51:39:731804022 15:27:34 25.1 251 00:06:03 2.2 96191 32
15:51:42:711796071 15:27:34 25.2 252 00:06:04 2.2 96191 32
15:51:45:750102013 15:27:34 25.1 251 00:06:05 2.2 96191 32
15:51:48:730999121 15:27:34 25.2 252 00:06:06 2.2 96191 32
15:51:51:786951148 15:27:34 25.2 252 00:06:07 2.2 96191 32
15:51:54:761018517 15:27:34 25.2 252 00:06:08 2.2 96191 32
15:51:57:757590730 15:27:34 25.2 252 00:06:09 2.2 96191 32
15:52:00:789361959 15:27:34 25.2 252 00:06:09 2.2 96191 32
15:52:03:786174123 15:27:34 25.2 252 00:06:11 2.2 96191 32
15:52:06:771564256 15:27:34 25.2 252 00:06:11 2.2 96191 32
15:52:09:926551103 15:27:34 25.3 253 00:06:13 2.2 96191 32
15:52:12:808208800 15:27:34 25.3 253 00:06:13 2.2 96191 32
15:52:15:787697048 15:27:34 25.3 253 00:06:15 2.2 96191 32
15:52:18:812059912 15:27:34 25.3 253 00:06:15 2.2 96191 32
15:52:21:823640858 15:27:34 25.3 253 00:06:16 2.2 96191 32
15:52:24:840346310 15:27:34 25.3 253 00:06:17 2.2 96191 32
15:52:27:847864552 15:27:34 25.3 253 00:06:18 2.2 96191 32
15:52:30:824334625 15:27:34 25.4 254 00:06:20 2.2 96191 32
15:52:33:842100865 15:27:34 25.3 253 00:06:20 2.2 96191 32
15:52:36:850461255 15:27:34 25.4 254 00:06:22 2.2 96191 32
15:52:39:897785828 15:27:34 25.4 254 00:06:22 2.2 96191 32
15:52:42:865150987 15:27:34 25.4 254 00:06:22 2.2 96191 32
15:52:45:871058607 15:27:34 25.4 254 00:06:24 2.2 96191 32
15:52:48:886742868 15:27:34 25.4 254 00:06:24 2.2 96191 32
15:52:51:894951298 15:27:34 25.4 254 00:06:25 2.2 96191 32
15:52:54:916684300 15:27:34 25.4 254 00:06:26 2.2 96191 32
15:52:57:932883035 15:27:34 25.4 254 00:06:27 2.2 96191 32
15:53:00:908515928 15:27:34 25.5 255 00:06:29 2.2 96191 32
15:53:03:939390250 15:27:34 25.4 254 00:06:29 2.2 96191 32
15:53:06:922751365 15:27:34 25.5 255 00:06:30 2.2 96191 32
15:53:09:933855966 15:27:34 25.5 255 00:06:31 2.2 96191 32
15:53:12:944610920 15:27:34 25.5 255 00:06:32 2.2 96191 32
15:53:15:967938038 15:27:34 25.5 255 00:06:33 2.2 96191 32
15:53:18:972160736 15:27:34 25.5 255 00:06:33 2.2 96191 32
15:53:21:950144443 15:27:34 25.5 255 00:06:35 2.2 96191 31
15:53:24:992570765 15:27:34 25.5 255 00:06:36 2.2 96191 32
15:53:27:978864094 15:27:34 25.5 255 00:06:37 2.2 96191 32
15:53:30:998702806 15:27:34 25.6 256 00:06:38 2.2 96191 32
15:53:33:980893945 15:27:34 25.5 255 00:06:38 2.2 96191 32
15:53:36:987974883 15:27:34 25.6 256 00:06:40 2.2 96191 32
15:53:40:012169879 15:27:34 25.6 256 00:06:40 2.2 96191 32
15:53:43:035268526 15:27:34 25.5 255 00:06:41 2.2 96191 32
15:53:46:022973379 15:27:34 25.6 256 00:06:43 2.2 96191 32
15:53:49:029167076 15:27:34 25.6 256 00:06:43 2.2 96191 32
15:53:52:007567537 15:27:34 25.6 256 00:06:45 2.2 96191 31
15:53:55:058917738 15:27:34 25.6 256 00:06:45 2.2 96191 32
15:53:58:038555821 15:27:34 25.6 256 00:06:46 2.2 96191 32
15:54:01:058330794 15:27:34 25.7 257 00:06:47 2.2 96191 32
15:54:04:079607992 15:27:34 25.6 256 00:06:48 2.2 96191 32
15:54:07:065000525 15:27:34 25.7 257 00:06:49 2.2 96191 32
15:54:10:048131439 15:27:34 25.7 257 00:06:50 2.2 96191 32
15:54:13:054848564 15:27:34 25.7 257 00:06:51 2.2 96191 32
15:54:16:096992681 15:27:34 25.7 257 00:06:52 2.2 96191 32
15:54:19:081803478 15:27:34 25.7 257 00:06:53 2.2 96191 32
15:54:22:108998470 15:27:34 25.8 258 00:06:54 2.2 96191 32
15:54:25:113932215 15:27:34 25.7 257 00:06:55 2.2 96191 32
15:54:28:097802479 15:27:34 25.8 258 00:06:56 2.2 96191 32
15:54:31:113450089 15:27:34 25.8 258 00:06:57 2.2 96191 32
15:54:34:139608156 15:27:34 25.7 257 00:06:57 2.2 96191 32
15:54:37:138891513 15:27:34 25.8 258 00:06:59 2.2 96191 32
15:54:40:136005782 15:27:34 25.8 258 00:06:59 2.2 96191 32
15:54:43:113573174 15:27:34 25.8 258 00:07:01 2.2 96191 32
15:54:46:129438753 15:27:34 25.8 258 00:07:01 2.2 96191 32
15:54:49:138986617 15:27:34 25.8 258 00:07:02 2.2 96191 32
15:54:52:166444421 15:27:34 25.9 259 00:07:04 2.2 96191 32
15:54:55:135623586 15:27:34 25.8 258 00:07:04 2.2 96191 32
15:54:58:160856968 15:27:34 25.8 258 00:07:05 2.2 96191 32
15:55:01:191906544 15:27:34 25.9 259 00:07:06 2.2 96191 32
15:55:04:167442193 15:27:34 25.9 259 00:07:07 2.2 96191 32
15:55:07:168319237 15:27:34 25.9 259 00:07:09 2.2 96191 31
15:55:10:190743921 15:27:34 25.9 259 00:07:09 2.2 96191 32
15:55:13:203216177 15:27:34 25.9 259 00:07:10 2.2 96191 32
15:55:16:209433526 15:27:34 25.9 259 00:07:11 2.2 96191 32
15:55:19:226750466 15:27:34 25.9 259 00:07:11 2.2 96191 32
15:55:22:206015695 15:27:34 26.0 260 00:07:13 2.2 96191 31
15:55:25:247167277 15:27:34 25.9 259 00:07:14 2.2 96191 32
15:55:28:251862603 15:27:34 25.9 259 00:07:14 2.2 96191 32
15:55:31:221421131 15:27:34 26.0 260 00:07:16 2.2 96191 32
15:55:34:223621851 15:27:34 26.0 260 00:07:16 2.2 96191 32
15:55:37:243770937 15:27:34 26.0 260 00:07:18 2.2 96191 32
15:55:40:288228683 15:27:34 26.0 260 00:07:19 2.2 96191 32
15:55:43:267318124 15:27:34 26.0 260 00:07:19 2.2 96191 32
15:55:46:249185354 15:27:34 26.0 260 00:07:21 2.2 96191 32
15:55:49:275578462 15:27:34 26.0 260 00:07:21 2.2 96191 32
15:55:52:274358193 15:27:34 26.1 261 00:07:23 2.2 96191 32
15:55:55:313177411 15:27:34 26.1 261 00:07:23 2.2 96191 32
15:55:58:322544223 15:27:34 26.0 260 00:07:24 2.2 96191 32
15:56:01:288413943 15:27:34 26.1 261 00:07:26 2.2 96191 31
15:56:04:308704396 15:27:34 26.1 261 00:07:26 2.2 96191 32
15:56:07:320073981 15:27:34 26.1 261 00:07:27 2.2 96191 32
15:56:10:331597939 15:27:34 26.1 261 00:07:28 2.2 96191 32
15:56:13:352365811 15:27:34 26.1 261 00:07:29 2.2 96191 32
15:56:16:318769978 15:27:34 26.2 262 00:07:31 2.2 96191 31
15:56:19:380760098 15:27:34 26.1 261 00:07:31 2.2 96191 32
15:56:22:349663827 15:27:34 26.1 261 00:07:32 2.2 96447 32
15:56:25:379334776 15:27:34 26.2 262 00:07:33 2.2 96447 32
15:56:28:368910446 15:27:34 26.2 262 00:07:34 2.2 96191 32
15:56:31:364364332 15:27:34 26.2 262 00:07:35 2.2 96447 32
15:56:34:364091371 15:27:34 26.2 262 00:07:36 2.2 96447 32
15:56:37:406522900 15:27:34 26.2 262 00:07:36 2.2 96447 32
15:56:40:371267271 15:27:34 26.2 262 00:07:38 2.2 96447 32
15:56:43:378089874 15:27:34 26.2 262 00:07:39 2.2 96447 32
15:56:46:556711686 15:27:34 26.3 263 00:07:40 2.2 96447 32
15:56:49:421071204 15:27:34 26.3 263 00:07:41 2.2 96447 32
15:56:52:439862010 15:27:34 26.2 262 00:07:41 2.2 96447 32
15:56:55:428924497 15:27:34 26.3 263 00:07:43 2.2 96447 32
15:56:58:423359317 15:27:34 26.3 263 00:07:43 2.2 96447 32
15:57:01:439220325 15:27:34 26.3 263 00:07:44 2.2 96447 32
15:57:04:442541512 15:27:34 26.3 263 00:07:46 2.2 96447 32
15:57:07:455221597 15:27:34 26.3 263 00:07:46 2.2 96447 32
15:57:10:433078576 15:27:34 26.4 264 00:07:48 2.2 96447 32
15:57:13:458350251 15:27:34 26.3 263 00:07:49 2.2 96447 32
15:57:16:554699261 15:27:34 26.3 263 00:07:50 2.2 96447 32
15:57:19:475136100 15:27:34 26.4 264 00:07:51 2.2 96447 32
15:57:22:496401678 15:27:34 26.4 264 00:07:51 2.2 96447 32
15:57:25:488156740 15:27:34 26.4 264 00:07:53 2.2 96447 32
15:57:28:511048075 15:27:34 26.4 264 00:07:53 2.2 96447 32
15:57:31:508268017 15:27:34 26.4 264 00:07:54 2.2 96447 32
15:57:34:478957810 15:27:34 26.4 264 00:07:56 2.2 96447 32
15:57:37:513898240 15:27:34 26.4 264 00:07:56 2.2 96447 32
15:57:40:496863609 15:27:34 26.4 264 00:07:57 2.2 96447 32
15:57:43:527142806 15:27:34 26.4 264 00:07:58 2.2 96447 32
15:57:46:546589959 15:27:34 26.4 264 00:07:59 2.2 96191 32
15:57:49:552120494 15:27:34 26.5 265 00:08:01 2.2 96447 32
15:57:52:571867977 15:27:34 26.5 265 00:08:01 2.2 96447 32
15:57:55:544967847 15:27:34 26.5 265 00:08:02 2.2 96447 32
15:57:58:557727466 15:27:34 26.5 265 00:08:04 2.2 96191 32
15:58:01:565574313 15:27:34 26.5 265 00:08:04 2.2 96191 32
15:58:04:550643042 15:27:34 26.5 265 00:08:06 2.2 96447 31
15:58:07:584636770 15:27:34 26.5 265 00:08:06 2.2 96447 32
15:58:10:582437633 15:27:34 26.5 265 00:08:07 2.2 96447 32
15:58:13:694824811 15:27:34 26.6 266 00:08:09 2.2 96447 32
15:58:16:600033744 15:27:34 26.5 265 00:08:09 2.2 96191 32
15:58:19:586227924 15:27:34 26.6 266 00:08:11 2.2 96447 32
15:58:22:598030402 15:27:34 26.6 266 00:08:12 2.2 96447 32
15:58:25:640799126 15:27:34 26.6 266 00:08:12 2.2 96447 32
15:58:28:605428222 15:27:34 26.6 266 00:08:14 2.2 96447 32
15:58:31:643271347 15:27:34 26.6 266 00:08:14 2.2 96447 32
15:58:34:622372889 15:27:34 26.7 267 00:08:16 2.2 96447 32
15:58:37:670757141 15:27:34 26.7 267 00:08:17 2.2 96447 32
15:58:40:672945020 15:27:34 26.6 266 00:08:17 2.2 96447 32
15:58:43:684386065 15:27:34 26.7 267 00:08:19 2.2 96447 32
15:58:46:666460717 15:27:34 26.7 267 00:08:20 2.2 96447 32
15:58:49:663188049 15:27:34 26.7 267 00:08:20 2.2 96447 32
15:58:52:689398190 15:27:34 26.7 267 00:08:22 2.2 96447 32
15:58:55:707034822 15:27:34 26.7 267 00:08:22 2.2 96447 32
15:58:58:676923642 15:27:34 26.8 268 00:08:24 2.2 96447 32
15:59:01:695314238 15:27:34 26.8 268 00:08:25 2.2 96447 32
15:59:04:721294305 15:27:34 26.7 267 00:08:25 2.2 96447 32
15:59:07:853640660 15:27:34 26.8 268 00:08:27 2.2 96447 32
15:59:10:735034051 15:27:34 26.8 268 00:08:28 2.2 96447 32
15:59:13:726432271 15:27:34 26.7 267 00:08:28 2.2 96447 32
15:59:16:715964967 15:27:34 26.8 268 00:08:30 2.2 96447 32
15:59:19:731644512 15:27:34 26.8 268 00:08:31 2.2 96447 32
15:59:22:733804433 15:27:34 26.8 268 00:08:31 2.2 96447 32
15:59:25:723687554 15:27:34 26.8 268 00:08:33 2.2 96447 32
15:59:28:758075856 15:27:34 26.8 268 00:08:33 2.2 96447 32
15:59:31:750808756 15:27:34 26.8 268 00:08:35 2.2 96447 32
15:59:34:785475420 15:27:34 26.8 268 00:08:36 2.2 96447 32
15:59:37:791183960 15:27:34 26.8 268 00:08:36 2.2 96447 32
15:59:40:771270243 15:27:34 26.9 269 00:08:38 2.2 96447 31
15:59:43:802173864 15:27:34 26.9 269 00:08:38 2.2 96447 32
15:59:46:786786217 15:27:34 26.9 269 00:08:40 2.2 96447 32
15:59:49:811327003 15:27:34 26.9 269 00:08:41 2.2 96447 32
15:59:52:807792167 15:27:34 26.9 269 00:08:41 2.2 96447 32
15:59:55:821956329 15:27:34 26.9 269 00:08:42 2.2 96447 32
15:59:58:840809313 15:27:34 26.9 269 00:08:44 2.2 96447 32
16:00:01:857214965 15:27:34 26.9 269 00:08:44 2.2 96447 32
16:00:04:824110847 15:27:34 27.0 270 00:08:46 2.2 96447 32
16:00:07:840143075 15:27:34 26.9 269 00:08:46 2.2 96447 32
16:00:10:841280994 15:27:34 26.9 269 00:08:47 2.2 96447 32
16:00:13:867339761 15:27:34 27.0 270 00:08:49 2.2 96447 32
16:00:16:875198578 15:27:34 27.0 270 00:08:49 2.2 96447 32
16:00:19:859682902 15:27:34 27.0 270 00:08:51 2.2 96447 32
16:00:22:888586487 15:27:34 27.0 270 00:08:52 2.2 96447 32
16:00:25:902804697 15:27:34 27.0 270 00:08:52 2.2 96447 32
16:00:28:899767297 15:27:34 27.1 271 00:08:55 2.2 96447 32
16:00:31:878511974 15:27:34 27.0 270 00:08:55 2.2 96447 32
16:00:34:889101203 15:27:34 27.1 271 00:08:56 2.2 96447 32
16:00:38:088479119 15:27:34 27.1 271 00:08:57 2.2 96447 32
16:00:40:923725748 15:27:34 27.1 271 00:08:58 2.2 96447 32
16:00:43:905938690 15:27:34 27.1 271 00:09:00 2.2 96447 32
16:00:46:949317515 15:27:34 27.1 271 00:09:00 2.2 96447 32
16:00:49:936841893 15:27:34 27.1 271 00:09:01 2.2 96447 32
16:00:52:951396582 15:27:34 27.1 271 00:09:03 2.2 96447 32
16:00:55:930355300 15:27:34 27.1 271 00:09:03 2.2 96447 32
16:00:58:956196658 15:27:34 27.2 272 00:09:05 2.2 96447 32
16:01:01:973969367 15:27:34 27.2 272 00:09:06 2.2 96447 32
16:01:04:950620350 15:27:34 27.1 271 00:09:06 2.2 96447 32
16:01:07:978290497 15:27:34 27.2 272 00:09:07 2.2 96447 32
16:01:10:977298871 15:27:34 27.2 272 00:09:09 2.2 96447 32
16:01:14:010337702 15:27:34 27.2 272 00:09:09 2.2 96447 32
16:01:16:985201376 15:27:34 27.2 272 00:09:11 2.2 96447 32
16:01:20:006838281 15:27:34 27.2 272 00:09:12 2.2 96447 32
16:01:23:020218299 15:27:34 27.2 272 00:09:12 2.2 96447 32
16:01:26:003383006 15:27:34 27.3 273 00:09:14 2.2 96447 32
16:01:29:032591771 15:27:34 27.2 272 00:09:15 2.2 96447 32
16:01:32:166222115 15:27:34 27.3 273 00:09:16 2.2 96447 32
16:01:35:031630859 15:27:34 27.3 273 00:09:17 2.2 96447 32
16:01:38:024971216 15:27:34 27.3 273 00:09:18 2.2 96447 32
16:01:41:031534292 15:27:34 27.3 273 00:09:19 2.2 96447 32
16:01:44:063162514 15:27:34 27.3 273 00:09:20 2.2 96447 32
16:01:47:062296861 15:27:34 27.3 273 00:09:20 2.2 96447 32
16:01:50:042744964 15:27:34 27.3 273 00:09:22 2.2 96447 32
16:01:53:083102616 15:27:34 27.3 273 00:09:23 2.2 96447 32
16:01:56:086122192 15:27:34 27.3 273 00:09:23 2.2 96447 32
16:01:59:062904642 15:27:34 27.4 274 00:09:26 2.2 96447 31
16:02:02:079400427 15:27:34 27.4 274 00:09:26 2.2 96447 32
16:02:05:089219580 15:27:34 27.4 274 00:09:27 2.2 96447 32
16:02:08:104784326 15:27:34 27.4 274 00:09:29 2.2 96447 32
16:02:11:127440529 15:27:34 27.4 274 00:09:29 2.2 96447 32
16:02:14:093954531 15:27:34 27.4 274 00:09:31 2.2 96447 32
16:02:17:118073590 15:27:34 27.4 274 00:09:31 2.2 96447 32
16:02:20:325063486 15:27:34 27.4 274 00:09:32 2.2 96447 32
16:02:23:113405075 15:27:34 27.5 275 00:09:34 2.2 96447 31
16:02:26:127586413 15:27:34 27.5 275 00:09:35 2.2 96447 32
16:02:29:179325551 15:27:34 27.4 274 00:09:35 2.2 96447 32
16:02:32:140999094 15:27:34 27.5 275 00:09:37 2.2 96447 32
16:02:35:162607822 15:27:34 27.5 275 00:09:38 2.2 96447 32
16:02:38:168360816 15:27:34 27.5 275 00:09:38 2.2 96447 32
16:02:41:180102800 15:27:34 27.5 275 00:09:40 2.2 96447 32
16:02:44:190073924 15:27:34 27.5 275 00:09:40 2.2 96447 32
16:02:47:169240431 15:27:34 27.5 275 00:09:42 2.2 96447 32
16:02:50:211807385 15:27:34 27.5 275 00:09:43 2.2 96447 32
16:02:53:220255204 15:27:34 27.5 275 00:09:43 2.2 96447 32
16:02:56:214854921 15:27:34 27.6 276 00:09:46 2.2 96447 32
16:02:59:196242347 15:27:34 27.6 276 00:09:46 2.2 96447 32
16:03:02:242775473 15:27:34 27.6 276 00:09:47 2.2 96447 32
16:03:05:223090447 15:27:34 27.6 276 00:09:49 2.2 96447 32
16:03:08:243242411 15:27:34 27.6 276 00:09:49 2.2 96447 32
16:03:11:247133943 15:27:34 27.6 276 00:09:50 2.2 96447 32
16:03:14:253711241 15:27:34 27.6 276 00:09:52 2.2 96447 32
16:03:17:274705148 15:27:34 27.6 276 00:09:52 2.2 96447 32
16:03:20:277346692 15:27:34 27.6 276 00:09:52 2.2 96447 32
16:03:23:263635689 15:27:34 27.7 277 00:09:55 2.2 96447 31
16:03:26:296699187 15:27:34 27.7 277 00:09:55 2.2 96447 32
16:03:29:276730574 15:27:34 27.6 276 00:09:56 2.2 96447 32
16:03:32:291488623 15:27:34 27.7 277 00:09:58 2.2 96447 32
16:03:35:273954763 15:27:34 27.7 277 00:09:58 2.2 96447 32
16:03:38:295391747 15:27:34 27.7 277 00:10:00 2.2 96447 32
16:03:41:330179353 15:27:34 27.7 277 00:10:01 2.2 96447 32
16:03:44:325773548 15:27:34 27.7 277 00:10:01 2.2 96447 32
16:03:47:309562004 15:27:34 27.7 277 00:10:03 2.2 96447 32
16:03:50:349651425 15:27:34 27.7 277 00:10:04 2.2 96447 32
16:03:53:363489724 15:27:34 27.7 277 00:10:04 2.2 96447 32
16:03:56:337992808 15:27:34 27.8 278 00:10:07 2.2 96447 32
16:03:59:352009120 15:27:34 27.8 278 00:10:07 2.2 96447 32
16:04:02:381561046 15:27:34 27.7 277 00:10:07 2.2 96447 32
16:04:05:360242290 15:27:34 27.8 278 00:10:10 2.2 96447 31
16:04:08:393984068 15:27:34 27.8 278 00:10:10 2.2 96447 32
16:04:11:400482305 15:27:34 27.8 278 00:10:11 2.2 96447 32
16:04:14:365372490 15:27:34 27.8 278 00:10:13 2.2 96447 32
16:04:17:385728467 15:27:34 27.8 278 00:10:13 2.2 96447 32
16:04:20:380202713 15:27:34 27.8 278 00:10:14 2.2 96447 32
16:04:23:413698572 15:27:34 27.8 278 00:10:15 2.2 96447 32
16:04:26:542973963 15:27:34 27.8 278 00:10:16 2.2 96447 32
16:04:29:413971761 15:27:34 27.8 278 00:10:17 2.2 96447 32
16:04:32:431447725 15:27:34 27.8 278 00:10:17 2.2 96447 32
16:04:35:411103158 15:27:34 27.9 279 00:10:19 2.2 96447 31
16:04:38:452935053 15:27:34 27.8 278 00:10:20 2.2 96447 32
16:04:41:492643220 15:27:34 27.8 278 00:10:20 2.2 96447 32
16:04:44:431366105 15:27:34 27.8 278 00:10:21 2.2 96447 32
16:04:47:460757282 15:27:34 27.9 279 00:10:23 2.2 96447 32
16:04:50:586896791 15:27:34 27.8 278 00:10:23 2.2 96447 32
16:04:53:468184380 15:27:34 27.8 278 00:10:23 2.2 96447 32
16:04:56:455244829 15:27:34 27.9 279 00:10:26 2.2 96447 32
16:04:59:487304618 15:27:34 27.9 279 00:10:26 2.2 96447 32
16:05:02:497159514 15:27:34 27.8 278 00:10:26 2.2 96447 32
16:05:05:480093270 15:27:34 27.9 279 00:10:28 2.2 96447 32
16:05:08:522271023 15:27:34 27.9 279 00:10:29 2.2 96447 32
16:05:11:516942109 15:27:34 27.9 279 00:10:29 2.2 96447 32
16:05:14:516770512 15:27:34 27.9 279 00:10:30 2.2 96447 32
16:05:17:523026999 15:27:34 27.9 279 00:10:32 2.2 96447 32
16:05:20:520625973 15:27:34 27.9 279 00:10:32 2.2 96447 32
16:05:23:552062451 15:27:34 27.9 279 00:10:33 2.2 96447 32
16:05:26:536088698 15:27:34 27.9 279 00:10:35 2.2 96447 32
16:05:29:572512093 15:27:34 27.9 279 00:10:35 2.2 96447 32
16:05:32:570878970 15:27:34 27.9 279 00:10:36 2.2 96447 32
16:05:35:553022221 15:27:34 27.9 279 00:10:37 2.2 96447 32
16:05:38:575808783 15:27:34 27.9 279 00:10:38 2.2 96447 32
16:05:41:777476389 15:27:34 27.9 279 00:10:39 2.2 96447 32
16:05:44:599522261 15:27:34 27.9 279 00:10:39 2.2 96447 32
16:05:47:586950893 15:27:34 28.0 280 00:10:42 2.2 96447 32
16:05:50:610488886 15:27:34 27.9 279 00:10:42 2.2 96447 32
16:05:53:601116247 15:27:34 27.9 279 00:10:42 2.2 96447 32
16:05:56:590124318 15:27:34 28.0 280 00:10:44 2.2 96447 32
16:05:59:622033865 15:27:34 28.0 280 00:10:45 2.2 96447 32
16:06:02:600357095 15:27:34 28.0 280 00:10:45 2.2 96447 32
16:06:05:627668419 15:27:34 27.9 279 00:10:46 2.2 96447 32
16:06:08:606750732 15:27:34 28.0 280 00:10:48 2.2 96447 32
16:06:11:660471587 15:27:34 28.0 280 00:10:49 2.2 96447 32
16:06:14:660914483 15:27:34 28.0 280 00:10:49 2.2 96447 32
16:06:17:635402760 15:27:34 28.0 280 00:10:51 2.2 96447 32
16:06:20:673869955 15:27:34 28.0 280 00:10:52 2.2 96447 32
16:06:23:638899004 15:27:34 28.0 280 00:10:52 2.2 96447 32
16:06:26:661333205 15:27:34 28.0 280 00:10:53 2.2 96447 32
16:06:29:676428924 15:27:34 28.0 280 00:10:55 2.2 96447 32
16:06:32:681290509 15:27:34 28.0 280 00:10:55 2.2 96447 32
16:06:35:711183011 15:27:34 28.0 280 00:10:55 2.2 96447 32
16:06:38:682432281 15:27:34 28.1 281 00:10:58 2.2 96447 32
16:06:41:724320129 15:27:34 28.0 280 00:10:58 2.2 96447 32
16:06:44:716288809 15:27:34 28.0 280 00:10:59 2.2 96447 32
16:06:47:714322501 15:27:34 28.0 280 00:11:00 2.2 96447 32
16:06:50:731637347 15:27:34 28.1 281 00:11:02 2.2 96447 32
16:06:53:749773640 15:27:34 28.0 280 00:11:02 2.2 96447 32
16:06:56:732579537 15:27:34 28.0 280 00:11:02 2.2 96447 32
16:06:59:760460386 15:27:34 28.1 281 00:11:05 2.2 96447 32
16:07:02:886739927 15:27:34 28.0 280 00:11:05 2.2 96447 32
16:07:05:769728681 15:27:34 28.0 280 00:11:05 2.2 96447 32
16:07:08:748533059 15:27:34 28.1 281 00:11:07 2.2 96447 32
16:07:11:777524074 15:27:34 28.1 281 00:11:08 2.2 96447 32
16:07:14:785012472 15:27:34 28.1 281 00:11:09 2.2 96447 32
16:07:17:785686317 15:27:34 28.1 281 00:11:09 2.2 96447 32
16:07:20:867268003 15:27:34 28.1 281 00:11:12 2.2 96447 32
16:07:23:793204090 15:27:34 28.1 281 00:11:12 2.2 96447 32
16:07:26:826440652 15:27:34 28.1 281 00:11:12 2.2 96447 32
16:07:29:793081211 15:27:34 28.1 281 00:11:14 2.2 96447 32
16:07:32:842050821 15:27:34 28.1 281 00:11:15 2.2 96447 32
16:07:35:837808579 15:27:34 28.1 281 00:11:15 2.2 96447 32
16:07:38:809677454 15:27:34 28.1 281 00:11:17 2.2 96447 32
16:07:41:849327129 15:27:34 28.2 282 00:11:18 2.2 96447 32
16:07:44:832700401 15:27:34 28.1 281 00:11:18 2.2 96447 32
16:07:47:869049927 15:27:34 28.1 281 00:11:19 2.2 96447 32
16:07:50:865998965 15:27:34 28.2 282 00:11:22 2.2 96447 32
16:07:53:885128515 15:27:34 28.2 282 00:11:22 2.2 96447 32
16:07:56:868707372 15:27:34 28.1 281 00:11:22 2.2 96447 32
16:07:59:859457220 15:27:34 28.2 282 00:11:24 2.2 96447 32
16:08:02:865467120 15:27:34 28.2 282 00:11:25 2.2 96447 32
16:08:05:901546547 15:27:34 28.2 282 00:11:25 2.2 96447 32
16:08:08:926074702 15:27:34 28.1 281 00:11:25 2.2 96447 32
16:08:11:898547157 15:27:34 28.2 282 00:11:28 2.2 96447 31
16:08:14:951257414 15:27:34 28.2 282 00:11:29 2.2 96447 32
16:08:17:941900264 15:27:34 28.2 282 00:11:29 2.2 96447 32
16:08:20:911283823 15:27:34 28.2 282 00:11:31 2.2 96447 32
16:08:23:940547715 15:27:34 28.2 282 00:11:32 2.2 96447 32
16:08:26:914270442 15:27:34 28.2 282 00:11:32 2.2 96447 32
16:08:29:925016339 15:27:34 28.2 282 00:11:33 2.2 96447 32
16:08:32:926737744 15:27:34 28.3 283 00:11:35 2.2 96447 32
16:08:35:976307784 15:27:34 28.2 282 00:11:35 2.2 96447 32
16:08:38:987762701 15:27:34 28.2 282 00:11:36 2.2 96447 32
16:08:41:959918405 15:27:34 28.3 283 00:11:38 2.2 96447 32
16:08:45:000545717 15:27:34 28.3 283 00:11:39 2.2 96447 32
16:08:47:996680589 15:27:34 28.2 282 00:11:39 2.2 96447 32
16:08:50:993479608 15:27:34 28.2 282 00:11:40 2.2 96447 32
16:08:53:983667361 15:27:34 28.3 283 00:11:42 2.2 96447 32
16:08:57:004646334 15:27:34 28.3 283 00:11:42 2.2 96447 32
16:09:00:021077424 15:27:34 28.2 282 00:11:43 2.2 96447 32
16:09:03:025372208 15:27:34 28.3 283 00:11:45 2.2 96447 31
16:09:06:144729364 15:27:34 28.3 283 00:11:45 2.2 96447 32
16:09:09:036360196 15:27:34 28.3 283 00:11:46 2.2 96447 32
16:09:12:022349294 15:27:34 28.3 283 00:11:47 2.2 96447 32
16:09:15:052793146 15:27:34 28.3 283 00:11:49 2.2 96447 32
16:09:18:059288622 15:27:34 28.3 283 00:11:49 2.2 96447 32
16:09:21:050972845 15:27:34 28.3 283 00:11:50 2.2 96447 32
16:09:24:044219848 15:27:34 28.3 283 00:11:52 2.2 96447 32
16:09:27:061540179 15:27:34 28.3 283 00:11:53 2.2 96447 32
16:09:30:103796508 15:27:34 28.3 283 00:11:53 2.2 96447 32
16:09:33:067106346 15:27:34 28.4 284 00:11:55 2.2 96447 32
16:09:36:098378705 15:27:34 28.4 284 00:11:56 2.2 96447 32
16:09:39:111794306 15:27:34 28.3 283 00:11:56 2.2 96447 32
16:09:42:097879564 15:27:34 28.3 283 00:11:57 2.2 96447 32
16:09:45:087256818 15:27:34 28.4 284 00:11:59 2.2 96447 32
16:09:48:140715876 15:27:34 28.4 284 00:12:00 2.2 96447 32
16:09:51:141842521 15:27:34 28.3 283 00:12:00 2.2 96447 32
16:09:54:114291816 15:27:34 28.4 284 00:12:02 2.2 96447 31
16:09:57:154080912 15:27:34 28.4 284 00:12:03 2.2 96447 32
16:10:00:157433132 15:27:34 28.4 284 00:12:03 2.2 96447 32
16:10:03:142673616 15:27:34 28.4 284 00:12:05 2.2 96447 32
16:10:06:155093034 15:27:34 28.4 284 00:12:06 2.2 96447 32
16:10:09:142692641 15:27:34 28.4 284 00:12:06 2.2 96447 32
16:10:12:191072011 15:27:34 28.4 284 00:12:07 2.2 96447 32
16:10:15:151572298 15:27:34 28.5 285 00:12:09 2.2 96447 31
16:10:18:180166188 15:27:34 28.4 284 00:12:10 2.2 96447 32
16:10:21:197484406 15:27:34 28.4 284 00:12:10 2.2 96447 32
16:10:24:175929346 15:27:34 28.5 285 00:12:12 2.2 96447 32
16:10:27:212829720 15:27:34 28.5 285 00:12:13 2.2 96447 32
16:10:30:215724193 15:27:34 28.5 285 00:12:13 2.2 96447 32
16:10:33:203589415 15:27:34 28.5 285 00:12:14 2.2 96447 32
16:10:36:220902612 15:27:34 28.5 285 00:12:16 2.2 96447 32
16:10:39:218530508 15:27:34 28.5 285 00:12:17 2.2 96447 32
16:10:42:252466976 15:27:34 28.5 285 00:12:17 2.2 96447 32
16:10:45:223029453 15:27:34 28.5 285 00:12:19 2.2 96447 32
16:10:48:259583453 15:27:34 28.5 285 00:12:20 2.2 96447 32
16:10:51:253041468 15:27:34 28.5 285 00:12:20 2.2 96447 32
16:10:54:252986846 15:27:34 28.5 285 00:12:21 2.2 96447 32
16:10:57:267380752 15:27:34 28.5 285 00:12:23 2.2 96447 32
16:11:00:253510659 15:27:34 28.5 285 00:12:24 2.2 96447 32
16:11:03:283490193 15:27:34 28.5 285 00:12:24 2.2 96447 32
16:11:06:263845109 15:27:34 28.6 286 00:12:27 2.2 96447 31
16:11:09:302109327 15:27:34 28.6 286 00:12:27 2.2 96447 32
16:11:12:384854600 15:27:34 28.5 285 00:12:27 2.2 96447 32
16:11:15:291259775 15:27:34 28.6 286 00:12:29 2.2 96447 32
16:11:18:322262586 15:27:34 28.6 286 00:12:31 2.2 96447 32
16:11:21:319040501 15:27:34 28.6 286 00:12:31 2.2 96447 32
16:11:24:323967056 15:27:34 28.5 285 00:12:31 2.2 96447 32
16:11:27:305871902 15:27:34 28.6 286 00:12:34 2.2 96447 31
16:11:30:324932296 15:27:34 28.6 286 00:12:35 2.2 96447 32
16:11:33:361731265 15:27:34 28.6 286 00:12:35 2.2 96447 32
16:11:36:334684962 15:27:34 28.6 286 00:12:37 2.2 96447 32
16:11:39:367795872 15:27:34 28.6 286 00:12:38 2.2 96447 32
16:11:42:387658708 15:27:34 28.6 286 00:12:38 2.2 96447 32
16:11:45:352607988 15:27:34 28.6 286 00:12:40 2.2 96447 32
16:11:48:362817244 15:27:34 28.7 287 00:12:41 2.2 96447 32
16:11:51:384662946 15:27:34 28.6 286 00:12:42 2.2 96447 32
16:11:54:403804420 15:27:34 28.6 286 00:12:42 2.2 96447 32
16:11:57:376424042 15:27:34 28.7 287 00:12:44 2.2 96447 32
16:12:00:413474798 15:27:34 28.7 287 00:12:45 2.2 96447 32
16:12:03:415794517 15:27:34 28.7 287 00:12:45 2.2 96447 32
16:12:06:397955242 15:27:34 28.7 287 00:12:47 2.2 96447 32
16:12:09:419773303 15:27:34 28.7 287 00:12:48 2.2 96447 32
16:12:12:448203552 15:27:34 28.7 287 00:12:49 2.2 96447 32
16:12:15:427131923 15:27:34 28.7 287 00:12:49 2.2 96447 32
16:12:18:427032765 15:27:34 28.7 287 00:12:52 2.2 96447 31
16:12:21:430471193 15:27:34 28.7 287 00:12:52 2.2 96447 32
16:12:24:466872323 15:27:34 28.7 287 00:12:53 2.2 96447 32
16:12:27:439307737 15:27:34 28.8 288 00:12:55 2.2 96447 32
16:12:30:469846336 15:27:34 28.8 288 00:12:56 2.2 96447 32
16:12:33:476529411 15:27:34 28.7 287 00:12:56 2.2 96447 32
16:12:36:463582906 15:27:34 28.8 288 00:12:57 2.2 96447 32
16:12:39:499978113 15:27:34 28.8 288 00:12:59 2.2 96447 32
16:12:42:515366057 15:27:34 28.8 288 00:13:00 2.2 96447 32
16:12:45:502797413 15:27:34 28.7 287 00:13:00 2.2 96447 32
16:12:48:482643300 15:27:34 28.8 288 00:13:02 2.2 96447 32
16:12:51:522840743 15:27:34 28.8 288 00:13:03 2.2 96447 32
16:12:54:517047995 15:27:34 28.8 288 00:13:03 2.2 96447 32
16:12:57:512034117 15:27:34 28.8 288 00:13:05 2.2 96447 32
16:13:00:534860220 15:27:34 28.8 288 00:13:06 2.2 96447 32
16:13:03:509254142 15:27:34 28.8 288 00:13:07 2.2 96447 32
16:13:06:556832368 15:27:34 28.8 288 00:13:07 2.2 96447 32
16:13:09:529635958 15:27:34 28.9 289 00:13:10 2.2 96447 32
16:13:12:541839485 15:27:34 28.8 288 00:13:10 2.2 96447 32
16:13:15:582351015 15:27:34 28.8 288 00:13:11 2.2 96447 32
16:13:18:549130096 15:27:34 28.9 289 00:13:13 2.2 96447 32
16:13:21:583481255 15:27:34 28.9 289 00:13:14 2.2 96447 32
16:13:24:581702260 15:27:34 28.9 289 00:13:14 2.2 96447 32
16:13:27:584878984 15:27:34 28.9 289 00:13:15 2.2 96447 32
16:13:30:597318266 15:27:34 28.9 289 00:13:17 2.2 96447 32
16:13:33:620767101 15:27:34 28.9 289 00:13:18 2.2 96447 32
16:13:36:628316366 15:27:34 28.9 289 00:13:18 2.2 96447 32
16:13:39:615902942 15:27:34 28.9 289 00:13:20 2.2 96447 32
16:13:42:624228083 15:27:34 28.9 289 00:13:21 2.2 96447 32
16:13:45:630469139 15:27:34 28.9 289 00:13:22 2.2 96447 32
16:13:48:618301562 15:27:34 28.9 289 00:13:23 2.2 96447 32
16:13:51:639870458 15:27:34 29.0 290 00:13:25 2.2 96447 32
16:13:54:648527518 15:27:34 28.9 289 00:13:25 2.2 96447 32
16:13:57:678138913 15:27:34 28.9 289 00:13:25 2.2 96447 32
16:14:00:649846739 15:27:34 29.0 290 00:13:28 2.2 96447 32
16:14:03:687533827 15:27:34 29.0 290 00:13:29 2.2 96447 32
16:14:06:687700067 15:27:34 29.0 290 00:13:29 2.2 96447 32
16:14:09:659856146 15:27:34 29.0 290 00:13:31 2.2 96447 32
16:14:12:688598134 15:27:34 29.0 290 00:13:32 2.2 96447 32
16:14:15:702855216 15:27:34 29.0 290 00:13:33 2.2 96447 32
16:14:18:685117004 15:27:34 29.0 290 00:13:34 2.2 96447 32
16:14:21:712079203 15:27:34 29.0 290 00:13:36 2.2 96447 32
16:14:24:704372834 15:27:34 29.0 290 00:13:36 2.2 96447 32
16:14:27:735149687 15:27:34 29.0 290 00:13:37 2.2 96447 32
16:14:30:706099325 15:27:34 29.1 291 00:13:39 2.2 96447 32
16:14:33:733646940 15:27:34 29.1 291 00:13:40 2.2 96447 32
16:14:36:740221284 15:27:34 29.0 290 00:13:40 2.2 96447 32
16:14:39:742229551 15:27:34 29.0 290 00:13:41 2.2 96447 32
16:14:42:730802507 15:27:34 29.1 291 00:13:43 2.2 96447 32
16:14:45:748719993 15:27:34 29.1 291 00:13:44 2.2 96447 32
16:14:48:787764351 15:27:34 29.1 291 00:13:44 2.2 96447 32
16:14:51:751395318 15:27:34 29.1 291 00:13:46 2.2 96447 32
16:14:54:786755161 15:27:34 29.1 291 00:13:47 2.2 96447 32
16:14:57:786109609 15:27:34 29.1 291 00:13:48 2.2 96447 32
16:15:00:784648471 15:27:34 29.1 291 00:13:49 2.2 96447 32
16:15:03:800695822 15:27:34 29.1 291 00:13:51 2.2 96447 32
16:15:06:806350030 15:27:34 29.1 291 00:13:52 2.2 96447 32
16:15:09:809323471 15:27:34 29.1 291 00:13:52 2.2 96447 32
16:15:12:792611749 15:27:34 29.2 292 00:13:55 2.2 96447 32
16:15:15:814245968 15:27:34 29.2 292 00:13:55 2.2 96447 32
16:15:18:843526272 15:27:34 29.1 291 00:13:55 2.2 96447 32
16:15:21:818076482 15:27:34 29.2 292 00:13:57 2.2 96447 32
16:15:24:815516604 15:27:34 29.2 292 00:13:59 2.2 96447 32
16:15:27:849425454 15:27:34 29.2 292 00:13:59 2.2 96447 32
16:15:30:847273222 15:27:34 29.2 292 00:13:59 2.2 96447 32
16:15:33:835410849 15:27:34 29.2 292 00:14:02 2.2 96447 32
16:15:36:877826119 15:27:34 29.2 292 00:14:02 2.2 96447 32
16:15:39:880470426 15:27:34 29.2 292 00:14:03 2.2 96447 32
16:15:42:862741725 15:27:34 29.2 292 00:14:05 2.2 96447 32
16:15:45:887853645 15:27:34 29.2 292 00:14:06 2.2 96447 32
16:15:48:895162035 15:27:34 29.2 292 00:14:06 2.2 96447 32
16:15:51:888632086 15:27:34 29.2 292 00:14:07 2.2 96447 32
16:15:54:907827744 15:27:34 29.3 293 00:14:10 2.2 96447 32
16:15:57:890046211 15:27:34 29.3 293 00:14:10 2.2 96447 32
16:16:00:950253391 15:27:34 29.2 292 00:14:10 2.2 96447 32
16:16:03:903598510 15:27:34 29.3 293 00:14:13 2.2 96447 32
16:16:06:919103500 15:27:34 29.3 293 00:14:14 2.2 96447 32
16:16:09:953793694 15:27:34 29.3 293 00:14:14 2.2 96447 32
16:16:12:945970753 15:27:34 29.3 293 00:14:16 2.2 96447 32
16:16:15:968464419 15:27:34 29.3 293 00:14:17 2.2 96447 32
16:16:18:972472182 15:27:34 29.3 293 00:14:18 2.2 96447 32
16:16:21:969465271 15:27:34 29.3 293 00:14:19 2.2 96447 32
16:16:25:005901493 15:27:34 29.4 294 00:14:21 2.2 96447 32
16:16:27:982276202 15:27:34 29.3 293 00:14:21 2.2 96447 32
16:16:31:020090013 15:27:34 29.3 293 00:14:22 2.2 96447 32
16:16:33:999845341 15:27:34 29.4 294 00:14:24 2.2 96447 32
16:16:37:169108023 15:27:34 29.4 294 00:14:25 2.2 96447 32
16:16:40:044314572 15:27:34 29.4 294 00:14:26 2.2 96447 32
16:16:43:015094310 15:27:34 29.4 294 00:14:27 2.2 96447 32
16:16:46:015379390 15:27:34 29.4 294 00:14:29 2.2 96447 32
16:16:49:049803185 15:27:34 29.4 294 00:14:29 2.2 96447 32
16:16:52:068456402 15:27:34 29.4 294 00:14:30 2.2 96447 32
16:16:55:099582727 15:27:34 29.4 294 00:14:32 2.2 96447 32
16:16:58:090487097 15:27:34 29.4 294 00:14:33 2.2 96447 32
16:17:01:067876470 15:27:34 29.4 294 00:14:33 2.2 96447 32
16:17:04:067993537 15:27:34 29.4 294 00:14:34 2.2 96447 32
16:17:07:206329274 15:27:34 29.5 295 00:14:37 2.2 96447 32
16:17:10:082413991 15:27:34 29.4 294 00:14:37 2.2 96447 32
16:17:13:115126964 15:27:34 29.4 294 00:14:37 2.2 96447 32
16:17:16:114027444 15:27:34 29.5 295 00:14:40 2.2 96447 32
16:17:19:112879924 15:27:34 29.5 295 00:14:41 2.2 96447 32
16:17:22:133399773 15:27:34 29.5 295 00:14:41 2.2 96447 32
16:17:25:113874348 15:27:34 29.4 294 00:14:41 2.2 96447 32
16:17:28:105553693 15:27:34 29.5 295 00:14:44 2.2 96447 32
16:17:31:137426536 15:27:34 29.5 295 00:14:45 2.2 96447 32
16:17:34:131111051 15:27:34 29.5 295 00:14:45 2.2 96447 32
16:17:37:140711739 15:27:34 29.5 295 00:14:46 2.2 96447 32
16:17:40:145083461 15:27:34 29.5 295 00:14:49 2.2 96447 32
16:17:43:150260366 15:27:34 29.5 295 00:14:49 2.2 96447 32
16:17:46:200172893 15:27:34 29.5 295 00:14:49 2.2 96447 32
16:17:49:231661850 15:27:34 29.5 295 00:14:51 2.2 96447 32
16:17:52:210341098 15:27:34 29.6 296 00:14:53 2.2 96447 32
16:17:55:215603939 15:27:34 29.5 295 00:14:53 2.2 96447 32
16:17:58:204150497 15:27:34 29.5 295 00:14:53 2.2 96447 32
16:18:01:198920997 15:27:34 29.6 296 00:14:56 2.2 96447 32
16:18:04:211563491 15:27:34 29.6 296 00:14:57 2.2 96447 32
16:18:07:263073778 15:27:34 29.5 295 00:14:57 2.2 96447 32
16:18:10:214603124 15:27:34 29.6 296 00:14:58 2.2 96447 32
16:18:13:250651258 15:27:34 29.6 296 00:15:01 2.2 96447 32
16:18:16:227488646 15:27:34 29.6 296 00:15:01 2.2 96447 32
16:18:19:273199507 15:27:34 29.6 296 00:15:01 2.2 96447 32
16:18:22:239130640 15:27:34 29.6 296 00:15:04 2.2 96447 32
16:18:25:285690604 15:27:34 29.6 296 00:15:05 2.2 96447 32
16:18:28:289501339 15:27:34 29.6 296 00:15:05 2.2 96447 32
16:18:31:266926575 15:27:34 29.6 296 00:15:06 2.2 96447 32
16:18:34:274690545 15:27:34 29.7 297 00:15:09 2.2 96447 32
16:18:37:269849786 15:27:34 29.6 296 00:15:09 2.2 96447 32
16:18:40:317234322 15:27:34 29.6 296 00:15:09 2.2 96447 32
16:18:43:285762588 15:27:34 29.7 297 00:15:12 2.2 96447 32
16:18:46:321126723 15:27:34 29.7 297 00:15:13 2.2 96447 32
16:18:49:329925480 15:27:34 29.7 297 00:15:13 2.2 96447 32
16:18:52:318146248 15:27:34 29.7 297 00:15:13 2.2 96447 32
16:18:55:309156053 15:27:34 29.7 297 00:15:16 2.2 96447 32
16:18:58:326142314 15:27:34 29.7 297 00:15:17 2.2 96447 32
16:19:01:391354973 15:27:34 29.7 297 00:15:17 2.2 96447 32
16:19:04:336227842 15:27:34 29.7 297 00:15:19 2.2 96447 32
16:19:07:363344280 15:27:34 29.7 297 00:15:21 2.2 96447 32
16:19:10:370161349 15:27:34 29.7 297 00:15:21 2.2 96447 32
16:19:13:392624704 15:27:34 29.7 297 00:15:21 2.2 96447 32
16:19:16:358280877 15:27:34 29.8 298 00:15:24 2.2 96447 32
16:19:19:392556153 15:27:34 29.8 298 00:15:25 2.2 96447 32
16:19:22:408732374 15:27:34 29.7 297 00:15:25 2.2 96447 32
16:19:25:382678891 15:27:34 29.8 298 00:15:27 2.2 96447 32
16:19:28:390743974 15:27:34 29.8 298 00:15:29 2.2 96447 32
16:19:31:400489164 15:27:34 29.8 298 00:15:29 2.2 96447 32
16:19:34:436301445 15:27:34 29.8 298 00:15:29 2.2 96447 32
16:19:37:455682941 15:27:34 29.7 297 00:15:30 2.2 96447 32
16:19:40:412411065 15:27:34 29.8 298 00:15:32 2.2 96447 32
16:19:43:462845766 15:27:34 29.8 298 00:15:33 2.2 96447 32
16:19:46:461725782 15:27:34 29.8 298 00:15:33 2.2 96447 32
16:19:49:432684986 15:27:34 29.8 298 00:15:35 2.2 96447 32
16:19:52:501364936 15:27:34 29.8 298 00:15:37 2.2 96447 32
16:19:55:477234047 15:27:34 29.8 298 00:15:37 2.2 96447 32
16:19:58:494430024 15:27:34 29.8 298 00:15:38 2.2 96447 32
16:20:01:463635866 15:27:34 29.9 299 00:15:40 2.2 96447 32
16:20:04:490958840 15:27:34 29.9 299 00:15:41 2.2 96447 32
16:20:07:512581845 15:27:34 29.8 298 00:15:41 2.2 96447 32
16:20:10:487317328 15:27:34 29.9 299 00:15:43 2.2 96447 32
16:20:13:489541178 15:27:34 29.9 299 00:15:45 2.2 96447 32
16:20:16:520923581 15:27:34 29.9 299 00:15:46 2.2 96447 32
16:20:19:547214371 15:27:34 29.9 299 00:15:46 2.2 96447 32
16:20:22:588792939 15:27:34 29.9 299 00:15:49 2.2 96447 32
16:20:25:562604296 15:27:34 29.9 299 00:15:50 2.2 96447 32
16:20:28:556742606 15:27:34 29.9 299 00:15:50 2.2 96447 32
16:20:31:533206448 15:27:34 29.9 299 00:15:51 2.2 96447 32
16:20:34:546640753 15:27:34 30.0 300 00:15:53 2.2 96447 32
16:20:37:598364040 15:27:34 29.9 299 00:15:54 2.2 96447 32
16:20:40:586564264 15:27:34 29.9 299 00:15:54 2.2 96447 32
16:20:43:566436535 15:27:34 30.0 300 00:15:56 2.2 96447 32
16:20:46:585365250 15:27:34 30.0 300 00:15:58 2.2 96447 32
16:20:49:603527552 15:27:34 30.0 300 00:15:58 2.2 96447 32
16:20:52:764622722 15:27:34 29.9 299 00:15:59 2.2 96447 32
16:20:55:576604129 15:27:34 30.0 300 00:16:01 2.2 96447 32
16:20:58:599226565 15:27:34 30.0 300 00:16:02 2.2 96447 32
16:21:01:632356837 15:27:34 30.0 300 00:16:02 2.2 96447 32
16:21:04:603482428 15:27:34 30.0 300 00:16:04 2.2 96447 32
16:21:07:639688428 15:27:34 30.0 300 00:16:06 2.2 96447 32
16:21:10:610755100 15:27:34 30.0 300 00:16:06 2.2 96447 32
16:21:13:661108747 15:27:34 30.0 300 00:16:06 2.2 96447 32
16:21:16:633610834 15:27:34 30.1 301 00:16:09 2.2 96447 32
16:21:19:673875734 15:27:34 30.1 301 00:16:10 2.2 96447 32
16:21:22:670581040 15:27:34 30.0 300 00:16:10 2.2 96447 32
16:21:25:672248233 15:27:34 30.0 300 00:16:11 2.2 96447 32
16:21:28:662117191 15:27:34 30.1 301 00:16:14 2.2 96447 32
16:21:31:658941011 15:27:34 30.1 301 00:16:14 2.2 96447 32
16:21:34:689221887 15:27:34 30.1 301 00:16:15 2.2 96447 32
16:21:37:673623764 15:27:34 30.1 301 00:16:17 2.2 96447 32
16:21:40:697609675 15:27:34 30.1 301 00:16:18 2.2 96447 32
16:21:43:704444233 15:27:34 30.1 301 00:16:19 2.2 96447 32
16:21:46:730792067 15:27:34 30.1 301 00:16:19 2.2 96447 32
16:21:49:792376087 15:27:34 30.1 301 00:16:22 2.2 96447 32
16:21:52:725017896 15:27:34 30.1 301 00:16:23 2.2 96447 32
16:21:55:733398204 15:27:34 30.1 301 00:16:23 2.2 96447 32
16:21:58:745084627 15:27:34 30.1 301 00:16:23 2.2 96447 32
16:22:01:720014985 15:27:34 30.2 302 00:16:26 2.2 96447 32
16:22:04:770418843 15:27:34 30.2 302 00:16:27 2.2 96447 32
16:22:07:737111290 15:27:34 30.1 301 00:16:27 2.2 96447 32
16:22:10:751746790 15:27:34 30.2 302 00:16:29 2.2 96447 32
16:22:13:736246968 15:27:34 30.2 302 00:16:31 2.2 96447 31
16:22:16:758111804 15:27:34 30.2 302 00:16:31 2.2 96447 32
16:22:19:807885833 15:27:34 30.2 302 00:16:32 2.2 96447 32
16:22:22:762213554 15:27:34 30.2 302 00:16:34 2.2 96447 32
16:22:25:767158387 15:27:34 30.2 302 00:16:35 2.2 96447 32
16:22:28:807046352 15:27:34 30.2 302 00:16:36 2.2 96447 32
16:22:31:821946752 15:27:34 30.2 302 00:16:36 2.2 96447 32
16:22:34:786344417 15:27:34 30.2 302 00:16:39 2.2 96447 32
16:22:37:811125033 15:27:34 30.2 302 00:16:40 2.2 96447 32
16:22:40:829449163 15:27:34 30.2 302 00:16:40 2.2 96447 32
16:22:43:828602623 15:27:34 30.2 302 00:16:41 2.2 96447 32
16:22:46:811402947 15:27:34 30.3 303 00:16:44 2.2 96447 32
16:22:49:827779922 15:27:34 30.3 303 00:16:44 2.2 96447 32
16:22:52:859589387 15:27:34 30.2 302 00:16:44 2.2 96447 32
16:22:55:845119997 15:27:34 30.2 302 00:16:45 2.2 96447 32
16:22:58:838159723 15:27:34 30.3 303 00:16:48 2.2 96447 31
16:23:01:848038129 15:27:34 30.3 303 00:16:49 2.2 96447 32
16:23:04:887235750 15:27:34 30.3 303 00:16:49 2.2 96447 32
16:23:07:889417907 15:27:34 30.2 302 00:16:49 2.2 96447 32
16:23:10:862819858 15:27:34 30.3 303 00:16:52 2.2 96447 32
16:23:13:906619601 15:27:34 30.3 303 00:16:53 2.2 96447 32
16:23:16:912489611 15:27:34 30.3 303 00:16:53 2.2 96447 32
16:23:20:029316094 15:27:34 30.3 303 00:16:54 2.2 96447 32
16:23:22:891676531 15:27:34 30.3 303 00:16:57 2.2 96447 32
16:23:25:902352127 15:27:34 30.3 303 00:16:57 2.2 96447 32
16:23:28:939168496 15:27:34 30.3 303 00:16:57 2.2 96447 32
16:23:31:956323861 15:27:34 30.3 303 00:16:59 2.2 96447 32
16:23:34:911452319 15:27:34 30.4 304 00:17:01 2.2 96447 32
16:23:37:915468584 15:27:34 30.3 303 00:17:02 2.2 96447 32
16:23:40:982133031 15:27:34 30.3 303 00:17:02 2.2 96447 32
16:23:43:952670661 15:27:34 30.4 304 00:17:04 2.2 96447 32
16:23:46:962429006 15:27:34 30.4 304 00:17:06 2.2 96447 32
16:23:49:993705717 15:27:34 30.4 304 00:17:06 2.2 96447 32
16:23:52:968288400 15:27:34 30.4 304 00:17:06 2.2 96447 32
16:23:55:967554440 15:27:34 30.4 304 00:17:08 2.2 96447 32
16:23:58:977828381 15:27:34 30.4 304 00:17:10 2.2 96447 32
16:24:02:015260165 15:27:34 30.4 304 00:17:11 2.2 96447 32
16:24:05:029944589 15:27:34 30.4 304 00:17:11 2.2 96447 32
16:24:07:990904335 15:27:34 30.4 304 00:17:13 2.2 96447 32
16:24:10:992888127 15:27:34 30.4 304 00:17:15 2.2 96447 32
16:24:14:013641200 15:27:34 30.4 304 00:17:15 2.2 96447 32
16:24:17:055117712 15:27:34 30.4 304 00:17:15 2.2 96447 32
16:24:20:040870992 15:27:34 30.4 304 00:17:17 2.2 96447 32
16:24:23:037124879 15:27:34 30.5 305 00:17:19 2.2 96447 32
16:24:26:056313035 15:27:34 30.4 304 00:17:20 2.2 96447 32
16:24:29:094098205 15:27:34 30.4 304 00:17:20 2.2 96447 32
16:24:32:064874455 15:27:34 30.4 304 00:17:22 2.2 96447 32
16:24:35:084118571 15:27:34 30.5 305 00:17:24 2.2 96447 32
16:24:38:103389180 15:27:34 30.5 305 00:17:24 2.2 96447 32
16:24:41:113826682 15:27:34 30.4 304 00:17:24 2.2 96447 32
16:24:44:084590888 15:27:34 30.5 305 00:17:26 2.2 96447 32
16:24:47:111913581 15:27:34 30.5 305 00:17:28 2.2 96447 32
16:24:50:134978936 15:27:34 30.5 305 00:17:28 2.2 96447 32
16:24:53:138543788 15:27:34 30.5 305 00:17:29 2.2 96447 32
16:24:56:110026423 15:27:34 30.5 305 00:17:31 2.2 96447 32
16:24:59:133759282 15:27:34 30.5 305 00:17:32 2.2 96447 32
16:25:02:135132247 15:27:34 30.5 305 00:17:33 2.2 96447 32
16:25:05:136234167 15:27:34 30.5 305 00:17:33 2.2 96447 32
16:25:08:137553119 15:27:34 30.5 305 00:17:36 2.2 96447 32
16:25:11:174351805 15:27:34 30.5 305 00:17:37 2.2 96447 32
16:25:14:162065676 15:27:34 30.5 305 00:17:37 2.2 96447 32
16:25:17:167991481 15:27:34 30.5 305 00:17:38 2.2 96447 32
16:25:20:151825150 15:27:34 30.6 306 00:17:41 2.2 96447 32
16:25:23:180607336 15:27:34 30.6 306 00:17:41 2.2 96447 32
16:25:26:170262745 15:27:34 30.6 306 00:17:42 2.2 96447 32
16:25:29:217522400 15:27:34 30.5 305 00:17:42 2.2 96447 32
16:25:32:207259286 15:27:34 30.5 305 00:17:43 2.2 96447 32
16:25:35:191810148 15:27:34 30.6 306 00:17:46 2.2 96447 31
16:25:38:367086914 15:27:34 30.6 306 00:17:46 2.2 96447 32
16:25:41:230645146 15:27:34 30.6 306 00:17:47 2.2 96447 32
16:25:44:263419719 15:27:34 30.6 306 00:17:48 2.2 96447 32
16:25:47:220949128 15:27:34 30.6 306 00:17:51 2.2 96447 32
16:25:50:256826769 15:27:34 30.6 306 00:17:51 2.2 96447 32
16:25:53:282523222 15:27:34 30.6 306 00:17:51 2.2 96447 32
16:25:56:248567816 15:27:34 30.6 306 00:17:53 2.2 96447 32
16:25:59:251110883 15:27:34 30.6 306 00:17:55 2.2 96447 32
16:26:02:257354074 15:27:34 30.6 306 00:17:56 2.2 96447 32
16:26:05:311575142 15:27:34 30.6 306 00:17:56 2.2 96447 32
16:26:08:282121038 15:27:34 30.6 306 00:17:58 2.2 96447 32
16:26:11:318339172 15:27:34 30.7 307 00:18:00 2.2 96447 32
16:26:14:310916663 15:27:34 30.7 307 00:18:00 2.2 96447 32
16:26:17:310794796 15:27:34 30.6 306 00:18:00 2.2 96447 32
16:26:20:306773850 15:27:34 30.7 307 00:18:02 2.2 96447 32
16:26:23:335602962 15:27:34 30.7 307 00:18:04 2.2 96447 32
16:26:26:353030318 15:27:34 30.7 307 00:18:04 2.2 96447 32
16:26:29:347214773 15:27:34 30.7 307 00:18:05 2.2 96447 32
16:26:32:376977526 15:27:34 30.6 306 00:18:05 2.2 96447 32
16:26:35:345926789 15:27:34 30.7 307 00:18:08 2.2 96447 32
16:26:38:387956917 15:27:34 30.7 307 00:18:09 2.2 96447 32
16:26:41:388678910 15:27:34 30.7 307 00:18:09 2.2 96447 32
16:26:44:398507161 15:27:34 30.7 307 00:18:09 2.2 96447 32
16:26:47:370069324 15:27:34 30.7 307 00:18:12 2.2 96447 32
16:26:50:391902293 15:27:34 30.7 307 00:18:13 2.2 96447 32
16:26:53:379875267 15:27:34 30.7 307 00:18:14 2.2 96447 32
16:26:56:416571023 15:27:34 30.7 307 00:18:14 2.2 96447 32
16:26:59:394554371 15:27:34 30.7 307 00:18:17 2.2 96447 32
16:27:02:414614820 15:27:34 30.7 307 00:18:18 2.2 96447 32
16:27:05:420607577 15:27:34 30.7 307 00:18:18 2.2 96447 32
16:27:08:441712736 15:27:34 30.7 307 00:18:18 2.2 96447 32
16:27:11:410834099 15:27:34 30.7 307 00:18:21 2.2 96447 32
16:27:14:411171522 15:27:34 30.8 308 00:18:23 2.2 96447 32
16:27:17:453504739 15:27:34 30.8 308 00:18:23 2.2 96447 32
16:27:20:466689298 15:27:34 30.7 307 00:18:23 2.2 96447 32
16:27:23:438683740 15:27:34 30.8 308 00:18:26 2.2 96447 32
16:27:26:463817311 15:27:34 30.8 308 00:18:27 2.2 96447 32
16:27:29:481546166 15:27:34 30.8 308 00:18:27 2.2 96447 32
16:27:32:497415205 15:27:34 30.8 308 00:18:28 2.2 96447 32
16:27:35:464800883 15:27:34 30.8 308 00:18:29 2.2 96447 32
16:27:38:474177707 15:27:34 30.8 308 00:18:32 2.2 96447 31
16:27:41:513901866 15:27:34 30.8 308 00:18:32 2.2 96447 32
16:27:44:531570909 15:27:34 30.8 308 00:18:32 2.2 96447 32
16:27:47:549895220 15:27:34 30.8 308 00:18:33 2.2 96447 32
16:27:50:505580008 15:27:34 30.8 308 00:18:36 2.2 96447 32
16:27:53:551037974 15:27:34 30.8 308 00:18:37 2.2 96447 32
16:27:56:548551866 15:27:34 30.8 308 00:18:37 2.2 96447 32
16:27:59:540154556 15:27:34 30.8 308 00:18:38 2.2 96447 32
16:28:02:538565452 15:27:34 30.9 309 00:18:41 2.2 96447 32
16:28:05:552124292 15:27:34 30.9 309 00:18:41 2.2 96447 32
16:28:08:575380876 15:27:34 30.8 308 00:18:42 2.2 96447 32
16:28:11:590609009 15:27:34 30.8 308 00:18:42 2.2 96447 32
16:28:14:559761552 15:27:34 30.9 309 00:18:45 2.2 96447 32
16:28:17:593847764 15:27:34 30.9 309 00:18:46 2.2 96447 32
16:28:20:615059258 15:27:34 30.9 309 00:18:46 2.2 96447 32
16:28:23:599786114 15:27:34 30.9 309 00:18:47 2.2 96447 32
16:28:26:605415696 15:27:34 30.8 308 00:18:47 2.2 96447 32
16:28:29:600700400 15:27:34 30.9 309 00:18:50 2.2 96447 32
16:28:32:640683491 15:27:34 30.9 309 00:18:51 2.2 96447 31
16:28:35:648399586 15:27:34 30.9 309 00:18:51 2.2 96447 31
16:28:38:654460703 15:27:34 30.8 308 00:18:51 2.2 96447 31
16:28:41:634566203 15:27:34 30.8 308 00:18:52 2.2 96447 32
16:28:44:633338597 15:27:34 30.8 308 00:18:52 2.2 96447 32
16:28:47:682582062 15:27:34 30.8 308 00:18:52 2.2 96447 32
16:28:50:677698814 15:27:34 30.8 308 00:18:53 2.2 96447 32
16:28:53:654879551 15:27:34 30.9 309 00:18:56 2.2 96447 32
16:28:56:698066842 15:27:34 30.8 308 00:18:56 2.2 96447 31
16:28:59:712056674 15:27:34 30.8 308 00:18:56 2.2 96447 31
16:29:02:696637303 15:27:34 30.8 308 00:18:57 2.2 96447 31
16:29:05:719764467 15:27:34 30.8 308 00:18:57 2.2 96447 31
16:29:08:733621329 15:27:34 30.8 308 00:18:57 2.2 96447 31
16:29:11:742147614 15:27:34 30.7 307 00:18:57 2.2 96447 31
16:29:14:764235538 15:27:34 30.7 307 00:18:58 2.2 96447 32
16:29:17:754951209 15:27:34 30.7 307 00:18:58 2.2 96447 32
16:29:20:725345621 15:27:34 30.7 307 00:18:59 2.2 96447 32
16:29:23:740452062 15:27:34 30.8 308 00:19:02 2.2 96447 32
16:29:26:772376339 15:27:34 30.7 307 00:19:02 2.2 96447 31
16:29:29:785234703 15:27:34 30.7 307 00:19:02 2.2 96447 31
16:29:32:788387638 15:27:34 30.7 307 00:19:02 2.2 96447 31
16:29:35:797790370 15:27:34 30.7 307 00:19:03 2.2 96447 31
16:29:38:794680157 15:27:34 30.7 307 00:19:03 2.2 96447 31
16:29:41:784760508 15:27:34 30.6 306 00:19:03 2.2 96447 32
16:29:44:810412006 15:27:34 30.6 306 00:19:04 2.2 96447 32
16:29:47:826194919 15:27:34 30.6 306 00:19:04 2.2 96447 32
16:29:50:798086216 15:27:34 30.6 306 00:19:05 2.2 96447 32
16:29:53:801232655 15:27:34 30.7 307 00:19:08 2.2 96447 32
16:29:56:844772710 15:27:34 30.6 306 00:19:08 2.2 96447 31
16:29:59:837838891 15:27:34 30.6 306 00:19:08 2.2 96447 31
16:30:03:015016253 15:27:34 30.6 306 00:19:08 2.2 96447 31
16:30:05:934547885 15:27:34 30.6 306 00:19:08 2.2 96447 31
16:30:08:874690613 15:27:34 30.6 306 00:19:09 2.2 96447 31
16:30:11:879069145 15:27:34 30.5 305 00:19:09 2.2 96447 31
16:30:14:890932349 15:27:34 30.5 305 00:19:09 2.2 96447 32
16:30:17:877446634 15:27:34 30.5 305 00:19:10 2.2 96447 32
16:30:20:859010171 15:27:34 30.5 305 00:19:11 2.2 96447 32
16:30:23:886542243 15:27:34 30.6 306 00:19:14 2.2 96447 32
16:30:26:905295890 15:27:34 30.5 305 00:19:14 2.2 96447 31
16:30:29:918229568 15:27:34 30.5 305 00:19:14 2.2 96447 31
16:30:32:919832281 15:27:34 30.5 305 00:19:14 2.2 96447 31
16:30:35:914451160 15:27:34 30.5 305 00:19:14 2.2 96447 31
16:30:38:933680841 15:27:34 30.5 305 00:19:14 2.2 96447 31
16:30:41:937742343 15:27:34 30.5 305 00:19:15 2.2 96447 32
16:30:44:943151907 15:27:34 30.4 304 00:19:15 2.2 96447 32
16:30:47:953185861 15:27:34 30.4 304 00:19:15 2.2 96447 32
16:30:50:916670062 15:27:34 30.5 305 00:19:18 2.2 96447 32
16:30:53:947068012 15:27:34 30.5 305 00:19:19 2.2 96447 32
16:30:56:997304929 15:27:34 30.5 305 00:19:20 2.2 96447 31
16:30:59:976941245 15:27:34 30.4 304 00:19:20 2.2 96447 31
16:31:02:980622014 15:27:34 30.4 304 00:19:20 2.2 96447 31
16:31:05:996788978 15:27:34 30.4 304 00:19:20 2.2 96447 31
16:31:09:117178301 15:27:34 30.4 304 00:19:20 2.2 96447 31
16:31:11:996127847 15:27:34 30.4 304 00:19:21 2.2 96447 32
16:31:14:981821322 15:27:34 30.4 304 00:19:21 2.2 96447 32
16:31:18:021926781 15:27:34 30.3 303 00:19:21 2.2 96447 32
16:31:20:991846783 15:27:34 30.4 304 00:19:23 2.2 96447 32
16:31:24:022091492 15:27:34 30.4 304 00:19:25 2.2 96447 32
16:31:27:040964561 15:27:34 30.4 304 00:19:25 2.2 96447 31
16:31:30:026661413 15:27:34 30.4 304 00:19:26 2.2 96447 31
16:31:33:053288000 15:27:34 30.3 303 00:19:26 2.2 96447 31
16:31:36:063592460 15:27:34 30.3 303 00:19:26 2.2 96447 31
16:31:39:065784516 15:27:34 30.3 303 00:19:26 2.2 96447 31
16:31:42:146706930 15:27:34 30.3 303 00:19:26 2.2 96447 31
16:31:45:083624863 15:27:34 30.3 303 00:19:26 2.2 96447 31
16:31:48:062792091 15:27:34 30.2 302 00:19:27 2.2 96447 31
16:31:51:091007919 15:27:34 30.2 302 00:19:27 2.2 96447 31
16:31:54:101438073 15:27:34 30.2 302 00:19:27 2.2 96447 31
16:31:57:106462782 15:27:34 30.2 302 00:19:27 2.2 96447 31
16:32:00:115227400 15:27:34 30.2 302 00:19:27 2.2 96447 31
16:32:03:094956561 15:27:34 30.1 301 00:19:27 2.2 96447 31
16:32:06:129393607 15:27:34 30.1 301 00:19:28 2.2 96447 31
16:32:09:136189055 15:27:34 30.1 301 00:19:28 2.2 96447 31
16:32:12:141732826 15:27:34 30.1 301 00:19:28 2.2 96447 31
16:32:15:144421750 15:27:34 30.1 301 00:19:28 2.2 96447 31
16:32:18:152694157 15:27:34 30.1 301 00:19:28 2.2 96447 31
16:32:21:163573452 15:27:34 30.0 300 00:19:29 2.2 96447 31
16:32:24:160479739 15:27:34 30.0 300 00:19:29 2.2 96447 31
16:32:27:177993047 15:27:34 30.0 300 00:19:29 2.2 96447 31
16:32:30:182299523 15:27:34 30.0 300 00:19:29 2.2 96447 31
16:32:33:192811217 15:27:34 30.0 300 00:19:29 2.2 96447 31
16:32:36:193803926 15:27:34 29.9 299 00:19:29 2.2 96447 31
16:32:39:201223066 15:27:34 29.9 299 00:19:30 2.2 96447 31
16:32:42:212599446 15:27:34 29.9 299 00:19:30 2.2 96447 31
16:32:45:213247189 15:27:34 29.9 299 00:19:30 2.2 96447 31
16:32:48:232387822 15:27:34 29.9 299 00:19:30 2.2 96447 31
16:32:51:235511728 15:27:34 29.9 299 00:19:30 2.2 96447 31
16:32:54:244060648 15:27:34 29.8 298 00:19:31 2.2 96447 31
16:32:57:250914485 15:27:34 29.8 298 00:19:31 2.2 96447 31
16:33:00:256462715 15:27:34 29.8 298 00:19:31 2.2 96447 31
16:33:03:245284259 15:27:34 29.8 298 00:19:31 2.2 96447 31
16:33:06:263740668 15:27:34 29.8 298 00:19:31 2.2 96447 31
16:33:09:276579764 15:27:34 29.7 297 00:19:32 2.2 96447 31
16:33:12:286535537 15:27:34 29.7 297 00:19:32 2.2 96447 31
16:33:15:267438833 15:27:34 29.7 297 00:19:32 2.2 96447 31
16:33:18:303434623 15:27:34 29.7 297 00:19:32 2.2 96447 31
16:33:21:306062084 15:27:34 29.7 297 00:19:32 2.2 96447 31
16:33:24:318811162 15:27:34 29.7 297 00:19:32 2.2 96447 31
16:33:27:324795604 15:27:34 29.6 296 00:19:33 2.2 96447 31
16:33:30:333159022 15:27:34 29.6 296 00:19:33 2.2 96447 31
16:33:33:347730232 15:27:34 29.6 296 00:19:33 2.2 96447 31
16:33:36:347042481 15:27:34 29.6 296 00:19:33 2.2 96447 31
16:33:39:330244647 15:27:34 29.6 296 00:19:34 2.2 96447 31
16:33:42:372201345 15:27:34 29.5 295 00:19:34 2.2 96447 31
16:33:45:381481947 15:27:34 29.5 295 00:19:34 2.2 96447 31
16:33:48:378880950 15:27:34 29.5 295 00:19:34 2.2 96447 31
16:33:51:383468128 15:27:34 29.5 295 00:19:34 2.2 96447 31
16:33:54:402161284 15:27:34 29.5 295 00:19:34 2.2 96447 31
16:33:57:398859215 15:27:34 29.5 295 00:19:34 2.2 96447 31
16:34:00:416419698 15:27:34 29.4 294 00:19:35 2.2 96447 31
16:34:03:426519641 15:27:34 29.4 294 00:19:35 2.2 96447 31
16:34:06:432023577 15:27:34 29.4 294 00:19:35 2.2 96447 31
16:34:09:438143196 15:27:34 29.4 294 00:19:35 2.2 96447 31
16:34:12:441567712 15:27:34 29.4 294 00:19:35 2.2 96447 31
16:34:15:458940918 15:27:34 29.3 293 00:19:35 2.2 96447 31
16:34:18:467421580 15:27:34 29.3 293 00:19:36 2.2 96447 31
16:34:21:464535533 15:27:34 29.3 293 00:19:36 2.2 96447 31
16:34:24:477722535 15:27:34 29.3 293 00:19:36 2.2 96447 31
16:34:27:483785951 15:27:34 29.3 293 00:19:36 2.2 96447 31
16:34:30:489409517 15:27:34 29.3 293 00:19:36 2.2 96447 31
16:34:33:495236775 15:27:34 29.2 292 00:19:37 2.2 96447 31
16:34:36:505603126 15:27:34 29.2 292 00:19:37 2.2 96447 31
16:34:39:506886126 15:27:34 29.2 292 00:19:37 2.2 96447 31
16:34:42:518405154 15:27:34 29.2 292 00:19:37 2.2 96447 31
16:34:45:529014519 15:27:34 29.2 292 00:19:37 2.2 96447 31
16:34:48:528162404 15:27:34 29.2 292 00:19:38 2.2 96447 31
16:34:51:533010254 15:27:34 29.1 291 00:19:38 2.2 96447 31
16:34:54:539115155 15:27:34 29.1 291 00:19:38 2.2 96447 31
16:34:57:548921787 15:27:34 29.1 291 00:19:38 2.2 96447 31
16:35:00:561165908 15:27:34 29.1 291 00:19:38 2.2 96447 31
16:35:03:570750468 15:27:34 29.1 291 00:19:39 2.2 96447 31
16:35:06:577786401 15:27:34 29.1 291 00:19:39 2.2 96447 31
16:35:09:585781560 15:27:34 29.0 290 00:19:39 2.2 96447 31
16:35:12:578750868 15:27:34 29.0 290 00:19:39 2.2 96447 31
16:35:15:592726557 15:27:34 29.0 290 00:19:39 2.2 96447 31
16:35:18:610349787 15:27:34 29.0 290 00:19:40 2.2 96447 31
16:35:21:633039103 15:27:34 29.0 290 00:19:40 2.2 96447 31
16:35:24:625335153 15:27:34 29.0 290 00:19:40 2.2 96447 31
16:35:27:623685153 15:27:34 28.9 289 00:19:40 2.2 96447 31
16:35:30:634798994 15:27:34 28.9 289 00:19:40 2.2 96447 31
16:35:33:641613891 15:27:34 28.9 289 00:19:41 2.2 96447 31
16:35:36:642308598 15:27:34 28.9 289 00:19:41 2.2 96447 31
16:35:39:649791124 15:27:34 28.9 289 00:19:41 2.2 96447 31
16:35:42:654342573 15:27:34 28.9 289 00:19:41 2.2 96447 31
16:35:45:666960572 15:27:34 28.8 288 00:19:41 2.2 96447 31
16:35:48:686886001 15:27:34 28.8 288 00:19:41 2.2 96447 31
16:35:51:676990489 15:27:34 28.8 288 00:19:42 2.2 96447 31
16:35:54:681191801 15:27:34 28.8 288 00:19:42 2.2 96447 31
16:35:57:690378677 15:27:34 28.8 288 00:19:42 2.2 96447 31
16:36:00:702427262 15:27:34 28.8 288 00:19:42 2.2 96447 31
16:36:03:705925277 15:27:34 28.7 287 00:19:42 2.2 96447 31
16:36:06:692403565 15:27:34 28.7 287 00:19:43 2.2 96447 31
16:36:09:729011238 15:27:34 28.7 287 00:19:43 2.2 96447 31
16:36:12:734098769 15:27:34 28.7 287 00:19:43 2.2 96447 31
16:36:15:738000283 15:27:34 28.7 287 00:19:43 2.2 96447 31
16:36:18:747548673 15:27:34 28.7 287 00:19:43 2.2 96447 31
16:36:21:758913009 15:27:34 28.6 286 00:19:43 2.2 96447 31
16:36:24:759866345 15:27:34 28.6 286 00:19:43 2.2 96447 31
16:36:27:776389203 15:27:34 28.6 286 00:19:44 2.2 96447 31
16:36:30:756313511 15:27:34 28.6 286 00:19:44 2.2 96447 31
16:36:33:797191837 15:27:34 28.6 286 00:19:44 2.2 96447 31
16:36:36:796476635 15:27:34 28.6 286 00:19:44 2.2 96447 31
16:36:39:808792946 15:27:34 28.5 285 00:19:44 2.2 96447 31
16:36:42:802978048 15:27:34 28.5 285 00:19:45 2.2 96447 29
16:36:45:816175633 15:27:34 28.5 285 00:19:45 2.2 94398 27
16:36:48:822763989 15:27:34 28.5 285 00:19:45 2.2 94398 27
16:36:51:849743035 15:27:34 28.5 285 00:19:45 2.2 94398 27
16:36:54:908541946 15:27:34 28.5 285 00:19:45 2.2 94398 27
16:36:57:850160426 15:27:34 28.4 284 00:19:45 2.2 94398 27
16:37:00:861498100 15:27:34 28.4 284 00:19:46 2.0 87623 25
16:37:03:869685125 15:27:34 28.4 284 00:19:46 2.0 87623 24
16:37:06:881080124 15:27:34 28.4 284 00:19:46 2.0 87623 24
16:37:09:889855610 15:27:34 28.4 284 00:19:46 2.0 87623 24
16:37:12:905654661 15:27:34 28.3 283 00:19:46 2.0 87623 24
16:37:15:909419476 15:27:34 28.3 283 00:19:46 2.0 87623 24
16:37:18:921832521 15:27:34 28.3 283 00:19:46 2.0 87623 24
16:37:21:928722721 15:27:34 28.3 283 00:19:46 2.0 87623 24
16:37:24:938566035 15:27:34 28.3 283 00:19:46 2.0 87623 24
16:37:27:943819308 15:27:34 28.2 282 00:19:46 2.0 87623 24
16:37:30:961490564 15:27:34 28.2 282 00:19:46 2.0 87623 24
16:37:33:961105424 15:27:34 28.2 282 00:19:46 2.0 87623 24
16:37:36:971133326 15:27:34 28.2 282 00:19:46 2.0 87623 24
16:37:39:980960989 15:27:34 28.2 282 00:19:46 2.0 87623 24
16:37:42:990900307 15:27:34 28.1 281 00:19:46 2.0 87623 24
16:37:45:999932019 15:27:34 28.1 281 00:19:46 2.0 87623 24
16:37:49:007012547 15:27:34 28.1 281 00:19:46 2.0 87623 24
16:37:52:006507310 15:27:34 28.1 281 00:19:46 2.0 87623 24
16:37:55:021625539 15:27:34 28.1 281 00:19:46 2.0 87623 24
16:37:58:034369340 15:27:34 28.0 280 00:19:46 2.0 87623 24
16:38:01:043815995 15:27:34 28.0 280 00:19:46 2.0 87623 24
16:38:04:052258228 15:27:34 28.0 280 00:19:46 2.0 87623 24
16:38:07:042190757 15:27:34 28.0 280 00:19:46 2.0 87623 24
16:38:10:067719216 15:27:34 28.0 280 00:19:46 2.0 87623 24
16:38:13:075844489 15:27:34 27.9 279 00:19:46 2.0 87623 24
16:38:16:086260268 15:27:34 27.9 279 00:19:46 2.0 87623 24
16:38:19:089083035 15:27:34 27.9 279 00:19:46 2.0 87623 24
16:38:22:101197686 15:27:34 27.9 279 00:19:46 2.0 87623 24
