18:31:19 1000 60 0.00 0.00 0.00 0.00 0.00 1 0.02 0.00 61160 16136 0.40 0.00 0.00 0.00 0 1 6 smartDeviceLinkCore
18:31:22 1000 60 0.00 0.00 0.00 0.00 0.00 0 0.18 0.00 332516 81560 2.04 0.00 0.07 0.00 64 26 25 smartDeviceLinkCore
18:31:25 1000 60 0.00 0.00 0.00 0.00 0.00 0 0.18 0.00 332516 81560 2.04 0.00 0.07 0.00 64 26 25 smartDeviceLinkCore
18:31:28 1000 60 0.01 0.00 0.00 0.00 0.01 0 0.20 0.00 398084 82768 2.07 0.00 0.17 0.00 64 34 30 smartDeviceLinkCore
18:31:31 1000 60 0.01 0.00 0.00 0.00 0.01 0 0.20 0.00 430868 82768 2.07 0.00 0.30 0.00 64 38 30 smartDeviceLinkCore
18:31:34 1000 60 0.01 0.00 0.00 0.00 0.01 0 0.23 0.00 439064 83520 2.09 0.00 0.36 0.00 64 39 29 smartDeviceLinkCore
18:31:37 1000 60 0.01 0.00 0.00 0.00 0.01 0 0.23 0.00 447260 83520 2.09 0.00 0.36 0.00 64 40 29 smartDeviceLinkCore
18:31:40 1000 60 0.01 0.00 0.00 0.00 0.01 0 0.24 0.00 455456 83992 2.10 0.00 0.36 0.00 64 40 29 smartDeviceLinkCore
18:31:43 1000 60 0.01 0.00 0.00 0.00 0.01 0 0.27 0.00 455456 84084 2.10 0.00 0.47 0.00 64 41 30 smartDeviceLinkCore
18:31:46 1000 60 0.01 0.00 0.00 0.00 0.02 0 0.28 0.00 463652 84092 2.10 0.00 0.58 0.00 64 42 30 smartDeviceLinkCore
18:31:49 1000 60 0.01 0.00 0.00 0.00 0.02 0 0.28 0.00 471848 84092 2.10 0.00 0.58 0.00 64 43 29 smartDeviceLinkCore
18:31:52 1000 60 0.01 0.00 0.00 0.00 0.02 0 0.30 0.00 480044 84124 2.10 0.00 0.62 0.00 64 44 30 smartDeviceLinkCore
18:31:55 1000 60 0.01 0.00 0.00 0.00 0.02 0 0.30 0.00 488240 84124 2.10 0.00 0.67 0.00 64 43 29 smartDeviceLinkCore
18:31:58 1000 60 0.02 0.00 0.00 0.00 0.02 0 0.31 0.00 488240 84152 2.10 0.00 0.79 0.00 64 45 30 smartDeviceLinkCore
18:32:01 1000 60 0.02 0.00 0.00 0.00 0.02 0 0.31 0.00 496436 84152 2.10 0.00 0.93 0.00 64 46 29 smartDeviceLinkCore
18:32:04 1000 60 0.02 0.00 0.00 0.00 0.02 0 0.34 0.00 504632 84192 2.10 0.00 1.01 0.00 64 47 29 smartDeviceLinkCore
18:32:07 1000 60 0.02 0.00 0.00 0.00 0.02 0 0.34 0.00 512828 84244 2.11 0.00 1.01 0.00 64 48 29 smartDeviceLinkCore
18:32:10 1000 60 0.02 0.00 0.00 0.00 0.02 0 0.34 0.00 521024 84244 2.11 0.00 1.01 0.00 64 48 29 smartDeviceLinkCore
18:32:13 1000 60 0.02 0.01 0.00 0.00 0.03 0 0.39 0.00 521024 84316 2.11 0.00 1.11 0.00 64 49 30 smartDeviceLinkCore
18:32:16 1000 60 0.02 0.01 0.00 0.00 0.03 0 0.39 0.00 529220 84316 2.11 0.00 1.22 0.00 64 50 30 smartDeviceLinkCore
18:32:19 1000 60 0.03 0.01 0.00 0.00 0.03 0 0.39 0.00 537416 84316 2.11 0.00 1.23 0.00 64 51 29 smartDeviceLinkCore
18:32:22 1000 60 0.03 0.01 0.00 0.00 0.03 0 0.39 0.00 553808 84316 2.11 0.00 1.23 0.00 64 53 29 smartDeviceLinkCore
18:32:25 1000 60 0.03 0.01 0.00 0.00 0.03 0 0.42 0.00 553808 84316 2.11 0.00 1.31 0.00 64 50 29 smartDeviceLinkCore
18:32:28 1000 60 0.03 0.01 0.00 0.00 0.04 0 0.43 0.00 553808 84320 2.11 0.00 1.44 0.00 64 53 29 smartDeviceLinkCore
18:32:31 1000 60 0.03 0.01 0.00 0.00 0.04 0 0.43 0.00 562004 84320 2.11 0.00 1.53 0.00 64 54 29 smartDeviceLinkCore
18:32:34 1000 60 0.03 0.01 0.00 0.00 0.04 0 0.45 0.00 578396 84324 2.11 0.00 1.61 0.00 64 56 29 smartDeviceLinkCore
18:32:37 1000 60 0.03 0.01 0.00 0.00 0.04 0 0.45 0.00 586592 84324 2.11 0.00 1.61 0.00 64 57 29 smartDeviceLinkCore
18:32:40 1000 60 0.03 0.01 0.00 0.00 0.04 0 0.46 0.00 578396 84856 2.12 0.00 1.63 0.00 64 52 30 smartDeviceLinkCore
18:32:43 1000 60 0.04 0.01 0.00 0.00 0.04 0 0.49 0.00 586592 84932 2.12 0.00 1.82 0.00 64 57 30 smartDeviceLinkCore
18:32:46 1000 60 0.04 0.01 0.00 0.00 0.05 0 0.49 0.00 602984 84932 2.12 0.00 1.96 0.00 64 59 29 smartDeviceLinkCore
18:32:49 1000 60 0.04 0.01 0.00 0.00 0.05 0 0.50 0.00 611180 84932 2.12 0.00 1.96 0.00 64 60 29 smartDeviceLinkCore
18:32:52 1000 60 0.04 0.01 0.00 0.00 0.05 0 0.50 0.00 619376 84932 2.12 0.00 1.96 0.00 64 61 29 smartDeviceLinkCore
18:32:55 1000 60 0.04 0.01 0.00 0.00 0.05 0 0.54 0.00 619376 84940 2.12 0.00 2.10 0.00 64 61 30 smartDeviceLinkCore
18:32:58 1000 60 0.04 0.01 0.00 0.00 0.05 0 0.54 0.00 627572 84940 2.12 0.00 2.22 0.00 64 62 29 smartDeviceLinkCore
18:33:01 1000 60 0.04 0.01 0.00 0.00 0.05 0 0.54 0.00 635768 84940 2.12 0.00 2.22 0.00 64 63 29 smartDeviceLinkCore
18:33:04 1000 60 0.04 0.01 0.00 0.00 0.05 0 0.57 0.00 652160 85000 2.13 0.00 2.29 0.00 64 65 30 smartDeviceLinkCore
18:33:07 1000 60 0.04 0.01 0.00 0.00 0.05 0 0.57 0.00 652160 85000 2.13 0.00 2.30 0.00 64 62 29 smartDeviceLinkCore
18:33:10 1000 60 0.05 0.01 0.00 0.00 0.06 0 0.58 0.00 652160 85004 2.13 0.00 2.45 0.00 64 65 30 smartDeviceLinkCore
18:33:13 1000 60 0.05 0.01 0.00 0.00 0.06 0 0.58 0.00 660356 85004 2.13 0.00 2.56 0.00 64 66 29 smartDeviceLinkCore
18:33:16 1000 60 0.05 0.01 0.00 0.00 0.06 0 0.61 0.00 668552 85008 2.13 0.00 2.64 0.00 64 67 29 smartDeviceLinkCore
18:33:19 1000 60 0.05 0.01 0.00 0.00 0.06 0 0.61 0.00 684944 85008 2.13 0.00 2.64 0.00 64 69 29 smartDeviceLinkCore
18:33:22 1000 60 0.05 0.01 0.00 0.00 0.06 0 0.61 0.00 684944 85008 2.13 0.00 2.64 0.00 64 66 29 smartDeviceLinkCore
18:33:25 1000 60 0.05 0.01 0.00 0.00 0.06 0 0.65 0.00 684944 85016 2.13 0.00 2.82 0.00 64 69 29 smartDeviceLinkCore
18:33:28 1000 60 0.05 0.01 0.00 0.00 0.07 0 0.65 0.00 693140 85056 2.13 0.00 2.90 0.00 64 70 29 smartDeviceLinkCore
18:33:31 1000 60 0.05 0.01 0.00 0.00 0.07 0 0.65 0.00 709532 85056 2.13 0.00 2.90 0.00 64 72 29 smartDeviceLinkCore
18:33:34 1000 60 0.05 0.01 0.00 0.00 0.07 0 0.67 0.00 717728 85056 2.13 0.00 2.94 0.00 64 73 30 smartDeviceLinkCore
18:33:37 1000 60 0.06 0.01 0.00 0.00 0.07 0 0.69 0.00 717728 85056 2.13 0.00 3.07 0.00 64 73 30 smartDeviceLinkCore
18:33:40 1000 60 0.06 0.01 0.00 0.00 0.07 0 0.69 0.00 725924 85056 2.13 0.00 3.20 0.00 64 74 31 smartDeviceLinkCore
18:33:43 1000 60 0.06 0.01 0.00 0.00 0.07 0 0.69 0.00 734120 85056 2.13 0.00 3.20 0.00 64 75 29 smartDeviceLinkCore
18:33:46 1000 60 0.06 0.01 0.00 0.00 0.07 0 0.72 0.00 750512 85056 2.13 0.00 3.29 0.00 64 77 29 smartDeviceLinkCore
18:33:49 1000 60 0.06 0.01 0.00 0.00 0.07 0 0.72 0.00 750512 85056 2.13 0.00 3.29 0.00 64 74 29 smartDeviceLinkCore
18:33:52 1000 60 0.06 0.01 0.00 0.00 0.08 0 0.73 0.00 750512 85064 2.13 0.00 3.41 0.00 64 77 29 smartDeviceLinkCore
18:33:55 1000 60 0.07 0.01 0.00 0.00 0.08 0 0.76 0.00 758708 85080 2.13 0.00 3.54 0.00 64 78 30 smartDeviceLinkCore
18:33:58 1000 60 0.07 0.01 0.00 0.00 0.08 0 0.76 0.00 775100 85164 2.13 0.00 3.59 0.00 64 80 29 smartDeviceLinkCore
18:34:01 1000 60 0.07 0.01 0.00 0.00 0.08 0 0.76 0.00 783296 85164 2.13 0.00 3.58 0.00 64 81 29 smartDeviceLinkCore
18:34:04 1000 60 0.07 0.01 0.00 0.00 0.08 0 0.77 0.00 775100 85168 2.13 0.00 3.60 0.00 64 76 30 smartDeviceLinkCore
18:34:07 1000 60 0.07 0.02 0.00 0.00 0.09 0 0.81 0.00 783296 85240 2.13 0.00 3.76 0.00 64 81 29 smartDeviceLinkCore
18:34:10 1000 60 0.07 0.02 0.00 0.00 0.09 0 0.81 0.00 799688 85240 2.13 0.00 3.84 0.00 64 83 29 smartDeviceLinkCore
18:34:13 1000 60 0.07 0.02 0.00 0.00 0.09 0 0.81 0.00 807884 85240 2.13 0.00 3.84 0.00 64 84 29 smartDeviceLinkCore
18:34:16 1000 60 0.07 0.02 0.00 0.00 0.09 0 0.84 0.00 816080 85240 2.13 0.00 3.92 0.00 64 85 30 smartDeviceLinkCore
18:34:19 1000 60 0.08 0.02 0.00 0.00 0.09 0 0.86 0.00 807884 85244 2.13 0.00 3.97 0.00 64 83 30 smartDeviceLinkCore
18:34:22 1000 60 0.08 0.02 0.00 0.00 0.09 0 0.86 0.00 824276 85244 2.13 0.00 4.09 0.00 64 86 31 smartDeviceLinkCore
18:34:25 1000 60 0.08 0.02 0.00 0.00 0.09 0 0.88 0.00 832472 85316 2.13 0.00 4.16 0.00 64 87 30 smartDeviceLinkCore
18:34:28 1000 60 0.08 0.02 0.00 0.00 0.10 0 0.89 0.00 840668 85316 2.13 0.00 4.22 0.00 64 88 29 smartDeviceLinkCore
18:34:31 1000 60 0.08 0.02 0.00 0.00 0.10 0 0.89 0.00 848864 85316 2.13 0.00 4.22 0.00 64 89 29 smartDeviceLinkCore
18:34:34 1000 60 0.08 0.02 0.00 0.00 0.10 0 0.90 0.00 848864 85320 2.13 0.00 4.34 0.00 64 89 30 smartDeviceLinkCore
18:34:37 1000 60 0.08 0.02 0.00 0.00 0.10 0 0.93 0.00 857060 85324 2.13 0.00 4.44 0.00 64 90 29 smartDeviceLinkCore
18:34:40 1000 60 0.08 0.02 0.00 0.00 0.10 0 0.93 0.00 865256 85324 2.13 0.00 4.52 0.00 64 91 29 smartDeviceLinkCore
18:34:43 1000 60 0.08 0.02 0.00 0.00 0.10 0 0.93 0.00 881648 85324 2.13 0.00 4.52 0.00 64 93 29 smartDeviceLinkCore
18:34:46 1000 60 0.09 0.02 0.00 0.00 0.10 0 0.97 0.00 881648 85324 2.13 0.00 4.60 0.00 64 90 30 smartDeviceLinkCore
18:34:49 1000 60 0.09 0.02 0.00 0.00 0.11 0 0.98 0.00 881648 85380 2.13 0.00 4.78 0.00 64 93 30 smartDeviceLinkCore
18:34:52 1000 60 0.09 0.02 0.00 0.00 0.11 0 0.98 0.00 889844 85380 2.13 0.00 4.86 0.00 64 94 29 smartDeviceLinkCore
18:34:55 1000 60 0.09 0.02 0.00 0.00 0.11 0 0.98 0.00 906236 85380 2.13 0.00 4.86 0.00 64 96 29 smartDeviceLinkCore
18:34:58 1000 60 0.09 0.02 0.00 0.00 0.11 0 1.01 0.00 914432 85388 2.13 0.00 4.95 0.00 64 97 29 smartDeviceLinkCore
18:35:01 1000 60 0.09 0.02 0.00 0.00 0.11 0 1.01 0.00 906236 85392 2.13 0.00 4.96 0.00 64 92 30 smartDeviceLinkCore
18:35:04 1000 60 0.09 0.02 0.00 0.00 0.12 0 1.02 0.00 914432 85392 2.13 0.00 5.07 0.00 64 97 29 smartDeviceLinkCore
18:35:07 1000 60 0.10 0.02 0.00 0.00 0.12 0 1.05 0.00 930824 85392 2.13 0.00 5.25 0.00 64 99 29 smartDeviceLinkCore
18:35:10 1000 60 0.10 0.02 0.00 0.00 0.12 0 1.05 0.00 939020 85392 2.13 0.00 5.25 0.00 64 100 29 smartDeviceLinkCore
18:35:14 1000 60 0.10 0.02 0.00 0.00 0.12 0 1.05 0.00 947216 85392 2.13 0.00 5.24 0.00 64 101 29 smartDeviceLinkCore
18:35:17 1000 60 0.10 0.02 0.00 0.00 0.12 0 1.06 0.00 939020 85396 2.14 0.00 5.28 0.00 64 99 30 smartDeviceLinkCore
18:35:20 1000 60 0.10 0.02 0.00 0.00 0.12 0 1.11 0.00 955412 85468 2.14 0.00 5.42 0.00 64 102 30 smartDeviceLinkCore
18:35:23 1000 60 0.10 0.02 0.00 0.00 0.12 0 1.11 0.00 963608 85468 2.14 0.00 5.46 0.00 64 103 29 smartDeviceLinkCore
18:35:26 1000 60 0.10 0.02 0.00 0.00 0.12 0 1.11 0.00 971804 85468 2.14 0.00 5.46 0.00 64 104 29 smartDeviceLinkCore
18:35:29 1000 60 0.10 0.02 0.00 0.00 0.13 0 1.14 0.00 980000 85472 2.14 0.00 5.54 0.00 64 104 29 smartDeviceLinkCore
18:35:32 1000 60 0.11 0.02 0.00 0.00 0.13 0 1.15 0.00 980000 85476 2.14 0.00 5.67 0.00 64 105 29 smartDeviceLinkCore
18:35:35 1000 60 0.11 0.02 0.00 0.00 0.13 0 1.15 0.00 988196 85476 2.14 0.00 5.75 0.00 64 106 29 smartDeviceLinkCore
18:35:38 1000 60 0.11 0.02 0.00 0.00 0.13 0 1.18 0.00 996392 85480 2.14 0.00 5.81 0.00 64 107 30 smartDeviceLinkCore
18:35:41 1000 60 0.11 0.02 0.00 0.00 0.13 0 1.18 0.00 1012784 85480 2.14 0.00 5.84 0.00 64 109 29 smartDeviceLinkCore
18:35:44 1000 60 0.11 0.02 0.00 0.00 0.13 0 1.19 0.00 1012784 85480 2.14 0.00 5.84 0.00 64 106 29 smartDeviceLinkCore
18:35:47 1000 60 0.11 0.02 0.00 0.00 0.14 0 1.19 0.00 1012784 85484 2.14 0.00 6.00 0.00 64 109 30 smartDeviceLinkCore
18:35:50 1000 60 0.11 0.02 0.00 0.00 0.14 0 1.23 0.00 1020980 85548 2.14 0.00 6.13 0.00 64 110 30 smartDeviceLinkCore
18:35:53 1000 60 0.11 0.02 0.00 0.00 0.14 0 1.23 0.00 1037372 85548 2.14 0.00 6.18 0.00 64 112 29 smartDeviceLinkCore
18:35:56 1000 60 0.11 0.02 0.00 0.00 0.14 0 1.23 0.00 1045568 85548 2.14 0.00 6.18 0.00 64 113 29 smartDeviceLinkCore
18:35:59 1000 60 0.12 0.03 0.00 0.00 0.14 0 1.27 0.00 1037372 85556 2.14 0.00 6.29 0.00 64 110 30 smartDeviceLinkCore
18:36:02 1000 60 0.12 0.03 0.00 0.00 0.14 0 1.28 0.00 1053764 85556 2.14 0.00 6.39 0.00 64 114 30 smartDeviceLinkCore
18:36:05 1000 60 0.12 0.03 0.00 0.00 0.15 0 1.28 0.00 1061960 85556 2.14 0.00 6.43 0.00 64 115 29 smartDeviceLinkCore
18:36:08 1000 60 0.12 0.03 0.00 0.00 0.15 0 1.28 0.00 1070156 85556 2.14 0.00 6.43 0.00 64 116 29 smartDeviceLinkCore
18:36:11 1000 60 0.12 0.03 0.00 0.00 0.15 0 1.31 0.00 1078352 85768 2.14 0.00 6.51 0.00 64 116 29 smartDeviceLinkCore
18:36:14 1000 60 0.12 0.03 0.00 0.00 0.15 0 1.32 0.00 1078352 85840 2.15 0.00 6.63 0.00 64 117 30 smartDeviceLinkCore
18:36:17 1000 60 0.13 0.03 0.00 0.00 0.15 0 1.32 0.00 1086548 85840 2.15 0.00 6.73 0.00 64 118 29 smartDeviceLinkCore
18:36:20 1000 60 0.13 0.03 0.00 0.00 0.15 0 1.36 0.00 1094744 85840 2.15 0.00 6.81 0.00 64 119 29 smartDeviceLinkCore
18:36:23 1000 60 0.13 0.03 0.00 0.00 0.15 0 1.36 0.00 1111136 85840 2.15 0.00 6.81 0.00 64 121 29 smartDeviceLinkCore
18:36:26 1000 60 0.13 0.03 0.00 0.00 0.15 0 1.36 0.00 1111136 85840 2.15 0.00 6.81 0.00 64 118 29 smartDeviceLinkCore
18:36:29 1000 60 0.13 0.03 0.00 0.00 0.16 0 1.40 0.00 1111136 85844 2.15 0.00 6.97 0.00 64 121 30 smartDeviceLinkCore
18:36:32 1000 60 0.13 0.03 0.00 0.00 0.16 0 1.40 0.00 1119332 85860 2.15 0.00 7.10 0.00 64 122 29 smartDeviceLinkCore
18:36:35 1000 60 0.13 0.03 0.00 0.00 0.16 0 1.40 0.00 1135724 85860 2.15 0.00 7.10 0.00 64 124 29 smartDeviceLinkCore
18:36:38 1000 60 0.13 0.03 0.00 0.00 0.16 0 1.40 0.00 1143920 85860 2.15 0.00 7.10 0.00 64 125 29 smartDeviceLinkCore
18:36:41 1000 60 0.13 0.03 0.00 0.00 0.16 0 1.45 0.00 1135724 85928 2.15 0.00 7.25 0.00 64 122 30 smartDeviceLinkCore
18:36:44 1000 60 0.14 0.03 0.00 0.00 0.17 0 1.45 0.00 1152116 85932 2.15 0.00 7.40 0.00 64 126 30 smartDeviceLinkCore
18:36:47 1000 60 0.14 0.03 0.00 0.00 0.17 0 1.45 0.00 1160312 85932 2.15 0.00 7.44 0.00 64 127 29 smartDeviceLinkCore
18:36:50 1000 60 0.14 0.03 0.00 0.00 0.17 0 1.48 0.00 1168508 85932 2.15 0.00 7.50 0.00 64 128 30 smartDeviceLinkCore
18:36:53 1000 60 0.14 0.03 0.00 0.00 0.17 0 1.49 0.00 1176704 85940 2.15 0.00 7.52 0.00 64 129 29 smartDeviceLinkCore
18:36:56 1000 60 0.14 0.03 0.00 0.00 0.17 0 1.50 0.00 1176704 85944 2.15 0.00 7.61 0.00 64 129 30 smartDeviceLinkCore
18:36:59 1000 60 0.14 0.03 0.00 0.00 0.18 0 1.50 0.00 1184900 85944 2.15 0.00 7.74 0.00 64 130 29 smartDeviceLinkCore
18:37:02 1000 60 0.14 0.03 0.00 0.00 0.18 0 1.53 0.00 1193096 85944 2.15 0.00 7.82 0.00 64 131 29 smartDeviceLinkCore
18:37:05 1000 60 0.14 0.03 0.00 0.00 0.18 0 1.53 0.00 1209488 85944 2.15 0.00 7.82 0.00 64 133 29 smartDeviceLinkCore
18:37:08 1000 60 0.14 0.03 0.00 0.00 0.18 0 1.54 0.00 1209488 85944 2.15 0.00 7.82 0.00 64 130 29 smartDeviceLinkCore
18:37:11 1000 60 0.15 0.03 0.00 0.00 0.18 0 1.59 0.00 1209488 86012 2.15 0.00 7.99 0.00 64 133 29 smartDeviceLinkCore
18:37:14 1000 60 0.15 0.03 0.00 0.00 0.18 0 1.59 0.00 1217684 86012 2.15 0.00 8.07 0.00 64 134 29 smartDeviceLinkCore
18:37:17 1000 60 0.15 0.03 0.00 0.00 0.18 0 1.59 0.00 1234076 86012 2.15 0.00 8.07 0.00 64 136 29 smartDeviceLinkCore
18:37:20 1000 60 0.15 0.03 0.00 0.00 0.18 0 1.62 0.00 1242272 86012 2.15 0.00 8.10 0.00 64 137 30 smartDeviceLinkCore
18:37:23 1000 60 0.15 0.03 0.00 0.00 0.18 0 1.63 0.00 1242272 86012 2.15 0.00 8.15 0.00 64 133 29 smartDeviceLinkCore
18:37:26 1000 60 0.15 0.03 0.00 0.00 0.19 0 1.64 0.00 1242272 86016 2.15 0.00 8.32 0.00 64 137 29 smartDeviceLinkCore
18:37:29 1000 60 0.15 0.04 0.00 0.00 0.19 0 1.64 0.00 1250468 86016 2.15 0.00 8.41 0.00 64 138 29 smartDeviceLinkCore
18:37:32 1000 60 0.16 0.04 0.00 0.00 0.19 0 1.67 0.00 1266860 86072 2.15 0.00 8.49 0.00 64 140 29 smartDeviceLinkCore
18:37:35 1000 60 0.16 0.04 0.00 0.00 0.19 0 1.67 0.00 1275056 86072 2.15 0.00 8.49 0.00 64 141 29 smartDeviceLinkCore
18:37:38 1000 60 0.16 0.04 0.00 0.00 0.19 0 1.68 0.00 1266860 86080 2.15 0.00 8.52 0.00 64 136 30 smartDeviceLinkCore
18:37:41 1000 60 0.16 0.04 0.00 0.00 0.20 0 1.72 0.00 1275056 86084 2.15 0.00 8.74 0.00 64 141 30 smartDeviceLinkCore
18:37:44 1000 60 0.16 0.04 0.00 0.00 0.20 0 1.72 0.00 1283252 86088 2.15 0.00 8.83 0.00 64 142 29 smartDeviceLinkCore
18:37:47 1000 60 0.16 0.04 0.00 0.00 0.20 0 1.72 0.00 1299644 86088 2.15 0.00 8.83 0.00 64 144 29 smartDeviceLinkCore
18:37:50 1000 60 0.16 0.04 0.00 0.00 0.20 0 1.72 0.00 1307840 86088 2.15 0.00 8.82 0.00 64 145 29 smartDeviceLinkCore
18:37:53 1000 60 0.16 0.04 0.00 0.00 0.20 0 1.77 0.00 1299644 86100 2.15 0.00 8.95 0.00 64 142 31 smartDeviceLinkCore
18:37:56 1000 60 0.17 0.04 0.00 0.00 0.21 0 1.77 0.00 1307840 86100 2.15 0.00 9.09 0.00 64 145 30 smartDeviceLinkCore
18:37:59 1000 60 0.17 0.04 0.00 0.00 0.21 0 1.77 0.00 1324232 86100 2.15 0.00 9.16 0.00 64 147 29 smartDeviceLinkCore
18:38:02 1000 60 0.17 0.04 0.00 0.00 0.21 0 1.81 0.00 1332428 86100 2.15 0.00 9.24 0.00 64 148 29 smartDeviceLinkCore
18:38:05 1000 60 0.17 0.04 0.00 0.00 0.21 0 1.81 0.00 1340624 86164 2.15 0.00 9.24 0.00 64 148 29 smartDeviceLinkCore
18:38:08 1000 60 0.17 0.04 0.00 0.00 0.21 0 1.82 0.00 1340624 86172 2.15 0.00 9.36 0.00 64 149 30 smartDeviceLinkCore
18:38:11 1000 60 0.17 0.04 0.00 0.00 0.21 0 1.84 0.00 1348820 86172 2.15 0.00 9.47 0.00 64 150 30 smartDeviceLinkCore
18:38:14 1000 60 0.17 0.04 0.00 0.00 0.21 0 1.86 0.00 1357016 86172 2.15 0.00 9.54 0.00 64 151 29 smartDeviceLinkCore
18:38:17 1000 60 0.17 0.04 0.00 0.00 0.21 0 1.86 0.00 1373408 86172 2.15 0.00 9.54 0.00 64 153 29 smartDeviceLinkCore
18:38:20 1000 60 0.17 0.04 0.00 0.00 0.21 0 1.86 0.00 1373408 86172 2.15 0.00 9.54 0.00 64 151 29 smartDeviceLinkCore
18:38:23 1000 60 0.18 0.04 0.00 0.00 0.22 0 1.91 0.00 1373408 86176 2.15 0.00 9.70 0.00 64 153 29 smartDeviceLinkCore
18:38:26 1000 60 0.18 0.04 0.00 0.00 0.22 0 1.91 0.00 1381604 86216 2.16 0.00 9.79 0.00 64 154 29 smartDeviceLinkCore
18:38:29 1000 60 0.18 0.04 0.00 0.00 0.22 0 1.91 0.00 1389800 86216 2.16 0.00 9.79 0.00 64 155 29 smartDeviceLinkCore
18:38:32 1000 60 0.18 0.04 0.00 0.00 0.22 0 1.94 0.00 1406192 86216 2.16 0.00 9.86 0.00 64 157 30 smartDeviceLinkCore
18:38:35 1000 60 0.18 0.04 0.00 0.00 0.22 0 1.95 0.00 1406192 86216 2.16 0.00 9.87 0.00 64 153 29 smartDeviceLinkCore
18:38:38 1000 60 0.18 0.04 0.00 0.00 0.23 0 1.95 0.00 1406192 86220 2.16 0.00 10.04 0.00 64 157 29 smartDeviceLinkCore
18:38:41 1000 60 0.19 0.04 0.00 0.00 0.23 0 1.96 0.00 1414388 86220 2.16 0.00 10.12 0.00 64 158 29 smartDeviceLinkCore
18:38:44 1000 60 0.19 0.04 0.00 0.00 0.23 0 1.99 0.00 1430780 86220 2.16 0.00 10.20 0.00 64 160 29 smartDeviceLinkCore
18:38:47 1000 60 0.19 0.04 0.00 0.00 0.23 0 1.99 0.00 1438976 86220 2.16 0.00 10.20 0.00 64 161 29 smartDeviceLinkCore
18:38:50 1000 60 0.19 0.04 0.00 0.00 0.23 0 2.00 0.00 1430780 86228 2.16 0.00 10.24 0.00 64 158 30 smartDeviceLinkCore
18:38:53 1000 60 0.19 0.04 0.00 0.00 0.24 0 2.04 0.00 1447172 86300 2.16 0.00 10.41 0.00 64 162 30 smartDeviceLinkCore
18:38:56 1000 60 0.19 0.04 0.00 0.00 0.24 0 2.04 0.00 1455368 86304 2.16 0.00 10.50 0.00 64 163 29 smartDeviceLinkCore
18:38:59 1000 60 0.19 0.04 0.00 0.00 0.24 0 2.04 0.00 1463564 86304 2.16 0.00 10.49 0.00 64 164 29 smartDeviceLinkCore
18:39:02 1000 60 0.19 0.04 0.00 0.00 0.24 0 2.05 0.00 1471760 86304 2.16 0.00 10.49 0.00 64 164 29 smartDeviceLinkCore
18:39:05 1000 60 0.20 0.05 0.00 0.00 0.24 0 2.10 0.00 1471760 86308 2.16 0.00 10.74 0.00 64 165 30 smartDeviceLinkCore
18:39:08 1000 60 0.20 0.05 0.00 0.00 0.24 0 2.10 0.00 1479956 86308 2.16 0.00 10.83 0.00 64 166 29 smartDeviceLinkCore
18:39:11 1000 60 0.20 0.05 0.00 0.00 0.24 0 2.10 0.00 1488152 86308 2.16 0.00 10.83 0.00 64 167 29 smartDeviceLinkCore
18:39:14 1000 60 0.20 0.05 0.00 0.00 0.24 0 2.14 0.00 1504544 86308 2.16 0.00 10.91 0.00 64 169 29 smartDeviceLinkCore
18:39:17 1000 60 0.20 0.05 0.00 0.00 0.25 0 2.14 0.00 1504544 86308 2.16 0.00 10.91 0.00 64 166 29 smartDeviceLinkCore
18:39:20 1000 60 0.20 0.05 0.00 0.00 0.25 0 2.15 0.00 1504544 86312 2.16 0.00 11.08 0.00 64 169 29 smartDeviceLinkCore
18:39:23 1000 60 0.20 0.05 0.00 0.00 0.25 0 2.18 0.00 1512740 86384 2.16 0.00 11.20 0.00 64 170 30 smartDeviceLinkCore
18:39:26 1000 60 0.20 0.05 0.00 0.00 0.25 0 2.19 0.00 1529132 86384 2.16 0.00 11.24 0.00 64 172 29 smartDeviceLinkCore
18:39:29 1000 60 0.20 0.05 0.00 0.00 0.25 0 2.19 0.00 1537328 86384 2.16 0.00 11.24 0.00 64 173 29 smartDeviceLinkCore
18:39:32 1000 60 0.21 0.05 0.00 0.00 0.25 0 2.19 0.00 1529132 86384 2.16 0.00 11.28 0.00 64 168 31 smartDeviceLinkCore
18:39:35 1000 60 0.21 0.05 0.00 0.00 0.26 0 2.24 0.00 1537328 86388 2.16 0.00 11.41 0.00 64 173 29 smartDeviceLinkCore
18:39:38 1000 60 0.21 0.05 0.00 0.00 0.26 0 2.24 0.00 1545524 86388 2.16 0.00 11.49 0.00 64 174 29 smartDeviceLinkCore
18:39:41 1000 60 0.21 0.05 0.00 0.00 0.26 0 2.24 0.00 1561916 86388 2.16 0.00 11.49 0.00 64 176 29 smartDeviceLinkCore
18:39:44 1000 60 0.21 0.05 0.00 0.00 0.26 0 2.28 0.00 1570112 86388 2.16 0.00 11.57 0.00 64 177 29 smartDeviceLinkCore
18:39:47 1000 60 0.21 0.05 0.00 0.00 0.26 0 2.29 0.00 1570112 86392 2.16 0.00 11.66 0.00 64 177 30 smartDeviceLinkCore
18:39:50 1000 60 0.22 0.05 0.00 0.00 0.27 0 2.30 0.00 1578308 86396 2.16 0.00 11.78 0.00 64 178 29 smartDeviceLinkCore

18:40:57 1000 60 0.24 0.06 0.00 0.00 0.30 0 2.63 0.00 1734032 86608 2.17 0.00 13.14 0.00 64 197 29 smartDeviceLinkCore
18:41:00 1000 60 0.24 0.06 0.00 0.00 0.30 0 2.64 0.00 1725836 86616 2.17 0.00 13.22 0.00 64 196 30 smartDeviceLinkCore
18:41:03 1000 60 0.24 0.06 0.00 0.00 0.30 0 2.64 0.00 1742228 86616 2.17 0.00 13.34 0.00 64 198 30 smartDeviceLinkCore
18:41:06 1000 60 0.24 0.06 0.00 0.00 0.31 0 2.67 0.00 1750424 86620 2.17 0.00 13.39 0.00 64 199 30 smartDeviceLinkCore
18:41:09 1000 60 0.25 0.06 0.00 0.00 0.31 0 2.68 0.00 1758620 86620 2.17 0.00 13.43 0.00 64 200 29 smartDeviceLinkCore
18:41:12 1000 60 0.25 0.06 0.00 0.00 0.31 0 2.69 0.00 1766816 86620 2.17 0.00 13.43 0.00 64 200 29 smartDeviceLinkCore
18:41:15 1000 60 0.25 0.06 0.00 0.00 0.31 0 2.69 0.00 1766816 86628 2.17 0.00 13.55 0.00 64 201 30 smartDeviceLinkCore
18:41:18 1000 60 0.25 0.06 0.00 0.00 0.31 0 2.74 0.00 1775012 86696 2.17 0.00 13.64 0.00 64 202 30 smartDeviceLinkCore
18:41:21 1000 60 0.25 0.06 0.00 0.00 0.31 0 2.74 0.00 1783208 86696 2.17 0.00 13.72 0.00 64 203 29 smartDeviceLinkCore
18:41:24 1000 60 0.25 0.06 0.00 0.00 0.31 0 2.74 0.00 1799600 86696 2.17 0.00 13.72 0.00 64 205 29 smartDeviceLinkCore
18:41:27 1000 60 0.25 0.06 0.00 0.00 0.31 0 2.78 0.00 1799600 86708 2.17 0.00 13.77 0.00 64 202 30 smartDeviceLinkCore
18:41:30 1000 60 0.26 0.06 0.00 0.00 0.32 0 2.79 0.00 1799600 86700 2.17 0.00 13.96 0.00 64 205 29 smartDeviceLinkCore
18:41:33 1000 60 0.26 0.06 0.00 0.00 0.32 0 2.79 0.00 1807796 86700 2.17 0.00 14.05 0.00 64 206 29 smartDeviceLinkCore
18:41:36 1000 60 0.26 0.06 0.00 0.00 0.32 0 2.79 0.00 1824188 86700 2.17 0.00 14.05 0.00 64 208 29 smartDeviceLinkCore
18:41:39 1000 60 0.26 0.06 0.00 0.00 0.32 0 2.84 0.00 1832384 86700 2.17 0.00 14.13 0.00 64 209 29 smartDeviceLinkCore
18:41:42 1000 60 0.26 0.06 0.00 0.00 0.32 0 2.84 0.00 1832384 86700 2.17 0.00 14.13 0.00 64 205 29 smartDeviceLinkCore
18:41:45 1000 60 0.26 0.07 0.00 0.00 0.33 0 2.85 0.00 1832384 86708 2.17 0.00 14.29 0.00 64 209 29 smartDeviceLinkCore
18:41:48 1000 60 0.26 0.07 0.00 0.00 0.33 0 2.89 0.00 1840580 86780 2.17 0.00 14.46 0.00 64 210 29 smartDeviceLinkCore
18:41:51 1000 60 0.26 0.07 0.00 0.00 0.33 0 2.89 0.00 1856972 86780 2.17 0.00 14.46 0.00 64 212 29 smartDeviceLinkCore
18:41:54 1000 60 0.26 0.07 0.00 0.00 0.33 0 2.89 0.00 1865168 86780 2.17 0.00 14.46 0.00 64 213 29 smartDeviceLinkCore
18:41:57 1000 60 0.27 0.07 0.00 0.00 0.33 0 2.92 0.00 1856972 86784 2.17 0.00 14.49 0.00 64 209 30 smartDeviceLinkCore
18:42:00 1000 60 0.27 0.07 0.00 0.00 0.34 0 2.95 0.00 1865168 86784 2.17 0.00 14.64 0.00 64 213 30 smartDeviceLinkCore
18:42:03 1000 60 0.27 0.07 0.00 0.00 0.34 0 2.95 0.00 1881560 86784 2.17 0.00 14.70 0.00 64 215 29 smartDeviceLinkCore
18:42:06 1000 60 0.27 0.07 0.00 0.00 0.34 0 2.95 0.00 1889756 86784 2.17 0.00 14.70 0.00 64 216 29 smartDeviceLinkCore
18:42:09 1000 60 0.27 0.07 0.00 0.00 0.34 0 2.99 0.00 1897952 86844 2.17 0.00 14.78 0.00 64 217 29 smartDeviceLinkCore
18:42:12 1000 60 0.27 0.07 0.00 0.00 0.34 0 3.00 0.00 1889756 86848 2.17 0.00 14.88 0.00 64 216 30 smartDeviceLinkCore
18:42:15 1000 60 0.27 0.07 0.00 0.00 0.34 0 3.01 0.00 1906148 86848 2.17 0.00 15.03 0.00 64 218 30 smartDeviceLinkCore
18:42:18 1000 60 0.28 0.07 0.00 0.00 0.35 0 3.04 0.00 1914344 86848 2.17 0.00 15.09 0.00 64 219 30 smartDeviceLinkCore
18:42:21 1000 60 0.28 0.07 0.00 0.00 0.35 0 3.05 0.00 1922540 86848 2.17 0.00 15.11 0.00 64 220 29 smartDeviceLinkCore
18:42:24 1000 60 0.28 0.07 0.00 0.00 0.35 0 3.05 0.00 1930736 86848 2.17 0.00 15.11 0.00 64 220 29 smartDeviceLinkCore
18:42:27 1000 60 0.28 0.07 0.00 0.00 0.35 0 3.06 0.00 1930736 86848 2.17 0.00 15.23 0.00 64 221 30 smartDeviceLinkCore
18:42:30 1000 60 0.28 0.07 0.00 0.00 0.35 0 3.11 0.00 1938932 86848 2.17 0.00 15.35 0.00 64 222 30 smartDeviceLinkCore
18:42:33 1000 60 0.28 0.07 0.00 0.00 0.35 0 3.11 0.00 1947128 86848 2.17 0.00 15.36 0.00 64 223 29 smartDeviceLinkCore
18:42:36 1000 60 0.28 0.07 0.00 0.00 0.35 0 3.11 0.00 1955324 86848 2.17 0.00 15.35 0.00 64 224 29 smartDeviceLinkCore
18:42:39 1000 60 0.28 0.07 0.00 0.00 0.35 0 3.15 0.00 1963520 86916 2.17 0.00 15.44 0.00 64 224 29 smartDeviceLinkCore
18:42:42 1000 60 0.29 0.07 0.00 0.00 0.36 0 3.16 0.00 1963520 86920 2.17 0.00 15.56 0.00 64 225 30 smartDeviceLinkCore
18:42:45 1000 60 0.29 0.07 0.00 0.00 0.36 0 3.16 0.00 1971716 86920 2.17 0.00 15.68 0.00 64 226 29 smartDeviceLinkCore
18:42:48 1000 60 0.29 0.07 0.00 0.00 0.36 0 3.19 0.00 1979912 86924 2.17 0.00 15.70 0.00 64 227 30 smartDeviceLinkCore
18:42:51 1000 60 0.29 0.07 0.00 0.00 0.36 0 3.21 0.00 1996304 86924 2.17 0.00 15.76 0.00 64 229 29 smartDeviceLinkCore
18:42:54 1000 60 0.29 0.07 0.00 0.00 0.36 0 3.21 0.00 1996304 86924 2.17 0.00 15.76 0.00 64 226 29 smartDeviceLinkCore
18:42:57 1000 60 0.29 0.07 0.00 0.00 0.37 0 3.22 0.00 1996304 86928 2.17 0.00 15.93 0.00 64 229 29 smartDeviceLinkCore
18:43:00 1000 60 0.29 0.08 0.00 0.00 0.37 0 3.26 0.00 2004500 86960 2.17 0.00 16.01 0.00 64 230 29 smartDeviceLinkCore
18:43:03 1000 60 0.29 0.08 0.00 0.00 0.37 0 3.26 0.00 2012696 86960 2.17 0.00 16.01 0.00 64 231 29 smartDeviceLinkCore
18:43:06 1000 60 0.29 0.08 0.00 0.00 0.37 0 3.26 0.00 2029088 86960 2.17 0.00 16.01 0.00 64 233 29 smartDeviceLinkCore
18:43:09 1000 60 0.29 0.08 0.00 0.00 0.37 0 3.30 0.00 2020892 86964 2.17 0.00 16.06 0.00 64 228 30 smartDeviceLinkCore
18:43:12 1000 60 0.30 0.08 0.00 0.00 0.37 0 3.32 0.00 2029088 86964 2.17 0.00 16.21 0.00 64 233 29 smartDeviceLinkCore
18:43:15 1000 60 0.30 0.08 0.00 0.00 0.37 0 3.32 0.00 2045480 86964 2.17 0.00 16.29 0.00 64 235 29 smartDeviceLinkCore
18:43:18 1000 60 0.30 0.08 0.00 0.00 0.38 0 3.32 0.00 2053676 86964 2.17 0.00 16.29 0.00 64 236 29 smartDeviceLinkCore
18:43:21 1000 60 0.30 0.08 0.00 0.00 0.38 0 3.37 0.00 2061872 86964 2.17 0.00 16.37 0.00 64 237 29 smartDeviceLinkCore
18:43:24 1000 60 0.30 0.08 0.00 0.00 0.38 0 3.37 0.00 2053676 86968 2.17 0.00 16.43 0.00 64 235 30 smartDeviceLinkCore
18:43:27 1000 60 0.30 0.08 0.00 0.00 0.38 0 3.38 0.00 2070068 86972 2.17 0.00 16.55 0.00 64 238 30 smartDeviceLinkCore
18:43:30 1000 60 0.30 0.08 0.00 0.00 0.38 0 3.42 0.00 2078264 87044 2.18 0.00 16.66 0.00 64 239 30 smartDeviceLinkCore
18:43:33 1000 60 0.30 0.08 0.00 0.00 0.38 0 3.42 0.00 2086460 87044 2.18 0.00 16.66 0.00 64 240 29 smartDeviceLinkCore
18:43:36 1000 60 0.30 0.08 0.00 0.00 0.38 0 3.42 0.00 2094656 87044 2.18 0.00 16.65 0.00 64 241 29 smartDeviceLinkCore
18:43:39 1000 60 0.31 0.08 0.00 0.00 0.39 0 3.43 0.00 2086460 87048 2.18 0.00 16.73 0.00 64 240 30 smartDeviceLinkCore
18:43:42 1000 60 0.31 0.08 0.00 0.00 0.39 0 3.48 0.00 2102852 87064 2.18 0.00 16.90 0.00 64 242 29 smartDeviceLinkCore
18:43:45 1000 60 0.31 0.08 0.00 0.00 0.39 0 3.48 0.00 2111048 87064 2.18 0.00 16.90 0.00 64 243 29 smartDeviceLinkCore
18:43:48 1000 60 0.31 0.08 0.00 0.00 0.39 0 3.48 0.00 2119244 87064 2.18 0.00 16.90 0.00 64 244 29 smartDeviceLinkCore
18:43:51 1000 60 0.31 0.08 0.00 0.00 0.39 0 3.53 0.00 2127440 87064 2.18 0.00 16.98 0.00 64 244 29 smartDeviceLinkCore
18:43:54 1000 60 0.31 0.08 0.00 0.00 0.40 0 3.54 0.00 2127440 87128 2.18 0.00 17.12 0.00 64 245 30 smartDeviceLinkCore
18:43:57 1000 60 0.32 0.08 0.00 0.00 0.40 0 3.54 0.00 2135636 87128 2.18 0.00 17.23 0.00 64 246 29 smartDeviceLinkCore
18:44:00 1000 60 0.32 0.08 0.00 0.00 0.40 0 3.57 0.00 2143832 87128 2.18 0.00 17.24 0.00 64 247 30 smartDeviceLinkCore
18:44:03 1000 60 0.32 0.08 0.00 0.00 0.40 0 3.59 0.00 2160224 87128 2.18 0.00 17.31 0.00 64 249 29 smartDeviceLinkCore
18:44:06 1000 60 0.32 0.08 0.00 0.00 0.40 0 3.59 0.00 2160224 87128 2.18 0.00 17.30 0.00 64 247 29 smartDeviceLinkCore
18:44:09 1000 60 0.32 0.08 0.00 0.00 0.40 0 3.59 0.00 2160224 87128 2.18 0.00 17.46 0.00 64 249 30 smartDeviceLinkCore
18:44:12 1000 60 0.32 0.08 0.00 0.00 0.41 0 3.64 0.00 2168420 87132 2.18 0.00 17.57 0.00 64 250 30 smartDeviceLinkCore
18:44:15 1000 60 0.32 0.08 0.00 0.00 0.41 0 3.64 0.00 2184812 87132 2.18 0.00 17.59 0.00 64 252 29 smartDeviceLinkCore
18:44:18 1000 60 0.32 0.08 0.00 0.00 0.41 0 3.64 0.00 2193008 87132 2.18 0.00 17.59 0.00 64 253 29 smartDeviceLinkCore
18:44:22 1000 60 0.32 0.09 0.00 0.00 0.41 0 3.69 0.00 2184812 87132 2.18 0.00 17.66 0.00 64 248 30 smartDeviceLinkCore
18:44:24 1000 60 0.33 0.09 0.00 0.00 0.41 0 3.70 0.00 2193008 87196 2.18 0.00 17.80 0.00 64 253 30 smartDeviceLinkCore
18:44:28 1000 60 0.33 0.09 0.00 0.00 0.41 0 3.70 0.00 2201204 87196 2.18 0.00 17.87 0.00 64 254 29 smartDeviceLinkCore
