18:31:19:363753042 18:31:18 0.0 0 00:00:00 0.4 15290 1
18:31:22:199123180 18:31:18 25.6 256 00:00:00 2.0 83129 26
18:31:25:214529089 18:31:18 12.8 128 00:00:00 2.0 83129 26
18:31:28:193507980 18:31:18 18.1 181 00:00:01 2.0 99521 34
18:31:31:210329313 18:31:18 17.5 175 00:00:02 2.0 107717 38
18:31:34:250065500 18:31:18 15.4 154 00:00:02 2.0 109766 39
18:31:37:258922227 18:31:18 13.0 130 00:00:02 2.0 111815 40
18:31:40:271680537 18:31:18 11.3 113 00:00:02 2.0 113864 40
18:31:43:245037561 18:31:18 13.8 138 00:00:03 2.1 113864 41
18:31:46:285374116 18:31:18 13.2 132 00:00:03 2.1 115913 42
18:31:49:313656772 18:31:18 12.0 120 00:00:03 2.1 117962 43
18:31:52:304838136 18:31:18 11.5 115 00:00:03 2.1 122060 45
18:31:55:334557783 18:31:18 11.0 110 00:00:03 2.1 122060 43
18:31:58:337618896 18:31:18 12.4 124 00:00:04 2.1 122060 45
18:32:01:340402452 18:31:18 12.4 124 00:00:05 2.1 124109 46
18:32:04:351633801 18:31:18 12.2 122 00:00:05 2.1 126158 47
18:32:07:379156511 18:31:18 11.5 115 00:00:05 2.1 128207 48
18:32:10:374511683 18:31:18 10.9 109 00:00:05 2.1 130256 48
18:32:13:409682832 18:31:18 11.8 118 00:00:06 2.1 130256 49
18:32:16:363704054 18:31:18 11.8 118 00:00:06 2.1 132305 50
18:32:19:418136257 18:31:18 11.3 113 00:00:06 2.1 134354 51
18:32:22:419429651 18:31:18 10.8 108 00:00:06 2.1 138452 53
18:32:25:433071802 18:31:18 10.8 108 00:00:07 2.1 138452 50
18:32:28:416490667 18:31:18 11.5 115 00:00:07 2.1 138452 53
18:32:31:445712835 18:31:18 11.4 114 00:00:08 2.1 140501 54
18:32:34:470561285 18:31:18 11.3 113 00:00:08 2.1 144599 56
18:32:37:476738065 18:31:18 10.9 109 00:00:08 2.1 146648 57
18:32:40:463174384 18:31:18 10.8 108 00:00:08 2.1 144599 52
18:32:43:470898596 18:31:18 11.5 115 00:00:09 2.1 146648 57
18:32:46:483864088 18:31:18 11.7 117 00:00:10 2.1 150746 59
18:32:49:528544994 18:31:18 11.3 113 00:00:10 2.1 152795 60
18:32:52:546307811 18:31:18 11.0 110 00:00:10 2.1 154844 61
18:32:55:513614339 18:31:18 11.7 117 00:00:11 2.1 154844 61
18:32:58:541721018 18:31:18 11.6 116 00:00:11 2.1 156893 62
18:33:01:559561001 18:31:18 11.3 113 00:00:11 2.1 158942 63
18:33:04:569611982 18:31:18 11.2 112 00:00:11 2.1 163040 65
18:33:07:592056787 18:31:18 11.0 110 00:00:11 2.1 163040 62
18:33:10:549724879 18:31:18 11.6 116 00:00:12 2.1 163040 65
18:33:13:589447928 18:31:18 11.5 115 00:00:13 2.1 165089 66
18:33:16:616444908 18:31:18 11.4 114 00:00:13 2.1 167138 67
18:33:19:628221160 18:31:18 11.2 112 00:00:13 2.1 171236 69
18:33:22:615061008 18:31:18 11.0 110 00:00:13 2.1 171236 66
18:33:25:607903065 18:31:18 11.5 115 00:00:14 2.1 171236 69
18:33:28:668683900 18:31:18 11.5 115 00:00:14 2.1 173285 70
18:33:31:666043185 18:31:18 11.2 112 00:00:14 2.1 177383 72
18:33:34:654067039 18:31:18 11.1 111 00:00:15 2.1 179432 73
18:33:37:675991639 18:31:18 11.6 116 00:00:16 2.1 179432 73
18:33:40:708132303 18:31:18 11.6 116 00:00:16 2.1 181481 74
18:33:43:714287119 18:31:18 11.4 114 00:00:16 2.1 183530 75
18:33:46:736622805 18:31:18 11.3 113 00:00:16 2.1 187628 77
18:33:49:724287247 18:31:18 11.2 112 00:00:16 2.1 187628 74
18:33:52:750978591 18:31:18 11.5 115 00:00:17 2.1 187628 77
18:33:55:717555251 18:31:18 11.6 116 00:00:18 2.1 189677 78
18:33:58:767985983 18:31:18 11.5 115 00:00:18 2.1 193775 80
18:34:01:787514773 18:31:18 11.3 113 00:00:18 2.1 195824 81
18:34:04:806022002 18:31:18 11.3 113 00:00:18 2.1 193775 77
18:34:07:798162431 18:31:18 11.6 116 00:00:19 2.1 195824 81
18:34:10:809335031 18:31:18 11.5 115 00:00:19 2.1 199922 83
18:34:13:828270507 18:31:18 11.3 113 00:00:19 2.1 201971 84
18:34:16:793329526 18:31:18 11.3 113 00:00:20 2.1 204020 85
18:34:19:812377307 18:31:18 11.4 114 00:00:20 2.1 201971 83
18:34:22:825469744 18:31:18 11.5 115 00:00:21 2.1 206069 86
18:34:25:850632589 18:31:18 11.5 115 00:00:21 2.1 208118 87
18:34:28:885024262 18:31:18 11.4 114 00:00:21 2.1 210167 88
18:34:31:897135280 18:31:18 11.2 112 00:00:21 2.1 212216 89
18:34:34:880498610 18:31:18 11.5 115 00:00:22 2.1 212216 89
18:34:37:910482831 18:31:18 11.5 115 00:00:22 2.1 214265 90
18:34:40:928322012 18:31:18 11.4 114 00:00:23 2.1 216314 91
18:34:43:938793328 18:31:18 11.3 113 00:00:23 2.1 220412 93
18:34:46:926607683 18:31:18 11.3 113 00:00:23 2.1 220412 90
18:34:49:929033595 18:31:18 11.6 116 00:00:24 2.1 220412 93
18:34:52:964035734 18:31:18 11.6 116 00:00:24 2.1 222461 94
18:34:55:977722879 18:31:18 11.4 114 00:00:24 2.1 226559 96
18:34:59:003730906 18:31:18 11.4 114 00:00:25 2.1 228608 97
18:35:01:991360165 18:31:18 11.3 113 00:00:25 2.1 226559 92
18:35:05:004103739 18:31:18 11.5 115 00:00:26 2.1 228608 97
18:35:08:002802871 18:31:18 11.6 116 00:00:26 2.1 232706 99
18:35:11:026437072 18:31:18 11.5 115 00:00:26 2.1 234755 100
18:35:14:038837398 18:31:18 11.3 113 00:00:26 2.1 236804 101
18:35:17:029818966 18:31:18 11.4 114 00:00:27 2.1 234755 99
18:35:20:039099879 18:31:18 11.5 115 00:00:27 2.1 238853 102
18:35:23:068446022 18:31:18 11.4 114 00:00:28 2.1 240902 103
18:35:26:080887960 18:31:18 11.3 113 00:00:28 2.1 242951 104
18:35:29:076065072 18:31:18 11.3 113 00:00:28 2.1 245000 104
18:35:32:082899634 18:31:18 11.5 115 00:00:29 2.1 245000 105
18:35:35:122811206 18:31:18 11.5 115 00:00:29 2.1 247049 106
18:35:38:096530548 18:31:18 11.5 115 00:00:29 2.1 249098 107
18:35:41:147005653 18:31:18 11.4 114 00:00:29 2.1 253196 109
18:35:44:148795951 18:31:18 11.3 113 00:00:30 2.1 253196 106
18:35:47:135191552 18:31:18 11.5 115 00:00:30 2.1 253196 109
18:35:50:138832108 18:31:18 11.6 116 00:00:31 2.1 255245 110
18:35:53:189841196 18:31:18 11.5 115 00:00:31 2.1 259343 112
18:35:56:200894634 18:31:18 11.4 114 00:00:31 2.1 261392 113
18:35:59:219645880 18:31:18 11.5 115 00:00:32 2.1 259343 111
18:36:02:194605228 18:31:18 11.6 116 00:00:32 2.1 263441 114
18:36:05:231391750 18:31:18 11.5 115 00:00:33 2.1 265490 115
18:36:08:243493010 18:31:18 11.4 114 00:00:33 2.1 267539 116
18:36:11:239536670 18:31:18 11.4 114 00:00:33 2.1 269588 116
18:36:14:232007076 18:31:18 11.6 116 00:00:34 2.1 269588 117
18:36:17:270095844 18:31:18 11.6 116 00:00:34 2.1 271637 118
18:36:20:275719297 18:31:18 11.6 116 00:00:34 2.1 273686 119
18:36:23:296787143 18:31:18 11.5 115 00:00:34 2.1 277784 121
18:36:26:318491004 18:31:18 11.4 114 00:00:35 2.1 277784 118
18:36:29:285399614 18:31:18 11.6 116 00:00:36 2.1 277784 121
18:36:32:300229156 18:31:18 11.6 116 00:00:36 2.1 279833 122
18:36:35:362406623 18:31:18 11.5 115 00:00:36 2.1 283931 124
18:36:38:362467251 18:31:18 11.4 114 00:00:36 2.1 285980 125
18:36:41:348422045 18:31:18 11.6 116 00:00:37 2.1 283931 122
18:36:44:356968888 18:31:18 11.7 117 00:00:38 2.1 288029 126
18:36:47:407488407 18:31:18 11.6 116 00:00:38 2.1 290078 127
18:36:50:391657547 18:31:18 11.6 116 00:00:38 2.1 292127 128
18:36:53:426213898 18:31:18 11.5 115 00:00:38 2.1 294176 129
18:36:56:394155720 18:31:18 11.7 117 00:00:39 2.1 294176 129
18:36:59:443814602 18:31:18 11.7 117 00:00:39 2.1 296225 130
18:37:02:462943066 18:31:18 11.7 117 00:00:40 2.1 298274 131
18:37:05:474122717 18:31:18 11.6 116 00:00:40 2.1 302372 133
18:37:08:475080755 18:31:18 11.5 115 00:00:40 2.1 302372 130
18:37:11:485118410 18:31:18 11.7 117 00:00:41 2.1 302372 133
18:37:14:507805314 18:31:18 11.7 117 00:00:41 2.1 304421 134
18:37:17:516879116 18:31:18 11.6 116 00:00:41 2.1 308519 136
18:37:20:498898179 18:31:18 11.5 115 00:00:41 2.1 310568 137
18:37:23:525487484 18:31:18 11.5 115 00:00:42 2.1 310568 133
18:37:26:535654341 18:31:18 11.7 117 00:00:42 2.1 310568 137
18:37:29:542283746 18:31:18 11.7 117 00:00:43 2.1 312617 138
18:37:32:550351714 18:31:18 11.6 116 00:00:43 2.1 316715 140
18:37:35:568818403 18:31:18 11.6 116 00:00:43 2.1 318764 141
18:37:38:556329170 18:31:18 11.5 115 00:00:43 2.1 316715 136
18:37:41:589262087 18:31:18 11.7 117 00:00:44 2.1 318764 141
18:37:44:588880363 18:31:18 11.7 117 00:00:45 2.1 320813 142
18:37:47:607764097 18:31:18 11.6 116 00:00:45 2.1 324911 144
18:37:50:619306320 18:31:18 11.6 116 00:00:45 2.1 326960 145
18:37:53:602388453 18:31:18 11.6 116 00:00:46 2.1 324911 142
18:37:56:617253277 18:31:18 11.8 118 00:00:46 2.1 326960 145
18:37:59:654183136 18:31:18 11.7 117 00:00:47 2.1 331058 147
18:38:02:650714768 18:31:18 11.7 117 00:00:47 2.1 333107 148
18:38:05:651108227 18:31:18 11.6 116 00:00:47 2.1 335156 148
18:38:08:648050393 18:31:18 11.8 118 00:00:48 2.1 335156 149
18:38:11:664412748 18:31:18 11.8 118 00:00:48 2.1 337205 150
18:38:14:704041070 18:31:18 11.7 117 00:00:48 2.1 339254 151
18:38:17:714376916 18:31:18 11.7 117 00:00:49 2.1 343352 153
18:38:20:726895743 18:31:18 11.6 116 00:00:49 2.1 343352 151
18:38:23:693826399 18:31:18 11.8 118 00:00:50 2.1 343352 153
18:38:26:732336415 18:31:18 11.8 118 00:00:50 2.1 345401 154
18:38:29:754458549 18:31:18 11.7 117 00:00:50 2.1 347450 155
18:38:32:747638684 18:31:18 11.7 117 00:00:50 2.1 351548 157
18:38:35:807347617 18:31:18 11.6 116 00:00:50 2.1 351548 153
18:38:38:784592586 18:31:18 11.8 118 00:00:51 2.1 351548 157
18:38:41:781345118 18:31:18 11.8 118 00:00:52 2.1 353597 158
18:38:44:812177743 18:31:18 11.7 117 00:00:52 2.1 357695 160
18:38:47:828695718 18:31:18 11.7 117 00:00:52 2.1 359744 161
18:38:50:791163181 18:31:18 11.7 117 00:00:52 2.1 357695 158
18:38:53:828702685 18:31:18 11.8 118 00:00:53 2.1 361793 162
18:38:56:843912296 18:31:18 11.8 118 00:00:54 2.1 363842 163
18:38:59:855239844 18:31:18 11.7 117 00:00:54 2.1 365891 164
18:39:02:853273538 18:31:18 11.7 117 00:00:54 2.1 367940 164
18:39:05:862440732 18:31:18 11.8 118 00:00:55 2.1 367940 165
18:39:08:853014793 18:31:18 11.8 118 00:00:55 2.1 369989 166
18:39:11:899674966 18:31:18 11.8 118 00:00:55 2.1 372038 167
18:39:14:895152687 18:31:18 11.8 118 00:00:56 2.1 376136 169
18:39:17:911254965 18:31:18 11.7 117 00:00:56 2.1 376136 166
18:39:20:922311226 18:31:18 11.9 119 00:00:57 2.1 376136 169
18:39:23:904195998 18:31:18 11.9 119 00:00:57 2.1 378185 170
18:39:26:947575912 18:31:18 11.8 118 00:00:57 2.1 382283 172
18:39:29:971075450 18:31:18 11.7 117 00:00:57 2.1 384332 173
18:39:32:947041157 18:31:18 11.8 118 00:00:58 2.1 382283 168
18:39:35:959300810 18:31:18 11.8 118 00:00:59 2.1 384332 173
18:39:38:999061544 18:31:18 11.8 118 00:00:59 2.1 388430 175
18:39:42:001067128 18:31:18 11.8 118 00:00:59 2.1 390479 176
18:39:44:991429976 18:31:18 11.7 117 00:00:59 2.1 392528 177
18:39:47:987108851 18:31:18 11.8 118 00:01:00 2.1 392528 177
18:39:51:027653316 18:31:18 11.9 119 00:01:00 2.1 394577 178
18:40:54:046328085 18:31:18 11.8 118 00:01:08 2.1 431459 196
18:40:57:263387596 18:31:18 11.8 118 00:01:08 2.1 433508 197
18:41:00:277424227 18:31:18 11.9 119 00:01:09 2.1 431459 196
18:41:03:272872845 18:31:18 11.9 119 00:01:10 2.1 435557 198
18:41:06:285485361 18:31:18 11.9 119 00:01:10 2.1 437606 199
18:41:09:333936052 18:31:18 11.9 119 00:01:10 2.1 439655 200
18:41:12:315632384 18:31:18 11.8 118 00:01:10 2.1 441704 200
18:41:15:315790416 18:31:18 11.9 119 00:01:11 2.1 441704 201
18:41:18:352552398 18:31:18 12.0 120 00:01:11 2.1 443753 202
18:41:21:382117057 18:31:18 11.9 119 00:01:12 2.1 445802 203
18:41:24:383537465 18:31:18 11.9 119 00:01:12 2.1 449900 205
18:41:27:395404033 18:31:18 11.9 119 00:01:12 2.1 449900 202
18:41:30:400613437 18:31:18 12.0 120 00:01:13 2.1 449900 205
18:41:33:412164874 18:31:18 12.0 120 00:01:13 2.1 451949 206
18:41:36:415929892 18:31:18 11.9 119 00:01:13 2.1 456047 208
18:41:39:425379732 18:31:18 11.9 119 00:01:14 2.1 458096 209
18:41:42:417667595 18:31:18 11.9 119 00:01:14 2.1 458096 205
18:41:45:450281357 18:31:18 12.0 120 00:01:15 2.1 458096 209
18:41:48:437569716 18:31:18 12.0 120 00:01:15 2.1 460145 210
18:41:51:480541217 18:31:18 12.0 120 00:01:16 2.1 464243 212
18:41:54:486615213 18:31:18 11.9 119 00:01:16 2.1 466292 213
18:41:57:479398790 18:31:18 11.9 119 00:01:16 2.1 464243 209
18:42:00:482554038 18:31:18 12.0 120 00:01:17 2.1 466292 213
18:42:03:518524838 18:31:18 12.0 120 00:01:17 2.1 470390 215
18:42:06:530667502 18:31:18 12.0 120 00:01:17 2.1 472439 216
18:42:09:542098481 18:31:18 11.9 119 00:01:17 2.1 474488 217
18:42:12:515446679 18:31:18 12.0 120 00:01:18 2.1 472439 216
18:42:15:538670623 18:31:18 12.1 121 00:01:19 2.1 476537 218
18:42:18:564095209 18:31:18 12.0 120 00:01:19 2.1 478586 219
18:42:21:580073554 18:31:18 12.0 120 00:01:19 2.1 480635 220
18:42:24:588187284 18:31:18 12.0 120 00:01:19 2.1 482684 220
18:42:27:590117317 18:31:18 12.0 120 00:01:20 2.1 482684 221
18:42:30:593821750 18:31:18 12.1 121 00:01:21 2.1 484733 222
18:42:33:634148637 18:31:18 12.0 120 00:01:21 2.1 486782 223
18:42:36:646480261 18:31:18 12.0 120 00:01:21 2.1 488831 224
18:42:39:655404011 18:31:18 12.0 120 00:01:21 2.1 490880 224
18:42:42:659235955 18:31:18 12.1 121 00:01:22 2.1 490880 225
18:42:45:659527439 18:31:18 12.1 121 00:01:23 2.1 492929 226
18:42:48:665976396 18:31:18 12.0 120 00:01:23 2.1 494978 227
18:42:51:697913219 18:31:18 12.0 120 00:01:23 2.1 499076 229
18:42:54:693229775 18:31:18 12.0 120 00:01:23 2.1 499076 226
18:42:57:684902479 18:31:18 12.1 121 00:01:24 2.1 499076 229
18:43:00:732987385 18:31:18 12.1 121 00:01:25 2.1 501125 230
18:43:03:743746261 18:31:18 12.0 120 00:01:25 2.1 503174 231
18:43:06:750272928 18:31:18 12.0 120 00:01:25 2.1 507272 233
18:43:09:739447327 18:31:18 12.0 120 00:01:25 2.1 505223 228
18:43:12:771715027 18:31:18 12.1 121 00:01:26 2.1 507272 233
18:43:15:777130977 18:31:18 12.1 121 00:01:26 2.1 511370 235
18:43:18:807877120 18:31:18 12.0 120 00:01:26 2.1 513419 236
18:43:21:808722945 18:31:18 12.0 120 00:01:27 2.1 515468 237
18:43:24:790070114 18:31:18 12.1 121 00:01:27 2.1 513419 235
18:43:27:808153019 18:31:18 12.1 121 00:01:28 2.1 517517 238
18:43:30:842648160 18:31:18 12.1 121 00:01:28 2.1 519566 239
18:43:33:849554262 18:31:18 12.1 121 00:01:28 2.1 521615 240
18:43:36:858386655 18:31:18 12.0 120 00:01:28 2.1 523664 241
18:43:39:835649977 18:31:18 12.1 121 00:01:29 2.1 521615 240
18:43:42:886388244 18:31:18 12.1 121 00:01:30 2.1 525713 242
18:43:45:902427682 18:31:18 12.1 121 00:01:30 2.1 527762 243
18:43:48:909266304 18:31:18 12.0 120 00:01:30 2.1 529811 244
18:43:51:896708595 18:31:18 12.0 120 00:01:30 2.1 531860 244
18:43:54:905801935 18:31:18 12.1 121 00:01:31 2.1 531860 245
18:43:57:916958889 18:31:18 12.1 121 00:01:32 2.1 533909 246
18:44:00:983634497 18:31:18 12.1 121 00:01:32 2.1 535958 247
18:44:03:949637383 18:31:18 12.1 121 00:01:32 2.1 540056 249
18:44:06:973481275 18:31:18 12.0 120 00:01:32 2.1 540056 246
18:44:09:945478343 18:31:18 12.1 121 00:01:33 2.1 540056 249
18:44:12:960759851 18:31:18 12.2 122 00:01:34 2.1 542105 250
18:44:15:989612131 18:31:18 12.1 121 00:01:34 2.1 546203 252
18:44:19:005299296 18:31:18 12.1 121 00:01:34 2.1 548252 253
18:44:22:041338738 18:31:18 12.1 121 00:01:34 2.1 546203 248
18:44:25:041101961 18:31:18 12.1 121 00:01:35 2.1 548252 253
18:44:28:042595758 18:31:18 12.1 121 00:01:36 2.1 550301 254
