14:06:46 1000 6726 0.00 0.00 0.00 0.00 0.00 2 0.07 0.00 61028 13120 0.33 0.00 0.00 0.00 0 1 5 smartDeviceLinkCore
14:06:50 1000 6726 0.01 0.00 0.00 0.00 0.01 2 0.60 0.00 332516 81752 2.04 0.00 0.25 0.00 38 26 25 smartDeviceLinkCore
14:06:53 1000 6726 0.01 0.00 0.00 0.00 0.01 2 0.60 0.00 332516 81752 2.04 0.00 0.25 0.00 38 26 25 smartDeviceLinkCore
14:06:56 1000 6726 0.02 0.00 0.00 0.00 0.02 2 0.70 0.00 373496 83164 2.08 0.00 0.65 0.00 38 31 29 smartDeviceLinkCore
14:06:59 1000 6726 0.04 0.01 0.00 0.00 0.05 2 0.94 0.00 400152 85404 2.14 0.00 2.01 0.00 38 35 31 smartDeviceLinkCore
14:07:02 1000 6726 0.06 0.03 0.00 0.00 0.09 2 0.96 0.00 400152 85216 2.13 0.00 4.28 0.00 38 35 30 smartDeviceLinkCore
14:07:05 1000 6726 0.09 0.04 0.00 0.00 0.13 2 0.99 0.00 400152 85824 2.15 0.00 6.49 0.00 38 35 30 smartDeviceLinkCore
14:07:08 1000 6726 0.12 0.06 0.00 0.00 0.18 2 0.99 0.00 400152 85824 2.15 0.00 8.70 0.00 38 35 30 smartDeviceLinkCore
14:07:11 1000 6726 0.15 0.08 0.00 0.00 0.23 2 1.17 0.00 400152 85908 2.15 0.00 11.24 0.00 38 35 30 smartDeviceLinkCore
14:07:14 1000 6726 0.17 0.09 0.00 0.00 0.27 2 1.17 0.00 400152 85908 2.15 0.00 13.38 0.00 38 35 30 smartDeviceLinkCore
14:07:21 1000 6726 0.24 0.13 0.00 0.00 0.37 2 2.25 0.00 403224 88776 2.22 0.00 18.96 0.00 38 35 30 smartDeviceLinkCore
14:07:24 1000 6726 0.27 0.14 0.00 0.00 0.41 2 2.26 0.00 403224 88776 2.22 0.00 21.15 0.00 38 35 30 smartDeviceLinkCore
14:07:27 1000 6726 0.30 0.16 0.00 0.00 0.46 2 2.27 0.00 401176 86188 2.15 0.00 23.33 0.00 38 35 30 smartDeviceLinkCore
14:07:30 1000 6726 0.32 0.18 0.00 0.00 0.50 2 2.85 0.00 405272 89800 2.25 0.00 25.06 0.00 38 35 31 smartDeviceLinkCore
14:07:38 1000 6726 0.39 0.22 0.00 0.00 0.61 2 3.68 0.00 426776 110348 2.76 0.00 30.57 0.00 38 35 31 smartDeviceLinkCore
14:07:42 1000 6726 0.43 0.24 0.00 0.00 0.67 2 4.19 0.00 416536 100788 2.52 0.00 33.87 0.00 38 35 30 smartDeviceLinkCore
14:07:45 1000 6726 0.46 0.26 0.00 0.00 0.72 2 4.22 0.00 404248 89280 2.23 0.00 37.13 0.00 38 35 30 smartDeviceLinkCore
14:07:53 1000 6726 0.51 0.29 0.00 0.00 0.80 2 5.53 0.00 429848 113968 2.85 0.00 39.43 0.00 38 35 30 smartDeviceLinkCore
14:07:56 1000 6726 0.56 0.31 0.00 0.00 0.88 2 5.80 0.00 408344 92976 2.32 0.00 45.14 0.00 38 35 30 smartDeviceLinkCore
14:08:00 1000 6726 0.60 0.34 0.00 0.00 0.93 2 6.40 0.00 414488 99140 2.48 0.00 47.72 0.00 38 35 30 smartDeviceLinkCore
14:08:03 1000 6726 0.63 0.35 0.00 0.00 0.98 2 6.43 0.00 406296 91556 2.29 0.00 50.69 0.00 38 35 30 smartDeviceLinkCore
14:08:06 1000 6726 0.66 0.37 0.00 0.00 1.03 2 6.53 0.00 405272 90700 2.27 0.00 53.08 0.00 38 35 31 smartDeviceLinkCore
14:08:09 1000 6726 0.69 0.38 0.00 0.00 1.07 2 6.53 0.00 405272 90700 2.27 0.00 55.27 0.00 38 35 30 smartDeviceLinkCore
14:08:13 1000 6726 0.73 0.40 0.00 0.00 1.13 2 6.92 0.00 408344 93024 2.33 0.00 58.32 0.00 38 35 30 smartDeviceLinkCore
14:08:16 1000 6726 0.76 0.42 0.00 0.00 1.17 2 6.92 0.00 408344 93024 2.33 0.00 60.68 0.00 38 35 30 smartDeviceLinkCore
14:08:22 1000 6726 0.79 0.45 0.00 0.00 1.24 2 7.97 0.00 428824 112380 2.81 0.00 62.77 0.00 38 35 30 smartDeviceLinkCore
14:08:26 1000 6726 0.85 0.47 0.00 0.00 1.32 2 8.13 0.00 408344 93164 2.33 0.00 68.15 0.00 38 35 30 smartDeviceLinkCore
14:08:31 1000 6726 0.90 0.50 0.00 0.00 1.40 2 8.32 0.00 405272 90720 2.27 0.00 72.31 0.00 38 35 31 smartDeviceLinkCore
14:08:39 1000 6726 0.94 0.53 0.00 0.00 1.47 2 9.30 0.00 432920 116444 2.91 0.00 74.86 0.00 38 35 30 smartDeviceLinkCore
14:08:42 1000 6726 0.99 0.55 0.00 0.00 1.54 2 9.79 0.00 432920 116620 2.92 0.00 79.83 0.00 38 35 31 smartDeviceLinkCore
14:08:45 1000 6726 1.02 0.57 0.00 0.00 1.59 2 9.85 0.00 405272 90656 2.27 0.00 82.42 0.00 38 35 30 smartDeviceLinkCore
14:08:48 1000 6726 1.04 0.59 0.00 0.00 1.63 2 9.99 0.00 405272 90328 2.26 0.00 84.58 0.00 38 35 30 smartDeviceLinkCore
14:08:51 1000 6726 1.07 0.61 0.00 0.00 1.68 2 10.20 0.00 405272 90840 2.27 0.00 86.78 0.00 38 35 32 smartDeviceLinkCore
14:08:55 1000 6726 1.11 0.63 0.00 0.00 1.74 2 10.36 0.00 405272 90168 2.25 0.00 89.94 0.00 38 35 30 smartDeviceLinkCore
14:08:58 1000 6726 1.14 0.65 0.00 0.00 1.78 2 10.37 0.00 405272 90692 2.27 0.00 92.17 0.00 38 35 31 smartDeviceLinkCore
14:09:01 1000 6726 1.16 0.66 0.00 0.00 1.83 2 10.68 0.00 408344 93548 2.34 0.00 94.50 0.00 38 35 30 smartDeviceLinkCore
14:09:04 1000 6726 1.19 0.67 0.00 0.00 1.87 2 10.71 0.00 408344 93548 2.34 0.00 96.78 0.00 38 35 30 smartDeviceLinkCore
14:09:07 1000 6726 1.22 0.69 0.00 0.00 1.91 2 10.71 0.00 405272 90528 2.26 0.00 98.89 0.00 38 35 30 smartDeviceLinkCore
14:09:10 1000 6726 1.25 0.71 0.00 0.00 1.95 2 10.79 0.00 405272 90564 2.26 0.00 101.06 0.00 38 35 30 smartDeviceLinkCore
14:09:13 1000 6726 1.28 0.72 0.00 0.00 2.00 2 11.02 0.00 405272 90528 2.26 0.00 103.49 0.00 38 35 30 smartDeviceLinkCore
14:09:16 1000 6726 1.30 0.73 0.00 0.00 2.04 2 11.03 0.00 405272 90344 2.26 0.00 105.60 0.00 38 35 30 smartDeviceLinkCore
14:09:19 1000 6726 1.33 0.75 0.00 0.00 2.08 2 11.16 0.00 407320 92684 2.32 0.00 107.45 0.00 38 35 30 smartDeviceLinkCore
14:09:22 1000 6726 1.36 0.76 0.00 0.00 2.12 2 11.39 0.00 406296 91368 2.28 0.00 109.81 0.00 38 35 31 smartDeviceLinkCore
14:09:27 1000 6726 1.40 0.79 0.00 0.00 2.19 2 11.68 0.00 406296 90984 2.27 0.00 113.71 0.00 38 35 30 smartDeviceLinkCore
14:09:30 1000 6726 1.43 0.81 0.00 0.00 2.24 2 11.69 0.00 405272 90408 2.26 0.00 115.91 0.00 38 35 31 smartDeviceLinkCore
14:09:33 1000 6726 1.46 0.82 0.00 0.00 2.28 2 11.91 0.00 405272 90916 2.27 0.00 118.26 0.00 38 35 30 smartDeviceLinkCore
14:09:36 1000 6726 1.49 0.84 0.00 0.00 2.32 2 11.98 0.00 407320 92112 2.30 0.00 120.42 0.00 38 35 30 smartDeviceLinkCore
14:09:43 1000 6726 1.53 0.87 0.00 0.00 2.40 2 12.93 0.00 423704 108140 2.70 0.00 123.39 0.00 38 35 30 smartDeviceLinkCore
14:09:46 1000 6726 1.57 0.89 0.00 0.00 2.47 2 13.08 0.00 407320 92204 2.31 0.00 127.73 0.00 38 35 30 smartDeviceLinkCore
14:09:50 1000 6726 1.60 0.91 0.00 0.00 2.51 2 13.11 0.00 407320 92204 2.31 0.00 130.13 0.00 38 35 30 smartDeviceLinkCore
14:09:53 1000 6726 1.62 0.93 0.00 0.00 2.55 2 13.70 0.00 416536 100904 2.52 0.00 131.22 0.00 38 35 31 smartDeviceLinkCore
14:10:01 1000 6726 1.69 0.97 0.00 0.00 2.66 2 14.67 0.00 440088 123692 3.09 0.00 136.22 0.00 38 35 30 smartDeviceLinkCore
14:10:04 1000 6726 1.73 0.98 0.00 0.00 2.72 2 15.14 0.00 440088 123244 3.08 0.00 140.71 0.00 38 35 30 smartDeviceLinkCore
14:10:07 1000 6726 1.76 1.00 0.00 0.00 2.76 2 15.17 0.00 408344 93372 2.33 0.00 143.05 0.00 38 35 30 smartDeviceLinkCore
14:10:10 1000 6726 1.78 1.01 0.00 0.00 2.79 2 15.60 0.00 419608 104168 2.60 0.00 143.37 0.00 38 35 30 smartDeviceLinkCore
14:10:13 1000 6726 1.78 1.03 0.00 0.00 2.81 2 16.29 0.00 432920 117192 2.93 0.00 143.45 0.00 38 35 31 smartDeviceLinkCore
14:10:16 1000 6726 1.82 1.04 0.00 0.00 2.87 2 16.80 0.00 434968 118628 2.97 0.00 147.47 0.00 38 35 30 smartDeviceLinkCore
14:10:19 1000 6726 1.87 1.06 0.00 0.00 2.93 2 16.86 0.00 406296 91700 2.29 0.00 151.67 0.00 38 35 30 smartDeviceLinkCore
14:10:23 1000 6726 1.90 1.08 0.00 0.00 2.99 2 17.25 0.00 406296 91312 2.28 0.00 154.45 0.00 38 35 31 smartDeviceLinkCore
14:10:26 1000 6726 1.92 1.09 0.00 0.00 3.01 2 17.66 0.00 417560 102396 2.56 0.00 155.11 0.00 38 35 31 smartDeviceLinkCore
14:10:32 1000 6726 1.94 1.12 0.00 0.00 3.06 2 18.60 0.00 445208 128268 3.21 0.00 155.70 0.00 38 35 30 smartDeviceLinkCore
14:10:35 1000 6726 1.96 1.13 0.00 0.00 3.09 2 18.83 0.00 408344 93244 2.33 0.00 157.66 2.48 38 35 29 smartDeviceLinkCore
14:10:38 1000 6726 1.96 1.13 0.00 0.00 3.09 2 18.83 0.00 408344 93244 2.33 0.00 157.59 2.48 38 35 29 smartDeviceLinkCore
14:10:41 1000 6726 1.96 1.13 0.00 0.00 3.09 2 18.82 0.00 408344 93244 2.33 0.00 157.52 2.48 38 35 29 smartDeviceLinkCore
14:10:44 1000 6726 1.96 1.13 0.00 0.00 3.09 2 18.96 0.00 408344 93244 2.33 0.00 157.71 2.48 38 35 30 smartDeviceLinkCore
14:10:47 1000 6726 1.96 1.13 0.00 0.00 3.09 2 18.97 0.00 405272 90352 2.26 0.00 157.64 2.48 38 33 29 smartDeviceLinkCore
14:10:50 1000 6726 1.96 1.13 0.00 0.00 3.09 2 18.96 0.00 405272 90352 2.26 0.00 157.57 2.48 38 33 29 smartDeviceLinkCore
14:10:53 1000 6726 1.96 1.13 0.00 0.00 3.09 2 18.95 0.00 405272 90352 2.26 0.00 157.50 2.48 38 33 29 smartDeviceLinkCore
14:10:56 1000 6726 1.96 1.13 0.00 0.00 3.09 2 19.10 0.00 405272 90352 2.26 0.00 157.69 2.48 38 33 29 smartDeviceLinkCore
14:10:59 1000 6726 1.96 1.13 0.00 0.00 3.09 2 19.09 0.00 405272 90352 2.26 0.00 157.62 2.48 38 33 29 smartDeviceLinkCore
14:11:02 1000 6726 1.96 1.13 0.00 0.00 3.09 2 19.08 0.00 405272 90352 2.26 0.00 157.55 2.47 38 33 29 smartDeviceLinkCore
14:11:05 1000 6726 1.96 1.13 0.00 0.00 3.09 2 19.22 0.00 405272 90360 2.26 0.00 157.74 2.47 38 33 29 smartDeviceLinkCore
14:11:08 1000 6726 1.96 1.13 0.00 0.00 3.09 2 19.22 0.00 405272 90360 2.26 0.00 157.67 2.47 38 33 29 smartDeviceLinkCore
14:11:11 1000 6726 1.96 1.13 0.00 0.00 3.09 2 19.21 0.00 405272 90360 2.26 0.00 157.60 2.47 38 33 29 smartDeviceLinkCore
14:11:14 1000 6726 1.96 1.13 0.00 0.00 3.09 2 19.35 0.00 405272 90368 2.26 0.00 157.58 2.47 38 33 31 smartDeviceLinkCore
14:11:17 1000 6726 1.96 1.13 0.00 0.00 3.09 2 19.34 0.00 405272 90368 2.26 0.00 157.71 2.47 38 33 29 smartDeviceLinkCore
14:11:20 1000 6726 1.96 1.13 0.00 0.00 3.09 2 19.33 0.00 405272 90368 2.26 0.00 157.64 2.47 38 33 29 smartDeviceLinkCore
14:11:23 1000 6726 1.96 1.13 0.00 0.00 3.09 2 19.33 0.00 405272 90368 2.26 0.00 157.57 2.47 38 33 29 smartDeviceLinkCore
14:11:26 1000 6726 1.96 1.13 0.00 0.00 3.09 2 19.47 0.00 405272 90368 2.26 0.00 157.76 2.47 38 33 29 smartDeviceLinkCore
14:11:30 1000 6726 1.96 1.13 0.00 0.00 3.09 2 19.46 0.00 405272 90368 2.26 0.00 157.69 2.47 38 33 29 smartDeviceLinkCore
14:11:33 1000 6726 1.96 1.13 0.00 0.00 3.09 2 19.45 0.00 405272 90368 2.26 0.00 157.62 2.46 38 33 29 smartDeviceLinkCore
14:11:36 1000 6726 1.96 1.13 0.00 0.00 3.09 2 19.60 0.00 405272 90368 2.26 0.00 157.79 2.46 38 33 30 smartDeviceLinkCore
14:11:39 1000 6726 1.96 1.13 0.00 0.00 3.09 2 19.59 0.00 405272 90368 2.26 0.00 157.74 2.46 38 33 29 smartDeviceLinkCore
14:11:42 1000 6726 1.96 1.13 0.00 0.00 3.09 2 19.58 0.00 405272 90368 2.26 0.00 157.67 2.46 38 33 29 smartDeviceLinkCore
14:11:45 1000 6726 1.96 1.13 0.00 0.00 3.09 2 19.57 0.00 405272 90368 2.26 0.00 157.60 2.46 38 33 29 smartDeviceLinkCore
14:11:48 1000 6726 1.96 1.13 0.00 0.00 3.09 2 19.71 0.00 405272 90368 2.26 0.00 157.78 2.46 38 33 29 smartDeviceLinkCore
14:11:51 1000 6726 1.96 1.13 0.00 0.00 3.09 2 19.71 0.00 405272 90368 2.26 0.00 157.71 2.46 38 33 29 smartDeviceLinkCore
14:11:54 1000 6726 1.96 1.13 0.00 0.00 3.08 2 19.70 0.00 405272 90368 2.26 0.00 157.65 2.46 38 33 29 smartDeviceLinkCore
14:11:57 1000 6726 1.96 1.13 0.00 0.00 3.09 2 19.84 0.00 405272 90368 2.26 0.00 157.83 2.46 38 33 29 smartDeviceLinkCore
14:12:00 1000 6726 1.96 1.13 0.00 0.00 3.09 2 19.83 0.00 405272 90368 2.26 0.00 157.76 2.45 38 33 29 smartDeviceLinkCore
14:12:03 1000 6726 1.96 1.13 0.00 0.00 3.08 2 19.82 0.00 405272 90368 2.26 0.00 157.69 2.45 38 33 29 smartDeviceLinkCore
14:12:06 1000 6726 1.96 1.13 0.00 0.00 3.08 2 19.92 0.00 405272 90368 2.26 0.00 157.64 2.45 38 33 30 smartDeviceLinkCore
14:12:09 1000 6726 1.96 1.13 0.00 0.00 3.09 2 19.96 0.00 405272 90368 2.26 0.00 157.81 2.45 38 33 29 smartDeviceLinkCore
14:12:12 1000 6726 1.96 1.13 0.00 0.00 3.08 2 19.95 0.00 405272 90368 2.26 0.00 157.74 2.45 38 33 29 smartDeviceLinkCore
14:12:15 1000 6726 1.96 1.13 0.00 0.00 3.08 2 19.94 0.00 405272 90368 2.26 0.00 157.67 2.45 38 33 29 smartDeviceLinkCore
14:12:18 1000 6726 1.96 1.13 0.00 0.00 3.09 2 20.08 0.00 405272 90368 2.26 0.00 157.85 2.45 38 33 29 smartDeviceLinkCore
14:12:21 1000 6726 1.96 1.12 0.00 0.00 3.08 2 20.08 0.00 405272 90368 2.26 0.00 157.79 2.45 38 33 29 smartDeviceLinkCore
14:12:24 1000 6726 1.96 1.12 0.00 0.00 3.08 2 20.07 0.00 405272 90368 2.26 0.00 157.72 2.45 38 33 29 smartDeviceLinkCore
14:12:27 1000 6726 1.96 1.12 0.00 0.00 3.08 2 20.21 0.00 405272 90368 2.26 0.00 157.76 2.44 38 33 30 smartDeviceLinkCore
14:12:30 1000 6726 1.96 1.12 0.00 0.00 3.08 2 20.20 0.00 405272 90368 2.26 0.00 157.83 2.44 38 33 29 smartDeviceLinkCore
14:12:33 1000 6726 1.96 1.12 0.00 0.00 3.08 2 20.19 0.00 405272 90368 2.26 0.00 157.76 2.44 38 33 29 smartDeviceLinkCore
14:12:36 1000 6726 1.96 1.12 0.00 0.00 3.08 2 20.18 0.00 405272 90368 2.26 0.00 157.69 2.44 38 33 29 smartDeviceLinkCore
14:12:39 1000 6726 1.96 1.12 0.00 0.00 3.08 2 20.33 0.00 405272 90368 2.26 0.00 157.88 2.44 38 33 29 smartDeviceLinkCore
14:12:42 1000 6726 1.96 1.12 0.00 0.00 3.08 2 20.32 0.00 405272 90368 2.26 0.00 157.81 2.44 38 33 29 smartDeviceLinkCore
14:12:45 1000 6726 1.96 1.12 0.00 0.00 3.08 2 20.31 0.00 405272 90368 2.26 0.00 157.74 2.44 38 33 29 smartDeviceLinkCore
14:12:48 1000 6726 1.96 1.12 0.00 0.00 3.08 2 20.45 0.00 405272 90368 2.26 0.00 157.91 2.44 38 33 30 smartDeviceLinkCore
14:12:51 1000 6726 1.96 1.12 0.00 0.00 3.08 2 20.44 0.00 405272 90368 2.26 0.00 157.85 2.44 38 33 29 smartDeviceLinkCore
14:12:54 1000 6726 1.96 1.12 0.00 0.00 3.08 2 20.43 0.00 405272 90368 2.26 0.00 157.79 2.44 38 33 29 smartDeviceLinkCore
14:12:57 1000 6726 1.96 1.12 0.00 0.00 3.08 2 20.42 0.00 405272 90368 2.26 0.00 157.72 2.43 38 33 29 smartDeviceLinkCore
14:13:00 1000 6726 1.96 1.12 0.00 0.00 3.08 2 20.57 0.00 405272 90368 2.26 0.00 157.90 2.43 38 33 29 smartDeviceLinkCore
14:13:03 1000 6726 1.96 1.12 0.00 0.00 3.08 2 20.56 0.00 405272 90368 2.26 0.00 157.83 2.43 38 33 29 smartDeviceLinkCore
14:13:06 1000 6726 1.96 1.12 0.00 0.00 3.08 2 20.55 0.00 405272 90368 2.26 0.00 157.76 2.43 38 33 29 smartDeviceLinkCore
14:13:09 1000 6726 1.96 1.12 0.00 0.00 3.08 2 20.69 0.00 405272 90368 2.26 0.00 157.95 2.43 38 33 29 smartDeviceLinkCore
14:13:12 1000 6726 1.96 1.12 0.00 0.00 3.08 2 20.68 0.00 405272 90368 2.26 0.00 157.88 2.43 38 33 29 smartDeviceLinkCore
14:13:15 1000 6726 1.96 1.12 0.00 0.00 3.08 2 20.67 0.00 405272 90368 2.26 0.00 157.81 2.43 38 33 29 smartDeviceLinkCore
14:13:18 1000 6726 1.96 1.12 0.00 0.00 3.08 2 20.81 0.00 405272 90368 2.26 0.00 157.85 2.43 38 33 30 smartDeviceLinkCore
14:13:21 1000 6726 1.96 1.12 0.00 0.00 3.08 2 20.81 0.00 405272 90368 2.26 0.00 157.92 2.43 38 33 29 smartDeviceLinkCore
14:13:24 1000 6726 1.96 1.12 0.00 0.00 3.08 2 20.80 0.00 405272 90368 2.26 0.00 157.86 2.42 38 33 29 smartDeviceLinkCore
14:13:27 1000 6726 1.96 1.12 0.00 0.00 3.07 2 20.79 0.00 405272 90368 2.26 0.00 157.79 2.42 38 33 29 smartDeviceLinkCore
14:13:30 1000 6726 1.96 1.12 0.00 0.00 3.08 2 20.93 0.00 405272 90368 2.26 0.00 157.97 2.42 38 33 29 smartDeviceLinkCore
14:13:33 1000 6726 1.96 1.12 0.00 0.00 3.08 2 20.92 0.00 405272 90368 2.26 0.00 157.90 2.42 38 33 29 smartDeviceLinkCore
14:13:36 1000 6726 1.96 1.12 0.00 0.00 3.07 2 20.91 0.00 405272 90368 2.26 0.00 157.83 2.42 38 33 29 smartDeviceLinkCore
14:13:39 1000 6726 1.96 1.12 0.00 0.00 3.08 2 21.05 0.00 405272 90368 2.26 0.00 158.00 2.42 38 33 30 smartDeviceLinkCore
14:13:42 1000 6726 1.96 1.12 0.00 0.00 3.07 2 21.05 0.00 405272 90368 2.26 0.00 157.95 2.42 38 33 29 smartDeviceLinkCore
14:13:45 1000 6726 1.96 1.12 0.00 0.00 3.07 2 21.04 0.00 405272 90368 2.26 0.00 157.88 2.42 38 33 29 smartDeviceLinkCore
14:13:48 1000 6726 1.96 1.12 0.00 0.00 3.07 2 21.03 0.00 405272 90368 2.26 0.00 157.81 2.42 38 33 29 smartDeviceLinkCore
14:13:51 1000 6726 1.96 1.12 0.00 0.00 3.07 2 21.17 0.00 405272 90368 2.26 0.00 157.99 2.42 38 33 29 smartDeviceLinkCore
14:13:54 1000 6726 1.96 1.12 0.00 0.00 3.07 2 21.16 0.00 405272 90368 2.26 0.00 157.92 2.41 38 33 29 smartDeviceLinkCore
14:13:57 1000 6726 1.96 1.11 0.00 0.00 3.07 2 21.15 0.00 405272 90368 2.26 0.00 157.86 2.41 38 33 29 smartDeviceLinkCore
14:14:00 1000 6726 1.96 1.12 0.00 0.00 3.07 2 21.29 0.00 405272 90368 2.26 0.00 158.04 2.41 38 33 29 smartDeviceLinkCore
14:14:03 1000 6726 1.96 1.11 0.00 0.00 3.07 2 21.28 0.00 405272 90368 2.26 0.00 157.97 2.41 38 33 29 smartDeviceLinkCore
14:14:06 1000 6726 1.96 1.11 0.00 0.00 3.07 2 21.27 0.00 405272 90368 2.26 0.00 157.90 2.41 38 33 29 smartDeviceLinkCore
14:14:09 1000 6726 1.96 1.11 0.00 0.00 3.07 2 21.41 0.00 405272 90368 2.26 0.00 157.89 2.41 38 33 30 smartDeviceLinkCore
14:14:12 1000 6726 1.96 1.11 0.00 0.00 3.07 2 21.40 0.00 405272 90368 2.26 0.00 158.02 2.41 38 33 29 smartDeviceLinkCore
14:14:15 1000 6726 1.96 1.11 0.00 0.00 3.07 2 21.39 0.00 405272 90368 2.26 0.00 157.95 2.41 38 33 29 smartDeviceLinkCore
14:14:18 1000 6726 1.95 1.11 0.00 0.00 3.07 2 21.38 0.00 405272 90368 2.26 0.00 157.88 2.41 38 33 29 smartDeviceLinkCore
14:14:21 1000 6726 1.96 1.11 0.00 0.00 3.07 2 21.52 0.00 405272 90368 2.26 0.00 158.06 2.40 38 33 29 smartDeviceLinkCore
14:14:24 1000 6726 1.96 1.11 0.00 0.00 3.07 2 21.51 0.00 405272 90368 2.26 0.00 157.99 2.40 38 33 29 smartDeviceLinkCore
14:14:27 1000 6726 1.96 1.11 0.00 0.00 3.07 2 21.51 0.00 405272 90368 2.26 0.00 157.92 2.40 38 33 29 smartDeviceLinkCore
14:14:30 1000 6726 1.96 1.11 0.00 0.00 3.07 2 21.64 0.00 405272 90368 2.26 0.00 158.11 2.40 38 33 29 smartDeviceLinkCore
14:14:33 1000 6726 1.96 1.11 0.00 0.00 3.07 2 21.64 0.00 405272 90368 2.26 0.00 158.04 2.40 38 33 29 smartDeviceLinkCore
14:14:36 1000 6726 1.95 1.11 0.00 0.00 3.07 2 21.63 0.00 405272 90368 2.26 0.00 157.97 2.40 38 33 29 smartDeviceLinkCore
14:14:39 1000 6726 1.95 1.11 0.00 0.00 3.06 2 21.62 0.00 405272 90368 2.26 0.00 157.90 2.40 38 33 29 smartDeviceLinkCore
14:14:42 1000 6726 1.96 1.11 0.00 0.00 3.07 2 21.76 0.00 405272 90368 2.26 0.00 158.08 2.40 38 33 29 smartDeviceLinkCore
14:14:45 1000 6726 1.96 1.11 0.00 0.00 3.07 2 21.75 0.00 405272 90368 2.26 0.00 158.02 2.40 38 33 29 smartDeviceLinkCore
14:14:48 1000 6726 1.95 1.11 0.00 0.00 3.06 2 21.74 0.00 405272 90368 2.26 0.00 157.95 2.40 38 33 29 smartDeviceLinkCore
14:14:51 1000 6726 1.96 1.11 0.00 0.00 3.07 2 21.88 0.00 405272 90368 2.26 0.00 158.13 2.39 38 33 29 smartDeviceLinkCore
14:14:54 1000 6726 1.96 1.11 0.00 0.00 3.07 2 21.87 0.00 405272 90368 2.26 0.00 158.06 2.39 38 33 29 smartDeviceLinkCore
14:14:57 1000 6726 1.95 1.11 0.00 0.00 3.06 2 21.86 0.00 405272 90368 2.26 0.00 157.99 2.39 38 33 29 smartDeviceLinkCore
14:15:00 1000 6726 1.95 1.11 0.00 0.00 3.06 2 22.00 0.00 405272 90368 2.26 0.00 157.98 2.39 38 33 30 smartDeviceLinkCore
14:15:03 1000 6726 1.96 1.11 0.00 0.00 3.07 2 21.99 0.00 405272 90368 2.26 0.00 158.11 2.39 38 33 29 smartDeviceLinkCore
14:15:06 1000 6726 1.95 1.11 0.00 0.00 3.06 2 21.98 0.00 405272 90368 2.26 0.00 158.04 2.39 38 33 29 smartDeviceLinkCore
14:15:09 1000 6726 1.95 1.11 0.00 0.00 3.06 2 21.97 0.00 405272 90368 2.26 0.00 157.97 2.39 38 33 29 smartDeviceLinkCore
14:15:12 1000 6726 1.96 1.11 0.00 0.00 3.06 2 22.11 0.00 405272 90368 2.26 0.00 158.15 2.39 38 33 29 smartDeviceLinkCore
14:15:15 1000 6726 1.96 1.11 0.00 0.00 3.06 2 22.10 0.00 405272 90368 2.26 0.00 158.08 2.39 38 33 29 smartDeviceLinkCore
14:15:18 1000 6726 1.95 1.11 0.00 0.00 3.06 2 22.09 0.00 405272 90368 2.26 0.00 158.02 2.39 38 33 29 smartDeviceLinkCore
14:15:21 1000 6726 1.96 1.11 0.00 0.00 3.06 2 22.23 0.00 405272 90368 2.26 0.00 158.19 2.38 38 33 30 smartDeviceLinkCore
14:15:24 1000 6726 1.95 1.11 0.00 0.00 3.06 2 22.22 0.00 405272 90368 2.26 0.00 158.13 2.38 38 33 29 smartDeviceLinkCore
14:15:27 1000 6726 1.95 1.11 0.00 0.00 3.06 2 22.21 0.00 405272 90368 2.26 0.00 158.06 2.38 38 33 29 smartDeviceLinkCore
14:15:30 1000 6726 1.95 1.11 0.00 0.00 3.06 2 22.20 0.00 405272 90368 2.26 0.00 157.99 2.38 38 33 29 smartDeviceLinkCore
14:15:33 1000 6726 1.96 1.11 0.00 0.00 3.06 2 22.34 0.00 405272 90368 2.26 0.00 158.17 2.38 38 33 29 smartDeviceLinkCore
14:15:36 1000 6726 1.95 1.11 0.00 0.00 3.06 2 22.33 0.00 405272 90368 2.26 0.00 158.11 2.38 38 33 29 smartDeviceLinkCore
14:15:39 1000 6726 1.95 1.11 0.00 0.00 3.06 2 22.32 0.00 405272 90368 2.26 0.00 158.04 2.38 38 33 29 smartDeviceLinkCore
14:15:42 1000 6726 1.95 1.11 0.00 0.00 3.06 2 22.36 0.00 369976 83236 2.08 0.00 157.97 2.38 38 26 19 smartDeviceLinkCore
14:15:45 1000 6726 1.95 1.11 0.00 0.00 3.06 2 22.35 0.00 369976 83236 2.08 0.00 157.91 2.38 38 26 18 smartDeviceLinkCore
14:15:48 1000 6726 1.95 1.10 0.00 0.00 3.06 2 22.35 0.00 369976 83236 2.08 0.00 157.84 2.38 38 26 18 smartDeviceLinkCore
14:15:51 1000 6726 1.95 1.10 0.00 0.00 3.05 2 22.34 0.00 369976 83236 2.08 0.00 157.77 2.37 38 26 18 smartDeviceLinkCore
14:15:54 1000 6726 1.95 1.10 0.00 0.00 3.05 2 22.33 0.00 369976 83236 2.08 0.00 157.70 2.37 38 26 18 smartDeviceLinkCore
14:15:57 1000 6726 1.95 1.10 0.00 0.00 3.05 2 22.32 0.00 369976 83236 2.08 0.00 157.64 2.37 38 26 18 smartDeviceLinkCore
14:16:00 1000 6726 1.95 1.10 0.00 0.00 3.05 2 22.31 0.00 369976 83236 2.08 0.00 157.57 2.37 38 26 18 smartDeviceLinkCore
14:16:03 1000 6726 1.95 1.10 0.00 0.00 3.05 2 22.30 0.00 369976 83236 2.08 0.00 157.50 2.37 38 26 18 smartDeviceLinkCore
14:16:06 1000 6726 1.95 1.10 0.00 0.00 3.05 2 22.29 0.00 369976 83236 2.08 0.00 157.44 2.37 38 26 18 smartDeviceLinkCore
14:16:09 1000 6726 1.95 1.10 0.00 0.00 3.05 2 22.28 0.00 369976 83236 2.08 0.00 157.37 2.37 38 26 18 smartDeviceLinkCore
14:16:12 1000 6726 1.94 1.10 0.00 0.00 3.05 2 22.27 0.00 369976 83236 2.08 0.00 157.30 2.37 38 26 18 smartDeviceLinkCore
14:16:15 1000 6726 1.94 1.10 0.00 0.00 3.04 2 22.26 0.00 369976 83236 2.08 0.00 157.24 2.37 38 26 18 smartDeviceLinkCore
14:16:18 1000 6726 1.94 1.10 0.00 0.00 3.04 2 22.25 0.00 369976 83236 2.08 0.00 157.17 2.37 38 26 18 smartDeviceLinkCore
