14:06:46:871809197 14:06:46 0.0 0 00:00:00 0.3 15290 1
14:06:50:459496225 14:06:46 17.7 177 00:00:00 2.0 83129 26
14:06:53:472846042 14:06:46 10.1 101 00:00:00 2.0 83129 26
14:06:56:464678958 14:06:46 12.9 129 00:00:01 2.0 93374 31
14:06:59:476649393 14:06:46 23.6 236 00:00:03 2.1 100038 35
14:07:02:471467351 14:06:46 36.7 367 00:00:05 2.1 100038 35
14:07:05:458735004 14:06:46 46.1 461 00:00:08 2.1 100038 35
14:07:08:478187933 14:06:46 52.9 529 00:00:11 2.1 100038 35
14:07:11:485248254 14:06:46 59.5 595 00:00:14 2.1 100038 35
14:07:17:816665698 14:06:46 62.1 621 00:00:19 2.5 104390 35
14:07:21:486107376 14:06:46 70.1 701 00:00:24 2.2 100806 35
14:07:24:496598965 14:06:46 71.9 719 00:00:27 2.2 100806 35
14:07:27:486007229 14:06:46 73.5 735 00:00:30 2.1 100294 35
14:07:34:939703169 14:06:46 72.6 726 00:00:34 2.7 106950 35
14:07:38:555890150 14:06:46 77.0 770 00:00:40 2.7 106694 35
14:07:42:223171693 14:06:46 80.0 800 00:00:44 2.5 104134 35
14:07:45:511772037 14:06:46 80.8 808 00:00:47 2.2 101062 35
14:07:53:118126951 14:06:46 80.3 803 00:00:53 2.8 107462 35
14:07:56:536103977 14:06:46 82.8 828 00:00:58 2.3 102086 35
14:08:00:638732534 14:06:46 83.6 836 00:01:01 2.4 103622 35
14:08:03:554466962 14:06:46 84.7 847 00:01:05 2.2 101574 35
14:08:06:580871298 14:06:46 85.3 853 00:01:08 2.2 101318 35
14:08:09:544405525 14:06:46 85.6 856 00:01:11 2.2 101318 35
14:08:13:311547518 14:06:46 87.0 870 00:01:14 2.3 102086 35
14:08:16:592832123 14:06:46 86.6 866 00:01:17 2.3 102086 35
14:08:22:875295125 14:06:46 85.8 858 00:01:22 2.8 107206 35
14:08:26:615619213 14:06:46 87.6 876 00:01:27 2.3 102086 35
14:08:31:990994795 14:06:46 88.6 886 00:01:33 2.2 101318 35
14:08:39:590786051 14:06:46 87.0 870 00:01:38 2.9 108230 35
14:08:42:621975560 14:06:46 88.8 888 00:01:43 2.7 106438 35
14:08:45:596706952 14:06:46 89.1 891 00:01:46 2.2 101318 35
14:08:48:601460693 14:06:46 89.3 893 00:01:48 2.2 101318 35
14:08:52:564063451 14:06:46 89.2 892 00:01:52 2.3 102598 35
14:08:55:629505648 14:06:46 89.9 899 00:01:56 2.2 101318 35
14:08:58:635992627 14:06:46 90.2 902 00:01:59 2.2 101318 35
14:09:01:638844441 14:06:46 90.3 903 00:02:02 2.3 102086 35
14:09:04:667318677 14:06:46 90.5 905 00:02:05 2.3 102086 35
14:09:07:691936758 14:06:46 90.6 906 00:02:07 2.2 101318 35
14:09:10:674882466 14:06:46 90.7 907 00:02:10 2.2 101318 35
14:09:13:661739152 14:06:46 90.9 909 00:02:13 2.2 101318 35
14:09:16:695367512 14:06:46 91.0 910 00:02:16 2.2 101318 35
14:09:19:728752409 14:06:46 91.0 910 00:02:19 2.3 101830 35
14:09:24:225755687 14:06:46 91.1 911 00:02:23 2.4 103622 35
14:09:27:738795561 14:06:46 91.4 914 00:02:27 2.2 101574 35
14:09:30:721893326 14:06:46 91.6 916 00:02:30 2.2 101318 35
14:09:33:709346712 14:06:46 91.7 917 00:02:33 2.2 101318 35
14:09:36:716907487 14:06:46 91.9 919 00:02:36 2.3 101830 35
14:09:43:232064502 14:06:46 91.7 917 00:02:41 2.7 105926 35
14:09:46:824130844 14:06:46 92.3 923 00:02:46 2.3 101830 35
14:09:50:042667182 14:06:46 92.4 924 00:02:49 2.3 101830 35
14:09:58:441802243 14:06:46 90.6 906 00:02:54 3.0 110022 35
14:10:01:808469419 14:06:46 91.8 918 00:02:59 3.0 110022 35
14:10:04:792031280 14:06:46 92.7 927 00:03:03 3.0 110022 35
14:10:07:776571000 14:06:46 92.8 928 00:03:06 2.3 102086 35
14:10:11:004888699 14:06:46 92.4 924 00:03:08 2.6 104902 35
14:10:14:025954603 14:06:46 91.8 918 00:03:10 2.9 108742 35
14:10:16:800195434 14:06:46 92.4 924 00:03:14 2.9 108742 35
14:10:20:697222345 14:06:46 92.8 928 00:03:18 2.4 102854 35
14:10:23:830614303 14:06:46 93.1 931 00:03:22 2.2 101574 35
14:10:26:801163407 14:06:46 92.7 927 00:03:24 2.5 104390 35
14:10:32:599597766 14:06:46 91.8 918 00:03:27 3.2 111302 35
14:10:35:831466666 14:06:46 91.6 916 00:03:29 2.3 102086 35
14:10:38:863278164 14:06:46 90.4 904 00:03:29 2.3 102086 35
14:10:41:871277809 14:06:46 89.2 892 00:03:29 2.3 102086 35
14:10:44:870627738 14:06:46 88.2 882 00:03:30 2.3 102086 35
14:10:47:885262045 14:06:46 87.1 871 00:03:30 2.2 101318 33
14:10:50:890505849 14:06:46 86.0 860 00:03:30 2.2 101318 33
14:10:53:899266375 14:06:46 85.0 850 00:03:30 2.2 101318 33
14:10:56:907108942 14:06:46 84.1 841 00:03:30 2.2 101318 33
14:10:59:919311503 14:06:46 83.1 831 00:03:30 2.2 101318 33
14:11:02:935232982 14:06:46 82.1 821 00:03:30 2.2 101318 33
14:11:05:936152346 14:06:46 81.3 813 00:03:30 2.2 101318 33
14:11:08:961121263 14:06:46 80.3 803 00:03:30 2.2 101318 33
14:11:11:963718257 14:06:46 79.4 794 00:03:30 2.2 101318 33
14:11:14:960914872 14:06:46 78.6 786 00:03:30 2.2 101318 33
14:11:17:994576578 14:06:46 77.8 778 00:03:30 2.2 101318 33
14:11:21:014197726 14:06:46 76.9 769 00:03:30 2.2 101318 33
14:11:24:019855268 14:06:46 76.1 761 00:03:30 2.2 101318 33
14:11:27:021780542 14:06:46 75.3 753 00:03:31 2.2 101318 33
14:11:30:038771867 14:06:46 74.5 745 00:03:31 2.2 101318 33
14:11:33:039942230 14:06:46 73.8 738 00:03:31 2.2 101318 33
14:11:36:022340138 14:06:46 73.1 731 00:03:31 2.2 101318 33
14:11:39:061139011 14:06:46 72.3 723 00:03:31 2.2 101318 33
14:11:42:068859841 14:06:46 71.6 716 00:03:31 2.2 101318 33
14:11:45:081389547 14:06:46 70.9 709 00:03:31 2.2 101318 33
14:11:48:087080473 14:06:46 70.2 702 00:03:31 2.2 101318 33
14:11:51:100293288 14:06:46 69.5 695 00:03:31 2.2 101318 33
14:11:54:101894219 14:06:46 68.9 689 00:03:31 2.2 101318 33
14:11:57:102490405 14:06:46 68.3 683 00:03:31 2.2 101318 33
14:12:00:133679773 14:06:46 67.6 676 00:03:31 2.2 101318 33
14:12:03:131663394 14:06:46 67.0 670 00:03:31 2.2 101318 33
14:12:06:159876547 14:06:46 66.4 664 00:03:31 2.2 101318 33
14:12:09:155255992 14:06:46 65.8 658 00:03:32 2.2 101318 33
14:12:12:161115329 14:06:46 65.2 652 00:03:32 2.2 101318 33
14:12:15:173184157 14:06:46 64.6 646 00:03:32 2.2 101318 33
14:12:18:158856872 14:06:46 64.1 641 00:03:32 2.2 101318 33
14:12:21:184157437 14:06:46 63.5 635 00:03:32 2.2 101318 33
14:12:24:194081863 14:06:46 63.0 630 00:03:32 2.2 101318 33
14:12:27:201579110 14:06:46 62.4 624 00:03:32 2.2 101318 33
14:12:30:209875429 14:06:46 61.9 619 00:03:32 2.2 101318 33
14:12:33:223048972 14:06:46 61.4 614 00:03:32 2.2 101318 33
14:12:36:237409527 14:06:46 60.9 609 00:03:32 2.2 101318 33
14:12:39:241195655 14:06:46 60.4 604 00:03:32 2.2 101318 33
14:12:42:248777908 14:06:46 59.9 599 00:03:32 2.2 101318 33
14:12:45:262667025 14:06:46 59.4 594 00:03:32 2.2 101318 33
14:12:48:264954702 14:06:46 59.0 590 00:03:33 2.2 101318 33
14:12:51:285282634 14:06:46 58.5 585 00:03:33 2.2 101318 33
14:12:54:288747790 14:06:46 58.0 580 00:03:33 2.2 101318 33
14:12:57:300221199 14:06:46 57.5 575 00:03:33 2.2 101318 33
14:13:00:307177974 14:06:46 57.1 571 00:03:33 2.2 101318 33
14:13:03:314913041 14:06:46 56.7 567 00:03:33 2.2 101318 33
14:13:06:323753139 14:06:46 56.2 562 00:03:33 2.2 101318 33
14:13:09:330987784 14:06:46 55.8 558 00:03:33 2.2 101318 33
14:13:12:345958999 14:06:46 55.4 554 00:03:33 2.2 101318 33
14:13:15:352231662 14:06:46 55.0 550 00:03:33 2.2 101318 33
14:13:18:377618710 14:06:46 54.5 545 00:03:33 2.2 101318 33
14:13:21:378574011 14:06:46 54.1 541 00:03:33 2.2 101318 33
14:13:24:386246724 14:06:46 53.7 537 00:03:33 2.2 101318 33
14:13:27:386754541 14:06:46 53.3 533 00:03:33 2.2 101318 33
14:13:30:394803794 14:06:46 52.9 529 00:03:33 2.2 101318 33
14:13:33:412091275 14:06:46 52.5 525 00:03:33 2.2 101318 33
14:13:36:416887458 14:06:46 52.1 521 00:03:33 2.2 101318 33
14:13:39:429147222 14:06:46 51.8 518 00:03:34 2.2 101318 33
14:13:42:434669360 14:06:46 51.4 514 00:03:34 2.2 101318 33
14:13:45:448132967 14:06:46 51.1 511 00:03:34 2.2 101318 33
14:13:48:450265207 14:06:46 50.7 507 00:03:34 2.2 101318 33
14:13:51:475793046 14:06:46 50.4 504 00:03:34 2.2 101318 33
14:13:54:473803189 14:06:46 50.0 500 00:03:34 2.2 101318 33
14:13:57:483249807 14:06:46 49.7 497 00:03:34 2.2 101318 33
14:14:00:476429703 14:06:46 49.4 494 00:03:34 2.2 101318 33
14:14:03:516844019 14:06:46 49.1 491 00:03:34 2.2 101318 33
14:14:06:521674514 14:06:46 48.7 487 00:03:34 2.2 101318 33
14:14:09:526130119 14:06:46 48.4 484 00:03:34 2.2 101318 33
14:14:12:539807296 14:06:46 48.1 481 00:03:34 2.2 101318 33
14:14:15:559088402 14:06:46 47.8 478 00:03:34 2.2 101318 33
14:14:18:569952691 14:06:46 47.5 475 00:03:34 2.2 101318 33
14:14:21:576487057 14:06:46 47.2 472 00:03:35 2.2 101318 33
14:14:24:590519837 14:06:46 46.9 469 00:03:35 2.2 101318 33
14:14:27:609794348 14:06:46 46.6 466 00:03:35 2.2 101318 33
14:14:30:603762767 14:06:46 46.3 463 00:03:35 2.2 101318 33
14:14:33:615461010 14:06:46 46.0 460 00:03:35 2.2 101318 33
14:14:36:621511653 14:06:46 45.8 458 00:03:35 2.2 101318 33
14:14:39:636453406 14:06:46 45.5 455 00:03:35 2.2 101318 33
14:14:42:645032645 14:06:46 45.2 452 00:03:35 2.2 101318 33
14:14:45:645654334 14:06:46 44.9 449 00:03:35 2.2 101318 33
14:14:48:658441529 14:06:46 44.7 447 00:03:35 2.2 101318 33
14:14:51:655344841 14:06:46 44.4 444 00:03:35 2.2 101318 33
14:14:54:677853319 14:06:46 44.2 442 00:03:35 2.2 101318 33
14:14:57:684955710 14:06:46 43.9 439 00:03:35 2.2 101318 33
14:15:00:682603561 14:06:46 43.7 437 00:03:35 2.2 101318 33
14:15:03:707665778 14:06:46 43.4 434 00:03:36 2.2 101318 33
14:15:06:715882967 14:06:46 43.2 432 00:03:36 2.2 101318 33
14:15:09:725874672 14:06:46 42.9 429 00:03:36 2.2 101318 33
14:15:12:731706168 14:06:46 42.7 427 00:03:36 2.2 101318 33
14:15:15:753925002 14:06:46 42.4 424 00:03:36 2.2 101318 33
14:15:18:767075137 14:06:46 42.2 422 00:03:36 2.2 101318 33
14:15:21:764011817 14:06:46 42.0 420 00:03:36 2.2 101318 33
14:15:24:775717527 14:06:46 41.7 417 00:03:36 2.2 101318 33
14:15:27:786060963 14:06:46 41.5 415 00:03:36 2.2 101318 33
14:15:30:792391338 14:06:46 41.3 413 00:03:36 2.2 101318 33
14:15:33:804265817 14:06:46 41.1 411 00:03:36 2.2 101318 33
14:15:36:812912869 14:06:46 40.8 408 00:03:36 2.2 101318 33
14:15:39:829056908 14:06:46 40.6 406 00:03:36 2.2 101318 33
14:15:42:831296998 14:06:46 40.4 404 00:03:36 2.0 92494 26
14:15:45:856677115 14:06:46 40.2 402 00:03:36 2.0 92494 26
14:15:48:867848891 14:06:46 39.9 399 00:03:36 2.0 92494 26
14:15:51:870902444 14:06:46 39.7 397 00:03:36 2.0 92494 26
14:15:54:886650081 14:06:46 39.5 395 00:03:36 2.0 92494 26
14:15:57:907504603 14:06:46 39.3 393 00:03:36 2.0 92494 26
14:16:00:914781748 14:06:46 39.1 391 00:03:36 2.0 92494 26
14:16:03:920822979 14:06:46 38.9 389 00:03:36 2.0 92494 26
14:16:06:935849792 14:06:46 38.7 387 00:03:36 2.0 92494 26
14:16:09:950078529 14:06:46 38.5 385 00:03:36 2.0 92494 26
14:16:12:954323073 14:06:46 38.3 383 00:03:36 2.0 92494 26
14:16:15:964087208 14:06:46 38.1 381 00:03:36 2.0 92494 26
14:16:18:971440660 14:06:46 37.9 379 00:03:36 2.0 92494 26
